defined(@array) is deprecated at t/spec/test_summary line 397.
	(Maybe you should just omit the defined()?)
/Users/willcoleda/perl5/perlbrew/perls/perl-5.16.0_THREAD/bin/perl t/spec/fudgeall rakudo.jvm t/spec/S01-perl-5-integration/basic.t t/spec/S02-lexical-conventions/begin_end_pod.t t/spec/S02-lexical-conventions/bom.t t/spec/S02-lexical-conventions/comments.t t/spec/S02-lexical-conventions/end-pod.t t/spec/S02-lexical-conventions/minimal-whitespace.t t/spec/S02-lexical-conventions/one-pass-parsing.t t/spec/S02-lexical-conventions/pod-in-multi-line-exprs.t t/spec/S02-lexical-conventions/sub-block-parsing.t t/spec/S02-lexical-conventions/unicode.t t/spec/S02-lexical-conventions/unicode-whitespace.t t/spec/S02-lexical-conventions/unspace.t t/spec/S02-lists/tree.t t/spec/S02-literals/array-interpolation.t t/spec/S02-literals/autoref.t t/spec/S02-literals/char-by-name.t t/spec/S02-literals/char-by-number.t t/spec/S02-literals/fmt-interpolation.t t/spec/S02-literals/hash-interpolation.t t/spec/S02-literals/hex_chars.t t/spec/S02-literals/listquote.t t/spec/S02-literals/listquote-whitespace.t t/spec/S02-literals/misc-interpolation.t t/spec/S02-literals/numeric.t t/spec/S02-literals/pair-boolean.t t/spec/S02-literals/pairs.t t/spec/S02-literals/quoting.t t/spec/S02-literals/quoting-unicode.t t/spec/S02-literals/radix.t t/spec/S02-literals/string-interpolation.t t/spec/S02-literals/sub-calls.t t/spec/S02-literals/subscript.t t/spec/S02-literals/types.t t/spec/S02-literals/underscores.t t/spec/S02-literals/version.t t/spec/S02-magicals/args.t t/spec/S02-magicals/config.t t/spec/S02-magicals/dollar_bang.t t/spec/S02-magicals/dollar-underscore.t t/spec/S02-magicals/env.t t/spec/S02-magicals/file_line.t t/spec/S02-magicals/pid.t t/spec/S02-magicals/progname.t t/spec/S02-magicals/sub.t t/spec/S02-magicals/vm.t t/spec/S02-names/bare-sigil.t t/spec/S02-names/caller.t t/spec/S02-names/identifier.t t/spec/S02-names/indirect.t t/spec/S02-names/our.t t/spec/S02-names/pseudo.t t/spec/S02-names/symbolic-deref.t t/spec/S02-names-vars/contextual.t t/spec/S02-names-vars/fmt.t t/spec/S02-names-vars/list_array_perl.t t/spec/S02-names-vars/names.t t/spec/S02-names-vars/perl.t t/spec/S02-names-vars/signature.t t/spec/S02-names-vars/variables-and-packages.t t/spec/S02-names-vars/varnames.t t/spec/S02-one-pass-parsing/less-than.t t/spec/S02-packages/package-lookup.t t/spec/S02-types/anon_block.t t/spec/S02-types/array_extending.t t/spec/S02-types/array_ref.t t/spec/S02-types/array.t t/spec/S02-types/assigning-refs.t t/spec/S02-types/autovivification.t t/spec/S02-types/bag.t t/spec/S02-types/bool.t t/spec/S02-types/capture.t t/spec/S02-types/catch_type_cast_mismatch.t t/spec/S02-types/declare.t t/spec/S02-types/fatrat.t t/spec/S02-types/flattening.t t/spec/S02-types/hash_ref.t t/spec/S02-types/hash.t t/spec/S02-types/infinity.t t/spec/S02-types/instants-and-durations.t t/spec/S02-types/keybag.t t/spec/S02-types/keyset.t t/spec/S02-types/lists.t t/spec/S02-types/mixed_multi_dimensional.t t/spec/S02-types/multi_dimensional_array.t t/spec/S02-types/nan.t t/spec/S02-types/native.t t/spec/S02-types/nested_arrays.t t/spec/S02-types/nested_pairs.t t/spec/S02-types/nil.t t/spec/S02-types/num.t t/spec/S02-types/pair.t t/spec/S02-types/parcel.t t/spec/S02-types/parsing-bool.t t/spec/S02-types/range.t t/spec/S02-types/set.t t/spec/S02-types/sigils-and-types.t t/spec/S02-types/subscripts_and_context.t t/spec/S02-types/subset.t t/spec/S02-types/type.t t/spec/S02-types/undefined-types.t t/spec/S02-types/version.t t/spec/S02-types/whatever.t t/spec/S03-binding/arrays.t t/spec/S03-binding/attributes.t t/spec/S03-binding/closure.t t/spec/S03-binding/hashes.t t/spec/S03-binding/nested.t t/spec/S03-binding/ro.t t/spec/S03-binding/scalars.t t/spec/S03-feeds/basic.t t/spec/S03-junctions/associative.t t/spec/S03-junctions/autothreading.t t/spec/S03-junctions/boolean-context.t t/spec/S03-junctions/misc.t t/spec/S03-metaops/cross.t t/spec/S03-metaops/eager-hyper.t t/spec/S03-metaops/hyper.t t/spec/S03-metaops/not.t t/spec/S03-metaops/reduce.t t/spec/S03-metaops/reverse.t t/spec/S03-metaops/zip.t t/spec/S03-operators/adverbial-modifiers.t t/spec/S03-operators/also.t t/spec/S03-operators/andthen.t t/spec/S03-operators/arith.t t/spec/S03-operators/assign-is-not-binding.t t/spec/S03-operators/assign.t t/spec/S03-operators/autoincrement-range.t t/spec/S03-operators/autoincrement.t t/spec/S03-operators/autovivification.t t/spec/S03-operators/bag.t t/spec/S03-operators/basic-types.t t/spec/S03-operators/bit.t t/spec/S03-operators/boolean-bitwise.t t/spec/S03-operators/brainos.t t/spec/S03-operators/buf.t t/spec/S03-operators/chained-declarators.t t/spec/S03-operators/cmp.t t/spec/S03-operators/comparison-simple.t t/spec/S03-operators/comparison.t t/spec/S03-operators/context-forcers.t t/spec/S03-operators/context.t t/spec/S03-operators/equality.t t/spec/S03-operators/eqv.t t/spec/S03-operators/flip-flop.t t/spec/S03-operators/gcd.t t/spec/S03-operators/div.t t/spec/S03-operators/identity.t t/spec/S03-operators/increment.t t/spec/S03-operators/inplace.t t/spec/S03-operators/is-divisible-by.t t/spec/S03-operators/lcm.t t/spec/S03-operators/list-quote-junction.t t/spec/S03-operators/minmax.t t/spec/S03-operators/misc.t t/spec/S03-operators/names.t t/spec/S03-operators/nesting.t t/spec/S03-operators/not.t t/spec/S03-operators/overflow.t t/spec/S03-operators/precedence.t t/spec/S03-operators/range-basic.t t/spec/S03-operators/range-int.t t/spec/S03-operators/range.t t/spec/S03-operators/reduce-le1arg.t t/spec/S03-operators/relational.t t/spec/S03-operators/repeat.t t/spec/S03-operators/scalar-assign.t t/spec/S03-operators/set.t t/spec/S03-operators/short-circuit.t t/spec/S03-operators/so.t t/spec/S03-operators/spaceship-and-containers.t t/spec/S03-operators/spaceship.t t/spec/S03-operators/subscript-adverbs.t t/spec/S03-operators/subscript-vs-lt.t t/spec/S03-operators/ternary.t t/spec/S03-operators/value_equivalence.t t/spec/S03-sequence/arity0.t t/spec/S03-sequence/arity-2-or-more.t t/spec/S03-sequence/basic.t t/spec/S03-sequence/misc.t t/spec/S03-sequence/nonnumeric.t t/spec/S03-smartmatch/any-any.t t/spec/S03-smartmatch/any-array.t t/spec/S03-smartmatch/any-bool.t t/spec/S03-smartmatch/any-callable.t t/spec/S03-smartmatch/any-complex.t t/spec/S03-smartmatch/any-hash-pair.t t/spec/S03-smartmatch/any-method.t t/spec/S03-smartmatch/any-num.t t/spec/S03-smartmatch/any-pair.t t/spec/S03-smartmatch/any-str.t t/spec/S03-smartmatch/any-sub.t t/spec/S03-smartmatch/any-type.t t/spec/S03-smartmatch/array-array.t t/spec/S03-smartmatch/array-hash.t t/spec/S03-smartmatch/capture-signature.t t/spec/S03-smartmatch/disorganized.t t/spec/S03-smartmatch/hash-hash.t t/spec/S03-smartmatch/range-range.t t/spec/S03-smartmatch/regex-hash.t t/spec/S03-smartmatch/scalar-hash.t t/spec/S03-smartmatch/signature-signature.t t/spec/S04-blocks-and-statements/let.t t/spec/S04-blocks-and-statements/pointy-rw.t t/spec/S04-blocks-and-statements/pointy.t t/spec/S04-blocks-and-statements/temp.t t/spec/S04-declarations/constant.t t/spec/S04-declarations/implicit-parameter.t t/spec/S04-declarations/multiple.t t/spec/S04-declarations/my.t t/spec/S04-declarations/our.t t/spec/S04-declarations/state.t t/spec/S04-exception-handlers/catch.t t/spec/S04-exceptions/fail.t t/spec/S04-phasers/ascending-order.t t/spec/S04-phasers/begin.t t/spec/S04-phasers/check.t t/spec/S04-phasers/descending-order.t t/spec/S04-phasers/end.t t/spec/S04-phasers/enter-leave.t t/spec/S04-phasers/eval-in-begin.t t/spec/S04-phasers/first.t t/spec/S04-phasers/keep-undo.t t/spec/S04-phasers/multiple.t t/spec/S04-phasers/next.t t/spec/S04-phasers/pre-post.t t/spec/S04-phasers/rvalue.t t/spec/S04-phasers/start.t t/spec/S04-statement-modifiers/for.t t/spec/S04-statement-modifiers/given.t t/spec/S04-statement-modifiers/if.t t/spec/S04-statement-modifiers/unless.t t/spec/S04-statement-modifiers/until.t t/spec/S04-statement-modifiers/values_in_bool_context.t t/spec/S04-statement-modifiers/while.t t/spec/S04-statement-parsing/hash.t t/spec/S04-statements/do.t t/spec/S04-statements/for-scope.t t/spec/S04-statements/for.t t/spec/S04-statements/for_with_only_one_item.t t/spec/S04-statements/gather.t t/spec/S04-statements/given.t t/spec/S04-statements/if.t t/spec/S04-statements/last.t t/spec/S04-statements/loop.t t/spec/S04-statements/map-and-sort-in-for.t t/spec/S04-statements/next.t t/spec/S04-statements/no-implicit-block.t t/spec/S04-statements/redo.t t/spec/S04-statements/repeat.t t/spec/S04-statements/return.t t/spec/S04-statements/sink.t t/spec/S04-statements/terminator.t t/spec/S04-statements/try.t t/spec/S04-statements/unless.t t/spec/S04-statements/until.t t/spec/S04-statements/while.t t/spec/S05-capture/caps.t t/spec/S05-capture/dot.t t/spec/S05-capture/match-object.t t/spec/S05-capture/named.t t/spec/S05-capture/subrule.t t/spec/S05-grammar/action-stubs.t t/spec/S05-grammar/inheritance.t t/spec/S05-grammar/methods.t t/spec/S05-grammar/namespace.t t/spec/S05-grammar/parse_and_parsefile.t t/spec/S05-grammar/polymorphism.t t/spec/S05-grammar/protoregex.t t/spec/S05-grammar/protos.t t/spec/S05-grammar/signatures.t t/spec/S05-grammar/ws.t t/spec/S05-interpolation/lexicals.t t/spec/S05-interpolation/regex-in-variable.t t/spec/S05-mass/named-chars.t t/spec/S05-mass/properties-block.t t/spec/S05-mass/properties-derived.t t/spec/S05-mass/properties-general.t t/spec/S05-mass/properties-script.t t/spec/S05-mass/recursive.t t/spec/S05-mass/rx.t t/spec/S05-mass/stdrules.t t/spec/S05-match/arrayhash.t t/spec/S05-match/blocks.t t/spec/S05-match/capturing-contexts.t t/spec/S05-match/make.t t/spec/S05-match/non-capturing.t t/spec/S05-match/positions.t t/spec/S05-metachars/closure.t t/spec/S05-metachars/line-anchors.t t/spec/S05-metachars/newline.t t/spec/S05-metachars/tilde.t t/spec/S05-metasyntax/angle-brackets.t t/spec/S05-metasyntax/assertions.t t/spec/S05-metasyntax/changed.t t/spec/S05-metasyntax/charset.t t/spec/S05-metasyntax/delimiters.t t/spec/S05-metasyntax/interpolating-closure.t t/spec/S05-metasyntax/litvar.t t/spec/S05-metasyntax/longest-alternative.t t/spec/S05-metasyntax/lookaround.t t/spec/S05-metasyntax/null.t t/spec/S05-metasyntax/prior.t t/spec/S05-metasyntax/proto-token-ltm.t t/spec/S05-metasyntax/regex.t t/spec/S05-metasyntax/repeat.t t/spec/S05-metasyntax/sequential-alternation.t t/spec/S05-metasyntax/single-quotes.t t/spec/S05-metasyntax/unknown.t t/spec/S05-modifier/continue.t t/spec/S05-modifier/counted-match.t t/spec/S05-modifier/counted.t t/spec/S05-modifier/global.t t/spec/S05-modifier/ignorecase.t t/spec/S05-modifier/ii.t t/spec/S05-modifier/overlapping.t t/spec/S05-modifier/perl5_0.t t/spec/S05-modifier/perl5_1.t t/spec/S05-modifier/perl5_2.t t/spec/S05-modifier/perl5_3.t t/spec/S05-modifier/perl5_4.t t/spec/S05-modifier/perl5_5.t t/spec/S05-modifier/perl5_7.t t/spec/S05-modifier/perl5_8.t t/spec/S05-modifier/pos.t t/spec/S05-modifier/repetition.t t/spec/S05-modifier/sigspace.t t/spec/S05-substitution/match.t t/spec/S05-substitution/subst.t t/spec/S05-transliteration/trans.t t/spec/S05-transliteration/with-closure.t t/spec/S06-advanced/callframe.t t/spec/S06-advanced/callsame.t t/spec/S06-advanced/lexical-subs.t t/spec/S06-advanced/recurse.t t/spec/S06-advanced/return.t t/spec/S06-advanced/wrap.t t/spec/S06-currying/assuming-and-mmd.t t/spec/S06-currying/named.t t/spec/S06-macros/errors.t t/spec/S06-macros/quasi-blocks.t t/spec/S06-macros/unquoting.t t/spec/S06-macros/opaque-ast.t t/spec/S06-multi/lexical-multis.t t/spec/S06-multi/positional-vs-named.t t/spec/S06-multi/proto.t t/spec/S06-multi/redispatch.t t/spec/S06-multi/syntax.t t/spec/S06-multi/type-based.t t/spec/S06-multi/unpackability.t t/spec/S06-multi/value-based.t t/spec/S06-operator-overloading/imported-subs.t t/spec/S06-operator-overloading/methods.t t/spec/S06-operator-overloading/sub.t t/spec/S06-operator-overloading/workout.t t/spec/S06-other/anon-hashes-vs-blocks.t t/spec/S06-other/introspection.t t/spec/S06-other/main-eval.t t/spec/S06-other/main.t t/spec/S06-other/main-usage.t t/spec/S06-other/misc.t t/spec/S06-routine-modifiers/lvalue-subroutines.t t/spec/S06-routine-modifiers/proxy.t t/spec/S06-routine-modifiers/scoped-named-subs.t t/spec/S06-signature/arity.t t/spec/S06-signature/closure-over-parameters.t t/spec/S06-signature/closure-parameters.t t/spec/S06-signature/code.t t/spec/S06-signature/defaults.t t/spec/S06-signature/errors.t t/spec/S06-signature/introspection.t t/spec/S06-signature/mixed-placeholders.t t/spec/S06-signature/multidimensional.t t/spec/S06-signature/named-parameters.t t/spec/S06-signature/named-placeholders.t t/spec/S06-signature/named-renaming.t t/spec/S06-signature/optional.t t/spec/S06-signature/passing-arrays.t t/spec/S06-signature/passing-hashes.t t/spec/S06-signature/positional-placeholders.t t/spec/S06-signature/positional.t t/spec/S06-signature/scalar-type.t t/spec/S06-signature/sigilless.t t/spec/S06-signature/slurpy-and-interpolation.t t/spec/S06-signature/slurpy-params.t t/spec/S06-signature/slurpy-placeholders.t t/spec/S06-signature/sub-ref.t t/spec/S06-signature/tree-node-parameters.t t/spec/S06-signature/type-capture.t t/spec/S06-signature/types.t t/spec/S06-signature/unpack-array.t t/spec/S06-signature/unpack-object.t t/spec/S06-signature/unspecified.t t/spec/S06-traits/is-assoc.t t/spec/S06-traits/is-copy.t t/spec/S06-traits/is-readonly.t t/spec/S06-traits/is-rw.t t/spec/S06-traits/misc.t t/spec/S06-traits/precedence.t t/spec/S06-traits/slurpy-is-rw.t t/spec/S09-autovivification/autoincrement.t t/spec/S09-autovivification/autovivification.t t/spec/S09-hashes/objecthash.t t/spec/S09-subscript/slice.t t/spec/S09-typed-arrays/arrays.t t/spec/S09-typed-arrays/hashes.t t/spec/S10-packages/basic.t t/spec/S10-packages/joined-namespaces.t t/spec/S10-packages/use-with-class.t t/spec/S11-modules/importing.t t/spec/S11-modules/import-multi.t t/spec/S11-modules/import-tag.t t/spec/S11-modules/import.t t/spec/S11-modules/lexical.t t/spec/S11-modules/need.t t/spec/S11-modules/nested.t t/spec/S11-modules/require.t t/spec/S12-attributes/class.t t/spec/S12-attributes/clone.t t/spec/S12-attributes/defaults.t t/spec/S12-attributes/delegation.t t/spec/S12-attributes/inheritance.t t/spec/S12-attributes/instance.t t/spec/S12-attributes/mutators.t t/spec/S12-attributes/recursive.t t/spec/S12-attributes/undeclared.t t/spec/S12-class/anonymous.t t/spec/S12-class/attributes.t t/spec/S12-class/augment-supersede.t t/spec/S12-class/basic.t t/spec/S12-class/declaration-order.t t/spec/S12-class/extending-arrays.t t/spec/S12-class/inheritance-class-methods.t t/spec/S12-class/inheritance.t t/spec/S12-class/instantiate.t t/spec/S12-class/interface-consistency.t t/spec/S12-class/lexical.t t/spec/S12-class/literal.t t/spec/S12-class/magical-vars.t t/spec/S12-class/mro.t t/spec/S12-class/namespaced.t t/spec/S12-class/open.t t/spec/S12-class/rw.t t/spec/S12-class/self-inheritance.t t/spec/S12-class/stubs.t t/spec/S12-class/type-object.t t/spec/S12-construction/autopairs.t t/spec/S12-construction/BUILD.t t/spec/S12-construction/construction.t t/spec/S12-construction/named-params-in-BUILD.t t/spec/S12-construction/new.t t/spec/S12-enums/anonymous.t t/spec/S12-enums/as-role.t t/spec/S12-enums/basic.t t/spec/S12-enums/misc.t t/spec/S12-enums/non-int.t t/spec/S12-enums/pseudo-functional.t t/spec/S12-enums/thorough.t t/spec/S12-introspection/attributes.t t/spec/S12-introspection/can.t t/spec/S12-introspection/definite.t t/spec/S12-introspection/meta-class.t t/spec/S12-introspection/methods.t t/spec/S12-introspection/parents.t t/spec/S12-introspection/roles.t t/spec/S12-introspection/walk.t t/spec/S12-methods/accessors.t t/spec/S12-methods/attribute-params.t t/spec/S12-methods/calling_sets.t t/spec/S12-methods/calling_syntax.t t/spec/S12-methods/chaining.t t/spec/S12-methods/class-and-instance.t t/spec/S12-methods/delegation.t t/spec/S12-methods/default-trait.t t/spec/S12-methods/defer-call.t t/spec/S12-methods/defer-next.t t/spec/S12-methods/how.t t/spec/S12-methods/indirect_notation.t t/spec/S12-methods/instance.t t/spec/S12-methods/lastcall.t t/spec/S12-methods/lvalue.t t/spec/S12-methods/method-vs-sub.t t/spec/S12-methods/multi.t t/spec/S12-methods/parallel-dispatch.t t/spec/S12-methods/private.t t/spec/S12-methods/qualified.t t/spec/S12-methods/submethods.t t/spec/S12-methods/syntax.t t/spec/S12-methods/topic.t t/spec/S12-methods/trusts.t t/spec/S12-methods/typed-attributes.t t/spec/S12-methods/what.t t/spec/S12-subset/multi-dispatch.t t/spec/S12-subset/subtypes.t t/spec/S13-overloading/metaoperators.t t/spec/S13-overloading/operators.t t/spec/S13-overloading/typecasting-long.t t/spec/S13-overloading/typecasting-mixed.t t/spec/S13-overloading/typecasting-short.t t/spec/S13-type-casting/methods.t t/spec/S14-roles/anonymous.t t/spec/S14-roles/basic.t t/spec/S14-roles/bool.t t/spec/S14-roles/composition.t t/spec/S14-roles/conflicts.t t/spec/S14-roles/crony.t t/spec/S14-roles/instantiation.t t/spec/S14-roles/lexical.t t/spec/S14-roles/mixin.t t/spec/S14-roles/namespaced.t t/spec/S14-roles/parameterized-basic.t t/spec/S14-roles/parameterized-mixin.t t/spec/S14-roles/parameterized-type.t t/spec/S14-roles/parameter-subtyping.t t/spec/S14-roles/stubs.t t/spec/S14-roles/submethods.t t/spec/S14-traits/attributes.t t/spec/S14-traits/routines.t t/spec/S16-filehandles/chmod.t t/spec/S16-filehandles/filestat.t t/spec/S16-filehandles/filetest.t t/spec/S16-filehandles/io_in_for_loops.t t/spec/S16-filehandles/io_in_while_loops.t t/spec/S16-filehandles/io.t t/spec/S16-filehandles/mkdir_rmdir.t t/spec/S16-filehandles/open.t t/spec/S16-filehandles/unlink.t t/spec/S16-io/bare-say.t t/spec/S16-io/basic-open.t t/spec/S16-io/getc.t t/spec/S16-io/say-and-ref.t t/spec/S16-io/say.t t/spec/S16-unfiled/rebindstdhandles.t t/spec/S19-command-line/dash-e.t t/spec/S19-command-line/help.t t/spec/S24-testing/0-compile.t t/spec/S26-documentation/01-delimited.t t/spec/S26-documentation/02-paragraph.t t/spec/S26-documentation/03-abbreviated.t t/spec/S26-documentation/04-code.t t/spec/S26-documentation/05-comment.t t/spec/S26-documentation/06-lists.t t/spec/S26-documentation/07-tables.t t/spec/S26-documentation/08-formattingcodes.t t/spec/S26-documentation/09-configuration.t t/spec/S26-documentation/10-doc-cli.t t/spec/S26-documentation/why.t t/spec/S28-named-variables/cwd.t t/spec/S28-named-variables/inc.t t/spec/S29-any/cmp.t t/spec/S29-any/isa.t t/spec/S29-context/die.t t/spec/S29-context/eval.t t/spec/S29-context/exit-in-if.t t/spec/S29-context/exit.t t/spec/S29-context/sleep.t t/spec/S29-conversions/hash.t t/spec/S29-conversions/ord_and_chr.t t/spec/S29-os/system.t t/spec/S32-array/bool.t t/spec/S32-array/create.t t/spec/S32-array/delete.t t/spec/S32-array/elems.t t/spec/S32-array/end.t t/spec/S32-array/exists.t t/spec/S32-array/keys_values.t t/spec/S32-array/kv.t t/spec/S32-array/pairs.t t/spec/S32-array/pop.t t/spec/S32-array/push.t t/spec/S32-array/rotate.t t/spec/S32-array/shift.t t/spec/S32-array/splice.t t/spec/S32-array/unshift.t t/spec/S32-basics/warn.t t/spec/S32-container/roundrobin.t t/spec/S32-container/zip.t t/spec/S32-exceptions/misc.t t/spec/S32-hash/delete.t t/spec/S32-hash/delete-adverb.t t/spec/S32-hash/exists.t t/spec/S32-hash/exists-adverb.t t/spec/S32-hash/invert.t t/spec/S32-hash/keys_values.t t/spec/S32-hash/kv.t t/spec/S32-hash/pairs.t t/spec/S32-hash/push.t t/spec/S32-hash/slice.t t/spec/S32-io/chdir.t t/spec/S32-io/copy.t t/spec/S32-io/dir.t t/spec/S32-io/file-tests.t t/spec/S32-io/io-spec-unix.t t/spec/S32-io/io-spec-win.t t/spec/S32-io/io-spec-cygwin.t t/spec/S32-io/io-path-unix.t t/spec/S32-io/io-path-win.t t/spec/S32-io/io-path-cygwin.t t/spec/S32-io/io-path.t t/spec/S32-io/IO-Socket-INET.t t/spec/S32-io/note.t t/spec/S32-io/slurp.t t/spec/S32-io/spurt.t t/spec/S32-list/categorize.t t/spec/S32-list/classify.t t/spec/S32-list/create.t t/spec/S32-list/end.t t/spec/S32-list/first.t t/spec/S32-list/grep.t t/spec/S32-list/join.t t/spec/S32-list/map_function_return_values.t t/spec/S32-list/map.t t/spec/S32-list/minmax.t t/spec/S32-list/pick.t t/spec/S32-list/reduce.t t/spec/S32-list/reverse.t t/spec/S32-list/roll.t t/spec/S32-list/sort.t t/spec/S32-list/uniq.t t/spec/S32-num/abs.t t/spec/S32-num/base.t t/spec/S32-num/complex.t t/spec/S32-num/cool-num.t t/spec/S32-num/exp.t t/spec/S32-num/expmod.t t/spec/S32-num/fatrat.t t/spec/S32-num/int.t t/spec/S32-num/is-prime.t t/spec/S32-num/log.t t/spec/S32-num/pi.t t/spec/S32-num/polar.t t/spec/S32-num/power.t t/spec/S32-num/rand.t t/spec/S32-num/rat.t t/spec/S32-num/real-bridge.t t/spec/S32-num/roots.t t/spec/S32-num/rounders.t t/spec/S32-num/sign.t t/spec/S32-num/sqrt.t t/spec/S32-num/stringify.t t/spec/S32-num/unpolar.t t/spec/S32-scalar/defined.t t/spec/S32-scalar/undef.t t/spec/S32-str/append.t t/spec/S32-str/bool.t t/spec/S32-str/capitalize.t t/spec/S32-str/chomp.t t/spec/S32-str/chop.t t/spec/S32-str/comb.t t/spec/S32-str/encode.t t/spec/S32-str/flip.t t/spec/S32-str/indent.t t/spec/S32-str/index.t t/spec/S32-str/lc.t t/spec/S32-str/lines.t t/spec/S32-str/numeric.t t/spec/S32-str/ords.t t/spec/S32-str/pack.t t/spec/S32-str/pos.t t/spec/S32-str/rindex.t t/spec/S32-str/samecase.t t/spec/S32-str/split-simple.t t/spec/S32-str/split.t t/spec/S32-str/sprintf.t t/spec/S32-str/substr.t t/spec/S32-str/substr-rw.t t/spec/S32-str/tclc.t t/spec/S32-str/trim.t t/spec/S32-str/uc.t t/spec/S32-str/unpack.t t/spec/S32-str/words.t t/spec/S32-temporal/calendar.t t/spec/S32-temporal/Date.t t/spec/S32-temporal/DateTime-Instant-Duration.t t/spec/S32-temporal/DateTime.t t/spec/S32-temporal/local.t t/spec/S32-trig/atan2.t t/spec/S32-trig/cosech.t t/spec/S32-trig/cosec.t t/spec/S32-trig/cosh.t t/spec/S32-trig/cos.t t/spec/S32-trig/cotanh.t t/spec/S32-trig/cotan.t t/spec/S32-trig/e.t t/spec/S32-trig/pi.t t/spec/S32-trig/sech.t t/spec/S32-trig/sec.t t/spec/S32-trig/simple.t t/spec/S32-trig/sinh.t t/spec/S32-trig/sin.t t/spec/S32-trig/tanh.t t/spec/S32-trig/tan.t t/spec/integration/99problems-01-to-10.t t/spec/integration/99problems-11-to-20.t t/spec/integration/99problems-21-to-30.t t/spec/integration/99problems-31-to-40.t t/spec/integration/99problems-41-to-50.t t/spec/integration/99problems-51-to-60.t t/spec/integration/99problems-61-to-70.t t/spec/integration/advent2009-day01.t t/spec/integration/advent2009-day02.t t/spec/integration/advent2009-day03.t t/spec/integration/advent2009-day04.t t/spec/integration/advent2009-day05.t t/spec/integration/advent2009-day06.t t/spec/integration/advent2009-day07.t t/spec/integration/advent2009-day08.t t/spec/integration/advent2009-day09.t t/spec/integration/advent2009-day10.t t/spec/integration/advent2009-day11.t t/spec/integration/advent2009-day12.t t/spec/integration/advent2009-day13.t t/spec/integration/advent2009-day14.t t/spec/integration/advent2009-day15.t t/spec/integration/advent2009-day16.t t/spec/integration/advent2009-day17.t t/spec/integration/advent2009-day18.t t/spec/integration/advent2009-day19.t t/spec/integration/advent2009-day20.t t/spec/integration/advent2009-day22.t t/spec/integration/advent2009-day23.t t/spec/integration/advent2010-day04.t t/spec/integration/code-blocks-as-sub-args.t t/spec/integration/error-reporting.t t/spec/integration/lazy-bentley-generator.t t/spec/integration/lexical-array-in-inner-block.t t/spec/integration/lexicals-and-attributes.t t/spec/integration/man-or-boy.t t/spec/integration/method-calls-and-instantiation.t t/spec/integration/no-indirect-new.t t/spec/integration/packages.t t/spec/integration/pair-in-array.t t/spec/integration/passing-pair-class-to-sub.t t/spec/integration/real-strings.t t/spec/integration/role-composition-vs-attribute.t t/spec/integration/rule-in-class-Str.t t/spec/integration/say-crash.t t/spec/integration/substr-after-match-in-gather-in-for.t t/spec/integration/weird-errors.t t/spec/rosettacode/greatest_element_of_a_list.t t/spec/rosettacode/sierpinski_triangle.t
                                                   pass fail todo skip plan
S01-perl-5-integration/basic.rakudo.jvm............   0    0    0   20   20
    20 skipped: <unknown>
                                                   pass fail todo skip plan
S02-lexical-conventions/begin_end_pod.t............   1    0    0    0    1
S02-lexical-conventions/bom.t......................   1    0    0    0    1
S02-lexical-conventions/comments.rakudo.jvm........use of uninitialized value of type Any in string context
use of uninitialized value of type Any in string context
use of uninitialized value of type Any in string context
use of uninitialized value of type Any in string context
  48    0    2    0   50
     1 todo   : nom regression
     1 todo   : NYI
S02-lexical-conventions/end-pod.t..................   1    0    0    0    1
S02-lexical-conventions/minimal-whitespace.t.......use of uninitialized value of type Any in string context
use of uninitialized value of type Any in string context
use of uninitialized value of type Any in string context
use of uninitialized value of type Any in string context
use of uninitialized value of type Any in string context
use of uninitialized value of type Any in string context
use of uninitialized value of type Any in string context
use of uninitialized value of type Any in string context
use of uninitialized value of type Any in string context
use of uninitialized value of type Any in string context
   9    0    0    0    9
S02-lexical-conventions/one-pass-parsing.t.........   1    0    0    0    1
S02-lexical-conventions/pod-in-multi-line-exprs.t..   3    0    0    0    3
S02-lexical-conventions/sub-block-parsing.rakudo...   3    0    0    2    5
     1 skipped: confused near "(sub{ 42 }"
     1 skipped: confused near "(sub { 42 "
S02-lexical-conventions/unicode-whitespace.t.......  52    0    0    0   52
S02-lexical-conventions/unicode.rakudo.jvm.........  33    0    1    4   38
     2 skipped: tc
     2 skipped: VOWEL SIGNs in identifiers
     1 todo   : PS does not work to separate lines
S02-lexical-conventions/unspace.rakudo.jvm.........use of uninitialized value of type Any in string context
use of uninitialized value of type Any in string context
use of uninitialized value of type Any in string context
use of uninitialized value of type Any in string context
use of uninitialized value of type Any in string context
use of uninitialized value of type Any in string context
use of uninitialized value of type Any in string context
use of uninitialized value of type Any in string context
use of uninitialized value of type Any in string context
use of uninitialized value of type Any in string context
use of uninitialized value of type Any in string context
use of uninitialized value of type Any in string context
use of uninitialized value of type Any in string context
use of uninitialized value of type Any in string context
use of uninitialized value of type Any in string context
use of uninitialized value of type Any in string context
  49    0    2   26   77
     1 skipped: dotty postfix
     4 skipped: =for pod not implemented (in STD.pm)
     1 skipped: parse fail
     2 skipped: unspace + dotty postfix
     3 skipped: pod and unspace
     6 skipped: unspace with postfix operators
     1 skipped: .++ does not work
     3 skipped: indirect method calls
     4 skipped: parse error
     1 skipped: unimplemented
     2 todo   : test dependency
S02-lists/tree.rakudo.jvm..........................   8    0    0    1    9
     1 skipped: Any.tree(*@list) NYI
S02-literals/array-interpolation.t.................  12    0    0    0   12
S02-literals/autoref.t.............................use of uninitialized value of type Any in string context
use of uninitialized value of type Any in string context
  57    0    0    0   57
S02-literals/char-by-name.rakudo.jvm...............   8    0    0    2   10
     1 skipped: \c[LF] not valid
     1 skipped: \c[LINE FEED] not valid
S02-literals/char-by-number.rakudo.jvm.............  38    0    4    0   42
     4 todo   : Detecting malformed escape sequences NYI
S02-literals/fmt-interpolation.t...................  11    0    0    0   11
S02-literals/hash-interpolation.t..................  10    0    0    0   10
S02-literals/hex_chars.t...........................   3    1    0    0    4
S02-literals/listquote-whitespace.rakudo.jvm.......===SORRY!===
java.lang.IllegalArgumentException: sprintf only accepts ints, nums, and strs, not class __P6opaque__62
   0   12    0    0   12
    12 tests aborted (missing ok/not ok)
S02-literals/listquote.rakudo.jvm..................===SORRY!===
Junction re-dispatch NYI
   3   18    1    1   23
     1 skipped: meta operators
     1 todo   : unknown errors
    18 tests aborted (missing ok/not ok)
S02-literals/misc-interpolation.t..................use of uninitialized value of type Any in string context
use of uninitialized value of type Any in string context
  46    0    0    0   46
S02-literals/numeric.t.............................  22    0    0    0   22
S02-literals/pair-boolean.t........................   6    0    0    0    6
S02-literals/pairs.rakudo.jvm......................use of uninitialized value of type Bool in string context
  75    0    2    2   79
     1 skipped: reduce meta op
     1 skipped: prefix:<|>
     1 todo   : reduce meta op
     1 todo   : prefix:<|>
S02-literals/quoting-unicode.t.....................===SORRY!===
java.lang.IllegalArgumentException: sprintf only accepts ints, nums, and strs, not class __P6opaque__62
   4   68    0    0   72
    68 tests aborted (missing ok/not ok)
S02-literals/quoting.rakudo.jvm....................===SORRY!===
Unhandled file open mode 'rp'
 111   46    2    3  162
     3 skipped: \c@ etc
     1 todo   : retriage
     1 todo   : ¬´...¬ª
    44 tests aborted (missing ok/not ok)
S02-literals/radix.rakudo.jvm......................===SORRY!===
Junction re-dispatch NYI
   7  127    0    0  134
   127 tests aborted (missing ok/not ok)
S02-literals/string-interpolation.t................Potential difficulties:
Leading 0 does not indicate octal in Perl 6; please use 0o1 if you mean that
at t/spec/S02-literals/string-interpolation.t:10
------> [32m    is "{\01[33m‚èè[31m;42}", "42", '{\\01 parses correctly (1)[0m
Leading 0 does not indicate octal in Perl 6; please use 0o1 if you mean that
at t/spec/S02-literals/string-interpolation.t:10
------> [32m    is "{\01[33m‚èè[31m;42}", "42", '{\\01 parses correctly (1)[0m
Leading 0 does not indicate octal in Perl 6; please use 0o1 if you mean that
at t/spec/S02-literals/string-interpolation.t:11
------> [32m    is "{;\01[33m‚èè[31m;42}", "42", '{\\01 parses correctly (2)[0m
Leading 0 does not indicate octal in Perl 6; please use 0o1 if you mean that
at t/spec/S02-literals/string-interpolation.t:11
------> [32m    is "{;\01[33m‚èè[31m;42}", "42", '{\\01 parses correctly (2)[0m
Leading 0 does not indicate octal in Perl 6; please use 0o1 if you mean that
at t/spec/S02-literals/string-interpolation.t:12
------> [32m    is "{;;;;;;\01[33m‚èè[31m;42}", "42", '{\\01 parses correctly (3)[0m
Leading 0 does not indicate octal in Perl 6; please use 0o1 if you mean that
at t/spec/S02-literals/string-interpolation.t:12
------> [32m    is "{;;;;;;\01[33m‚èè[31m;42}", "42", '{\\01 parses correctly (3)[0m
  14    0    0    0   14
S02-literals/sub-calls.t...........................  20    0    0    0   20
S02-literals/subscript.t...........................   1    1    0    0    2
S02-literals/types.t...............................use of uninitialized value of type Any in string context
use of uninitialized value of type Any in string context
use of uninitialized value of type Any in string context
use of uninitialized value of type Any in string context
   7    0    0    0    7
S02-literals/underscores.t.........................use of uninitialized value of type Any in string context
use of uninitialized value of type Any in string context
use of uninitialized value of type Any in string context
use of uninitialized value of type Any in string context
use of uninitialized value of type Any in string context
use of uninitialized value of type Any in string context
use of uninitialized value of type Any in string context
use of uninitialized value of type Any in string context
use of uninitialized value of type Any in string context
use of uninitialized value of type Any in string context
use of uninitialized value of type Any in string context
use of uninitialized value of type Any in string context
use of uninitialized value of type Any in string context
use of uninitialized value of type Any in string context
use of uninitialized value of type Any in string context
use of uninitialized value of type Any in string context
use of uninitialized value of type Any in string context
use of uninitialized value of type Any in string context
use of uninitialized value of type Any in string context
use of uninitialized value of type Any in string context
use of uninitialized value of type Any in string context
use of uninitialized value of type Any in string context
  19    0    0    0   19
S02-literals/version.rakudo.jvm....................  25    0    3    0   28
     3 todo   : trailing zeroes fail
S02-magicals/args.t................................===SORRY!===
Dynamic variable $*PID not found
   3    3    0    0    6
     3 tests aborted (missing ok/not ok)
S02-magicals/config.rakudo.jvm.....................===SORRY!===
Junction re-dispatch NYI
   1    2    0    2    5
     2 skipped: unimpl $?OS
     2 tests aborted (missing ok/not ok)
S02-magicals/dollar-underscore.rakudo.jvm..........use of uninitialized value of type Any in string context
   7    0    0    2    9
     1 skipped: nom regression RT #113904
     1 skipped: for() with nullary block
S02-magicals/dollar_bang.rakudo.jvm................  15    0    1    0   16
     1 todo   : stringification of $!
S02-magicals/env.rakudo.jvm........................use of uninitialized value of type Any in string context
use of uninitialized value of type Any in string context
use of uninitialized value of type Any in string context
===SORRY!===
Dynamic variable $*PID not found
  12    3    0    1   16
     1 skipped: import keyword
     3 tests aborted (missing ok/not ok)
S02-magicals/file_line.t...........................   2    0    0    0    2
S02-magicals/pid.t.................................===SORRY!===
Dynamic variable $*PID not found
   0    1    0    0    1
     1 tests aborted (missing ok/not ok)
S02-magicals/progname.t............................===SORRY!===
Dynamic variable $*PID not found
   3    1    0    0    4
     1 tests aborted (missing ok/not ok)
S02-magicals/sub.t.................................   6    0    0    0    6
S02-magicals/vm.t..................................   3    0    0    0    3
S02-names-vars/contextual.t........................  23    0    0    0   23
S02-names-vars/fmt.rakudo.jvm......................===SORRY!===
java.util.IllegalFormatConversionException: d != java.lang.String
   1   20    0    0   21
    20 tests aborted (missing ok/not ok)
S02-names-vars/list_array_perl.rakudo.jvm..........  18    0    1    2   21
     2 skipped: recursive data structure
     1 todo   : List.perl bug
S02-names-vars/names.rakudo.jvm....................use of uninitialized value of type Any in string context
use of uninitialized value of type Any in string context
use of uninitialized value of type Any in string context
use of uninitialized value of type Any in string context
use of uninitialized value of type Any in string context
 126    1    2   13  142
     2 skipped: this kind of lookup NYI
     4 skipped: ::{ } package lookup NYI
     7 skipped: package variable autovivification
     1 todo   : nom regression
     1 todo   : dubious test - otherwise why is ::<$foo> allowed?
S02-names-vars/perl.rakudo.jvm.....................use of uninitialized value of type Mu in string context
use of uninitialized value of type Mu in string context
use of uninitialized value of type Mu in string context
===SORRY!===
encode is NYI on JVM backend
  96    1    0    6    0
     2 skipped: {...}.perl does not work
     2 skipped: recursive data structure
     2 skipped: RT 67790
   103 tests more than planned were run
S02-names-vars/signature.rakudo.jvm................===SORRY!===
java.lang.NullPointerException
  10    1    2    0   13
     2 todo   : eqv on signatures
     1 tests aborted (missing ok/not ok)
S02-names-vars/variables-and-packages.rakudo.jvm...  31    0    3    3   37
     3 skipped: nom regression
     3 todo   : nom regression
S02-names-vars/varnames.t..........................use of uninitialized value of type Any in string context
use of uninitialized value of type Any in string context
use of uninitialized value of type Any in string context
   8    0    0    0    8
S02-names/bare-sigil.t.............................  10    0    0    0   10
S02-names/caller.rakudo.jvm........................  14    0    1    0   15
     1 todo   : strictness
S02-names/identifier.t.............................  22    0    0    0   22
S02-names/indirect.t...............................   6    0    0    0    6
S02-names/our.rakudo.jvm...........................   8    0    0    2   10
     1 skipped: Null PMC access in invoke()
     1 skipped: OUR::subname() does not work
S02-names/pseudo.rakudo.jvm........................use of uninitialized value of type Any in string context
use of uninitialized value of type Any in string context
use of uninitialized value of type Any in string context
use of uninitialized value of type Any in string context
use of uninitialized value of type Any in string context
use of uninitialized value of type Any in string context
use of uninitialized value of type Any in string context
use of uninitialized value of type Any in string context
  46    0    8   88  142
    19 skipped: CORE NYI
     6 skipped: SETTING NYI
    36 skipped: various issues, skipping all for now
     4 skipped: the binding in here is NYI
    23 skipped: various issues to resolve
     1 todo   : GLOBAL and interpolation
     2 todo   : binding and interpolation together NYI
     1 todo   : interpolation and auto-viv NYI
     2 todo   : these tests disagree with STD
     2 todo   : not entirely sure these make sense...
S02-names/symbolic-deref.rakudo.jvm................use of uninitialized value of type Any in string context
use of uninitialized value of type Any in string context
  27    0    1    7   35
     7 skipped: NYI
     1 todo   : NYI
S02-one-pass-parsing/less-than.t...................   9    0    0    0    9
S02-packages/package-lookup.t......................   7    0    0    0    7
S02-types/anon_block.rakudo.jvm....................WARNINGS:
Useless use of "," in expression "{$foo4 = \"blah\"}," in sink context (line 86)
  39    0    1    2   42
     2 skipped: tests don't work if previous test fails
     1 todo   : Parrot support for zero-arg subs?
S02-types/array.rakudo.jvm.........................use of uninitialized value of type Any in string context
use of uninitialized value of type Any in string context
===SORRY!===
Wrong number of arguments passed; expected 1..1, but got 0
  88    9    0    2   99
     2 skipped: multi-dim arrays
     8 tests aborted (missing ok/not ok)
S02-types/array_extending.t........................use of uninitialized value of type Any in string context
use of uninitialized value of type Any in string context
use of uninitialized value of type Any in string context
use of uninitialized value of type Any in string context
  21    0    0    0   21
S02-types/array_ref.t..............................  45    0    0    0   45
S02-types/assigning-refs.rakudo.jvm................  15    0    3    0   18
     3 todo   : non-flattening hash refs
S02-types/autovivification.rakudo.jvm..............   7    0    2    4   13
     2 skipped: get_pmc_keyed() not implemented in class Undef
     2 skipped: Undef to integer
     1 todo   : get_pmc_keyed() not implemented in class Undef
     1 todo   : prefix:<\>
S02-types/bag.rakudo.jvm...........................===SORRY!===
java.lang.ArrayIndexOutOfBoundsException: 0
  49   32   10   46  137
    24 skipped: .Bag NYI
    11 skipped: Bag.ACCEPTS NYI
    11 skipped: .Set NYI
     2 todo   : 
     6 todo   : New bag constructor NYI
     2 todo   : Old implementation used values as bag counts
    31 tests aborted (missing ok/not ok)
S02-types/bool.t...................................  51    0    0    0   51
S02-types/capture.rakudo.jvm.......................  16    2    2    1   21
     1 skipped: nom regression
     2 todo   : nom regression
S02-types/catch_type_cast_mismatch.rakudo.jvm......   9    0    1    0   10
     1 todo   : die or fail?
S02-types/declare.rakudo.jvm.......................  48    0    2   28   78
     1 skipped: Comparator not implemented
     1 skipped: Integral not implemented
     1 skipped: Ordering not implemented
     1 skipped: OrderingPair not implemented
     1 skipped: Bit not implemented
     1 skipped: buf not implemented
     1 skipped: Blob not implemented
     1 skipped: Complex not type converted properly during assignment from Num
     1 skipped: StrPos not implemented
     1 skipped: utf16  not implemented
     1 skipped: KeyExtractor not implemented
     1 skipped: rat not implemented
     1 skipped: No Module type yet
     1 skipped: utf32  not implemented
     1 skipped: bit not implemented
     1 skipped: Matcher isa not implemented
     1 skipped: complex not implemented
     1 skipped: num16  not implemented
     1 skipped: Codepoint not implemented
     1 skipped: StrLen not implemented
     1 skipped: Char not implemented
     1 skipped: Byte not implemented
     1 skipped: utf8  not implemented
     1 skipped: junction not implemented
     1 skipped: HyperWhatever not implemented
     1 skipped: AnyChar not implemented
     1 skipped: Grapheme not implemented
     1 skipped: CharLingua not implemented
     1 todo   : int not implemented
     1 todo   : num not implemented
S02-types/fatrat.t.................................   1    0    0    0    1
S02-types/flattening.t.............................  37    0    0    0   37
S02-types/hash.t...................................use of uninitialized value of type Any in string context
use of uninitialized value of type Failure in string context
  81    0    0    0   81
S02-types/hash_ref.t...............................  31    0    0    0   31
S02-types/infinity.rakudo.jvm......................===SORRY!===
java.lang.NumberFormatException
   5    4    0    4   13
     4 skipped: integer Inf
     4 tests aborted (missing ok/not ok)
S02-types/instants-and-durations.t.................  12    0    0    0   12
S02-types/keybag.rakudo.jvm........................===SORRY!===
java.lang.ArrayIndexOutOfBoundsException: 0
  59   55    9   48  171
     2 skipped: :delete NYI
    24 skipped: Needs to catch up with spec
    11 skipped: .KeyBag NYI
    11 skipped: KeyBag.ACCEPTS NYI
     2 todo   : 
     7 todo   : Needs to catch up with spec
    54 tests aborted (missing ok/not ok)
S02-types/keyset.rakudo.jvm........................===SORRY!===
Junction re-dispatch NYI
  89   31   11   13  144
     2 skipped: :delete NYI
    11 skipped: .Set NYI
     4 todo   : KeySet.ACCEPTS
     1 todo   : Not up to current spec
     6 todo   : New set constructor NYI
    31 tests aborted (missing ok/not ok)
S02-types/lists.rakudo.jvm.........................use of uninitialized value of type Any in numeric context
use of uninitialized value of type Parcel in string context
use of uninitialized value of type Parcel in string context
  19    4    2    3   28
     3 skipped: list binding
     2 todo   : auto-dereferencing of captures (?)
S02-types/mixed_multi_dimensional.rakudo.jvm.......use of uninitialized value of type Any in string context
use of uninitialized value of type Any in string context
  77    0    3    0   80
     2 todo   : unknown
     1 todo   : isa hash
S02-types/multi_dimensional_array.rakudo.jvm.......WARNINGS:
Useless use of constant integer 1 in sink context (line 1)
WARNINGS:
Useless use of constant integer 1 in sink context (line 1)
WARNINGS:
Useless use of constant integer 1 in sink context (line 1)
WARNINGS:
Useless use of constant integer 0 in sink context (line 1)
WARNINGS:
Useless use of constant integer 0 in sink context (line 1)
WARNINGS:
Useless use of constant integer 0 in sink context (line 1)
use of uninitialized value of type Any in string context
use of uninitialized value of type Any in string context
WARNINGS:
Useless use of constant integer 1 in sink context (line 1)
WARNINGS:
Useless use of constant integer 1 in sink context (line 1)
WARNINGS:
Useless use of constant integer 1 in sink context (line 1)
use of uninitialized value of type Any in string context
use of uninitialized value of type Any in string context
  21    0   10   10   41
    10 skipped: Parse Error: Statement not terminated properly
     1 todo   : nom regression
     9 todo   : Null PMC access in find_method()
S02-types/nan.rakudo.jvm...........................  18    0    1    2   21
     1 skipped: unspecced and inconsistent
     1 skipped: RT 83446
     1 todo   : RT 83622
S02-types/native.t.................................  25    0    0    0   25
S02-types/nested_arrays.t..........................   8    0    0    0    8
S02-types/nested_pairs.t...........................  14    0    0    0   14
S02-types/nil.rakudo.jvm...........................  21    0    7    1   29
     1 skipped: RT 93980
     1 todo   : RT 93980
     5 todo   : triage
     1 todo PASSED: triage
S02-types/num.t....................................use of uninitialized value of type Any in string context
Unhandled exception: use of uninitialized value of type Any in string context
  in warn (src/gen/CORE.setting)
  in warn (src/gen/CORE.setting)
  in Str (src/gen/CORE.setting:861)
  in Str (src/gen/CORE.setting)
  in Stringy (src/gen/CORE.setting)
  in infix:<eq> (src/gen/CORE.setting:1274)
  in infix:<eq> (src/gen/CORE.setting)
  in message (src/gen/CORE.setting)
  in  (src/gen/CORE.setting:9974)
  in gist (src/gen/CORE.setting)
  in gist (src/gen/CORE.setting)
  in  (src/gen/CORE.setting:9801)
  in print_exception (src/gen/CORE.setting:9812)
  in <anon> (src/gen/CORE.setting)
  in command_eval (src/stage2/gen/NQPHLL.nqp:1226)
  in command_eval (src/Perl6/Compiler.nqp:17)
  in command_line (src/stage2/gen/NQPHLL.nqp:1167)
  in MAIN (src/gen/main.nqp:43)
  in  (src/gen/main.nqp:1)
  in  (src/gen/main.nqp)

  10   55    0    0   65
    55 tests aborted (missing ok/not ok)
S02-types/pair.rakudo.jvm..........................  94    0    1    2   97
     2 skipped: method($invocant:) syntax missing
     1 todo   : should it really have \n on the end?
S02-types/parcel.t.................................  15    0    0    0   15
S02-types/parsing-bool.t...........................   4    0    0    0    4
S02-types/range.rakudo.jvm.........................use of uninitialized value of type Range in numeric context
 127    0    0    6  133
     6 skipped: Range .from/.to still specced?
S02-types/set.rakudo.jvm...........................===SORRY!===
Junction re-dispatch NYI
  60   31   22   21  134
    10 skipped: Set.ACCEPTS NYI
    11 skipped: .Set NYI
     3 todo   : 
     1 todo   : got bp
     1 todo   : got ao
     7 todo   : New set constructor NYI
    10 todo   : Hypers not yet Set compatible
    31 tests aborted (missing ok/not ok)
S02-types/sigils-and-types.rakudo.jvm..............  26    0    2    0   28
     1 todo   : Capture does Associative
     1 todo   : Capture does Positional
S02-types/subscripts_and_context.t.................   8    0    0    0    8
S02-types/subset.rakudo.jvm........................===SORRY!===
java.lang.RuntimeException: Type accepts method fallback NYI
   2   41    0    0   43
    40 tests aborted (missing ok/not ok)
S02-types/type.rakudo.jvm..........................  30   13    1    6   50
     6 skipped: native types (causes false positives if marked with todo)
     1 todo   : of
S02-types/undefined-types.t........................use of uninitialized value of type Any in string context
use of uninitialized value of type Int in string context
use of uninitialized value of type Any in string context
use of uninitialized value of type Int in string context
use of uninitialized value of type Any in string context
use of uninitialized value of type Int in string context
use of uninitialized value of type Any in string context
use of uninitialized value of type Int in string context
use of uninitialized value of type Any in string context
use of uninitialized value of type Int in string context
  23    0    0    0   23
S02-types/version.t................................===SORRY!===
Element shifted from empty list
   0   35    0    0   35
    35 tests aborted (missing ok/not ok)
S02-types/whatever.rakudo.jvm......................use of uninitialized value of type Any in numeric context
use of uninitialized value of type Any in numeric context
use of uninitialized value of type Any in numeric context
use of uninitialized value of type Any in numeric context
use of uninitialized value of type Any in numeric context
  71    1    3    5   80
     5 skipped: currying plus meta ops
     2 todo   : RT 102466
     1 todo   : * as dummy
                                                   pass fail todo skip plan
S03-binding/arrays.rakudo.jvm......................use of uninitialized value of type Any in string context
use of uninitialized value of type Any in string context
use of uninitialized value of type Any in string context
  45    0    2    0   47
     2 todo   : array binding, delete
S03-binding/attributes.rakudo.jvm..................   6    0    0    6   12
     6 skipped: class attributes
S03-binding/closure.t..............................   8    0    0    0    8
S03-binding/hashes.t...............................  38    0    0    0   38
S03-binding/nested.t...............................  43    0    0    0   43
S03-binding/ro.rakudo.jvm..........................   3    0    6    0    9
     4 todo   : ::= on arrays
     2 todo   : nom regression
S03-binding/scalars.rakudo.jvm.....................  22    0    2    9   33
     2 skipped: List binding
     7 skipped: list binding
     2 todo   : nom regression
S03-feeds/basic.rakudo.jvm.........................use of uninitialized value of type Any in string context
use of uninitialized value of type Any in string context
===SORRY!===
java.lang.ArrayIndexOutOfBoundsException: 0
   9    5    6    5   25
     1 skipped: isn't lazy
     4 skipped: double-ended feeds
     2 todo   : feeds + signatures
     1 todo   : * feeds
     3 todo   : feeds + eager
     5 tests aborted (missing ok/not ok)
S03-junctions/associative.t........................===SORRY!===
Junction re-dispatch NYI
   0   10    0    0   10
    10 tests aborted (missing ok/not ok)
S03-junctions/autothreading.t......................===SORRY!===
Junction re-dispatch NYI
   0   89    0    0   89
    89 tests aborted (missing ok/not ok)
S03-junctions/boolean-context.rakudo.jvm...........===SORRY!===
Junction re-dispatch NYI
  40   37    0    0   77
    37 tests aborted (missing ok/not ok)
S03-junctions/misc.rakudo.jvm......................===SORRY!===
Junction re-dispatch NYI
   2  101    0    0  103
   101 tests aborted (missing ok/not ok)
S03-metaops/cross.rakudo.jvm.......................use of uninitialized value of type Any in string context
use of uninitialized value of type Any in string context
  22    0    1    5   28
     1 skipped: .slice for iterators NYI
     4 skipped: =:= NYI
     1 todo   : RT 74072
S03-metaops/eager-hyper.rakudo.jvm.................   5    0    1    2    8
     2 skipped: hyper prefix NYI
     1 todo   : Array assignment is not lazy -- is this test wrong?
S03-metaops/hyper.rakudo.jvm.......................use of uninitialized value of type Any in numeric context
use of uninitialized value of type Any in numeric context
use of uninitialized value of type Any in numeric context
use of uninitialized value of type Any in numeric context
 267    0    6    8  281
     5 skipped: dotted postfix
     1 skipped: eval(Buf)
     2 skipped: nom regression: possible spec change/improvement
     6 todo   : nom regression - whatever extension
S03-metaops/not.t..................................  33    0    0    0   33
S03-metaops/reduce.rakudo.jvm......................use of uninitialized value of type Int in string context
use of uninitialized value of type Int in string context
use of uninitialized value of type Int in string context
use of uninitialized value of type Int in string context
use of uninitialized value of type Int in string context
use of uninitialized value of type Int in string context
use of uninitialized value of type Int in string context
use of uninitialized value of type Any in string context
use of uninitialized value of type Any in string context
 353    0    6    7  366
     5 skipped: =:= NYI
     2 skipped: [!===]
     1 todo   : item context
     2 todo   : triangle [\^^] and [\xor]
     2 todo   : orelse
     1 todo   : reduced hyper op
S03-metaops/reverse.t..............................  34    0    0    0   34
S03-metaops/zip.rakudo.jvm.........................  18    0    4    2   24
     2 skipped: nom regression
     4 todo   : nom regression
S03-operators/adverbial-modifiers.rakudo.jvm.......use of uninitialized value of type Any in string context
use of uninitialized value of type Any in string context
use of uninitialized value of type Any in string context
use of uninitialized value of type Any in string context
use of uninitialized value of type Any in string context
  37    0    5    0   42
     5 todo   : Multi colonpair syntax not yet understood
S03-operators/also.rakudo.jvm......................   4    0    4    0    8
     4 todo   : nom regression
S03-operators/andthen.t............................   8    0    0    0    8
S03-operators/arith.rakudo.jvm..................... 131    5    7    0  143
     2 todo   : negative div
     2 todo   : negative mod
     2 todo PASSED: modulo by zero
     1 todo PASSED: die or fail?
S03-operators/assign-is-not-binding.t..............   8    0    0    0    8
S03-operators/assign.rakudo.jvm....................use of uninitialized value of type Any in string context
use of uninitialized value of type Any in string context
===SORRY!===
Junction re-dispatch NYI
 221   28   16   20  285
     6 skipped: unknown reasons
     6 skipped: unknown
     1 skipped: $a[] autovivification (unspecced?)
     2 skipped: item assignment, $::(...)
     2 skipped: ,=
     1 skipped: Odd number of elements found where hash expected
     2 skipped: @$a
     3 todo   : item assignment
     1 todo   : list assignment
     1 todo   : list assignment with ($var, *)
     2 todo   : unknown
     5 todo   : list assignment to scalar
     3 todo   : list assignment, autovivification (?)
     1 todo   : item/list assignment
    27 tests aborted (missing ok/not ok)
S03-operators/autoincrement-range.t................  96    0    0    0   96
S03-operators/autoincrement.t......................  78    0    0    0   78
S03-operators/autovivification.t...................use of uninitialized value of type Any in numeric context
use of uninitialized value of type Any in numeric context
use of uninitialized value of type Any in string context
  23    0    0    0   23
S03-operators/bag.rakudo.jvm.......................  26    0    0   74  100
     8 skipped: ‚à™ NYI
     4 skipped: No msuperset yet
    16 skipped: ‚äé NYI
    16 skipped: Reduction and bag operators
     4 skipped: No msubset yet
    26 skipped: ‚à© NYI
S03-operators/basic-types.t........................  19    0    0    0   19
S03-operators/bit.t................................  33    0    0    0   33
S03-operators/boolean-bitwise.rakudo.jvm...........  44    0    0    1   45
     1 skipped: segmentation fault
S03-operators/brainos.t............................   9    0    0    0    9
S03-operators/buf.t................................===SORRY!===
encode is NYI on JVM backend
   0   26    0    0   26
    26 tests aborted (missing ok/not ok)
S03-operators/chained-declarators.t................use of uninitialized value of type Any in string context
use of uninitialized value of type Any in string context
   5    0    0    0    5
S03-operators/cmp.t................................  22    0    0    0   22
S03-operators/comparison-simple.t..................  24    0    0    0   24
S03-operators/comparison.rakudo.jvm................  37    0    4    0   41
     4 todo   : nom regression
S03-operators/context-forcers.rakudo.jvm...........  82    0    0    7   89
     2 skipped: failure modes of Str.Numeric
     1 skipped: ~Mu
     4 skipped: is context
S03-operators/context.rakudo.jvm...................  30    0    0    2   32
     1 skipped: @() not implemented
     1 skipped: $@var syntax
S03-operators/div.t................................   6    0    0    0    6
S03-operators/equality.t...........................use of uninitialized value of type Any in string context
use of uninitialized value of type Any in string context
use of uninitialized value of type Any in string context
use of uninitialized value of type Any in string context
use of uninitialized value of type Any in string context
use of uninitialized value of type Any in string context
use of uninitialized value of type Any in string context
use of uninitialized value of type Any in string context
use of uninitialized value of type Any in numeric context
use of uninitialized value of type Any in numeric context
  32    0    0    0   32
S03-operators/eqv.rakudo.jvm.......................===SORRY!===
Junction re-dispatch NYI
  38    8    0    8   54
     4 skipped: binding NYI
     3 skipped: captures
     1 skipped: infix:<!eqv>
     8 tests aborted (missing ok/not ok)
S03-operators/flip-flop.rakudo.jvm.................  37    0    0    2   39
     2 skipped: dubious scoping?
S03-operators/gcd.t................................  16    0    0    0   16
S03-operators/identity.rakudo.jvm..................  37    0    8    0   45
     4 todo   : unspecced
     4 todo   : misuse of =:=
S03-operators/increment.rakudo.jvm.................  30    0    1    0   31
     1 todo   : nom regression
S03-operators/inplace.rakudo.jvm...................  21    0    0    6   27
     1 skipped: tc
     5 skipped: Method '' not found for invocant of class 'Str'
S03-operators/is-divisible-by.t....................  13    0    0    0   13
S03-operators/lcm.t................................  15    0    0    0   15
S03-operators/list-quote-junction.t................  16    0    0    0   16
S03-operators/minmax.rakudo.jvm....................  21    0    4    0   25
     2 todo   : Annoying test that we haven't done the obvious yet unspecced, fails because we have indeed done the obvious
     2 todo   : max/min non-associative NYI
S03-operators/misc.rakudo.jvm......................===SORRY!===
Junction re-dispatch NYI
  22   11    0    0   33
    11 tests aborted (missing ok/not ok)
S03-operators/names.t..............................   7    0    0    0    7
S03-operators/nesting.t............................  26    0    0    0   26
S03-operators/not.rakudo.jvm.......................  21    0    1    0   22
     1 todo   : RT 65556
S03-operators/overflow.t...........................===SORRY!===
Junction re-dispatch NYI
  89    9    0    0   98
     9 tests aborted (missing ok/not ok)
S03-operators/precedence.rakudo.jvm................===SORRY!===
Junction re-dispatch NYI
  13   40    0    0   53
    40 tests aborted (missing ok/not ok)
S03-operators/range-basic.t........................===SORRY!===
Wrong number of arguments passed; expected 1..1, but got 0
  60   84    0    0  144
    84 tests aborted (missing ok/not ok)
S03-operators/range-int.t..........................===SORRY!===
java.lang.RuntimeException: java.lang.RuntimeException: Method code too large!
   0  480    0    0  480
   480 tests aborted (missing ok/not ok)
S03-operators/range.rakudo.jvm.....................===SORRY!===
Junction re-dispatch NYI
  72   42    0    6  120
     4 skipped: Spec under design here
     2 skipped: nom regression: Method 'succ' not found for invocant of class 'Array'
    42 tests aborted (missing ok/not ok)
S03-operators/reduce-le1arg.rakudo.jvm.............use of uninitialized value of type Any in string context
use of uninitialized value of type Any in string context
  25    0    0   28   53
     1 skipped: [Z]
     2 skipped: =!= NYI
     2 skipped: ~< and ~> NYI
    16 skipped: reduce chained ops
     7 skipped: reducing chained ops
S03-operators/relational.t......................... 118    0    0    0  118
S03-operators/repeat.t.............................  32    0    0    0   32
S03-operators/scalar-assign.t......................   4    0    0    0    4
S03-operators/set.rakudo.jvm.......................===SORRY!===
java.lang.RuntimeException: java.lang.RuntimeException: Method code too large!
   0  296    0    0  296
   296 tests aborted (missing ok/not ok)
S03-operators/short-circuit.rakudo.jvm.............use of uninitialized value of type Nil in numeric context
  77    0    6    0   83
     6 todo   : wrong return type
S03-operators/so.rakudo.jvm........................  14    0    1    0   15
     1 todo   : check test and rakudo
S03-operators/spaceship-and-containers.t...........   6    0    0    0    6
S03-operators/spaceship.rakudo.jvm.................   4    0    0    1    5
     1 skipped: unspecced: does infix:¬´<=>¬ª numify its arguments?
S03-operators/subscript-adverbs.t..................use of uninitialized value of type Mu in string context
use of uninitialized value of type Mu in string context
  64    0    0    0   64
S03-operators/subscript-vs-lt.t....................   4    0    0    0    4
S03-operators/ternary.t............................  17    0    0    0   17
S03-operators/value_equivalence.rakudo.jvm.........===SORRY!===
Junction re-dispatch NYI
  69    3    3    0   75
     1 todo   : === fail
     2 todo   : === doesn't work on array references yet
     3 tests aborted (missing ok/not ok)
S03-sequence/arity-2-or-more.t.....................===SORRY!===
Junction re-dispatch NYI
  17    2    0    0   19
     2 tests aborted (missing ok/not ok)
S03-sequence/arity0.t..............................  13    0    0    0   13
S03-sequence/basic.rakudo.jvm......................===SORRY!===
Junction re-dispatch NYI
  83   46    0    0  129
    46 tests aborted (missing ok/not ok)
S03-sequence/misc.rakudo.jvm.......................   5    0    3   11   19
     1 skipped: type check failed (bogus test?)
     8 skipped: chained sequence NYI
     2 skipped: chained sequences NYI
     2 todo   : NYI
     1 todo   : RT 80574
S03-sequence/nonnumeric.rakudo.jvm.................  16    0    0   19   35
    11 skipped: loops
     6 skipped: lifting comparison ops
     2 skipped: Decrement out of range
S03-smartmatch/any-any.t...........................   8    0    0    0    8
S03-smartmatch/any-array.rakudo.jvm................   4    0    2    0    6
     2 todo   : nom regression
S03-smartmatch/any-bool.t..........................   8    0    0    0    8
S03-smartmatch/any-callable.t......................   6    0    0    0    6
S03-smartmatch/any-complex.t.......................  12    0    0    0   12
S03-smartmatch/any-hash-pair.t.....................   7    0    0    0    7
S03-smartmatch/any-method.t........................   4    0    0    0    4
S03-smartmatch/any-num.rakudo.jvm..................  16    0    0    2   18
     2 skipped: Mu ~~ Num doesn't work yet
S03-smartmatch/any-pair.t..........................   4    6    0    0   10
S03-smartmatch/any-str.rakudo.jvm..................   4    0    0    1    5
     1 skipped: smartmatching Mu against Str
S03-smartmatch/any-sub.t...........................   8    0    0    0    8
S03-smartmatch/any-type.t..........................  15    0    0    0   15
S03-smartmatch/array-array.t.......................  36    0    0    0   36
S03-smartmatch/array-hash.t........................   6    0    0    0    6
S03-smartmatch/capture-signature.t.................   3    2    0    0    5
S03-smartmatch/disorganized.t......................  36    5    0    0   41
S03-smartmatch/hash-hash.rakudo.jvm................   2    0    2    0    4
     2 todo   : nom regression
S03-smartmatch/range-range.t.......................  14    0    0    0   14
S03-smartmatch/regex-hash.t........................   4    0    0    0    4
S03-smartmatch/scalar-hash.t.......................   3    0    0    0    3
S03-smartmatch/signature-signature.t...............   5    0    0    0    5
                                                   pass fail todo skip plan
S04-blocks-and-statements/let.t....................===SORRY!===
Junction re-dispatch NYI
   0   12    0    0   12
    12 tests aborted (missing ok/not ok)
S04-blocks-and-statements/pointy-rw.rakudo.jvm.....   8    0    2    0   10
     2 todo   : rw Hash.values
S04-blocks-and-statements/pointy.rakudo.jvm........  12    0    2    3   17
     3 skipped: Could not find non-existent sub junction
     1 todo   : pointy blocks and last/redo
     1 todo   : &?ROUTINE
S04-blocks-and-statements/temp.rakudo.jvm..........===SORRY!===
Junction re-dispatch NYI
   0   36    0    0   36
    36 tests aborted (missing ok/not ok)
S04-declarations/constant.rakudo.jvm...............===SORRY!===
java.lang.IllegalArgumentException: sprintf only accepts ints, nums, and strs, not class __P6opaque__62
   0    0    0    0    0
S04-declarations/implicit-parameter.rakudo.jvm.....  14    2    2    0   18
     2 todo   : pointy blocks and $_
S04-declarations/multiple.rakudo.jvm...............use of uninitialized value of type Any in string context
use of uninitialized value of type Any in string context
Potential difficulties:
Redeclaration of  $x
at t/spec/S04-declarations/multiple.rakudo.jvm:17
------> [32m    my $x [33m‚èè[31m= 3;[0m
use of uninitialized value of type Any in string context
use of uninitialized value of type Any in string context
Potential difficulties:
Redeclaration of  $x
at eval_0:1
------> [32mmy $x; my $x[33m‚èè[31m<EOL>[0m
use of uninitialized value of type Any in string context
use of uninitialized value of type Any in string context
Potential difficulties:
Redeclaration of  $x
at eval_1:1
------> [32mstate $x; state $x[33m‚èè[31m<EOL>[0m
use of uninitialized value of type Any in string context
use of uninitialized value of type Any in string context
use of uninitialized value of type Any in string context
use of uninitialized value of type Any in string context
use of uninitialized value of type Any in string context
use of uninitialized value of type Any in string context
   5    0    1    0    6
     1 todo   : nom regression
S04-declarations/my.rakudo.jvm.....................use of uninitialized value of type Any in string context
use of uninitialized value of type Any in string context
use of uninitialized value of type Any in string context
use of uninitialized value of type Any in string context
Potential difficulties:
Redeclaration of  %p
at t/spec/S04-declarations/my.rakudo.jvm:56
------> [32m        my %p[33m‚èè[31m; #OK[0m
Redeclaration of  $f
at t/spec/S04-declarations/my.rakudo.jvm:160
------> [32m    my $f[33m‚èè[31m; #OK[0m
use of uninitialized value of type Any in string context
use of uninitialized value of type Any in string context
use of uninitialized value of type Any in string context
use of uninitialized value of type Any in string context
use of uninitialized value of type Any in string context
use of uninitialized value of type Any in string context
use of uninitialized value of type Any in string context
use of uninitialized value of type Any in string context
use of uninitialized value of type Any in string context
use of uninitialized value of type Any in string context
WARNINGS:
Useless use of "," in expression "my $x = 1, my $y = 2" in sink context (line 1)
WARNINGS:
Useless use of "," in expression "my $x = 1, my $y = 2" in sink context (line 1)
WARNINGS:
Useless use of "," in expression "my $x = 1, my $y = 2" in sink context (line 1)
WARNINGS:
Useless use of "," in expression "my $x = 1, my $y = 2" in sink context (line 1)
WARNINGS:
Useless use of "," in expression "my $x = 1, my $y = 2" in sink context (line 1)
WARNINGS:
Useless use of constant integer 1 in sink context (line 1)
use of uninitialized value of type Any in string context
use of uninitialized value of type Any in string context
===SORRY!===
Method 'submethod_table' not found
  57   14    2    2   75
     2 skipped: nom regression, OUR::
     1 todo   : previous test skipped
     1 todo   : fails
    11 tests aborted (missing ok/not ok)
S04-declarations/our.rakudo.jvm....................use of uninitialized value of type Any in string context
use of uninitialized value of type Any in string context
use of uninitialized value of type Any in string context
use of uninitialized value of type Any in string context
use of uninitialized value of type Any in string context
use of uninitialized value of type Any in string context
use of uninitialized value of type Any in string context
use of uninitialized value of type Any in string context
use of uninitialized value of type Any in string context
use of uninitialized value of type Any in string context
use of uninitialized value of type Any in string context
use of uninitialized value of type Any in string context
  32    0    1    0   33
     1 todo   : our-scoped var in role
S04-declarations/state.rakudo.jvm..................use of uninitialized value of type Any in string context
use of uninitialized value of type Any in string context
===SORRY!===
Wrong number of arguments passed; expected 0..0, but got 1
  15   25    3    1   44
     1 skipped: references
     1 todo   : will start { ... }
     1 todo   : nom regression
     1 todo   : references and anonymous state vars
    25 tests aborted (missing ok/not ok)
S04-exception-handlers/catch.t.....................===SORRY!===
Wrong number of arguments passed; expected 1..1, but got 0
   3   24    0    0   27
    20 tests aborted (missing ok/not ok)
S04-exceptions/fail.rakudo.jvm.....................  11    0    0    2   13
     2 skipped: RT 64990
S04-phasers/ascending-order.t......................===SORRY!===
Junction re-dispatch NYI
   0    8    0    0    8
     8 tests aborted (missing ok/not ok)
S04-phasers/begin.rakudo.jvm.......................   8    0    0    1    9
     1 skipped: cannot assing to non-container
S04-phasers/check.t................................   5    0    0    0    5
S04-phasers/descending-order.t.....................===SORRY!===
Junction re-dispatch NYI
   0    7    0    0    7
     7 tests aborted (missing ok/not ok)
S04-phasers/end.rakudo.jvm.........................use of uninitialized value of type Any in string context
use of uninitialized value of type Any in string context
   3    0    2    0    5
     2 todo   : lexicals and eval()
S04-phasers/enter-leave.rakudo.jvm.................===SORRY!===
Junction re-dispatch NYI
   0   21    0    0   21
    21 tests aborted (missing ok/not ok)
S04-phasers/eval-in-begin.t........................   3    0    0    0    3
S04-phasers/first.t................................===SORRY!===
Junction re-dispatch NYI
   0    4    0    0    4
     4 tests aborted (missing ok/not ok)
S04-phasers/keep-undo.t............................===SORRY!===
Junction re-dispatch NYI
   0   12    0    0   12
    12 tests aborted (missing ok/not ok)
S04-phasers/multiple.t.............................   2    0    0    0    2
S04-phasers/next.rakudo.jvm........................===SORRY!===
Junction re-dispatch NYI
   0   13    0    0   13
    13 tests aborted (missing ok/not ok)
S04-phasers/pre-post.rakudo.jvm....................===SORRY!===
Junction re-dispatch NYI
   0   22    0    0   22
    22 tests aborted (missing ok/not ok)
S04-phasers/rvalue.t...............................  13    3    0    0   16
S04-phasers/start.t................................  21    0    0    0   21
S04-statement-modifiers/for.t......................use of uninitialized value of type Any in string context
use of uninitialized value of type Any in string context
use of uninitialized value of type Any in string context
  20    0    0    0   20
S04-statement-modifiers/given.t....................   5    0    0    0    5
S04-statement-modifiers/if.t.......................  11    0    0    0   11
S04-statement-modifiers/unless.t...................   6    0    0    0    6
S04-statement-modifiers/until.t....................   4    0    0    0    4
S04-statement-modifiers/values_in_bool_context.t...  24    0    0    0   24
S04-statement-modifiers/while.t....................use of uninitialized value of type Any in numeric context
   5    0    0    0    5
S04-statement-parsing/hash.t.......................   8    0    0    0    8
S04-statements/do.rakudo.jvm.......................  21    0    0    6   27
     1 skipped: last not implemented
     1 skipped: next() should also work on do blocks (?)
     3 skipped: labels
     1 skipped: redo not implemented
S04-statements/for-scope.t.........................  16    0    0    0   16
S04-statements/for.rakudo.jvm......................use of uninitialized value of type Any in string context
use of uninitialized value of type Any in string context
use of uninitialized value of type Any in string context
use of uninitialized value of type Any in string context
  71    0    4    2   77
     1 skipped: optional variable in for loop (RT #63994)
     1 skipped: Nom doesn't feature lazily for looping over a range yet?
     2 todo   : RT 113026 array iterator does not track a growing array
     2 todo   : is rw NYI
S04-statements/for_with_only_one_item.t............   9    0    0    0    9
S04-statements/gather.rakudo.jvm...................Exception in thread "main" org.perl6.nqp.runtime.UnwindException
	at org.perl6.nqp.runtime.ThreadContext.<init>(ThreadContext.java:105)
	at org.perl6.nqp.runtime.GlobalContext.<init>(GlobalContext.java:207)
	at org.perl6.nqp.runtime.CompilationUnit.enterFromMain(CompilationUnit.java:58)
	at perl6.main(src/gen/main.nqp)
  21    6    0    1   28
     1 skipped: RT #117635 (infinite loop)
     6 tests aborted (missing ok/not ok)
S04-statements/given.t.............................  51    0    0    0   51
S04-statements/if.t................................use of uninitialized value of type Any in string context
use of uninitialized value of type Any in string context
  29    0    0    0   29
S04-statements/last.rakudo.jvm.....................   6    0    0    2    8
     2 skipped: last LABEL
S04-statements/loop.t..............................use of uninitialized value of type Any in string context
use of uninitialized value of type Any in string context
use of uninitialized value of type Any in string context
Exception in thread "main" org.perl6.nqp.runtime.UnwindException
	at org.perl6.nqp.runtime.ThreadContext.<init>(ThreadContext.java:105)
	at org.perl6.nqp.runtime.GlobalContext.<init>(GlobalContext.java:207)
	at org.perl6.nqp.runtime.CompilationUnit.enterFromMain(CompilationUnit.java:58)
	at perl6.main(src/gen/main.nqp)
  14    1    0    0   15
     1 tests aborted (missing ok/not ok)
S04-statements/map-and-sort-in-for.t...............   4    0    0    0    4
S04-statements/next.rakudo.jvm.....................  10    0    0    2   12
     1 skipped: next BLOCK
     1 skipped: next LOOP
S04-statements/no-implicit-block.t.................  12    0    0    0   12
S04-statements/redo.t..............................  11    0    0    0   11
S04-statements/repeat.t............................===SORRY!===
Not enough positional parameters passed; got 0 but expected 1
  12    9    0    0   21
     9 tests aborted (missing ok/not ok)
S04-statements/return.t............................  17    0    0    0   17
S04-statements/sink.rakudo.jvm.....................   1    0    1    0    2
     1 todo PASSED: RT #117235
S04-statements/terminator.t........................  15    0    0    0   15
S04-statements/try.rakudo.jvm......................===SORRY!===
Wrong number of arguments passed; expected 1..1, but got 0
   2   24    0    0   26
    24 tests aborted (missing ok/not ok)
S04-statements/unless.t............................use of uninitialized value of type Any in string context
use of uninitialized value of type Any in string context
use of uninitialized value of type Any in string context
  10    0    0    0   10
S04-statements/until.t.............................   4    0    0    0    4
S04-statements/while.t.............................===SORRY!===
Not enough positional parameters passed; got 0 but expected 1
   6    3    0    0    9
     3 tests aborted (missing ok/not ok)
                                                   pass fail todo skip plan
S05-capture/caps.rakudo.jvm........................===SORRY!===
java.lang.ClassFormatError: Duplicate method name&signature in class file 0DEFE758C184F36AD46251DCD20FF5096DFD6DAE
   0   30    0    0   30
    30 tests aborted (missing ok/not ok)
S05-capture/dot.rakudo.jvm.........................use of uninitialized value of type Any in string context
use of uninitialized value of type Any in string context
use of uninitialized value of type Any in string context
use of uninitialized value of type Any in string context
use of uninitialized value of type Any in string context
  45    0    8    8   61
     8 skipped: wrong tests? needs review
     6 todo   : dubious test
     1 todo   : unknown
     1 todo   : really? :-)
S05-capture/match-object.rakudo.jvm................  18    0    0    3   21
     3 skipped: Non-declarative sigil is missing its name at line 1, near "$\x{a2} }/\n"
S05-capture/named.rakudo.jvm.......................   9    0    0    2   11
     2 skipped: assigning to match object
S05-capture/subrule.t..............................use of uninitialized value of type Any in string context
  46    0    0    0   46
S05-grammar/action-stubs.t.........................  17    0    0    0   17
S05-grammar/inheritance.rakudo.jvm.................  30    0    1    0   31
     1 todo   : automatic Grammar superclass
S05-grammar/methods.t..............................   5    0    0    0    5
S05-grammar/namespace.t............................   5    0    0    0    5
S05-grammar/parse_and_parsefile.t..................  12    0    0    0   12
S05-grammar/polymorphism.t.........................use of uninitialized value of type Any in string context
  28    0    0    0   28
S05-grammar/protoregex.t...........................  26    0    0    0   26
S05-grammar/protos.t...............................   4    0    0    0    4
S05-grammar/signatures.t...........................   2    0    0    0    2
S05-grammar/ws.rakudo.jvm..........................  10    0    0    2   12
     2 skipped: infinite loop: RT #64094 (noauto)
S05-interpolation/lexicals.t.......................  10    0    0    0   10
S05-interpolation/regex-in-variable.rakudo.jvm.....use of uninitialized value of type Any in string context
use of uninitialized value of type Any in string context
===SORRY!===
Dynamic variable $*PID not found
  30    4    0    0   34
     4 tests aborted (missing ok/not ok)
S05-mass/named-chars.rakudo.jvm....................===SORRY!===
java.lang.RuntimeException: java.lang.RuntimeException: Method code too large!
   0  431    0    0  431
   431 tests aborted (missing ok/not ok)
S05-mass/properties-block.rakudo.jvm...............===SORRY!===
java.lang.RuntimeException: java.lang.RuntimeException: Method code too large!
   0  670    0    0  670
   670 tests aborted (missing ok/not ok)
S05-mass/properties-derived.rakudo.jvm.............===SORRY!===
java.lang.RuntimeException: java.lang.RuntimeException: Method code too large!
   0  256    0    0  256
   256 tests aborted (missing ok/not ok)
S05-mass/properties-general.rakudo.jvm.............===SORRY!===
java.lang.OutOfMemoryError: Java heap space
   0  596    0    0  596
   596 tests aborted (missing ok/not ok)
S05-mass/properties-script.rakudo.jvm..............===SORRY!===
java.lang.RuntimeException: java.lang.RuntimeException: Method code too large!
   0  361    0    0  361
   361 tests aborted (missing ok/not ok)
S05-mass/recursive.t...............................  20    0    0    0   20
S05-mass/rx.rakudo.jvm.............................===SORRY!===
java.lang.RuntimeException: java.lang.RuntimeException: Method code too large!
   0  739    0    0  739
   739 tests aborted (missing ok/not ok)
S05-mass/stdrules.rakudo.jvm....................... 158    0    0   28  186
    14 skipped: <.print>
    14 skipped: <.graph>
S05-match/arrayhash.t..............................   8    0    0    0    8
S05-match/blocks.rakudo.jvm........................  17    0    5    0   22
     4 todo   : nom regression
     1 todo   : Assignment to matched string affects earlier match objects
S05-match/capturing-contexts.rakudo.jvm............use of uninitialized value of type Any in string context
use of uninitialized value of type Any in string context
use of uninitialized value of type Any in string context
use of uninitialized value of type Any in string context
===SORRY!===
Dynamic variable $*PID not found
  21   16    2    0   39
     2 todo   : nom regression
    16 tests aborted (missing ok/not ok)
S05-match/make.t...................................   3    0    0    0    3
S05-match/non-capturing.t..........................   9    0    0    0    9
S05-match/positions.t..............................  10    0    0    0   10
S05-metachars/closure.rakudo.jvm...................   4    0    0    8   12
     3 skipped: make() inside closure
     5 skipped: assignment to match variables (dubious)
S05-metachars/line-anchors.t.......................  19    0    0    0   19
S05-metachars/newline.rakudo.jvm...................  11    2    2    0   15
     2 todo PASSED: Unicode
S05-metachars/tilde.rakudo.jvm.....................  14    0    0   12   26
     2 skipped: backtracking to find ~ goal
     3 skipped: exceptions from regexes
     2 skipped: backtracking into ~
     5 skipped: should not throw exceptions
S05-metasyntax/angle-brackets.rakudo.jvm...........  52    0    0   28   80
     1 skipped: indirect subrule call not implemented
     2 skipped: <%hash> not implemented
     2 skipped: TODO: array interpolation into regexes
     1 skipped: <~~ ... >
     2 skipped: <test()> not implemented
     2 skipped: <$subrule> not implemented
     3 skipped: ..., !!! and ??? in regexes
     1 skipped: colon arguments not implemented
    11 skipped: <*literal>
     1 skipped: <&foo()> not implemented
     2 skipped: angle quotes in regexes
S05-metasyntax/assertions.t........................   4    0    0    0    4
S05-metasyntax/changed.t...........................use of uninitialized value of type Any in string context
use of uninitialized value of type Any in string context
  12    0    0    0   12
S05-metasyntax/charset.rakudo.jvm..................  38    0    1    2   41
     1 skipped: large \x char spec in regex (RT #67122) (noauto)
     1 skipped: comment in charset (RT #67124)
     1 todo   : comment in charset (RT #67124)
S05-metasyntax/delimiters.t........................   0   23    0    0   23
S05-metasyntax/interpolating-closure.rakudo.jvm....   5    0    1    0    6
     1 todo   : dunno
S05-metasyntax/litvar.t............................Potential difficulties:
Apparent subscript will be treated as regex
at t/spec/S05-metasyntax/litvar.t:33
------> [32mok(!('a0' ~~ m/$aref[33m‚èè[31m[0]/), 'Array ref stringifies before mat[0m
Apparent subscript will be treated as regex
at t/spec/S05-metasyntax/litvar.t:35
------> [32mok('a b ab c0' ~~ m/$aref[33m‚èè[31m[0]/, 'Array ref stringifies before matc[0m
Apparent subscript will be treated as regex
at t/spec/S05-metasyntax/litvar.t:36
------> [32mok('a0' ~~ m/@$aref[33m‚èè[31m[0]/, 'Array deref ignores 0');         [0m
Apparent subscript will be treated as regex
at t/spec/S05-metasyntax/litvar.t:37
------> [32mok('bx0' ~~ m/@$aref[33m‚èè[31m.[0]/, 'Array deref ignores dot 0');    [0m
Apparent subscript will be treated as regex
at t/spec/S05-metasyntax/litvar.t:38
------> [32mok('c0' ~~ m/@var[33m‚èè[31m[0]/, 'Array ignores 0');               [0m
  22    0    0    0   22
S05-metasyntax/longest-alternative.rakudo.jvm......  26    0    4    1   31
     1 skipped: :::
     2 todo   : LTM - literals in tokens
     1 todo   : LTM - longer quantified atom wins against shorter literal (subrules)
     1 todo   : implicit <.ws> stops LTM
S05-metasyntax/lookaround.t........................  10    0    0    0   10
S05-metasyntax/null.t..............................   4    0    0    0    4
S05-metasyntax/prior.t.............................  11    0    0    0   11
S05-metasyntax/proto-token-ltm.t...................  10    0    0    0   10
S05-metasyntax/regex.t.............................Useless declaration of a has-scoped method in mainline
Useless declaration of a has-scoped method in mainline
use of uninitialized value of type Any in string context
  26    0    0    0   26
S05-metasyntax/repeat.rakudo.jvm...................  13    0    0    9   22
     6 skipped: closure repetition
     3 skipped: nom regression
S05-metasyntax/sequential-alternation.t............  10    0    0    0   10
S05-metasyntax/single-quotes.t.....................   5    0    0    0    5
S05-metasyntax/unknown.rakudo.jvm..................use of uninitialized value of type Any in string context
===SORRY!===
Wrong number of arguments passed; expected 1..1, but got 0
   9    3    1    0   13
     1 todo   : RT 74832
     3 tests aborted (missing ok/not ok)
S05-modifier/continue.t............................  13    0    0    0   13
S05-modifier/counted-match.rakudo.jvm..............  16    0    0    6   22
     6 skipped: nom regression
S05-modifier/counted.rakudo.jvm....................===SORRY!===
Wrong number of arguments passed; expected 0..0, but got 1
  80   36    2    0  118
     2 todo   : unknown
    36 tests aborted (missing ok/not ok)
S05-modifier/global.t..............................   8    0    0    0    8
S05-modifier/ignorecase.rakudo.jvm.................  22    0    2    0   24
     2 todo   : ignorecase and SS/&szlig;
S05-modifier/ii.rakudo.jvm.........................===SORRY!===
Wrong number of arguments passed; expected 0..0, but got 1
   0   18    0    0   18
    18 tests aborted (missing ok/not ok)
S05-modifier/overlapping.rakudo.jvm................  11    0    0   10   21
    10 skipped: m:overlap// NYI
S05-modifier/perl5_0.rakudo.jvm....................===SORRY!===
Junction re-dispatch NYI
   0   24    0    0   24
    24 tests aborted (missing ok/not ok)
S05-modifier/perl5_1.t............................. 100    0    0    0  100
S05-modifier/perl5_2.rakudo.jvm....................use of uninitialized value of type Any in string context
use of uninitialized value of type Any in string context
  99    0    1    0  100
     1 todo   : variable interpolation in p5 regex
S05-modifier/perl5_3.rakudo.jvm....................use of uninitialized value of type Any in string context
use of uninitialized value of type Any in string context
use of uninitialized value of type Any in string context
  99    0    1    0  100
     1 todo   : variable interpolation
S05-modifier/perl5_4.rakudo.jvm....................use of uninitialized value of type Any in string context
use of uninitialized value of type Any in string context
use of uninitialized value of type Any in string context
use of uninitialized value of type Any in string context
  99    0    1    0  100
     1 todo   : variable interpolation
S05-modifier/perl5_5.rakudo.jvm....................  92    1    3    6  102
     1 skipped: loops
     2 skipped: code blocks in P5 regexes NYI
     3 skipped: (?(1)...) syntax NYI
     1 todo   : unknown issue
     2 todo   : (?i) and backreferences
S05-modifier/perl5_7.t............................. 100    0    0    0  100
S05-modifier/perl5_8.rakudo.jvm....................  77    0    0   26  103
     1 skipped: \G
     6 skipped: character classes in enumerated range
    18 skipped: expensive quantifier
     1 skipped: (?>...) not implemented
S05-modifier/pos.rakudo.jvm........................  34    0    0    6   40
     3 skipped: m:g
     2 skipped: s:pos/// NYI
     1 skipped: m:p:i:g// NYI
S05-modifier/repetition.rakudo.jvm.................   8    0    0    4   12
     2 skipped: :2x
     2 skipped: :x(2)
S05-modifier/sigspace.t............................  12    0    0    0   12
S05-substitution/match.t...........................  13    0    0    0   13
S05-substitution/subst.rakudo.jvm..................===SORRY!===
Junction re-dispatch NYI
   5  135    0    0  140
   135 tests aborted (missing ok/not ok)
S05-transliteration/trans.rakudo.jvm...............===SORRY!===
Method 'from' not found
   6   35    0   19   60
     2 skipped: closures and regexes
     5 skipped: tr///, feed operator not implemented
    11 skipped: flags
     1 skipped: disambiguate ranges
     2 tests aborted (missing ok/not ok)
S05-transliteration/with-closure.rakudo.jvm........use of uninitialized value of type Any in string context
use of uninitialized value of type Any in string context
use of uninitialized value of type Any in string context
use of uninitialized value of type Any in string context
use of uninitialized value of type Any in string context
use of uninitialized value of type Any in string context
   7    3    5    1   16
     1 skipped: .ord on Match unimplemented
     5 todo   : nom regression
                                                   pass fail todo skip plan
S06-advanced/callframe.rakudo.jvm..................===SORRY!===
CallFrame NYI on JVM backend
   0    6    0    0    6
     6 tests aborted (missing ok/not ok)
S06-advanced/callsame.t............................   0    3    0    0    3
S06-advanced/lexical-subs.rakudo.jvm...............use of uninitialized value of type Any in string context
use of uninitialized value of type Any in string context
   9    0    0    2   11
     2 skipped: cannot parse operator names yet
S06-advanced/recurse.t.............................  13    0    0    0   13
S06-advanced/return.rakudo.jvm.....................  75    0    1    3   79
     3 skipped: RT 75118
     1 todo   : RT 61732
S06-advanced/wrap.rakudo.jvm.......................===SORRY!===
Nominal type check failed for parameter '&wrapper'
   6   62    0    0   68
    62 tests aborted (missing ok/not ok)
S06-currying/assuming-and-mmd.t....................   6    0    0    0    6
S06-currying/named.t...............................   3    0    0    0    3
S06-macros/errors.t................................   2    0    0    0    2
S06-macros/opaque-ast.rakudo.jvm...................===SORRY!===
java.lang.NoSuchMethodError: org.perl6.rakudo.Ops.p6getouterctx(Lorg/perl6/nqp/sixmodel/SixModelObject;Lorg/perl6/nqp/runtime/ThreadContext;)Lorg/perl6/nqp/sixmodel/SixModelObject;
   0    7    0    0    7
     7 tests aborted (missing ok/not ok)
S06-macros/quasi-blocks.t..........................===SORRY!===
java.lang.NoSuchMethodError: org.perl6.rakudo.Ops.p6getouterctx(Lorg/perl6/nqp/sixmodel/SixModelObject;Lorg/perl6/nqp/runtime/ThreadContext;)Lorg/perl6/nqp/sixmodel/SixModelObject;
   0   12    0    0   12
    12 tests aborted (missing ok/not ok)
S06-macros/unquoting.t.............................===SORRY!===
java.lang.NoSuchMethodError: org.perl6.rakudo.Ops.p6getouterctx(Lorg/perl6/nqp/sixmodel/SixModelObject;Lorg/perl6/nqp/runtime/ThreadContext;)Lorg/perl6/nqp/sixmodel/SixModelObject;
   0   10    0    0   10
    10 tests aborted (missing ok/not ok)
S06-multi/lexical-multis.rakudo.jvm................  14    0    1    0   15
     1 todo   : lexical scope as tie breaker
S06-multi/positional-vs-named.rakudo.jvm...........use of uninitialized value of type Any in string context
===SORRY!===
Required named parameter 'me' not passed
   6   21    0    0   27
    14 tests aborted (missing ok/not ok)
S06-multi/proto.rakudo.jvm.........................use of uninitialized value of type Any in string context
use of uninitialized value of type Any in string context
use of uninitialized value of type Any in string context
use of uninitialized value of type Any in string context
use of uninitialized value of type Any in string context
use of uninitialized value of type Any in string context
use of uninitialized value of type Any in string context
use of uninitialized value of type Any in string context
use of uninitialized value of type Any in string context
use of uninitialized value of type Any in string context
  22    0    0    6   28
     5 skipped: todo
     1 skipped: operator protos
S06-multi/redispatch.t.............................   0   10    0    0   10
S06-multi/syntax.rakudo.jvm........................use of uninitialized value of type Any in string context
use of uninitialized value of type Any in string context
use of uninitialized value of type Any in string context
use of uninitialized value of type Any in string context
use of uninitialized value of type Any in string context
use of uninitialized value of type Any in string context
use of uninitialized value of type Any in string context
use of uninitialized value of type Any in string context
use of uninitialized value of type Any in string context
use of uninitialized value of type Any in string context
use of uninitialized value of type Any in string context
use of uninitialized value of type Any in string context
  40    1    0    1   42
     1 skipped: Multi typename...maybe deprecated?
S06-multi/type-based.rakudo.jvm....................===SORRY!===
Junction re-dispatch NYI
   0   53    0    0   53
    53 tests aborted (missing ok/not ok)
S06-multi/unpackability.t..........................===SORRY!===
Flattening named argument must have VMHash REPR
   0   10    0    0   10
    10 tests aborted (missing ok/not ok)
S06-multi/value-based.t............................   6    6    0    0   12
S06-operator-overloading/imported-subs.t...........[31m===[0mSORRY![31m===[0m
Negation metaoperator not followed by valid infix
at eval_0:1
------> [32m5![33m‚èè[31m<EOL>[0m
    expecting any of:
        postfix
        infix stopper
        infix or meta-infix
   0   19    0    0   19
    19 tests aborted (missing ok/not ok)
S06-operator-overloading/methods.rakudo.jvm........use of uninitialized value of type Any in string context
use of uninitialized value of type Any in string context
===SORRY!===
Dynamic variable $*PID not found
   0    2    1    0    3
     1 todo   : nom regression
     2 tests aborted (missing ok/not ok)
S06-operator-overloading/sub.rakudo.jvm............  37    0    1   32   70
     2 skipped: not yet implemented
     1 skipped: infix:<;>
     9 skipped: unknown errors
     1 skipped: &::
     5 skipped: lexical operators
     3 skipped: assoc("non")
     1 skipped: Lexical 'infix:plus' not found
     3 skipped: scalar binding
     2 skipped: macros
     1 skipped: prefix:<if>
     4 skipped: prefix:[] form not implemented
     1 todo   : RT 65638
S06-operator-overloading/workout.t.................[31m===[0mSORRY![31m===[0m
Unable to parse expression in argument list; couldn't find final ')'
at t/spec/S06-operator-overloading/workout.t:94
------> [32mia($v1 [33m‚èè[31m‚ãÖ $v2, -1/2 + 2/5 + 34 * 0.3, "‚ãÖ product[0m
    expecting any of:
        postfix
        infix stopper
        infix or meta-infix
   0    0    0    0    0
S06-other/anon-hashes-vs-blocks.t..................  18    0    0    0   18
S06-other/introspection.t..........................  12    0    0    0   12
S06-other/main-eval.rakudo.jvm.....................===SORRY!===
CallFrame NYI on JVM backend
   0    3    0    0    3
     3 tests aborted (missing ok/not ok)
S06-other/main-usage.rakudo.jvm....................===SORRY!===
Dynamic variable $*PID not found
   0   22    0    0   22
    22 tests aborted (missing ok/not ok)
S06-other/main.t...................................===SORRY!===
CallFrame NYI on JVM backend
   2    4    0    0    6
     4 tests aborted (missing ok/not ok)
S06-other/misc.t...................................   2    1    0    0    3
S06-routine-modifiers/lvalue-subroutines.rakudo.j..  11    0    0    3   14
     2 skipped: maximum recursion depth exceeded
     1 skipped: segfaults, probably due to [RT #114134]
S06-routine-modifiers/proxy.t......................  18    0    0    0   18
S06-routine-modifiers/scoped-named-subs.t..........  12    0    0    0   12
S06-signature/arity.t..............................  51    1    0    0   52
S06-signature/closure-over-parameters.t............   4    0    0    0    4
S06-signature/closure-parameters.rakudo.jvm........   4    0    0   11   15
    11 skipped: type syntax parse failure
S06-signature/code.rakudo.jvm......................   7    0    1    0    8
     1 todo   : RT 67932
S06-signature/defaults.t...........................   5    0    0    0    5
S06-signature/errors.t.............................   8    2    0    0   10
S06-signature/introspection.rakudo.jvm.............===SORRY!===
Junction re-dispatch NYI
  36   15    0    1   52
     1 skipped: default closure when no call made fails lexical lookup with NPMCA
    15 tests aborted (missing ok/not ok)
S06-signature/mixed-placeholders.t.................  12    0    0    0   12
S06-signature/multidimensional.rakudo.jvm..........   5    0    0    5   10
     5 skipped: multi sub multidim arglist broken
S06-signature/named-parameters.rakudo.jvm..........use of uninitialized value of type Any in numeric context
use of uninitialized value of type Any in numeric context
use of uninitialized value of type Any in string context
use of uninitialized value of type Any in string context
use of uninitialized value of type Any in string context
use of uninitialized value of type Any in string context
===SORRY!===
Junction re-dispatch NYI
  52   24    0   17   93
     1 skipped: nom regression
    16 skipped: multiple same-named arguments NYI
    15 tests aborted (missing ok/not ok)
S06-signature/named-placeholders.t.................   3    0    0    0    3
S06-signature/named-renaming.t.....................   9    1    0    0   10
S06-signature/optional.t...........................===SORRY!===
java.lang.RuntimeException: is copy array param NYI
  17    8    0    0   25
     8 tests aborted (missing ok/not ok)
S06-signature/passing-arrays.t.....................  11    0    0    0   11
S06-signature/passing-hashes.t.....................   3    0    0    0    3
S06-signature/positional-placeholders.t............use of uninitialized value of type Any in string context
use of uninitialized value of type Any in string context
use of uninitialized value of type Any in string context
use of uninitialized value of type Any in string context
  10    0    0    0   10
S06-signature/positional.t.........................   7    0    0    0    7
S06-signature/scalar-type.t........................use of uninitialized value of type Array in string context
use of uninitialized value of type Array in string context
use of uninitialized value of type Array in string context
use of uninitialized value of type Array in string context
use of uninitialized value of type Array in string context
use of uninitialized value of type Array in string context
use of uninitialized value of type Array in string context
use of uninitialized value of type Array in string context
use of uninitialized value of type Hash in string context
use of uninitialized value of type Hash in string context
use of uninitialized value of type Hash in string context
use of uninitialized value of type Hash in string context
use of uninitialized value of type Hash in string context
use of uninitialized value of type Hash in string context
use of uninitialized value of type Hash in string context
use of uninitialized value of type Hash in string context
   8    0    0    0    8
S06-signature/sigilless.t..........................  10    0    0    0   10
S06-signature/slurpy-and-interpolation.t...........   6    1    0    0    7
S06-signature/slurpy-params.rakudo.jvm.............===SORRY!===
java.lang.RuntimeException: is copy array param NYI
   9   45    0    3   57
     3 skipped: types on slurpy params
    45 tests aborted (missing ok/not ok)
S06-signature/slurpy-placeholders.t................   8    0    0    0    8
S06-signature/sub-ref.rakudo.jvm...................use of uninitialized value of type Any in string context
use of uninitialized value of type Any in string context
  25    3    2    4   34
     4 skipped: macros, compile time binding
     2 todo   : RT 63974
S06-signature/tree-node-parameters.rakudo.jvm......===SORRY!===
java.lang.NullPointerException
   0   20    0    0   20
    20 tests aborted (missing ok/not ok)
S06-signature/type-capture.rakudo.jvm..............===SORRY!===
java.lang.RuntimeException: Generic type parameter binding NYI
   3    5    0    0    8
     5 tests aborted (missing ok/not ok)
S06-signature/types.t..............................   4    2    0    0    6
S06-signature/unpack-array.t.......................===SORRY!===
Flattening named argument must have VMHash REPR
   0   13    0    0   13
    13 tests aborted (missing ok/not ok)
S06-signature/unpack-object.t......................===SORRY!===
java.lang.NullPointerException
   0    4    0    0    4
     4 tests aborted (missing ok/not ok)
S06-signature/unspecified.rakudo.jvm...............use of uninitialized value of type Any in string context
use of uninitialized value of type Any in string context
   8    4    1    4   17
     4 skipped: siglist
     1 todo   : RT 71112: Cannot assign to readonly variable.
S06-traits/is-assoc.rakudo.jvm.....................   4    0    0    2    6
     2 skipped: RT 116244
S06-traits/is-copy.t...............................===SORRY!===
java.lang.RuntimeException: is copy array param NYI
  10   14    0    0   24
    14 tests aborted (missing ok/not ok)
S06-traits/is-readonly.rakudo.jvm..................use of uninitialized value of type Any in string context
use of uninitialized value of type Any in string context
   6    1    4    3   14
     2 skipped: segfault
     1 skipped: VAR
     1 todo   : readonly attributes
     3 todo   : todo
S06-traits/is-rw.rakudo.jvm........................   5    0    2    0    7
     1 todo   : Depends on preceding test working
     1 todo   : 
S06-traits/misc.rakudo.jvm.........................use of uninitialized value of type Any in string context
use of uninitialized value of type Any in string context
  12    1    3    3   19
     3 skipped: is ref
     2 todo   : is readonly does not override
     1 todo   : RT 60966
S06-traits/precedence.rakudo.jvm...................[31m===[0mSORRY![31m===[0m
Nominal type check failed for parameter '&looser'
at t/spec/S06-traits/precedence.rakudo.jvm:65
------> 
   0   10    0    0   10
    10 tests aborted (missing ok/not ok)
S06-traits/slurpy-is-rw.t..........................   3    0    0    0    3
                                                   pass fail todo skip plan
S09-autovivification/autoincrement.t...............   7    0    0    0    7
S09-autovivification/autovivification.rakudo.jvm...use of uninitialized value of type Any in string context
use of uninitialized value of type Any in string context
  37    0    4    1   42
     1 skipped: isa multi variant
     2 todo   : autoviv, binding
     2 todo   : unknown
S09-hashes/objecthash.rakudo.jvm...................  21    4    0    6   31
     6 skipped: oh noes, it dies
S09-subscript/slice.rakudo.jvm.....................  22    0    0    2   24
     2 skipped: RT 61844
S09-typed-arrays/arrays.rakudo.jvm.................  25    4   12   18   59
     6 skipped: Array not parametric
     1 skipped: need parameterized Lists
     8 skipped: of Int
     1 skipped: type on our-variables
     2 skipped: initialization
    10 todo   : no parametrization
     2 todo PASSED: no parametrization
S09-typed-arrays/hashes.rakudo.jvm.................  13    3    2    0   18
     2 todo   : of trait on vars
                                                   pass fail todo skip plan
S10-packages/basic.rakudo.jvm......................use of uninitialized value of type Any in string context
use of uninitialized value of type Any in string context
use of uninitialized value of type Any in string context
use of uninitialized value of type Any in string context
use of uninitialized value of type Any in string context
use of uninitialized value of type Any in string context
  48    5    1    5   59
     3 skipped: tc NYI
     1 skipped: ticket based only on class... RT #60446
     1 skipped: RT #59484
     1 todo   : RT #64606
S10-packages/joined-namespaces.t...................   3    0    0    0    3
S10-packages/use-with-class.t......................   8    0    0    0    8
                                                   pass fail todo skip plan
S11-modules/import-multi.rakudo.jvm................===SORRY!===
Method 'get_lexinfo' not found
   0   17    0    0   17
    17 tests aborted (missing ok/not ok)
S11-modules/import-tag.t...........................  12    0    0    0   12
S11-modules/import.rakudo.jvm......................   9    0    0    4   13
     4 skipped: import plus inline module
S11-modules/importing.t............................  16    0    0    0   16
S11-modules/lexical.t..............................   2    0    0    0    2
S11-modules/need.t.................................   2    0    0    0    2
S11-modules/nested.t...............................   6    0    0    0    6
S11-modules/require.rakudo.jvm.....................  10    0    1    1   12
     1 skipped: Null PMC access
     1 todo   : variable form plus imports NYI
                                                   pass fail todo skip plan
S12-attributes/class.rakudo.jvm....................use of uninitialized value of type Any in string context
use of uninitialized value of type Any in string context
===SORRY!===
Method 'x' not found
   8    9    0    8   25
     8 skipped: nom regression - method ^foo
     8 tests aborted (missing ok/not ok)
S12-attributes/clone.t.............................===SORRY!===
Not enough positional parameters passed; got 0 but expected 1
   9    9    0    0   18
     9 tests aborted (missing ok/not ok)
S12-attributes/defaults.t..........................use of uninitialized value of type Any in string context
use of uninitialized value of type Any in string context
===SORRY!===
Method 'Any' not found
   4   30    0    0   34
    26 tests aborted (missing ok/not ok)
S12-attributes/delegation.t........................===SORRY!===
Method 'a' not found
  61    4    0    0   65
     4 tests aborted (missing ok/not ok)
S12-attributes/inheritance.t.......................use of uninitialized value of type Any in string context
use of uninitialized value of type Any in string context
use of uninitialized value of type Any in string context
use of uninitialized value of type Any in string context
   5    2    0    0    7
S12-attributes/instance.rakudo.jvm.................use of uninitialized value of type Any in string context
use of uninitialized value of type Any in string context
use of uninitialized value of type Any in string context
use of uninitialized value of type Any in string context
use of uninitialized value of type Any in string context
use of uninitialized value of type Any in string context
use of uninitialized value of type Any in string context
use of uninitialized value of type Any in string context
===SORRY!===
Method 'Any' not found
  55   83    2    0  140
     2 todo   : ro on list attributes
    77 tests aborted (missing ok/not ok)
S12-attributes/mutators.rakudo.jvm.................   5    0    0    7   12
     7 skipped: No applicable candidates found to dispatch to for 'Numeric'.
S12-attributes/recursive.t.........................  19    0    0    0   19
S12-attributes/undeclared.t........................  10    0    0    0   10
S12-class/anonymous.rakudo.jvm.....................  16    0    1    0   17
     1 todo   : Anonymous class stringification (?)
S12-class/attributes.rakudo.jvm....................  24    0    0    1   25
     1 skipped: Cannot use .= to initialize an attribute
S12-class/augment-supersede.rakudo.jvm.............Unhandled exception: Nominal type check failed for parameter 'a'
  in print_exception (src/gen/CORE.setting:9812)
  in <anon> (src/gen/CORE.setting)
  in command_eval (src/stage2/gen/NQPHLL.nqp:1226)
  in command_eval (src/Perl6/Compiler.nqp:17)
  in command_line (src/stage2/gen/NQPHLL.nqp:1167)
  in MAIN (src/gen/main.nqp:43)
  in  (src/gen/main.nqp:1)
  in  (src/gen/main.nqp)

   0   11    0    0   11
    11 tests aborted (missing ok/not ok)
S12-class/basic.rakudo.jvm.........................use of uninitialized value of type Any in string context
use of uninitialized value of type Any in string context
use of uninitialized value of type Any in string context
use of uninitialized value of type Any in string context
  33    0    0    4   37
     1 skipped: RT #67784
     3 skipped: not parsing is inside class yet
S12-class/declaration-order.t......................   2    0    0    0    2
S12-class/extending-arrays.t.......................===SORRY!===
Nominal type check failed for parameter '@list'
Unhandled exception: Nominal type check failed for parameter '%options'
  in print_exception (src/gen/CORE.setting:9812)
  in <anon> (src/gen/CORE.setting)
  in command_eval (src/stage2/gen/NQPHLL.nqp:1226)
  in command_eval (src/Perl6/Compiler.nqp:17)
  in command_line (src/stage2/gen/NQPHLL.nqp:1167)
  in MAIN (src/gen/main.nqp:43)
  in  (src/gen/main.nqp:1)
  in  (src/gen/main.nqp)

   0   11    0    0   11
    11 tests aborted (missing ok/not ok)
S12-class/inheritance-class-methods.t..............   5    0    0    0    5
S12-class/inheritance.t............................use of uninitialized value of type Any in string context
use of uninitialized value of type Any in string context
use of uninitialized value of type Any in string context
use of uninitialized value of type Any in string context
===SORRY!===
Type check failed in binding
  33    6    0    0   39
     4 tests aborted (missing ok/not ok)
S12-class/instantiate.rakudo.jvm...................   5    1    1    0    7
     1 todo   : error reporting
S12-class/interface-consistency.t..................===SORRY!===
Junction re-dispatch NYI
   1    7    0    0    8
     7 tests aborted (missing ok/not ok)
S12-class/lexical.t................................  14    0    0    0   14
S12-class/literal.t................................   2    0    0    0    2
S12-class/magical-vars.t...........................  17    0    0    0   17
S12-class/mro.t....................................===SORRY!===
java.lang.NoSuchMethodError: org.perl6.rakudo.Ops.p6finddispatcher(Ljava/lang/String;Lorg/perl6/nqp/runtime/ThreadContext;)Lorg/perl6/nqp/sixmodel/SixModelObject;
   0    4    0    0    4
     4 tests aborted (missing ok/not ok)
S12-class/namespaced.t.............................use of uninitialized value of type Any in string context
use of uninitialized value of type Any in string context
use of uninitialized value of type Any in string context
use of uninitialized value of type Any in string context
use of uninitialized value of type Any in string context
use of uninitialized value of type Any in string context
use of uninitialized value of type Any in string context
use of uninitialized value of type Any in string context
   9    4    0    0   13
S12-class/open.t...................................Unhandled exception: Nominal type check failed for parameter 'a'
  in print_exception (src/gen/CORE.setting:9812)
  in <anon> (src/gen/CORE.setting)
  in command_eval (src/stage2/gen/NQPHLL.nqp:1226)
  in command_eval (src/Perl6/Compiler.nqp:17)
  in command_line (src/stage2/gen/NQPHLL.nqp:1167)
  in MAIN (src/gen/main.nqp:43)
  in  (src/gen/main.nqp:1)
  in  (src/gen/main.nqp)

   0    8    0    0    8
     8 tests aborted (missing ok/not ok)
S12-class/rw.t.....................................   5    0    0    0    5
S12-class/self-inheritance.t.......................   2    0    0    0    2
S12-class/stubs.rakudo.jvm.........................   7    0    1    0    8
     1 todo   : nom regression
S12-class/type-object.t............................use of uninitialized value of type Any in string context
use of uninitialized value of type Any in string context
   6    0    0    0    6
S12-construction/BUILD.rakudo.jvm..................===SORRY!===
Junction re-dispatch NYI
   5    4    0    0    9
     4 tests aborted (missing ok/not ok)
S12-construction/autopairs.rakudo.jvm..............   2    0    2    0    4
     2 todo   : nom regression
S12-construction/construction.t....................use of uninitialized value of type Any in string context
use of uninitialized value of type Any in string context
  14    1    0    0   15
S12-construction/named-params-in-BUILD.t...........   3    0    0    0    3
S12-construction/new.rakudo.jvm....................===SORRY!===
java.lang.NoSuchMethodError: org.perl6.rakudo.Ops.p6finddispatcher(Ljava/lang/String;Lorg/perl6/nqp/runtime/ThreadContext;)Lorg/perl6/nqp/sixmodel/SixModelObject;
  12    3   10    0   25
     9 todo   : parent attributes in initialization
     1 todo   : nested package handling does't quite get this one right
     3 tests aborted (missing ok/not ok)
S12-enums/anonymous.t..............................   7    0    0    0    7
S12-enums/as-role.t................................===SORRY!===
This representation can not unbox to a native str
   3    6    0    0    9
     6 tests aborted (missing ok/not ok)
S12-enums/basic.rakudo.jvm.........................===SORRY!===
Junction re-dispatch NYI
  23    1    0    5    0
     5 skipped: but
    29 tests more than planned were run
S12-enums/misc.rakudo.jvm..........................  10    2    0    1   13
     1 skipped: RT 63826
S12-enums/non-int.rakudo.jvm.......................   5    0    1    0    6
     1 todo   : NYI
S12-enums/pseudo-functional.t......................===SORRY!===
This representation can not unbox to a native str
   1   10    0    0   11
    10 tests aborted (missing ok/not ok)
S12-enums/thorough.rakudo.jvm......................  13    0    0   20   33
     2 skipped: NYI
    16 skipped: does &day::("Tue")
     2 skipped: does day::Tue
S12-introspection/attributes.rakudo.jvm............  25    0    0    5   30
     5 skipped: :tree not implemented for .^attributes
S12-introspection/can.t............................  24    0    0    0   24
S12-introspection/definite.t.......................   6    0    0    0    6
S12-introspection/meta-class.rakudo.jvm............===SORRY!===
Wrong number of arguments passed; expected 1..1, but got 0
   7    2    0    4   13
     1 skipped: .layout
     1 skipped: .version, version number parsing
     1 skipped: precedence of prefix:<^>
     1 skipped: precedence of HOW
     2 tests aborted (missing ok/not ok)
S12-introspection/methods.rakudo.jvm...............===SORRY!===
Junction re-dispatch NYI
   4   53    0    0   57
    53 tests aborted (missing ok/not ok)
S12-introspection/parents.t........................  59    0    0    0   59
S12-introspection/roles.rakudo.jvm.................use of uninitialized value of type R3 in string context
use of uninitialized value of type R3 in string context
use of uninitialized value of type R3 in string context
use of uninitialized value of type R3 in string context
   8    0    0    4   12
     4 skipped: .^roles(:tree)
S12-introspection/walk.t...........................===SORRY!===
Method 'name' not found
  10    1    0    0   11
     1 tests aborted (missing ok/not ok)
S12-methods/accessors.t............................   8    0    0    0    8
S12-methods/attribute-params.t.....................  13    0    0    0   13
S12-methods/calling_sets.rakudo.jvm................  21    0    0   11   32
    11 skipped: ambiguous dispatch
S12-methods/calling_syntax.t.......................use of uninitialized value of type Any in string context
use of uninitialized value of type Any in string context
  11    0    0    0   11
S12-methods/chaining.t.............................  17    0    0    0   17
S12-methods/class-and-instance.t...................   4    0    0    0    4
S12-methods/default-trait.t........................   6    0    0    0    6
S12-methods/defer-call.t...........................===SORRY!===
java.lang.NoSuchMethodError: org.perl6.rakudo.Ops.p6finddispatcher(Ljava/lang/String;Lorg/perl6/nqp/runtime/ThreadContext;)Lorg/perl6/nqp/sixmodel/SixModelObject;
   0   14    0    0   14
    14 tests aborted (missing ok/not ok)
S12-methods/defer-next.rakudo.jvm..................===SORRY!===
java.lang.NoSuchMethodError: org.perl6.rakudo.Ops.p6finddispatcher(Ljava/lang/String;Lorg/perl6/nqp/runtime/ThreadContext;)Lorg/perl6/nqp/sixmodel/SixModelObject;
   0   15    0    0   15
    15 tests aborted (missing ok/not ok)
S12-methods/delegation.t...........................   5    0    0    0    5
S12-methods/how.t..................................   2    0    0    0    2
S12-methods/indirect_notation.rakudo.jvm...........use of uninitialized value of type Any in string context
use of uninitialized value of type Any in string context
  10    0    0   23   33
     2 skipped: unimpl parse error near $o:
     6 skipped: .@foo not yet working
    15 skipped: .*, .+ and .? with @foo
S12-methods/instance.rakudo.jvm....................use of uninitialized value of type AnonInvocant in string context
use of uninitialized value of type AnonInvocant in string context
  36    0    0    2   38
     2 skipped: indirect object notation
S12-methods/lastcall.t.............................===SORRY!===
java.lang.NoSuchMethodError: org.perl6.rakudo.Ops.p6finddispatcher(Ljava/lang/String;Lorg/perl6/nqp/runtime/ThreadContext;)Lorg/perl6/nqp/sixmodel/SixModelObject;
   0    6    0    0    6
     6 tests aborted (missing ok/not ok)
S12-methods/lvalue.t...............................===SORRY!===
Junction re-dispatch NYI
   0   16    0    0   16
    16 tests aborted (missing ok/not ok)
S12-methods/method-vs-sub.rakudo.jvm...............   4    0    0    1    5
     1 skipped: confused near "($obj:),  "
S12-methods/multi.rakudo.jvm.......................===SORRY!===
Method 'candidates' not found
  11   15    1    5   32
     2 skipped: proto does not promote to multi
     3 skipped: unknown bug
     1 todo   : RT 66006
    13 tests aborted (missing ok/not ok)
S12-methods/parallel-dispatch.rakudo.jvm...........  30    0    5    0   35
     5 todo   : is_deeply does not think map results are the same as list on LHS
S12-methods/private.rakudo.jvm.....................===SORRY!===
Wrong number of arguments passed; expected 1..1, but got 0
  10    2    1    0   13
     1 todo   : role private methods - spec?
     2 tests aborted (missing ok/not ok)
S12-methods/qualified.t............................   2    0    0    0    2
S12-methods/submethods.rakudo.jvm..................use of uninitialized value of type Any in string context
use of uninitialized value of type Any in string context
use of uninitialized value of type Any in string context
use of uninitialized value of type Any in string context
  19    2    0    6   27
     2 skipped: outer lexicals in roles
     4 skipped: roles and submethods
S12-methods/syntax.rakudo.jvm......................   8    0    0    4   12
     3 skipped: switch-from-paren-to-listop form
     1 skipped: adverbial closures
S12-methods/topic.t................................   2    0    0    0    2
S12-methods/trusts.t...............................   4    0    0    0    4
S12-methods/typed-attributes.t.....................   7    0    0    0    7
S12-methods/what.t.................................use of uninitialized value of type Match in numeric context
use of uninitialized value of type Match in numeric context
  33    0    0    0   33
S12-subset/multi-dispatch.t........................   3    3    0    0    6
S12-subset/subtypes.rakudo.jvm.....................===SORRY!===
java.lang.RuntimeException: Type accepts method fallback NYI
   0    0    0    0    0
                                                   pass fail todo skip plan
S13-overloading/metaoperators.t....................   9    0    0    0    9
S13-overloading/operators.t........................   4    0    0    0    4
S13-overloading/typecasting-long.t.................  16    0    0    0   16
S13-overloading/typecasting-mixed.t................  14    0    0    0   14
S13-overloading/typecasting-short.t................  14    0    0    0   14
S13-type-casting/methods.t.........................use of uninitialized value of type Any in string context
use of uninitialized value of type Any in string context
use of uninitialized value of type Any in string context
use of uninitialized value of type Any in string context
use of uninitialized value of type Any in string context
use of uninitialized value of type Any in string context
use of uninitialized value of type Any in string context
use of uninitialized value of type Any in string context
   9    4    0    0   13
                                                   pass fail todo skip plan
S14-roles/anonymous.rakudo.jvm.....................use of uninitialized value of type Any in string context
use of uninitialized value of type Any in string context
use of uninitialized value of type Any in string context
use of uninitialized value of type Any in string context
  10    2    0    1   13
     1 skipped: anonymous roles only created once
S14-roles/basic.rakudo.jvm.........................use of uninitialized value of type Any in string context
use of uninitialized value of type Any in string context
use of uninitialized value of type Any in string context
use of uninitialized value of type Any in string context
use of uninitialized value of type Any in string context
use of uninitialized value of type Any in string context
  32    6    2    3   43
     3 skipped: RT 67768
     1 todo   : nom regression
     1 todo   : can see it in the position, but even STD message doesn't include it
S14-roles/bool.t...................................   3    0    0    0    3
S14-roles/composition.rakudo.jvm...................  24    0    0    2   26
     2 skipped: diamond composition
S14-roles/conflicts.t..............................  11    0    0    0   11
S14-roles/crony.t..................................   4    0    0    0    4
S14-roles/instantiation.t..........................===SORRY!===
java.lang.RuntimeException: Type accepts method fallback NYI
   9   10    0    0   19
    10 tests aborted (missing ok/not ok)
S14-roles/lexical.t................................   9    0    0    0    9
S14-roles/mixin.rakudo.jvm.........................===SORRY!===
Junction re-dispatch NYI
  22    7    0    3   32
     2 skipped: mixin at the point of declaration is compile time
     1 skipped: Twigil ! is only valid on attribute definitions
     7 tests aborted (missing ok/not ok)
S14-roles/namespaced.rakudo.jvm....................   2    0    1    0    3
     1 todo   : nom regression
S14-roles/parameter-subtyping.t....................===SORRY!===
java.lang.RuntimeException: Type accepts method fallback NYI
  10   12    0    0   22
     5 tests aborted (missing ok/not ok)
S14-roles/parameterized-basic.t....................===SORRY!===
None of the parametric role variants for 'MD_generics' matched the arguments supplied.
java.lang.RuntimeException: Generic type parameter binding NYI
   0   32    0    0   32
    32 tests aborted (missing ok/not ok)
S14-roles/parameterized-mixin.rakudo.jvm...........use of uninitialized value of type Any in string context
use of uninitialized value of type Any in string context
===SORRY!===
java.lang.RuntimeException: Type accepts method fallback NYI
   3   25    0    0   28
    24 tests aborted (missing ok/not ok)
S14-roles/parameterized-type.rakudo.jvm............===SORRY!===
java.lang.RuntimeException: Type accepts method fallback NYI
   2   27    0    0   29
    25 tests aborted (missing ok/not ok)
S14-roles/stubs.t..................................   9    0    0    0    9
S14-roles/submethods.t.............................   4    0    0    0    4
S14-traits/attributes.t............................   8    0    0    0    8
S14-traits/routines.rakudo.jvm.....................[31m===[0mSORRY![31m===[0m
Nominal type check failed for parameter '$described'
at t/spec/S14-traits/routines.rakudo.jvm:34
------> 
   0   13    0    0   13
    13 tests aborted (missing ok/not ok)
                                                   pass fail todo skip plan
S16-filehandles/chmod.t............................===SORRY!===
Junction re-dispatch NYI
   0   19    0    0   19
    19 tests aborted (missing ok/not ok)
S16-filehandles/filestat.rakudo.jvm................===SORRY!===
Dynamic variable $*PID not found
   0   13    0    0   13
    13 tests aborted (missing ok/not ok)
S16-filehandles/filetest.rakudo.jvm................===SORRY!===
Method 'd' not found
   1   40    0    0   41
    40 tests aborted (missing ok/not ok)
S16-filehandles/io.rakudo.jvm......................===SORRY!===
Dynamic variable $*PID not found
   0   84    0    0   84
    84 tests aborted (missing ok/not ok)
S16-filehandles/io_in_for_loops.t..................===SORRY!===
java.lang.NullPointerException
   6   23    0    0   29
    23 tests aborted (missing ok/not ok)
S16-filehandles/io_in_while_loops.t................===SORRY!===
java.lang.NullPointerException
  12    1    0    0   13
     1 tests aborted (missing ok/not ok)
S16-filehandles/mkdir_rmdir.rakudo.jvm.............===SORRY!===
Method 'e' not found
   0   14    0    0   14
    14 tests aborted (missing ok/not ok)
S16-filehandles/open.t.............................===SORRY!===
Method 'e' not found
   0    2    0    1    3
     1 skipped: open('nonexisting') => undefined is waiting on 'use fatal'
     2 tests aborted (missing ok/not ok)
S16-filehandles/unlink.rakudo.jvm..................===SORRY!===
Junction re-dispatch NYI
   0    6    0    0    6
     6 tests aborted (missing ok/not ok)
S16-io/bare-say.rakudo.jvm.........................===SORRY!===
Dynamic variable $*PID not found
   0    5    3    0    8
     3 todo   : nom regression
     5 tests aborted (missing ok/not ok)
S16-io/basic-open.t................................===SORRY!===
java.lang.NullPointerException
   0    9    0    0    9
     9 tests aborted (missing ok/not ok)
S16-io/getc.t......................................===SORRY!===
Dynamic variable $*PID not found
Unhandled exception: use of uninitialized value of type Any in string context
  in warn (src/gen/CORE.setting)
  in warn (src/gen/CORE.setting)
  in Str (src/gen/CORE.setting:861)
  in Str (src/gen/CORE.setting)
  in unlink (src/gen/CORE.setting:8427)
  in  (t/spec/S16-io/getc.t:30)
  in  (src/gen/CORE.setting:9810)
  in  (src/gen/CORE.setting:5954)
  in reify (src/gen/CORE.setting)
  in  (src/gen/CORE.setting:5834)
  in reify (src/gen/CORE.setting)
  in gimme (src/gen/CORE.setting:6214)
  in eager (src/gen/CORE.setting)
  in  (src/gen/CORE.setting:9805)
  in print_exception (src/gen/CORE.setting:9812)
  in <anon> (src/gen/CORE.setting)
  in command_eval (src/stage2/gen/NQPHLL.nqp:1226)
  in command_eval (src/Perl6/Compiler.nqp:17)
  in command_line (src/stage2/gen/NQPHLL.nqp:1167)
  in MAIN (src/gen/main.nqp:43)
  in  (src/gen/main.nqp:1)
  in  (src/gen/main.nqp)

   0    1    0    0    1
     1 tests aborted (missing ok/not ok)
S16-io/say-and-ref.t...............................===SORRY!===
Dynamic variable $*PID not found
   0    3    0    0    3
     3 tests aborted (missing ok/not ok)
S16-io/say.t.......................................   8    0    0    0    8
S16-unfiled/rebindstdhandles.rakudo.jvm............===SORRY!===
Dynamic variable $*PID not found
   0    2    0    0    2
     2 tests aborted (missing ok/not ok)
                                                   pass fail todo skip plan
S19-command-line/dash-e.t..........................===SORRY!===
Dynamic variable $*PID not found
   0    3    0    0    3
     3 tests aborted (missing ok/not ok)
S19-command-line/help.t............................===SORRY!===
Dynamic variable $*PID not found
   0    1    0    0    1
     1 tests aborted (missing ok/not ok)
                                                   pass fail todo skip plan
S24-testing/0-compile.t............................   1    0    0    0    1
                                                   pass fail todo skip plan
S26-documentation/01-delimited.t...................  39    0    0    0   39
S26-documentation/02-paragraph.t...................  27    0    0    0   27
S26-documentation/03-abbreviated.t.................  30    0    0    0   30
S26-documentation/04-code.t........................  50    0    0    0   50
S26-documentation/05-comment.t.....................   9    0    0    0    9
S26-documentation/06-lists.t.......................WARNINGS:
Useless use of "," in expression ".content, 'Invertebrate'" in sink context (line 48)
Useless use of "," in expression ".content, 'Animal'" in sink context (line 46)
Useless use of "," in expression ".content, 'Phase'" in sink context (line 50)
Useless use of "," in expression ".level,   2" in sink context (lines 49, 53)
Useless use of "," in expression ".content, 'Solid'" in sink context (line 52)
Useless use of "," in expression ".level,   1" in sink context (lines 47, 51)
  31    0    0    0   31
S26-documentation/07-tables.t......................===SORRY!===
java.lang.NullPointerException
   0   38    0    0   38
    38 tests aborted (missing ok/not ok)
S26-documentation/08-formattingcodes.t.............  43    0    0    0   43
S26-documentation/09-configuration.t...............===SORRY!===
java.lang.NullPointerException
   0   14    0    0   14
    14 tests aborted (missing ok/not ok)
S26-documentation/10-doc-cli.t.....................===SORRY!===
Dynamic variable $*PID not found
   0    1    0    0    1
     1 tests aborted (missing ok/not ok)
S26-documentation/why.t............................  18    0    0    1   19
     1 skipped: segfault
                                                   pass fail todo skip plan
S28-named-variables/cwd.t..........................===SORRY!===
Dynamic variable $*CWD not found
   0    2    0    0    2
     1 tests aborted (missing ok/not ok)
S28-named-variables/inc.t..........................   5    0    0    0    5
                                                   pass fail todo skip plan
S29-any/cmp.t......................................   6    0    0    0    6
S29-any/isa.t......................................use of uninitialized value of type Any in string context
use of uninitialized value of type Any in string context
  10    0    0    0   10
S29-context/die.rakudo.jvm.........................WARNINGS:
Useless use of variable $foo in sink context (line 23)
===SORRY!===
Dynamic variable $*PID not found
  12    3    1    0   16
     1 todo   : RT #67374
     3 tests aborted (missing ok/not ok)
S29-context/eval.rakudo.jvm........................  15    0    0    3   18
     1 skipped: eval(Buf)
     2 skipped: eval coerce to string
S29-context/exit-in-if.t...........................   1    0    0    0    1
S29-context/exit.t.................................===SORRY!===
Dynamic variable $*PID not found
   0    3    0    0    3
     3 tests aborted (missing ok/not ok)
S29-context/sleep.t................................   4    0    0    0    4
S29-conversions/hash.t.............................   8    0    0    0    8
S29-conversions/ord_and_chr.rakudo.jvm............. 246    0    0    4  250
     2 skipped: RT 65172
     1 skipped: ord of empty string
     1 skipped: multi-arg variants of chr not in place yet
S29-os/system.t....................................===SORRY!===
Flattening named argument must have VMHash REPR
   0    3    0    0    3
     3 tests aborted (missing ok/not ok)
                                                   pass fail todo skip plan
S32-array/bool.t...................................  15    0    0    0   15
S32-array/create.t.................................   3    0    0    0    3
S32-array/delete.rakudo.jvm........................use of uninitialized value of type Any in string context
===SORRY!===
java.lang.NullPointerException
  15   11    3    0   29
     3 todo   : Not sure if this test is correct or not
    11 tests aborted (missing ok/not ok)
S32-array/elems.rakudo.jvm.........................   9    0    0    2   11
     2 skipped: unspecced
S32-array/end.rakudo.jvm...........................   9    0    0    3   12
     3 skipped: unspecced
S32-array/exists.t.................................   8    0    0    0    8
S32-array/keys_values.t............................   8    0    0    0    8
S32-array/kv.t.....................................  18    0    0    0   18
S32-array/pairs.rakudo.jvm.........................  13    0    1    0   14
     1 todo   : Apparently not rw yet?
S32-array/pop.t....................................  32    1    0    0   33
S32-array/push.t...................................  50    0    0    0   50
S32-array/rotate.rakudo.jvm........................  27    0    0    1   28
     1 skipped: Parcel.rotate
S32-array/shift.t..................................  30    1    0    0   31
S32-array/splice.rakudo.jvm........................  37    0    1    0   38
     1 todo   : slice bug
S32-array/unshift.t................................  56    0    0    0   56
S32-basics/warn.rakudo.jvm.........................# It's OK to see this warning during a test run
===SORRY!===
Wrong number of arguments passed; expected 1..1, but got 0
   1    6    0    0    7
     6 tests aborted (missing ok/not ok)
S32-container/roundrobin.rakudo.jvm................   4    0    1    0    5
     1 todo   : over-flattening
S32-container/zip.rakudo.jvm.......................   8    0    0    2   10
     2 skipped: lvalue zip
S32-exceptions/misc.rakudo.jvm.....................===SORRY!===
Wrong number of arguments passed; expected 1..1, but got 0
   0    0    0    0    0
S32-hash/delete-adverb.rakudo.jvm..................use of uninitialized value of type Any in string context
use of uninitialized value of type Any in string context
use of uninitialized value of type Any in string context
use of uninitialized value of type Any in string context
use of uninitialized value of type Any in string context
use of uninitialized value of type Any in string context
use of uninitialized value of type Any in string context
use of uninitialized value of type Any in string context
use of uninitialized value of type Any in string context
use of uninitialized value of type Any in string context
use of uninitialized value of type Any in string context
use of uninitialized value of type Any in string context
use of uninitialized value of type Any in string context
use of uninitialized value of type Any in string context
use of uninitialized value of type Any in string context
use of uninitialized value of type Any in string context
use of uninitialized value of type Any in string context
use of uninitialized value of type Any in string context
use of uninitialized value of type Any in string context
use of uninitialized value of type Any in string context
use of uninitialized value of type Any in string context
use of uninitialized value of type Any in string context
 112   48    8    0  168
     8 todo   : not being destructively read yet
S32-hash/delete.t..................................use of uninitialized value of type Any in string context
use of uninitialized value of type Any in string context
  11    0    0    0   11
S32-hash/exists-adverb.rakudo.jvm..................  48    0    2   18   68
    18 skipped: oh noes, it dies
     2 todo   : :exists is ignored
S32-hash/exists.rakudo.jvm.........................  20    0    0    1   21
     1 skipped: unspecced
S32-hash/invert.rakudo.jvm.........................   4    0    1    0    5
     1 todo   : nom regression
S32-hash/keys_values.t.............................  14    0    0    0   14
S32-hash/kv.rakudo.jvm.............................  20    0    5    2   27
     2 skipped: dubious
     1 todo   : rw-kv
     4 todo   : make kv() return a flat list, or fix test (or .sort)
S32-hash/pairs.rakudo.jvm..........................  20    0    1    0   21
     1 todo   : Rakudo seems to make a copy rather than a reference
S32-hash/push.t....................................   7    0    0    0    7
S32-hash/slice.rakudo.jvm..........................  16    0    0   13   29
    13 skipped: binding on hash elements unimplemented
S32-io/IO-Socket-INET.t............................   0    0    0   21   21
    21 skipped: Operating system not yet supported
S32-io/chdir.rakudo.jvm............................===SORRY!===
Method 'd' not found
   1    9    0    0   10
     9 tests aborted (missing ok/not ok)
S32-io/copy.t......................................===SORRY!===
Method 'e' not found
   0   29    0    0   29
    29 tests aborted (missing ok/not ok)
S32-io/dir.t.......................................===SORRY!===
dir is NYI on JVM backend
   0   12    0    0   12
    12 tests aborted (missing ok/not ok)
S32-io/file-tests.t................................===SORRY!===
Method 'e' not found
   0   30    0    0   30
    30 tests aborted (missing ok/not ok)
S32-io/io-path-cygwin.rakudo.jvm...................===SORRY!===
Could not find symbol '&Cygwin'
   1   51    0    0   52
    51 tests aborted (missing ok/not ok)
S32-io/io-path-unix.rakudo.jvm.....................===SORRY!===
Could not find symbol '&Unix'
   1   36    0    0   37
    36 tests aborted (missing ok/not ok)
S32-io/io-path-win.rakudo.jvm......................===SORRY!===
Could not find symbol '&Win32'
   1   50    0    0   51
    50 tests aborted (missing ok/not ok)
S32-io/io-path.t...................................===SORRY!===
Could not find symbol '&Spec'
   2   11    0    0   13
    11 tests aborted (missing ok/not ok)
S32-io/io-spec-cygwin.t............................===SORRY!===
Could not find symbol '&Cygwin'
   0  102    0    0  102
   102 tests aborted (missing ok/not ok)
S32-io/io-spec-unix.t..............................===SORRY!===
Could not find symbol '&Unix'
   0  111    0    0  111
   111 tests aborted (missing ok/not ok)
S32-io/io-spec-win.t...............................===SORRY!===
Could not find symbol '&Win32'
   0  193    0    0  193
   193 tests aborted (missing ok/not ok)
S32-io/note.rakudo.jvm.............................===SORRY!===
Dynamic variable $*PID not found
   0    6    0    0    6
     6 tests aborted (missing ok/not ok)
S32-io/slurp.t.....................................===SORRY!===
Too late to set file handle encoding
   2   14    0    0   16
    14 tests aborted (missing ok/not ok)
S32-io/spurt.t.....................................===SORRY!===
encode is NYI on JVM backend
   0    0    0    0    0
S32-list/categorize.t..............................===SORRY!===
Junction re-dispatch NYI
   0   47    0    0   47
     1 tests aborted (missing ok/not ok)
S32-list/classify.rakudo.jvm.......................  43    0    0    3   46
     3 skipped: Cannot use bind operator with this LHS
S32-list/create.t..................................   6    0    0    0    6
S32-list/end.t.....................................  14    0    0    0   14
S32-list/first.rakudo.jvm..........................  19    0    0    2   21
     2 skipped: adverbial block
S32-list/grep.rakudo.jvm...........................  17    0    0   21   38
     6 skipped: closure as non-final argument
     1 skipped: RT 71544: grep arity sensitivity different from map
     2 skipped: test error -- is $_ rw here?
    12 skipped: adverbial block
S32-list/join.t....................................use of uninitialized value of type Any in string context
use of uninitialized value of type Any in string context
use of uninitialized value of type Mu in string context
use of uninitialized value of type Mu in string context
  34    0    0    0   34
S32-list/map.rakudo.jvm............................===SORRY!===
java.lang.IllegalArgumentException: sprintf only accepts ints, nums, and strs, not class __P6opaque__62
  44    1    0    8   53
     4 skipped: adverbial block; RT #53804
     2 skipped: closure as non-final argument
     2 skipped: adverbial block
     1 tests aborted (missing ok/not ok)
S32-list/map_function_return_values.t..............   2    0    0    0    2
S32-list/minmax.t..................................===SORRY!===
java.lang.NullPointerException
  36   19    0    0   55
    19 tests aborted (missing ok/not ok)
S32-list/pick.rakudo.jvm...........................===SORRY!===
Junction re-dispatch NYI
   0   47    0    0   47
    47 tests aborted (missing ok/not ok)
S32-list/reduce.rakudo.jvm.........................use of uninitialized value of type Any in numeric context
  13    0    0    1   14
     1 skipped: n-ary reduce
S32-list/reverse.rakudo.jvm........................  20    0    1    0   21
     1 todo   : RT 77914
S32-list/roll.t....................................===SORRY!===
Junction re-dispatch NYI
   0   40    0    0   40
    40 tests aborted (missing ok/not ok)
S32-list/sort.rakudo.jvm...........................use of uninitialized value of type Code in string context
use of uninitialized value of type Code in string context
use of uninitialized value of type Code in string context
  28    0    0    4   32
     1 skipped: method fallback to sub unimpl
     1 skipped: closure as non-final argument
     2 skipped: determine behavior of 0-arity methods passed to sort
S32-list/uniq.rakudo.jvm...........................===SORRY!===
java.lang.ArrayIndexOutOfBoundsException: 5
   1   13    0    0   14
    13 tests aborted (missing ok/not ok)
S32-num/abs.t......................................  49    0    0    0   49
S32-num/base.t.....................................  12    0    0    0   12
S32-num/complex.t.................................. 488    0    0    0  488
S32-num/cool-num.rakudo.jvm........................  39    0    0    4   43
     4 skipped: angle conversion
S32-num/exp.t......................................  72    0    0    0   72
S32-num/expmod.t................................... 117    0    0    0  117
S32-num/fatrat.rakudo.jvm..........................===SORRY!===
Divide by zero
 110  164    0    0  274
   164 tests aborted (missing ok/not ok)
S32-num/int.rakudo.jvm............................. 102    0    2    3  107
     2 skipped: trailing characters produce failures
     1 skipped: Inf and NaN NYI for Int
     2 todo   : Inf and NaN NYI for Int
S32-num/is-prime.t.................................  35    0    0    0   35
S32-num/log.rakudo.jvm.............................  28    0    1    0   29
     1 todo   : HugeInt.log
S32-num/pi.t.......................................   4    0    0    0    4
S32-num/polar.t....................................  48    0    0    0   48
S32-num/power.rakudo.jvm...........................  42    1    3    4   50
     1 skipped: NaN**1i should be NaN
     1 skipped: i
     1 skipped: NaN**0 should be NaN
     1 skipped: 1i**NaN should be NaN
     3 todo   : Simple bigint optimizations NYI
S32-num/rand.rakudo.jvm............................===SORRY!===
java.lang.NoSuchMethodError: org.perl6.nqp.runtime.Ops.srand(J)J
 102   12    0    0  114
    11 tests aborted (missing ok/not ok)
S32-num/rat.rakudo.jvm............................. 818    1    4    1  824
     1 skipped: RT 74648
     4 todo   : <1/3> literal should be Rat
S32-num/real-bridge.t.............................. 200    0    0    0  200
S32-num/roots.t....................................  55    0    0    0   55
S32-num/rounders.t................................. 120    0    0    0  120
S32-num/sign.rakudo.jvm............................  33    0    1    1   35
     1 skipped: Test is kind of doubtful IMO -- colomon
     1 todo   : Nom does not yet have a NaN framework in place
S32-num/sqrt.t.....................................  18    0    0    0   18
S32-num/stringify.rakudo.jvm.......................use of uninitialized value of type Complex in string context
use of uninitialized value of type Complex in string context
use of uninitialized value of type Rat in string context
use of uninitialized value of type Rat in string context
  97    0   11    4  112
     4 skipped: big stuff
    11 todo   : Complex.perl
S32-num/unpolar.t.................................. 199    0    0    0  199
S32-scalar/defined.t...............................  56    0    0    0   56
S32-scalar/undef.rakudo.jvm........................===SORRY!===
Dynamic variable $*PID not found
   4   82    0    0   86
    82 tests aborted (missing ok/not ok)
S32-str/append.t...................................   7    0    0    0    7
S32-str/bool.t.....................................  12    0    0    0   12
S32-str/capitalize.rakudo.jvm......................===SORRY!===
java.lang.StringIndexOutOfBoundsException: String index out of range: 2
   2    9    2    2   15
     2 skipped: related to RT #117889
     2 todo   : graphemes results wrong
     2 tests aborted (missing ok/not ok)
S32-str/chomp.t....................................  39    0    0    0   39
S32-str/chop.rakudo.jvm............................   6    0    0    6   12
     6 skipped: unspecced
S32-str/comb.rakudo.jvm............................  30    2    2    7   41
     6 skipped: .comb with limit
     1 skipped: bad all around in Rakudo-ng
     2 todo   : graphemes not implemented
S32-str/encode.rakudo.jvm..........................===SORRY!===
encode is NYI on JVM backend
   0   14    0    0   14
    14 tests aborted (missing ok/not ok)
S32-str/flip.rakudo.jvm............................  11    0    0    2   13
     2 skipped: graphemes not implemented
S32-str/indent.rakudo.jvm..........................   6   55    0    1   62
     1 skipped: coercion to Int
S32-str/index.rakudo.jvm...........................===SORRY!===
Junction re-dispatch NYI
  28    8    0    2   38
     2 skipped: StrPos not implemented
     8 tests aborted (missing ok/not ok)
S32-str/lc.t.......................................  13    0    0    0   13
S32-str/lines.t....................................   4    0    0    0    4
S32-str/numeric.rakudo.jvm......................... 143    0    5   20  168
     1 skipped: NYI
    19 skipped: complex Str.Numeric
     5 todo   : Failure
S32-str/ords.t.....................................   6    0    0    0    6
S32-str/pack.t.....................................===SORRY!===
Junction re-dispatch NYI
   0    6    0    0    6
     6 tests aborted (missing ok/not ok)
S32-str/pos.t......................................use of uninitialized value of type Any in string context
use of uninitialized value of type Any in string context
   2    0    0    0    2
S32-str/rindex.rakudo.jvm..........................  29    0    0    4   33
     3 skipped: unicode
     1 skipped: tc
S32-str/samecase.t.................................   8    0    0    0    8
S32-str/split-simple.rakudo.jvm....................  48    0    1    0   49
     1 todo   : RT 112868
S32-str/split.rakudo.jvm...........................  34    0    0    3   37
     2 skipped: RT #63066 loops forever
     1 skipped: loops on zero-width match
S32-str/sprintf.rakudo.jvm.........................===SORRY!===
java.lang.IllegalArgumentException: sprintf only accepts ints, nums, and strs, not class __P6opaque__62
   2  123    0    0  125
   123 tests aborted (missing ok/not ok)
S32-str/substr-rw.rakudo.jvm.......................===SORRY!===
java.lang.StackOverflowError
   0    0    0    0    0
S32-str/substr.rakudo.jvm..........................use of uninitialized value of type Failure in string context
  53    3    0   36   92
    28 skipped: No support for StrPos
     1 skipped: lvalue substr
     7 skipped: too many args
S32-str/tclc.rakudo.jvm............................   4    1    1    0    6
     1 todo   : unknown tclc problem
S32-str/trim.t.....................................  36    0    0    0   36
S32-str/uc.rakudo.jvm..............................  13    0    0    5   18
     1 skipped: tc
     4 skipped: but RoleName
S32-str/unpack.t...................................===SORRY!===
Buf NYI on JVM backend
   0   12    0    0   12
    12 tests aborted (missing ok/not ok)
S32-str/words.rakudo.jvm...........................  10    0    0    2   12
     2 skipped: graphemes not implemented
S32-temporal/Date.t................................Potential difficulties:
Leading 0 does not indicate octal in Perl 6; please use 0o6 if you mean that
at t/spec/S32-temporal/Date.t:15
------> [32m$dt = DateTime.new(:year(2010),:month(06[33m‚èè[31m), :day(04));   #OK octal[0m
Leading 0 does not indicate octal in Perl 6; please use 0o6 if you mean that
at t/spec/S32-temporal/Date.t:15
------> [32m$dt = DateTime.new(:year(2010),:month(06[33m‚èè[31m), :day(04));   #OK octal[0m
Leading 0 does not indicate octal in Perl 6; please use 0o4 if you mean that
at t/spec/S32-temporal/Date.t:15
------> [32mTime.new(:year(2010),:month(06), :day(04[33m‚èè[31m));   #OK octal[0m
Leading 0 does not indicate octal in Perl 6; please use 0o4 if you mean that
at t/spec/S32-temporal/Date.t:15
------> [32mTime.new(:year(2010),:month(06), :day(04[33m‚èè[31m));   #OK octal[0m
Leading 0 does not indicate octal in Perl 6; please use 0o1 if you mean that
at t/spec/S32-temporal/Date.t:28
------> [32m    isa_ok Date.new(2010, 01[33m‚èè[31m, 01), Date, 'Date.new() returns a Date'[0m
Leading 0 does not indicate octal in Perl 6; please use 0o1 if you mean that
at t/spec/S32-temporal/Date.t:28
------> [32m    isa_ok Date.new(2010, 01[33m‚èè[31m, 01), Date, 'Date.new() returns a Date'[0m
Leading 0 does not indicate octal in Perl 6; please use 0o1 if you mean that
at t/spec/S32-temporal/Date.t:28
------> [32m    isa_ok Date.new(2010, 01, 01[33m‚èè[31m), Date, 'Date.new() returns a Date';  #[0m
Leading 0 does not indicate octal in Perl 6; please use 0o1 if you mean that
at t/spec/S32-temporal/Date.t:28
------> [32m    isa_ok Date.new(2010, 01, 01[33m‚èè[31m), Date, 'Date.new() returns a Date';  #[0m
use of uninitialized value of type Any in string context
use of uninitialized value of type Any in string context
===SORRY!===
java.lang.IllegalArgumentException: sprintf only accepts ints, nums, and strs, not class __P6opaque__62
  14   58    0    0   72
    56 tests aborted (missing ok/not ok)
S32-temporal/DateTime-Instant-Duration.rakudo.jvm..===SORRY!===
Cannot look up attributes in a type object
   0   33    0    0   33
    33 tests aborted (missing ok/not ok)
S32-temporal/DateTime.rakudo.jvm...................===SORRY!===
Cannot look up attributes in a type object
   0  201    0    0  201
   201 tests aborted (missing ok/not ok)
S32-temporal/calendar.t............................Potential difficulties:
Leading 0 does not indicate octal in Perl 6; please use 0o1 if you mean that
at t/spec/S32-temporal/calendar.t:119
------> [32mis date(2005, 01[33m‚èè[31m, 01).week.join(' '), '2004 53', 'Date.w[0m
Leading 0 does not indicate octal in Perl 6; please use 0o1 if you mean that
at t/spec/S32-temporal/calendar.t:119
------> [32mis date(2005, 01[33m‚èè[31m, 01).week.join(' '), '2004 53', 'Date.w[0m
Leading 0 does not indicate octal in Perl 6; please use 0o1 if you mean that
at t/spec/S32-temporal/calendar.t:119
------> [32mis date(2005, 01, 01[33m‚èè[31m).week.join(' '), '2004 53', 'Date.week [0m
Leading 0 does not indicate octal in Perl 6; please use 0o1 if you mean that
at t/spec/S32-temporal/calendar.t:119
------> [32mis date(2005, 01, 01[33m‚èè[31m).week.join(' '), '2004 53', 'Date.week [0m
Leading 0 does not indicate octal in Perl 6; please use 0o1 if you mean that
at t/spec/S32-temporal/calendar.t:120
------> [32mis date(2005, 01[33m‚èè[31m, 02).week.join(' '), '2004 53', 'Date.w[0m
Leading 0 does not indicate octal in Perl 6; please use 0o1 if you mean that
at t/spec/S32-temporal/calendar.t:120
------> [32mis date(2005, 01[33m‚èè[31m, 02).week.join(' '), '2004 53', 'Date.w[0m
Leading 0 does not indicate octal in Perl 6; please use 0o2 if you mean that
at t/spec/S32-temporal/calendar.t:120
------> [32mis date(2005, 01, 02[33m‚èè[31m).week.join(' '), '2004 53', 'Date.week [0m
Leading 0 does not indicate octal in Perl 6; please use 0o2 if you mean that
at t/spec/S32-temporal/calendar.t:120
------> [32mis date(2005, 01, 02[33m‚èè[31m).week.join(' '), '2004 53', 'Date.week [0m
Leading 0 does not indicate octal in Perl 6; please use 0o1 if you mean that
at t/spec/S32-temporal/calendar.t:122
------> [32mis date(2007, 01[33m‚èè[31m, 01).week.join(' '), '2007 1',  'Date.w[0m
Leading 0 does not indicate octal in Perl 6; please use 0o1 if you mean that
at t/spec/S32-temporal/calendar.t:122
------> [32mis date(2007, 01[33m‚èè[31m, 01).week.join(' '), '2007 1',  'Date.w[0m
Leading 0 does not indicate octal in Perl 6; please use 0o1 if you mean that
at t/spec/S32-temporal/calendar.t:122
------> [32mis date(2007, 01, 01[33m‚èè[31m).week.join(' '), '2007 1',  'Date.week [0m
Leading 0 does not indicate octal in Perl 6; please use 0o1 if you mean that
at t/spec/S32-temporal/calendar.t:122
------> [32mis date(2007, 01, 01[33m‚èè[31m).week.join(' '), '2007 1',  'Date.week [0m
Leading 0 does not indicate octal in Perl 6; please use 0o1 if you mean that
at t/spec/S32-temporal/calendar.t:130
------> [32mis date(2008, 01[33m‚èè[31m, 01).week.join(' '), '2008 1',  'Date.w[0m
Leading 0 does not indicate octal in Perl 6; please use 0o1 if you mean that
at t/spec/S32-temporal/calendar.t:130
------> [32mis date(2008, 01[33m‚èè[31m, 01).week.join(' '), '2008 1',  'Date.w[0m
Leading 0 does not indicate octal in Perl 6; please use 0o1 if you mean that
at t/spec/S32-temporal/calendar.t:130
------> [32mis date(2008, 01, 01[33m‚èè[31m).week.join(' '), '2008 1',  'Date.week [0m
Leading 0 does not indicate octal in Perl 6; please use 0o1 if you mean that
at t/spec/S32-temporal/calendar.t:130
------> [32mis date(2008, 01, 01[33m‚èè[31m).week.join(' '), '2008 1',  'Date.week [0m
Leading 0 does not indicate octal in Perl 6; please use 0o1 if you mean that
at t/spec/S32-temporal/calendar.t:133
------> [32mis date(2009, 01[33m‚èè[31m, 01).week.join(' '), '2009 1',  'Date.w[0m
Leading 0 does not indicate octal in Perl 6; please use 0o1 if you mean that
at t/spec/S32-temporal/calendar.t:133
------> [32mis date(2009, 01[33m‚èè[31m, 01).week.join(' '), '2009 1',  'Date.w[0m
Leading 0 does not indicate octal in Perl 6; please use 0o1 if you mean that
at t/spec/S32-temporal/calendar.t:133
------> [32mis date(2009, 01, 01[33m‚èè[31m).week.join(' '), '2009 1',  'Date.week [0m
Leading 0 does not indicate octal in Perl 6; please use 0o1 if you mean that
at t/spec/S32-temporal/calendar.t:133
------> [32mis date(2009, 01, 01[33m‚èè[31m).week.join(' '), '2009 1',  'Date.week [0m
Leading 0 does not indicate octal in Perl 6; please use 0o1 if you mean that
at t/spec/S32-temporal/calendar.t:135
------> [32mis date(2010, 01[33m‚èè[31m, 03).week.join(' '), '2009 53', 'Date.w[0m
Leading 0 does not indicate octal in Perl 6; please use 0o1 if you mean that
at t/spec/S32-temporal/calendar.t:135
------> [32mis date(2010, 01[33m‚èè[31m, 03).week.join(' '), '2009 53', 'Date.w[0m
Leading 0 does not indicate octal in Perl 6; please use 0o3 if you mean that
at t/spec/S32-temporal/calendar.t:135
------> [32mis date(2010, 01, 03[33m‚èè[31m).week.join(' '), '2009 53', 'Date.week [0m
Leading 0 does not indicate octal in Perl 6; please use 0o3 if you mean that
at t/spec/S32-temporal/calendar.t:135
------> [32mis date(2010, 01, 03[33m‚èè[31m).week.join(' '), '2009 53', 'Date.week [0m
Leading 0 does not indicate octal in Perl 6; please use 0o1 if you mean that
at t/spec/S32-temporal/calendar.t:136
------> [32mis dtim(2010, 01[33m‚èè[31m, 03).week.join(' '), '2009 53', 'DateTi[0m
Leading 0 does not indicate octal in Perl 6; please use 0o1 if you mean that
at t/spec/S32-temporal/calendar.t:136
------> [32mis dtim(2010, 01[33m‚èè[31m, 03).week.join(' '), '2009 53', 'DateTi[0m
Leading 0 does not indicate octal in Perl 6; please use 0o3 if you mean that
at t/spec/S32-temporal/calendar.t:136
------> [32mis dtim(2010, 01, 03[33m‚èè[31m).week.join(' '), '2009 53', 'DateTime.w[0m
Leading 0 does not indicate octal in Perl 6; please use 0o3 if you mean that
at t/spec/S32-temporal/calendar.t:136
------> [32mis dtim(2010, 01, 03[33m‚èè[31m).week.join(' '), '2009 53', 'DateTime.w[0m
Leading 0 does not indicate octal in Perl 6; please use 0o1 if you mean that
at t/spec/S32-temporal/calendar.t:137
------> [32mis date(2010, 01[33m‚èè[31m, 03).week-year, 2009, 'Date.week-year ([0m
Leading 0 does not indicate octal in Perl 6; please use 0o1 if you mean that
at t/spec/S32-temporal/calendar.t:137
------> [32mis date(2010, 01[33m‚èè[31m, 03).week-year, 2009, 'Date.week-year ([0m
Leading 0 does not indicate octal in Perl 6; please use 0o3 if you mean that
at t/spec/S32-temporal/calendar.t:137
------> [32mis date(2010, 01, 03[33m‚èè[31m).week-year, 2009, 'Date.week-year (2010[0m
Leading 0 does not indicate octal in Perl 6; please use 0o3 if you mean that
at t/spec/S32-temporal/calendar.t:137
------> [32mis date(2010, 01, 03[33m‚èè[31m).week-year, 2009, 'Date.week-year (2010[0m
Leading 0 does not indicate octal in Perl 6; please use 0o1 if you mean that
at t/spec/S32-temporal/calendar.t:138
------> [32mis dtim(2010, 01[33m‚èè[31m, 03).week-year, 2009, 'DateTime.week-ye[0m
Leading 0 does not indicate octal in Perl 6; please use 0o1 if you mean that
at t/spec/S32-temporal/calendar.t:138
------> [32mis dtim(2010, 01[33m‚èè[31m, 03).week-year, 2009, 'DateTime.week-ye[0m
Leading 0 does not indicate octal in Perl 6; please use 0o3 if you mean that
at t/spec/S32-temporal/calendar.t:138
------> [32mis dtim(2010, 01, 03[33m‚èè[31m).week-year, 2009, 'DateTime.week-year ([0m
Leading 0 does not indicate octal in Perl 6; please use 0o3 if you mean that
at t/spec/S32-temporal/calendar.t:138
------> [32mis dtim(2010, 01, 03[33m‚èè[31m).week-year, 2009, 'DateTime.week-year ([0m
Leading 0 does not indicate octal in Perl 6; please use 0o1 if you mean that
at t/spec/S32-temporal/calendar.t:139
------> [32mis date(2010, 01[33m‚èè[31m, 03).week-number, 53, 'Date.week-number[0m
Leading 0 does not indicate octal in Perl 6; please use 0o1 if you mean that
at t/spec/S32-temporal/calendar.t:139
------> [32mis date(2010, 01[33m‚èè[31m, 03).week-number, 53, 'Date.week-number[0m
Leading 0 does not indicate octal in Perl 6; please use 0o3 if you mean that
at t/spec/S32-temporal/calendar.t:139
------> [32mis date(2010, 01, 03[33m‚èè[31m).week-number, 53, 'Date.week-number (20[0m
Leading 0 does not indicate octal in Perl 6; please use 0o3 if you mean that
at t/spec/S32-temporal/calendar.t:139
------> [32mis date(2010, 01, 03[33m‚èè[31m).week-number, 53, 'Date.week-number (20[0m
Leading 0 does not indicate octal in Perl 6; please use 0o1 if you mean that
at t/spec/S32-temporal/calendar.t:140
------> [32mis dtim(2010, 01[33m‚èè[31m, 03).week-number, 53, 'DateTime.week-nu[0m
Leading 0 does not indicate octal in Perl 6; please use 0o1 if you mean that
at t/spec/S32-temporal/calendar.t:140
------> [32mis dtim(2010, 01[33m‚èè[31m, 03).week-number, 53, 'DateTime.week-nu[0m
Leading 0 does not indicate octal in Perl 6; please use 0o3 if you mean that
at t/spec/S32-temporal/calendar.t:140
------> [32mis dtim(2010, 01, 03[33m‚èè[31m).week-number, 53, 'DateTime.week-number[0m
Leading 0 does not indicate octal in Perl 6; please use 0o3 if you mean that
at t/spec/S32-temporal/calendar.t:140
------> [32mis dtim(2010, 01, 03[33m‚èè[31m).week-number, 53, 'DateTime.week-number[0m
===SORRY!===
java.lang.RuntimeException: is copy hash param NYI
   0  130    0    0  130
   130 tests aborted (missing ok/not ok)
S32-temporal/local.t...............................===SORRY!===
Method 'Int' not found
   0   25    0    0   25
    24 tests aborted (missing ok/not ok)
S32-trig/atan2.t................................... 115    0    0    0  115
S32-trig/cos.t..................................... 154    0    0    0  154
S32-trig/cosec.t................................... 114    0    0    0  114
S32-trig/cosech.t.................................. 145    1    0    0  146
S32-trig/cosh.t.................................... 138    0    0    0  138
S32-trig/cotan.t................................... 114    0    0    0  114
S32-trig/cotanh.t.................................. 146    0    0    0  146
S32-trig/e.t.......................................   5    0    0    0    5
S32-trig/pi.t......................................   3    0    0    0    3
S32-trig/sec.t..................................... 114    0    0    0  114
S32-trig/sech.t.................................... 154    0    0    0  154
S32-trig/simple.t..................................  12    0    0    0   12
S32-trig/sin.t..................................... 154    0    0    0  154
S32-trig/sinh.t.................................... 138    0    0    0  138
S32-trig/tan.t..................................... 138    0    0    0  138
S32-trig/tanh.t.................................... 154    0    0    0  154
                                                   pass fail todo skip plan
integration/99problems-01-to-10.rakudo.jvm.........use of uninitialized value of type Any in string context
===SORRY!===
java.lang.RuntimeException: is copy array param NYI
  18    4    0    0   22
     4 tests aborted (missing ok/not ok)
integration/99problems-11-to-20.rakudo.jvm.........use of uninitialized value of type Any in string context
use of uninitialized value of type Any in string context
use of uninitialized value of type Any in string context
use of uninitialized value of type Any in string context
===SORRY!===
java.lang.RuntimeException: is copy array param NYI
   4   19    2    0   25
     2 todo   : unknown
    19 tests aborted (missing ok/not ok)
integration/99problems-21-to-30.rakudo.jvm.........===SORRY!===
Junction re-dispatch NYI
   3   12    0    0   15
    12 tests aborted (missing ok/not ok)
integration/99problems-31-to-40.t..................  66    0    0    1   67
     1 skipped: No Benchmark module yet
integration/99problems-41-to-50.rakudo.jvm.........   5    0    0    6   11
     1 skipped: Test(s) not yet written: (*) Truth tables for logical expressions (2).
     1 skipped: s:P5///
     3 skipped: Shaped variable declarations
     1 skipped: Test(s) not yet written: (**) Truth tables for logical expressions (3).
integration/99problems-51-to-60.t..................use of uninitialized value of type Any in string context
use of uninitialized value of type Any in string context
use of uninitialized value of type Any in string context
use of uninitialized value of type Any in string context
use of uninitialized value of type Any in string context
use of uninitialized value of type Any in string context
use of uninitialized value of type Any in string context
use of uninitialized value of type Any in string context
use of uninitialized value of type Any in string context
use of uninitialized value of type Any in string context
use of uninitialized value of type Any in string context
use of uninitialized value of type Any in string context
use of uninitialized value of type Any in string context
use of uninitialized value of type Any in string context
use of uninitialized value of type Any in string context
use of uninitialized value of type Any in string context
use of uninitialized value of type Any in string context
use of uninitialized value of type Any in string context
use of uninitialized value of type Any in string context
use of uninitialized value of type Any in string context
use of uninitialized value of type Any in string context
use of uninitialized value of type Any in string context
use of uninitialized value of type Any in string context
use of uninitialized value of type Any in string context
===SORRY!===
Junction re-dispatch NYI
  13   24    0    0   37
    24 tests aborted (missing ok/not ok)
integration/99problems-61-to-70.t..................use of uninitialized value of type Any in string context
use of uninitialized value of type Any in string context
use of uninitialized value of type Any in string context
use of uninitialized value of type Any in string context
use of uninitialized value of type Any in string context
use of uninitialized value of type Any in string context
use of uninitialized value of type Any in string context
use of uninitialized value of type Any in string context
use of uninitialized value of type Any in string context
use of uninitialized value of type Any in string context
use of uninitialized value of type Any in string context
use of uninitialized value of type Any in string context
use of uninitialized value of type Any in string context
use of uninitialized value of type Any in string context
use of uninitialized value of type Any in string context
use of uninitialized value of type Any in string context
use of uninitialized value of type Any in string context
use of uninitialized value of type Any in string context
use of uninitialized value of type Any in string context
use of uninitialized value of type Any in string context
use of uninitialized value of type Any in string context
use of uninitialized value of type Any in string context
use of uninitialized value of type Any in string context
use of uninitialized value of type Any in string context
use of uninitialized value of type Any in string context
use of uninitialized value of type Any in string context
use of uninitialized value of type Any in string context
use of uninitialized value of type Any in string context
use of uninitialized value of type Any in string context
use of uninitialized value of type Any in string context
use of uninitialized value of type Any in string context
use of uninitialized value of type Any in string context
use of uninitialized value of type Any in string context
use of uninitialized value of type Any in string context
use of uninitialized value of type Any in string context
use of uninitialized value of type Any in string context
use of uninitialized value of type Any in string context
use of uninitialized value of type Any in string context
use of uninitialized value of type Any in string context
use of uninitialized value of type Any in string context
use of uninitialized value of type Any in string context
use of uninitialized value of type Any in string context
use of uninitialized value of type Any in string context
use of uninitialized value of type Any in string context
use of uninitialized value of type Any in string context
use of uninitialized value of type Any in string context
use of uninitialized value of type Any in string context
use of uninitialized value of type Any in string context
use of uninitialized value of type Any in string context
use of uninitialized value of type Any in string context
use of uninitialized value of type Any in string context
use of uninitialized value of type Any in string context
   9    0    0    6   15
     1 skipped: Test(s) not yet written: (**) Tree construction from a node string
     1 skipped: Test(s) not yet written: (**) Dotstring representation of binary trees
     1 skipped: Test(s) not yet written: (***) Layout a binary tree (3)
     1 skipped: Test(s) not yet written: (**) A string representation of binary trees
     1 skipped: Test(s) not yet written: (**) Preorder and inorder sequences of binary trees
     1 skipped: Test(s) not yet written: (**) Construct a complete binary tree
integration/advent2009-day01.t.....................   2    0    0    0    2
integration/advent2009-day02.t.....................===SORRY!===
java.util.IllegalFormatConversionException: x != java.lang.String
   5    5    0    0   10
     5 tests aborted (missing ok/not ok)
integration/advent2009-day03.t.....................   6    0    0    0    6
integration/advent2009-day04.t.....................   6    0    0    0    6
integration/advent2009-day05.t.....................  17    0    0    0   17
integration/advent2009-day06.rakudo.jvm............  14    0    0    1   15
     1 skipped: Cannot assign to readonly value
integration/advent2009-day07.rakudo.jvm............  12    0    0    1   13
     1 skipped: No candidates found to invoke
integration/advent2009-day08.t.....................   7    1    0    0    8
integration/advent2009-day09.t.....................===SORRY!===
Junction re-dispatch NYI
   7   10    0    0   17
     9 tests aborted (missing ok/not ok)
integration/advent2009-day10.t.....................   5    0    0    0    5
integration/advent2009-day11.t.....................   5    1    0    0    6
integration/advent2009-day12.rakudo.jvm............   5    0    0    4    9
     3 skipped: Importing symbols by name doesn't work in current Rakudo
     1 skipped: Multi subs aren't imported by default in current Rakudo - is this to spec?
integration/advent2009-day13.t.....................===SORRY!===
Junction re-dispatch NYI
   0   16    0    0   16
    16 tests aborted (missing ok/not ok)
integration/advent2009-day14.t.....................use of uninitialized value of type Rat in string context
use of uninitialized value of type Rat in string context
use of uninitialized value of type Rat in string context
use of uninitialized value of type Rat in string context
use of uninitialized value of type Rat in string context
use of uninitialized value of type Rat in string context
  19    2    0    0   21
integration/advent2009-day15.t.....................   4    0    0    0    4
integration/advent2009-day16.t.....................use of uninitialized value of type Any in string context
use of uninitialized value of type Any in string context
use of uninitialized value of type Any in string context
use of uninitialized value of type Any in string context
===SORRY!===
java.lang.IllegalArgumentException: sprintf only accepts ints, nums, and strs, not class __P6opaque__62
   7    0    0    0    0
     7 tests more than planned were run
integration/advent2009-day17.t.....................  62    0    0    0   62
integration/advent2009-day18.rakudo.jvm............   2    0    3    1    6
     1 skipped: parse error
     3 todo   : nom regression: RT #117681
integration/advent2009-day19.t.....................   6    0    0    0    6
integration/advent2009-day20.t.....................===SORRY!===
Junction re-dispatch NYI
   2   19    0    0   21
    19 tests aborted (missing ok/not ok)
integration/advent2009-day22.t.....................   4    0    0    0    4
integration/advent2009-day23.rakudo.jvm............===SORRY!===
java.lang.ArrayIndexOutOfBoundsException: 4
   1    3    0    0    4
     3 tests aborted (missing ok/not ok)
integration/advent2010-day04.t.....................  11    0    0    0   11
integration/code-blocks-as-sub-args.t..............   4    0    0    0    4
integration/error-reporting.t......................===SORRY!===
Dynamic variable $*PID not found
   0   16    0    0   16
    16 tests aborted (missing ok/not ok)
integration/lazy-bentley-generator.t...............   1    0    0    0    1
integration/lexical-array-in-inner-block.t.........   2    0    0    0    2
integration/lexicals-and-attributes.t..............   8    0    0    0    8
integration/man-or-boy.t...........................  10    0    0    0   10
integration/method-calls-and-instantiation.t.......   2    0    0    0    2
integration/no-indirect-new.t......................   2    0    0    0    2
integration/packages.t.............................   3    0    0    0    3
integration/pair-in-array.t........................   3    0    0    0    3
integration/passing-pair-class-to-sub.t............   2    0    0    0    2
integration/real-strings.t.........................===SORRY!===
Method 'from' not found
   0   21    0    0   21
    21 tests aborted (missing ok/not ok)
integration/role-composition-vs-attribute.t........   1    0    0    0    1
integration/rule-in-class-Str.t....................   3    0    0    0    3
integration/say-crash.t............................   4    0    0    0    4
integration/substr-after-match-in-gather-in-for.t..   1    0    0    0    1
integration/weird-errors.t.........................===SORRY!===
Dynamic variable $*PID not found
   0    8    0    0    8
     8 tests aborted (missing ok/not ok)
                                                   pass fail todo skip plan
rosettacode/greatest_element_of_a_list.t...........   1    0    0    0    1
rosettacode/sierpinski_triangle.t..................   1    0    0    0    1
----------------
"Synopsis", "pass","fail","todo","skip","plan","spec"
"S01",           0,     0,     0,    20,    20,    61
"S02",        2598,   619,   129,   371,  3614,  3657
"S03",        3250,  1335,   101,   232,  4918,  4267
"S04",         637,   246,    20,    22,   925,  1008
"S05",        1749,  3383,    40,   181,  5353,  5797
"S06",         679,   426,    17,   100,  1222,  1290
"S07",           0,     0,     0,     0,     0,     0
"S09",         125,    11,    18,    27,   181,   181
"S10",          59,     5,     1,     5,    70,   127
"S11",          57,    17,     1,     5,    80,   135
"S12",         864,   345,    25,   111,  1316,  1328
"S13",          66,     4,     0,     0,    70,    80
"S14",         162,   134,     3,     9,   308,   327
"S16",          27,   222,     3,     1,   253,   297
"S17",           0,     0,     0,     0,     0,    28
"S19",           0,     4,     0,     0,     4,     4
"S24",           1,     0,     0,     0,     1,    88
"S26",         247,    53,     0,     1,   301,   258
"S28",           5,     2,     0,     0,     7,    13
"S29",         302,     9,     1,     7,   319,   329
"S32",        6106,  1829,    57,   209,  8201,  5974
"int",         373,   161,     5,    20,   552,   552
"ros",           2,     0,     0,     0,     2,     2
"total",     17309,  8805,   421,  1321, 27717, 25803
----------------
Failure summary:
S02-literals/hex_chars.t 4 - Does a character codepoint (\x..) evaluate to the same thing as its literal?
S02-literals/listquote-whitespace.rakudo.jvm aborted 12 test(s)
S02-literals/listquote.rakudo.jvm aborted 18 test(s)
S02-literals/quoting-unicode.t aborted 68 test(s)
S02-literals/quoting.rakudo.jvm 84 - here doc interpolating with indentation
S02-literals/quoting.rakudo.jvm 86 - indentation stripped
S02-literals/quoting.rakudo.jvm aborted 44 test(s)
S02-literals/radix.rakudo.jvm aborted 127 test(s)
S02-literals/subscript.t 1 - parses correctly, second statement is true
S02-magicals/args.t aborted 3 test(s)
S02-magicals/config.rakudo.jvm aborted 2 test(s)
S02-magicals/env.rakudo.jvm aborted 3 test(s)
S02-magicals/pid.t aborted 1 test(s)
S02-magicals/progname.t aborted 1 test(s)
S02-names-vars/fmt.rakudo.jvm aborted 20 test(s)
S02-names-vars/names.rakudo.jvm 139 - error message mentions name not recognized, no maximum recursion depth exceeded
S02-names-vars/perl.rakudo.jvm 89 - attribute value appears in .perl output
S02-names-vars/perl.rakudo.jvm passed 103 unplanned test(s)
S02-names-vars/signature.rakudo.jvm aborted 1 test(s)
S02-types/array.rakudo.jvm 56 - stuffing IO in an Int array does not work
S02-types/array.rakudo.jvm aborted 8 test(s)
S02-types/bag.rakudo.jvm 52 - And Str keys are permitted in the same set
S02-types/bag.rakudo.jvm aborted 31 test(s)
S02-types/capture.rakudo.jvm 2 - simply capture creation with \( works (2)
S02-types/capture.rakudo.jvm 7 - capture creation with \$ works (2)
S02-types/infinity.rakudo.jvm aborted 4 test(s)
S02-types/keybag.rakudo.jvm 69 - And Str keys are permitted in the same set
S02-types/keybag.rakudo.jvm aborted 54 test(s)
S02-types/keyset.rakudo.jvm aborted 31 test(s)
S02-types/lists.rakudo.jvm 5 - list construction and list slicing should not create new containers
S02-types/lists.rakudo.jvm 9 - using list slices as lvalues works (1)
S02-types/lists.rakudo.jvm 10 - using list slices as lvalues works (2)
S02-types/lists.rakudo.jvm 20 - error message contains name of class
S02-types/num.t aborted 55 test(s)
S02-types/set.rakudo.jvm aborted 31 test(s)
S02-types/subset.rakudo.jvm 2 - Can't assign value that violates type constraint via subset
S02-types/subset.rakudo.jvm aborted 40 test(s)
S02-types/type.rakudo.jvm 5 - Int restricts to integers
S02-types/type.rakudo.jvm 6 - Int does not accept Mu
S02-types/type.rakudo.jvm 8 - Str restricts to strings
S02-types/type.rakudo.jvm 9 - Str does not accept Mu
S02-types/type.rakudo.jvm 22 - Num does not accept Int
S02-types/type.rakudo.jvm 24 - bad return value dies (returns)
S02-types/type.rakudo.jvm 26 - bad return value dies (of)
S02-types/type.rakudo.jvm 28 - bad return value dies (my Type sub)
S02-types/type.rakudo.jvm 30 - bad return value dies (-->)
S02-types/type.rakudo.jvm 32 - bad implicit return value dies (returns)
S02-types/type.rakudo.jvm 34 - bad implicit return value dies (of)
S02-types/type.rakudo.jvm 36 - bad implicit return value dies (my Type sub)
S02-types/type.rakudo.jvm 38 - bad implicit return value dies (-->)
S02-types/version.t aborted 35 test(s)
S02-types/whatever.rakudo.jvm 21 - $_ % * works
S03-feeds/basic.rakudo.jvm aborted 5 test(s)
S03-junctions/associative.t aborted 10 test(s)
S03-junctions/autothreading.t aborted 89 test(s)
S03-junctions/boolean-context.rakudo.jvm aborted 37 test(s)
S03-junctions/misc.rakudo.jvm aborted 101 test(s)
S03-operators/arith.rakudo.jvm 6 - -1 == 3
S03-operators/arith.rakudo.jvm 7 - 1 == -3
S03-operators/arith.rakudo.jvm 14 - 
S03-operators/arith.rakudo.jvm 15 - 
S03-operators/arith.rakudo.jvm 112 - 
S03-operators/assign.rakudo.jvm 7 - assignment as function with types (2)
S03-operators/assign.rakudo.jvm aborted 27 test(s)
S03-operators/buf.t aborted 26 test(s)
S03-operators/eqv.rakudo.jvm aborted 8 test(s)
S03-operators/misc.rakudo.jvm aborted 11 test(s)
S03-operators/overflow.t aborted 9 test(s)
S03-operators/precedence.rakudo.jvm aborted 40 test(s)
S03-operators/range-basic.t aborted 84 test(s)
S03-operators/range-int.t aborted 480 test(s)
S03-operators/range.rakudo.jvm aborted 42 test(s)
S03-operators/set.rakudo.jvm aborted 296 test(s)
S03-operators/value_equivalence.rakudo.jvm aborted 3 test(s)
S03-sequence/arity-2-or-more.t aborted 2 test(s)
S03-sequence/basic.rakudo.jvm aborted 46 test(s)
S03-smartmatch/any-pair.t 1 - $obj ~~ Pair (Int, +)
S03-smartmatch/any-pair.t 2 - $obj ~~ Pair (Int, +)
S03-smartmatch/any-pair.t 3 - $obj ~~ Pair (different types)
S03-smartmatch/any-pair.t 4 - $obj ~~ Pair (Str, +)
S03-smartmatch/any-pair.t 5 - $obj ~~ Pair (Str, -)
S03-smartmatch/any-pair.t 8 - $obj ~~ Pair (Mu, -)
S03-smartmatch/capture-signature.t 2 - signature smart-match against hash works (1)
S03-smartmatch/capture-signature.t 4 - signature smart-match against array works (2)
S03-smartmatch/disorganized.t 8 - C<all(@x) ~~ { ... }> parses
S03-smartmatch/disorganized.t 9 - C<all(@x) ~~ { ... } when true for all
S03-smartmatch/disorganized.t 10 - C<all(@x) ~~ {...} when true for one
S03-smartmatch/disorganized.t 11 - C<all(@x) ~~ {...} when true for most
S03-smartmatch/disorganized.t 12 - C<all(@x) ~~ {...} when true for one
S04-blocks-and-statements/let.t aborted 12 test(s)
S04-blocks-and-statements/temp.rakudo.jvm aborted 36 test(s)
S04-declarations/implicit-parameter.rakudo.jvm 11 - -> {} is arity 0
S04-declarations/implicit-parameter.rakudo.jvm 12 - Even when we use $_>
S04-declarations/my.rakudo.jvm 53 - 
S04-declarations/my.rakudo.jvm 58 - type error
S04-declarations/my.rakudo.jvm 59 - also a type error
S04-declarations/my.rakudo.jvm aborted 11 test(s)
S04-declarations/state.rakudo.jvm aborted 25 test(s)
S04-exception-handlers/catch.t 3 - Closure with CATCH {default {}} ignores exceptions
S04-exception-handlers/catch.t 4 - do block with CATCH {default {}} ignores exceptions
S04-exception-handlers/catch.t 5 - Subroutine with CATCH {default {}} ignores exceptions
S04-exception-handlers/catch.t 6 - if block with CATCH {default {}} ignores exceptions...
S04-exception-handlers/catch.t aborted 20 test(s)
S04-phasers/ascending-order.t aborted 8 test(s)
S04-phasers/descending-order.t aborted 7 test(s)
S04-phasers/enter-leave.rakudo.jvm aborted 21 test(s)
S04-phasers/first.t aborted 4 test(s)
S04-phasers/keep-undo.t aborted 12 test(s)
S04-phasers/next.rakudo.jvm aborted 13 test(s)
S04-phasers/pre-post.rakudo.jvm aborted 22 test(s)
S04-phasers/rvalue.t 10 - CHECK {} runs only once
S04-phasers/rvalue.t 11 - CHECK {} as rval is its ret val
S04-phasers/rvalue.t 12 - CHECK {} runs only once
S04-statements/gather.rakudo.jvm aborted 6 test(s)
S04-statements/loop.t aborted 1 test(s)
S04-statements/repeat.t aborted 9 test(s)
S04-statements/try.rakudo.jvm aborted 24 test(s)
S04-statements/while.t aborted 3 test(s)
S05-capture/caps.rakudo.jvm aborted 30 test(s)
S05-interpolation/regex-in-variable.rakudo.jvm aborted 4 test(s)
S05-mass/named-chars.rakudo.jvm aborted 431 test(s)
S05-mass/properties-block.rakudo.jvm aborted 670 test(s)
S05-mass/properties-derived.rakudo.jvm aborted 256 test(s)
S05-mass/properties-general.rakudo.jvm aborted 596 test(s)
S05-mass/properties-script.rakudo.jvm aborted 361 test(s)
S05-mass/rx.rakudo.jvm aborted 739 test(s)
S05-match/capturing-contexts.rakudo.jvm aborted 16 test(s)
S05-metachars/newline.rakudo.jvm 6 - NEL
S05-metachars/newline.rakudo.jvm 13 - not NEL
S05-metasyntax/delimiters.t 1 - ^ as delimiter in match and substitution
S05-metasyntax/delimiters.t 2 - ¬∞ as delimiter in match and substitution
S05-metasyntax/delimiters.t 3 - ! as delimiter in match and substitution
S05-metasyntax/delimiters.t 4 - " as delimiter in match and substitution
S05-metasyntax/delimiters.t 5 - ¬ß as delimiter in match and substitution
S05-metasyntax/delimiters.t 6 - $ as delimiter in match and substitution
S05-metasyntax/delimiters.t 7 - % as delimiter in match and substitution
S05-metasyntax/delimiters.t 8 - @ as delimiter in match and substitution
S05-metasyntax/delimiters.t 9 - ‚Ç¨ as delimiter in match and substitution
S05-metasyntax/delimiters.t 10 - & as delimiter in match and substitution
S05-metasyntax/delimiters.t 11 - / as delimiter in match and substitution
S05-metasyntax/delimiters.t 12 - = as delimiter in match and substitution
S05-metasyntax/delimiters.t 13 - ? as delimiter in match and substitution
S05-metasyntax/delimiters.t 14 - ` as delimiter in match and substitution
S05-metasyntax/delimiters.t 15 - * as delimiter in match and substitution
S05-metasyntax/delimiters.t 16 - + as delimiter in match and substitution
S05-metasyntax/delimiters.t 17 - ~ as delimiter in match and substitution
S05-metasyntax/delimiters.t 18 - ' as delimiter in match and substitution
S05-metasyntax/delimiters.t 19 - ; as delimiter in match and substitution
S05-metasyntax/delimiters.t 20 - , as delimiter in match and substitution
S05-metasyntax/delimiters.t 21 - . as delimiter in match and substitution
S05-metasyntax/delimiters.t 22 - - as delimiter in match and substitution
S05-metasyntax/delimiters.t 23 - | as delimiter in match and substitution
S05-metasyntax/unknown.rakudo.jvm aborted 3 test(s)
S05-modifier/counted.rakudo.jvm aborted 36 test(s)
S05-modifier/ii.rakudo.jvm aborted 18 test(s)
S05-modifier/perl5_0.rakudo.jvm aborted 24 test(s)
S05-modifier/perl5_5.rakudo.jvm 5 - re_tests 617/1 (801)
S05-substitution/subst.rakudo.jvm aborted 135 test(s)
S05-transliteration/trans.rakudo.jvm 1 - Each side can be individual characters
S05-transliteration/trans.rakudo.jvm 2 - The two sides of the any pair can be strings interpreted as tr/// would multichar
S05-transliteration/trans.rakudo.jvm 3 - The two sides of the any pair can be strings interpreted as tr/// would range
S05-transliteration/trans.rakudo.jvm 4 - If the first character is a dash it isn't part of a range
S05-transliteration/trans.rakudo.jvm 5 - If the last character is a dash it isn't part of a range
S05-transliteration/trans.rakudo.jvm 6 - The two sides can consists of both chars and ranges
S05-transliteration/trans.rakudo.jvm 7 - The two sides can consist of multiple ranges
S05-transliteration/trans.rakudo.jvm 8 - The two sides of each pair may also be array references
S05-transliteration/trans.rakudo.jvm 9 - Using string range on one side and array reference on the other
S05-transliteration/trans.rakudo.jvm 10 - Using array reference on one side and string range on the other
S05-transliteration/trans.rakudo.jvm 11 - The array version can map one characters to one-or-more characters
S05-transliteration/trans.rakudo.jvm 12 - The array version can map one-or-more characters to one-or-more characters
S05-transliteration/trans.rakudo.jvm 13 - The array version can map one characters to one-or-more characters, using leftmost longest match
S05-transliteration/trans.rakudo.jvm 14 - Ranges can be grouped
S05-transliteration/trans.rakudo.jvm 15 - Multiple ranges interpreted in string
S05-transliteration/trans.rakudo.jvm 16 - Spaces in interpreted ranges are not skipped (all spaces are important)
S05-transliteration/trans.rakudo.jvm 17 - Spaces in interpreted ranges are not skipped (all spaces are important)
S05-transliteration/trans.rakudo.jvm 18 - 
S05-transliteration/trans.rakudo.jvm 19 - 
S05-transliteration/trans.rakudo.jvm 20 - 
S05-transliteration/trans.rakudo.jvm 21 - 
S05-transliteration/trans.rakudo.jvm 22 - 
S05-transliteration/trans.rakudo.jvm 24 - leading ranges interpreted as string
S05-transliteration/trans.rakudo.jvm 25 - trailing ranges interpreted as string
S05-transliteration/trans.rakudo.jvm 26 - leading, trailing ranges interpreted as string
S05-transliteration/trans.rakudo.jvm 27 - can replace with empty string
S05-transliteration/trans.rakudo.jvm 30 - no flags
S05-transliteration/trans.rakudo.jvm 35 - no flags
S05-transliteration/trans.rakudo.jvm 43 - basic closure
S05-transliteration/trans.rakudo.jvm 44 - closure pairs work
S05-transliteration/trans.rakudo.jvm 54 - longest constant token preferred, regardless of declaration order
S05-transliteration/trans.rakudo.jvm 57 - longest token still holds, even between constant strings and regexes
S05-transliteration/trans.rakudo.jvm 58 - trans works with Cool signature
S05-transliteration/trans.rakudo.jvm aborted 2 test(s)
S05-transliteration/with-closure.rakudo.jvm 1 - Can use a closure on the RHS
S05-transliteration/with-closure.rakudo.jvm 3 - Can use two closures in trans
S05-transliteration/with-closure.rakudo.jvm 7 - can use closures in pairs of arrays
S06-advanced/callframe.rakudo.jvm aborted 6 test(s)
S06-advanced/callsame.t 1 - Can call multi that uses "callsame"
S06-advanced/callsame.t 2 - multi with "callsame" worked
S06-advanced/callsame.t 3 - Calling callsame directly from a sub works
S06-advanced/wrap.rakudo.jvm aborted 62 test(s)
S06-macros/opaque-ast.rakudo.jvm aborted 7 test(s)
S06-macros/quasi-blocks.t aborted 12 test(s)
S06-macros/unquoting.t aborted 10 test(s)
S06-multi/positional-vs-named.rakudo.jvm 3 - named me, named him
S06-multi/positional-vs-named.rakudo.jvm 4 - named him, named me
S06-multi/positional-vs-named.rakudo.jvm 5 - named me named him named her
S06-multi/positional-vs-named.rakudo.jvm 6 - named him named me named her
S06-multi/positional-vs-named.rakudo.jvm 7 - named her named me named him
S06-multi/positional-vs-named.rakudo.jvm 8 - named her named him named me
S06-multi/positional-vs-named.rakudo.jvm 13 - named me
S06-multi/positional-vs-named.rakudo.jvm aborted 14 test(s)
S06-multi/redispatch.t 1 - can call nextsame inside a multi sub
S06-multi/redispatch.t 2 - called in the right order
S06-multi/redispatch.t 3 - can call callsame inside a multi sub
S06-multi/redispatch.t 4 - called in the right order
S06-multi/redispatch.t 5 - can call nextwith inside a multi sub
S06-multi/redispatch.t 6 - called in the right order
S06-multi/redispatch.t 7 - can call callwith inside a multi sub
S06-multi/redispatch.t 8 - called in the right order
S06-multi/redispatch.t 9 - It's ok to call nextsame in the last/only candidate
S06-multi/redispatch.t 10 - nextsame in main block dies due to lack of dispatcher
S06-multi/syntax.rakudo.jvm 41 - ordered multi subs
S06-multi/type-based.rakudo.jvm aborted 53 test(s)
S06-multi/unpackability.t aborted 10 test(s)
S06-multi/value-based.t 2 - literal Str in signature matches value correctly
S06-multi/value-based.t 3 - dies if no matching value even if type matches
S06-multi/value-based.t 5 - literal Int in signature matches value correctly
S06-multi/value-based.t 6 - fallback to Int variant which is less narrow than constrained one
S06-multi/value-based.t 8 - literal Int, anonymous parameters and default values mix
S06-multi/value-based.t 9 - Literals and optionals mix
S06-operator-overloading/imported-subs.t aborted 19 test(s)
S06-operator-overloading/methods.rakudo.jvm aborted 2 test(s)
S06-other/main-eval.rakudo.jvm aborted 3 test(s)
S06-other/main-usage.rakudo.jvm aborted 22 test(s)
S06-other/main.t aborted 4 test(s)
S06-other/misc.t 3 - this should die, no arguments defined
S06-signature/arity.t 48 - no matching sub signature
S06-signature/errors.t 4 - argument passed to sub with empty signature
S06-signature/errors.t 10 - 
S06-signature/introspection.rakudo.jvm aborted 15 test(s)
S06-signature/named-parameters.rakudo.jvm 2 - Dies on passing superfluous arguments
S06-signature/named-parameters.rakudo.jvm 5 - colonpair with wrong variable name dies
S06-signature/named-parameters.rakudo.jvm 6 - colonpair with a privare variable
S06-signature/named-parameters.rakudo.jvm 7 - colonpair with a public variable
S06-signature/named-parameters.rakudo.jvm 11 - using a named as a positional fails
S06-signature/named-parameters.rakudo.jvm 15 - using a named as a positional fails (foo2)
S06-signature/named-parameters.rakudo.jvm 16 - using a named as a positional fails (foo2)
S06-signature/named-parameters.rakudo.jvm 72 - and the type check is enforced
S06-signature/named-parameters.rakudo.jvm 75 - old name is not available
S06-signature/named-parameters.rakudo.jvm aborted 15 test(s)
S06-signature/named-renaming.t 4 - cannot use the var name if there is no : in front of it
S06-signature/optional.t aborted 8 test(s)
S06-signature/slurpy-and-interpolation.t 4 - ... slurpy args flattening and not matching because of too many parameters
S06-signature/slurpy-params.rakudo.jvm aborted 45 test(s)
S06-signature/sub-ref.rakudo.jvm 5 - invocation of a parameterless anonymous sub with a parameter dies
S06-signature/sub-ref.rakudo.jvm 9 - invocation of a parameterless pointy block with a parameter dies
S06-signature/sub-ref.rakudo.jvm 26 - calling an anonymous sub expecting one param with two params dies
S06-signature/tree-node-parameters.rakudo.jvm aborted 20 test(s)
S06-signature/type-capture.rakudo.jvm aborted 5 test(s)
S06-signature/types.t 4 - type check forbids bad return
S06-signature/types.t 6 - type check forbids bad  implicitreturn
S06-signature/unpack-array.t aborted 13 test(s)
S06-signature/unpack-object.t aborted 4 test(s)
S06-signature/unspecified.rakudo.jvm 3 - sub with no signature dies when given a named argument
S06-signature/unspecified.rakudo.jvm 4 - sub with no signature dies when given positional argument
S06-signature/unspecified.rakudo.jvm 8 - sub using positional param called with named param
S06-signature/unspecified.rakudo.jvm 12 - named param sub dies with positional param
S06-traits/is-copy.t aborted 14 test(s)
S06-traits/is-readonly.rakudo.jvm 13 - can read from readonly private attributes
S06-traits/misc.rakudo.jvm 18 - error message mentions trait
S06-traits/precedence.rakudo.jvm aborted 10 test(s)
S09-hashes/objecthash.rakudo.jvm 8 - value type mismatch
S09-hashes/objecthash.rakudo.jvm 11 - .values
S09-hashes/objecthash.rakudo.jvm 21 - Hash.push fails when the resulting array conflicts with the type check
S09-hashes/objecthash.rakudo.jvm 24 - Hash.push value type check failure
S09-typed-arrays/arrays.rakudo.jvm 52 - type check Positional of Int prevents untyped array to be returned explicitly
S09-typed-arrays/arrays.rakudo.jvm 53 - type check Positional of Int prevents untyped array to be returned implicitly
S09-typed-arrays/arrays.rakudo.jvm 54 - type check Positional of Int prevents incorrectly typed array to be returned explicitly
S09-typed-arrays/arrays.rakudo.jvm 55 - type check Positional of Int prevents incorrectly typed array to be returned implicitly
S09-typed-arrays/hashes.rakudo.jvm 12 - Can't assign to hash item
S09-typed-arrays/hashes.rakudo.jvm 13 - prevent mismatched hash slice
S09-typed-arrays/hashes.rakudo.jvm 14 - Typ constraint prevents autovivification
S10-packages/basic.rakudo.jvm 13 - error message mentions the undefined grammar
S10-packages/basic.rakudo.jvm 15 - error message mentions the undefined module
S10-packages/basic.rakudo.jvm 17 - error message mentions the undefined role
S10-packages/basic.rakudo.jvm 19 - error message mentions the undefined class
S10-packages/basic.rakudo.jvm 21 - error message mentions the undefined package
S11-modules/import-multi.rakudo.jvm aborted 17 test(s)
S12-attributes/class.rakudo.jvm 8 - Instance call gets instance attribute, not class attribute
S12-attributes/class.rakudo.jvm aborted 8 test(s)
S12-attributes/clone.t aborted 9 test(s)
S12-attributes/defaults.t 3 - default should be called only once in construction
S12-attributes/defaults.t 4 - attribute default worked
S12-attributes/defaults.t 5 - default should be called only once
S12-attributes/defaults.t 7 - attribute default is a closure
S12-attributes/defaults.t aborted 26 test(s)
S12-attributes/delegation.t aborted 4 test(s)
S12-attributes/inheritance.t 4 - private attributes do not leak from child to parent class (1)
S12-attributes/inheritance.t 5 - private attributes do not leak from child to parent class (2)
S12-attributes/instance.rakudo.jvm 9 - .. autogenerated accessor works
S12-attributes/instance.rakudo.jvm 10 - .. autogenerated accessor works w/out parens
S12-attributes/instance.rakudo.jvm 44 - default attribute value (1)
S12-attributes/instance.rakudo.jvm 45 - default attribute value (4)
S12-attributes/instance.rakudo.jvm 46 - forty_two_supplier() was actually executed
S12-attributes/instance.rakudo.jvm 47 - forty_two_supplier() is executed per instantiation
S12-attributes/instance.rakudo.jvm aborted 77 test(s)
S12-class/augment-supersede.rakudo.jvm aborted 11 test(s)
S12-class/extending-arrays.t aborted 11 test(s)
S12-class/inheritance.t 25 - initializer carries through
S12-class/inheritance.t 26 - initializer can be overridden by derived classes
S12-class/inheritance.t aborted 4 test(s)
S12-class/instantiate.rakudo.jvm 4 - error for "NoSuchClass.new()" mentions NoSuchClass
S12-class/interface-consistency.t aborted 7 test(s)
S12-class/mro.t aborted 4 test(s)
S12-class/namespaced.t 4 - could access attribute in class A
S12-class/namespaced.t 5 - method access correct attribute in class A
S12-class/namespaced.t 8 - could access attribute in class A::B
S12-class/namespaced.t 9 - method access correct attribute in class A::B
S12-class/open.t aborted 8 test(s)
S12-construction/BUILD.rakudo.jvm aborted 4 test(s)
S12-construction/construction.t 2 - basic attribute access
S12-construction/new.rakudo.jvm aborted 3 test(s)
S12-enums/as-role.t aborted 6 test(s)
S12-enums/basic.rakudo.jvm 25 - enum as a type enforces checks
S12-enums/basic.rakudo.jvm passed 29 unplanned test(s)
S12-enums/misc.rakudo.jvm 8 - enum key wins in case of conflict
S12-enums/misc.rakudo.jvm 11 - non-conflicting enum key
S12-enums/pseudo-functional.t aborted 10 test(s)
S12-introspection/meta-class.rakudo.jvm aborted 2 test(s)
S12-introspection/methods.rakudo.jvm aborted 53 test(s)
S12-introspection/walk.t aborted 1 test(s)
S12-methods/defer-call.t aborted 14 test(s)
S12-methods/defer-next.rakudo.jvm aborted 15 test(s)
S12-methods/lastcall.t aborted 6 test(s)
S12-methods/lvalue.t aborted 16 test(s)
S12-methods/multi.rakudo.jvm 18 - .^methods returns one element for a multi
S12-methods/multi.rakudo.jvm 19 - multi method from ^methods is a Routine
S12-methods/multi.rakudo.jvm aborted 13 test(s)
S12-methods/private.rakudo.jvm aborted 2 test(s)
S12-methods/submethods.rakudo.jvm 13 - Grtz's submethod blarb was not called
S12-methods/submethods.rakudo.jvm 15 - Baz's submethod blarb was not called
S12-subset/multi-dispatch.t 1 - mutli dispatch with type mutual exclusive type constaints 1
S12-subset/multi-dispatch.t 3 - MMD with subset type multi works
S12-subset/multi-dispatch.t 6 - value that doesn't meet single constraint causes failed dispatch
S13-type-casting/methods.t 3 - call to .Str works
S13-type-casting/methods.t 4 - call to RT69378str.new properly initializes $.a
S13-type-casting/methods.t 5 - call to .Str works on "class is Str"
S13-type-casting/methods.t 6 - Str(...) coercion syntax calls our .Str too
S14-roles/anonymous.rakudo.jvm 4 - anonymous role gave us an attribute
S14-roles/anonymous.rakudo.jvm 9 - anonymous role variable gave us an attribute
S14-roles/basic.rakudo.jvm 15 - $b "inherited" the $.attr attribute of B (1)
S14-roles/basic.rakudo.jvm 23 - type-check enforced
S14-roles/basic.rakudo.jvm 24 - type-check enforced in future assignments too
S14-roles/basic.rakudo.jvm 29 - typed attribute rejects things it should
S14-roles/basic.rakudo.jvm 30 - typed attribute rejects things it should
S14-roles/basic.rakudo.jvm 43 - $obj.Role::method() passes correct invocant
S14-roles/instantiation.t aborted 10 test(s)
S14-roles/mixin.rakudo.jvm aborted 7 test(s)
S14-roles/parameter-subtyping.t 2 - basic sanity
S14-roles/parameter-subtyping.t 3 - subtyping by role parameters (one param)
S14-roles/parameter-subtyping.t 7 - basic sanity
S14-roles/parameter-subtyping.t 8 - subtyping by role parameters (nested)
S14-roles/parameter-subtyping.t 12 - basic sanity
S14-roles/parameter-subtyping.t 13 - subtyping by role parameters (two params)
S14-roles/parameter-subtyping.t 14 - subtyping by role parameters (two params)
S14-roles/parameter-subtyping.t aborted 5 test(s)
S14-roles/parameterized-basic.t aborted 32 test(s)
S14-roles/parameterized-mixin.rakudo.jvm 2 - attribute was initialized correctly (1)
S14-roles/parameterized-mixin.rakudo.jvm aborted 24 test(s)
S14-roles/parameterized-type.rakudo.jvm 2 - using of as type constraint on variable works (class does role)
S14-roles/parameterized-type.rakudo.jvm 4 - using of as type constraint on variable works (role instantiation)
S14-roles/parameterized-type.rakudo.jvm aborted 25 test(s)
S14-traits/routines.rakudo.jvm aborted 13 test(s)
S16-filehandles/chmod.t aborted 19 test(s)
S16-filehandles/filestat.rakudo.jvm aborted 13 test(s)
S16-filehandles/filetest.rakudo.jvm aborted 40 test(s)
S16-filehandles/io.rakudo.jvm aborted 84 test(s)
S16-filehandles/io_in_for_loops.t aborted 23 test(s)
S16-filehandles/io_in_while_loops.t aborted 1 test(s)
S16-filehandles/mkdir_rmdir.rakudo.jvm aborted 14 test(s)
S16-filehandles/open.t aborted 2 test(s)
S16-filehandles/unlink.rakudo.jvm aborted 6 test(s)
S16-io/bare-say.rakudo.jvm aborted 5 test(s)
S16-io/basic-open.t aborted 9 test(s)
S16-io/getc.t aborted 1 test(s)
S16-io/say-and-ref.t aborted 3 test(s)
S16-unfiled/rebindstdhandles.rakudo.jvm aborted 2 test(s)
S19-command-line/dash-e.t aborted 3 test(s)
S19-command-line/help.t aborted 1 test(s)
S26-documentation/07-tables.t aborted 38 test(s)
S26-documentation/09-configuration.t aborted 14 test(s)
S26-documentation/10-doc-cli.t aborted 1 test(s)
S28-named-variables/cwd.t 1 - we have something in our $CWD
S28-named-variables/cwd.t aborted 1 test(s)
S29-context/die.rakudo.jvm aborted 3 test(s)
S29-context/exit.t aborted 3 test(s)
S29-os/system.t aborted 3 test(s)
S32-array/delete.rakudo.jvm aborted 11 test(s)
S32-array/pop.t 33 - pop() should not allow extra arguments
S32-array/shift.t 31 - shift() should not allow extra arguments
S32-basics/warn.rakudo.jvm aborted 6 test(s)
S32-hash/delete-adverb.rakudo.jvm 6 - c should not have been deleted
S32-hash/delete-adverb.rakudo.jvm 7 - Test non-deletion with (0) single key
S32-hash/delete-adverb.rakudo.jvm 8 - c should not have been deleted
S32-hash/delete-adverb.rakudo.jvm 9 - Test non-deletion with (False) single key
S32-hash/delete-adverb.rakudo.jvm 10 - c should not have been deleted
S32-hash/delete-adverb.rakudo.jvm 11 - Test non-deletion with ($dont) single key
S32-hash/delete-adverb.rakudo.jvm 12 - c should not have been deleted
S32-hash/delete-adverb.rakudo.jvm 13 - Test deletion with (1) single key
S32-hash/delete-adverb.rakudo.jvm 17 - d should not have been deleted
S32-hash/delete-adverb.rakudo.jvm 18 - slice a single pair out
S32-hash/delete-adverb.rakudo.jvm 23 - e should not have been deleted
S32-hash/delete-adverb.rakudo.jvm 24 - slice a single key/value out
S32-hash/delete-adverb.rakudo.jvm 29 - f should not have been deleted
S32-hash/delete-adverb.rakudo.jvm 30 - slice a single key out
S32-hash/delete-adverb.rakudo.jvm 35 - g should not have been deleted
S32-hash/delete-adverb.rakudo.jvm 36 - slice a single value out
S32-hash/delete-adverb.rakudo.jvm 60 - f g should not have been deleted
S32-hash/delete-adverb.rakudo.jvm 61 - non-deletion with (0) mult
S32-hash/delete-adverb.rakudo.jvm 62 - f g should not have been deleted
S32-hash/delete-adverb.rakudo.jvm 63 - non-deletion with (False) mult
S32-hash/delete-adverb.rakudo.jvm 64 - f g should not have been deleted
S32-hash/delete-adverb.rakudo.jvm 65 - non-deletion with ($dont) multi
S32-hash/delete-adverb.rakudo.jvm 66 - f g should not have been deleted
S32-hash/delete-adverb.rakudo.jvm 67 - deletion with (1) multi
S32-hash/delete-adverb.rakudo.jvm 71 - h i should not have been deleted
S32-hash/delete-adverb.rakudo.jvm 72 - slice pairs out
S32-hash/delete-adverb.rakudo.jvm 75 - d:exists ekeys
S32-hash/delete-adverb.rakudo.jvm 83 - d:!exists:kv ekeys
S32-hash/delete-adverb.rakudo.jvm 91 - d:!exists:p ekeys
S32-hash/delete-adverb.rakudo.jvm 98 - Test deletion with whatever
S32-hash/delete-adverb.rakudo.jvm 100 - Test non-deletion with ! *
S32-hash/delete-adverb.rakudo.jvm 101 - Test non-deletion with (0) *
S32-hash/delete-adverb.rakudo.jvm 102 - Test non-deletion with (False) *
S32-hash/delete-adverb.rakudo.jvm 103 - Test non-deletion with ($dont) *
S32-hash/delete-adverb.rakudo.jvm 104 - * should not be deleted now
S32-hash/delete-adverb.rakudo.jvm 105 - Test deletion with (1) *
S32-hash/delete-adverb.rakudo.jvm 108 - * should not be deleted
S32-hash/delete-adverb.rakudo.jvm 109 - slice out all pairs
S32-hash/delete-adverb.rakudo.jvm 112 - * should not be deleted
S32-hash/delete-adverb.rakudo.jvm 113 - d:!exists whatever
S32-hash/delete-adverb.rakudo.jvm 116 - * should not be deleted
S32-hash/delete-adverb.rakudo.jvm 117 - d:!exists:kv whatever
S32-hash/delete-adverb.rakudo.jvm 120 - * should not be deleted
S32-hash/delete-adverb.rakudo.jvm 121 - d:!exists:!kv whatever
S32-hash/delete-adverb.rakudo.jvm 124 - * should not be deleted
S32-hash/delete-adverb.rakudo.jvm 125 - d:!exists:p whatever
S32-hash/delete-adverb.rakudo.jvm 128 - * should not be deleted
S32-hash/delete-adverb.rakudo.jvm 129 - d:!exists:!p whatever
S32-io/chdir.rakudo.jvm aborted 9 test(s)
S32-io/copy.t aborted 29 test(s)
S32-io/dir.t aborted 12 test(s)
S32-io/file-tests.t aborted 30 test(s)
S32-io/io-path-cygwin.rakudo.jvm aborted 51 test(s)
S32-io/io-path-unix.rakudo.jvm aborted 36 test(s)
S32-io/io-path-win.rakudo.jvm aborted 50 test(s)
S32-io/io-path.t aborted 11 test(s)
S32-io/io-spec-cygwin.t aborted 102 test(s)
S32-io/io-spec-unix.t aborted 111 test(s)
S32-io/io-spec-win.t aborted 193 test(s)
S32-io/note.rakudo.jvm aborted 6 test(s)
S32-io/slurp.t aborted 14 test(s)
S32-list/categorize.t 1 - simple sub call with Sub
S32-list/categorize.t 2 - method call on list with Sub
S32-list/categorize.t 3 - method call on hash with Sub
S32-list/categorize.t 4 - first method call on hash with Sub
S32-list/categorize.t 5 - checking whether first hash is set with Sub
S32-list/categorize.t 6 - second method call on hash with Sub
S32-list/categorize.t 7 - checking whether second hash is set with Sub
S32-list/categorize.t 8 - first method call on hash with Sub
S32-list/categorize.t 9 - checking whether first hash is set with Sub
S32-list/categorize.t 10 - second method call on hash with Sub
S32-list/categorize.t 11 - checking whether second hash is set with Sub
S32-list/categorize.t 12 - simple sub call with Block
S32-list/categorize.t 13 - method call on list with Block
S32-list/categorize.t 14 - method call on hash with Block
S32-list/categorize.t 15 - first method call on hash with Block
S32-list/categorize.t 16 - checking whether first hash is set with Block
S32-list/categorize.t 17 - second method call on hash with Block
S32-list/categorize.t 18 - checking whether second hash is set with Block
S32-list/categorize.t 19 - first method call on hash with Block
S32-list/categorize.t 20 - checking whether first hash is set with Block
S32-list/categorize.t 21 - second method call on hash with Block
S32-list/categorize.t 22 - checking whether second hash is set with Block
S32-list/categorize.t 23 - simple sub call with Hash
S32-list/categorize.t 24 - method call on list with Hash
S32-list/categorize.t 25 - method call on hash with Hash
S32-list/categorize.t 26 - first method call on hash with Hash
S32-list/categorize.t 27 - checking whether first hash is set with Hash
S32-list/categorize.t 28 - second method call on hash with Hash
S32-list/categorize.t 29 - checking whether second hash is set with Hash
S32-list/categorize.t 30 - first method call on hash with Hash
S32-list/categorize.t 31 - checking whether first hash is set with Hash
S32-list/categorize.t 32 - second method call on hash with Hash
S32-list/categorize.t 33 - checking whether second hash is set with Hash
S32-list/categorize.t 34 - simple sub call with Array
S32-list/categorize.t 35 - method call on list with Array
S32-list/categorize.t 36 - method call on hash with Array
S32-list/categorize.t 37 - first method call on hash with Array
S32-list/categorize.t 38 - checking whether first hash is set with Array
S32-list/categorize.t 39 - second method call on hash with Array
S32-list/categorize.t 40 - checking whether second hash is set with Array
S32-list/categorize.t 41 - first method call on hash with Array
S32-list/categorize.t 42 - checking whether first hash is set with Array
S32-list/categorize.t 43 - second method call on hash with Array
S32-list/categorize.t 44 - checking whether second hash is set with Array
S32-list/categorize.t 45 - sub with named sub mapper
S32-list/categorize.t 46 - method with code block mapper
S32-list/categorize.t aborted 1 test(s)
S32-list/map.rakudo.jvm aborted 1 test(s)
S32-list/minmax.t aborted 19 test(s)
S32-list/pick.rakudo.jvm aborted 47 test(s)
S32-list/roll.t aborted 40 test(s)
S32-list/uniq.rakudo.jvm aborted 13 test(s)
S32-num/fatrat.rakudo.jvm aborted 164 test(s)
S32-num/power.rakudo.jvm 18 - 1**Inf=1
S32-num/rand.rakudo.jvm 103 - srand(1) lives and parses
S32-num/rand.rakudo.jvm aborted 11 test(s)
S32-num/rat.rakudo.jvm 823 - Rat.Rat yields correct Rat
S32-scalar/undef.rakudo.jvm aborted 82 test(s)
S32-str/capitalize.rakudo.jvm 2 - wordcase('...') works
S32-str/capitalize.rakudo.jvm 3 - '...'.wordcase works
S32-str/capitalize.rakudo.jvm 5 - wordcase string works
S32-str/capitalize.rakudo.jvm 7 - wordcase string works
S32-str/capitalize.rakudo.jvm 9 - works on ordinary string
S32-str/capitalize.rakudo.jvm 10 - wordcase() uses \$_ as default
S32-str/capitalize.rakudo.jvm 11 - wordcase() works on non-ASCII chars
S32-str/capitalize.rakudo.jvm aborted 2 test(s)
S32-str/comb.rakudo.jvm 34 - .comb(1) dies for the expected reason
S32-str/comb.rakudo.jvm 37 - .comb({...}) dies for the expected reason
S32-str/encode.rakudo.jvm aborted 14 test(s)
S32-str/indent.rakudo.jvm 1 - Simple .indent(1)
S32-str/indent.rakudo.jvm 2 - Simple .indent(2)
S32-str/indent.rakudo.jvm 3 - Simple .indent(3)
S32-str/indent.rakudo.jvm 4 - Simple .indent(4)
S32-str/indent.rakudo.jvm 5 - New indent goes after existing - .indent(1)
S32-str/indent.rakudo.jvm 6 - New indent goes after existing - .indent(2)
S32-str/indent.rakudo.jvm 7 - New indent goes after existing - .indent(3)
S32-str/indent.rakudo.jvm 8 - New indent goes after existing - .indent(4)
S32-str/indent.rakudo.jvm 9 - Same space - .indent(1) prefix="\x[20]"
S32-str/indent.rakudo.jvm 10 - Same space - .indent(1) prefix="\x[2000]"
S32-str/indent.rakudo.jvm 11 - Same space - .indent(2) prefix="\x[20]"
S32-str/indent.rakudo.jvm 12 - Same space - .indent(2) prefix="\x[2000]"
S32-str/indent.rakudo.jvm 13 - Same space - .indent(3) prefix="\x[20]"
S32-str/indent.rakudo.jvm 14 - Same space - .indent(3) prefix="\x[2000]"
S32-str/indent.rakudo.jvm 15 - Same space - .indent(4) prefix="\x[20]"
S32-str/indent.rakudo.jvm 16 - Same space - .indent(4) prefix="\x[2000]"
S32-str/indent.rakudo.jvm 17 - Samespace indent should work for a full $?TABSTOP with \t
S32-str/indent.rakudo.jvm 18 - Mixed space - .indent(1) prefix="\x[20]"
S32-str/indent.rakudo.jvm 19 - Mixed space - .indent(1) prefix="\x[9]"
S32-str/indent.rakudo.jvm 20 - Mixed space - .indent(1) prefix="\x[2000]"
S32-str/indent.rakudo.jvm 21 - Mixed space - .indent(2) prefix="\x[20]"
S32-str/indent.rakudo.jvm 22 - Mixed space - .indent(2) prefix="\x[9]"
S32-str/indent.rakudo.jvm 23 - Mixed space - .indent(2) prefix="\x[2000]"
S32-str/indent.rakudo.jvm 24 - Mixed space - .indent(3) prefix="\x[20]"
S32-str/indent.rakudo.jvm 25 - Mixed space - .indent(3) prefix="\x[9]"
S32-str/indent.rakudo.jvm 26 - Mixed space - .indent(3) prefix="\x[2000]"
S32-str/indent.rakudo.jvm 27 - Mixed space - .indent(4) prefix="\x[20]"
S32-str/indent.rakudo.jvm 28 - Mixed space - .indent(4) prefix="\x[9]"
S32-str/indent.rakudo.jvm 29 - Mixed space - .indent(4) prefix="\x[2000]"
S32-str/indent.rakudo.jvm 30 - Mixed space - .indent(5) prefix="\x[20]"
S32-str/indent.rakudo.jvm 31 - Mixed space - .indent(5) prefix="\x[9]"
S32-str/indent.rakudo.jvm 32 - Mixed space - .indent(5) prefix="\x[2000]"
S32-str/indent.rakudo.jvm 33 - Mixed space - .indent(6) prefix="\x[20]"
S32-str/indent.rakudo.jvm 34 - Mixed space - .indent(6) prefix="\x[9]"
S32-str/indent.rakudo.jvm 35 - Mixed space - .indent(6) prefix="\x[2000]"
S32-str/indent.rakudo.jvm 36 - Mixed space - .indent(7) prefix="\x[20]"
S32-str/indent.rakudo.jvm 37 - Mixed space - .indent(7) prefix="\x[9]"
S32-str/indent.rakudo.jvm 38 - Mixed space - .indent(7) prefix="\x[2000]"
S32-str/indent.rakudo.jvm 39 - Mixed space - .indent(8) prefix="\x[20]"
S32-str/indent.rakudo.jvm 40 - Mixed space - .indent(8) prefix="\x[9]"
S32-str/indent.rakudo.jvm 41 - Mixed space - .indent(8) prefix="\x[2000]"
S32-str/indent.rakudo.jvm 42 - Simple outdent
S32-str/indent.rakudo.jvm 43 - Simple outdent with tab (no explosion)
S32-str/indent.rakudo.jvm 44 - Excess outdent test for correct output
S32-str/indent.rakudo.jvm 45 - flunk Excess outdent test for warning
S32-str/indent.rakudo.jvm 50 - Tab explosion on outdent
S32-str/indent.rakudo.jvm 51 - Test that tabs explode from the right
S32-str/indent.rakudo.jvm 52 - Check that varying amounts of space before a tabstop explode in a visually consistent way
S32-str/indent.rakudo.jvm 53 - Spaces before a hard tab should be coalesced into the tabstop when exploding
S32-str/indent.rakudo.jvm 54 - Test that space-tab-tab outdent works as intended
S32-str/indent.rakudo.jvm 55 - Check that mixed spaces and tabs outdent correctly
S32-str/indent.rakudo.jvm 56 - Multiline indent test with tab-space indent
S32-str/indent.rakudo.jvm 58 - Multiline $?TABSTOP-width indent with an unindented line and a tab-indented line
S32-str/indent.rakudo.jvm 60 - .indent ignores empty lines
S32-str/indent.rakudo.jvm 62 - Indentation should not be appended after a trailing \n
S32-str/index.rakudo.jvm aborted 8 test(s)
S32-str/pack.t aborted 6 test(s)
S32-str/sprintf.rakudo.jvm aborted 123 test(s)
S32-str/substr.rakudo.jvm 25 - .substr.wordcase on literal string
S32-str/substr.rakudo.jvm 49 - .substr.wordcase on literal string (substr(Int, StrLen)).
S32-str/substr.rakudo.jvm 86 - .substr.wordcase on literal string (substr(Int, StrPos)).
S32-str/tclc.rakudo.jvm 3 - tclc and German sharp s
S32-str/unpack.t aborted 12 test(s)
S32-temporal/Date.t 4 - Date.today
S32-temporal/Date.t 5 - Date.new from DateTime
S32-temporal/Date.t aborted 56 test(s)
S32-temporal/DateTime-Instant-Duration.rakudo.jvm aborted 33 test(s)
S32-temporal/DateTime.rakudo.jvm aborted 201 test(s)
S32-temporal/calendar.t aborted 130 test(s)
S32-temporal/local.t 1 - $*TZ is defined
S32-temporal/local.t aborted 24 test(s)
S32-trig/cosech.t 62 - cosech(-Inf) -
integration/99problems-01-to-10.rakudo.jvm aborted 4 test(s)
integration/99problems-11-to-20.rakudo.jvm aborted 19 test(s)
integration/99problems-21-to-30.rakudo.jvm aborted 12 test(s)
integration/99problems-51-to-60.t aborted 24 test(s)
integration/advent2009-day02.t aborted 5 test(s)
integration/advent2009-day08.t 2 - Type constraint - even number
integration/advent2009-day09.t 6 - Must be named
integration/advent2009-day09.t aborted 9 test(s)
integration/advent2009-day11.t 6 - can introspect Dog
integration/advent2009-day13.t aborted 16 test(s)
integration/advent2009-day14.t 13 - 
integration/advent2009-day14.t 18 - 
integration/advent2009-day16.t passed 7 unplanned test(s)
integration/advent2009-day20.t aborted 19 test(s)
integration/advent2009-day23.rakudo.jvm aborted 3 test(s)
integration/error-reporting.t aborted 16 test(s)
integration/real-strings.t aborted 21 test(s)
integration/weird-errors.t aborted 8 test(s)
note: test_summary.pl @syn does not have ros
