defined(@array) is deprecated at t/spec/test_summary line 378.
	(Maybe you should just omit the defined()?)
/home/coke/perl5/perlbrew/perls/perl-5.20.1/bin/perl t/spec/fudgeall rakudo.moar t/spec/S02-lexical-conventions/begin_end_pod.t t/spec/S02-lexical-conventions/bom.t t/spec/S02-lexical-conventions/comments.t t/spec/S02-lexical-conventions/end-pod.t t/spec/S02-lexical-conventions/minimal-whitespace.t t/spec/S02-lexical-conventions/one-pass-parsing.t t/spec/S02-lexical-conventions/pod-in-multi-line-exprs.t t/spec/S02-lexical-conventions/sub-block-parsing.t t/spec/S02-lexical-conventions/unicode.t t/spec/S02-lexical-conventions/unicode-whitespace.t t/spec/S02-lexical-conventions/unspace.t t/spec/S02-lists/indexing.t t/spec/S02-lists/tree.t t/spec/S02-literals/adverbs.t t/spec/S02-literals/array-interpolation.t t/spec/S02-literals/autoref.t t/spec/S02-literals/char-by-name.t t/spec/S02-literals/char-by-number.t t/spec/S02-literals/fmt-interpolation.t t/spec/S02-literals/hash-interpolation.t t/spec/S02-literals/heredocs.t t/spec/S02-literals/hex_chars.t t/spec/S02-literals/listquote.t t/spec/S02-literals/listquote-whitespace.t t/spec/S02-literals/misc-interpolation.t t/spec/S02-literals/numeric.t t/spec/S02-literals/pair-boolean.t t/spec/S02-literals/pairs.t t/spec/S02-literals/quoting.t t/spec/S02-literals/quoting-unicode.t t/spec/S02-literals/radix.t t/spec/S02-literals/string-interpolation.t t/spec/S02-literals/sub-calls.t t/spec/S02-literals/subscript.t t/spec/S02-literals/types.t t/spec/S02-literals/underscores.t t/spec/S02-literals/version.t t/spec/S02-magicals/78258.t t/spec/S02-magicals/args.t t/spec/S02-magicals/DISTRO.t t/spec/S02-magicals/dollar_bang.t t/spec/S02-magicals/dollar-underscore.t t/spec/S02-magicals/env.t t/spec/S02-magicals/file_line.t t/spec/S02-magicals/KERNEL.t t/spec/S02-magicals/PERL.t t/spec/S02-magicals/pid.t t/spec/S02-magicals/progname.t t/spec/S02-magicals/sub.t t/spec/S02-magicals/VM.t t/spec/S02-names/bare-sigil.t t/spec/S02-names/caller.t t/spec/S02-names/identifier.t t/spec/S02-names/indirect.t t/spec/S02-names/is_cached.t t/spec/S02-names/is_default.t t/spec/S02-names/is_dynamic.t t/spec/S02-names/name.t t/spec/S02-names/our.t t/spec/S02-names/pseudo.t t/spec/S02-names/strict.t t/spec/S02-names/symbolic-deref.t t/spec/S02-names-vars/contextual.t t/spec/S02-names-vars/fmt.t t/spec/S02-names-vars/list_array_perl.t t/spec/S02-names-vars/names.t t/spec/S02-names-vars/perl.t t/spec/S02-names-vars/signature.t t/spec/S02-names-vars/variables-and-packages.t t/spec/S02-names-vars/varnames.t t/spec/S02-one-pass-parsing/less-than.t t/spec/S02-packages/package-lookup.t t/spec/S02-types/anon_block.t t/spec/S02-types/array_extending.t t/spec/S02-types/array_ref.t t/spec/S02-types/array-shapes.t t/spec/S02-types/array.t t/spec/S02-types/assigning-refs.t t/spec/S02-types/autovivification.t t/spec/S02-types/bag.t t/spec/S02-types/baghash.t t/spec/S02-types/bool.t t/spec/S02-types/capture.t t/spec/S02-types/catch_type_cast_mismatch.t t/spec/S02-types/declare.t t/spec/S02-types/deprecations.t t/spec/S02-types/fatrat.t t/spec/S02-types/flattening.t t/spec/S02-types/hash_ref.t t/spec/S02-types/hash.t t/spec/S02-types/infinity.t t/spec/S02-types/instants-and-durations.t t/spec/S02-types/int-uint.t t/spec/S02-types/isDEPRECATED.t t/spec/S02-types/lazy-lists.t t/spec/S02-types/lists.t t/spec/S02-types/mix.t t/spec/S02-types/mixhash.t t/spec/S02-types/mixed_multi_dimensional.t t/spec/S02-types/multi_dimensional_array.t t/spec/S02-types/nan.t t/spec/S02-types/native.t t/spec/S02-types/nested_arrays.t t/spec/S02-types/nested_pairs.t t/spec/S02-types/nil.t t/spec/S02-types/num.t t/spec/S02-types/pair.t t/spec/S02-types/parcel.t t/spec/S02-types/parsing-bool.t t/spec/S02-types/range.t t/spec/S02-types/set.t t/spec/S02-types/sethash.t t/spec/S02-types/sigils-and-types.t t/spec/S02-types/stash.t t/spec/S02-types/subscripts_and_context.t t/spec/S02-types/subset.t t/spec/S02-types/type.t t/spec/S02-types/undefined-types.t t/spec/S02-types/unicode.t t/spec/S02-types/version.t t/spec/S02-types/whatever.t t/spec/S02-types/WHICH.t t/spec/S03-binding/arrays.t t/spec/S03-binding/attributes.t t/spec/S03-binding/closure.t t/spec/S03-binding/hashes.t t/spec/S03-binding/nested.t t/spec/S03-binding/ro.t t/spec/S03-binding/scalars.t t/spec/S03-feeds/basic.t t/spec/S03-junctions/associative.t t/spec/S03-junctions/autothreading.t t/spec/S03-junctions/boolean-context.t t/spec/S03-junctions/misc.t t/spec/S03-metaops/cross.t t/spec/S03-metaops/eager-hyper.t t/spec/S03-metaops/hyper.t t/spec/S03-metaops/not.t t/spec/S03-metaops/reduce.t t/spec/S03-metaops/reverse.t t/spec/S03-metaops/zip.t t/spec/S03-operators/adverbial-modifiers.t t/spec/S03-operators/also.t t/spec/S03-operators/andthen.t t/spec/S03-operators/orelse.t t/spec/S03-operators/arith.t t/spec/S03-operators/assign-is-not-binding.t t/spec/S03-operators/assign.t t/spec/S03-operators/autoincrement-range.t t/spec/S03-operators/autoincrement.t t/spec/S03-operators/autovivification.t t/spec/S03-operators/bag.t t/spec/S03-operators/basic-types.t t/spec/S03-operators/bit.t t/spec/S03-operators/boolean-bitwise.t t/spec/S03-operators/brainos.t t/spec/S03-operators/custom.t t/spec/S03-operators/buf.t t/spec/S03-operators/chained-declarators.t t/spec/S03-operators/cmp.t t/spec/S03-operators/comparison-simple.t t/spec/S03-operators/comparison.t t/spec/S03-operators/context-forcers.t t/spec/S03-operators/context.t t/spec/S03-operators/equality.t t/spec/S03-operators/eqv.t t/spec/S03-operators/fiddly.t t/spec/S03-operators/flip-flop.t t/spec/S03-operators/gcd.t t/spec/S03-operators/div.t t/spec/S03-operators/identity.t t/spec/S03-operators/increment.t t/spec/S03-operators/infixed-function.t t/spec/S03-operators/inplace.t t/spec/S03-operators/is-divisible-by.t t/spec/S03-operators/lcm.t t/spec/S03-operators/list-quote-junction.t t/spec/S03-operators/minmax.t t/spec/S03-operators/misc.t t/spec/S03-operators/mix.t t/spec/S03-operators/names.t t/spec/S03-operators/nesting.t t/spec/S03-operators/not.t t/spec/S03-operators/numeric-shift.t t/spec/S03-operators/overflow.t t/spec/S03-operators/precedence.t t/spec/S03-operators/range-basic.t t/spec/S03-operators/range-int.t t/spec/S03-operators/range.t t/spec/S03-operators/reduce-le1arg.t t/spec/S03-operators/relational.t t/spec/S03-operators/repeat.t t/spec/S03-operators/scalar-assign.t t/spec/S03-operators/set.t t/spec/S03-operators/short-circuit.t t/spec/S03-operators/so.t t/spec/S03-operators/spaceship-and-containers.t t/spec/S03-operators/spaceship.t t/spec/S03-operators/subscript-adverbs.t t/spec/S03-operators/subscript-vs-lt.t t/spec/S03-operators/ternary.t t/spec/S03-operators/value_equivalence.t t/spec/S03-sequence/arity0.t t/spec/S03-sequence/arity-2-or-more.t t/spec/S03-sequence/basic.t t/spec/S03-sequence/limit-arity-2-or-more.t t/spec/S03-sequence/misc.t t/spec/S03-sequence/nonnumeric.t t/spec/S03-smartmatch/any-any.t t/spec/S03-smartmatch/any-array.t t/spec/S03-smartmatch/any-bool.t t/spec/S03-smartmatch/any-callable.t t/spec/S03-smartmatch/any-complex.t t/spec/S03-smartmatch/any-hash-pair.t t/spec/S03-smartmatch/any-method.t t/spec/S03-smartmatch/any-num.t t/spec/S03-smartmatch/any-pair.t t/spec/S03-smartmatch/any-str.t t/spec/S03-smartmatch/any-sub.t t/spec/S03-smartmatch/any-type.t t/spec/S03-smartmatch/array-array.t t/spec/S03-smartmatch/array-hash.t t/spec/S03-smartmatch/capture-signature.t t/spec/S03-smartmatch/disorganized.t t/spec/S03-smartmatch/range-range.t t/spec/S03-smartmatch/regex-hash.t t/spec/S03-smartmatch/scalar-hash.t t/spec/S03-smartmatch/signature-signature.t t/spec/S04-blocks-and-statements/let.t t/spec/S04-blocks-and-statements/pointy-rw.t t/spec/S04-blocks-and-statements/pointy.t t/spec/S04-blocks-and-statements/temp.t t/spec/S04-declarations/constant.t t/spec/S04-declarations/implicit-parameter.t t/spec/S04-declarations/multiple.t t/spec/S04-declarations/my.t t/spec/S04-declarations/our.t t/spec/S04-declarations/state.t t/spec/S04-declarations/will.t t/spec/S04-exception-handlers/catch.t t/spec/S04-exceptions/control_across_runloop.t t/spec/S04-exceptions/fail.t t/spec/S04-exceptions/pending.t t/spec/S04-phasers/ascending-order.t t/spec/S04-phasers/begin.t t/spec/S04-phasers/check.t t/spec/S04-phasers/descending-order.t t/spec/S04-phasers/end.t t/spec/S04-phasers/enter-leave.t t/spec/S04-phasers/eval-in-begin.t t/spec/S04-phasers/first.t t/spec/S04-phasers/init.t t/spec/S04-phasers/in-eval.t t/spec/S04-phasers/in-loop.t t/spec/S04-phasers/keep-undo.t t/spec/S04-phasers/multiple.t t/spec/S04-phasers/next.t t/spec/S04-phasers/pre-post.t t/spec/S04-phasers/rvalue.t t/spec/S04-statement-modifiers/for.t t/spec/S04-statement-modifiers/given.t t/spec/S04-statement-modifiers/if.t t/spec/S04-statement-modifiers/unless.t t/spec/S04-statement-modifiers/until.t t/spec/S04-statement-modifiers/values_in_bool_context.t t/spec/S04-statement-modifiers/while.t t/spec/S04-statement-parsing/hash.t t/spec/S04-statements/do.t t/spec/S04-statements/for-scope.t t/spec/S04-statements/for.t t/spec/S04-statements/for_with_only_one_item.t t/spec/S04-statements/gather.t t/spec/S04-statements/given.t t/spec/S04-statements/if.t t/spec/S04-statements/label.t t/spec/S04-statements/last.t t/spec/S04-statements/loop.t t/spec/S04-statements/map-and-sort-in-for.t t/spec/S04-statements/next.t t/spec/S04-statements/no-implicit-block.t t/spec/S04-statements/once.t t/spec/S04-statements/redo.t t/spec/S04-statements/repeat.t t/spec/S04-statements/return.t t/spec/S04-statements/sink.t t/spec/S04-statements/terminator.t t/spec/S04-statements/try.t t/spec/S04-statements/unless.t t/spec/S04-statements/until.t t/spec/S04-statements/while.t t/spec/S05-capture/caps.t t/spec/S05-capture/dot.t t/spec/S05-capture/match-object.t t/spec/S05-capture/named.t t/spec/S05-capture/subrule.t t/spec/S05-grammar/action-stubs.t t/spec/S05-grammar/inheritance.t t/spec/S05-grammar/methods.t t/spec/S05-grammar/namespace.t t/spec/S05-grammar/parse_and_parsefile.t t/spec/S05-grammar/polymorphism.t t/spec/S05-grammar/protoregex.t t/spec/S05-grammar/protos.t t/spec/S05-grammar/signatures.t t/spec/S05-grammar/ws.t t/spec/S05-interpolation/lexicals.t t/spec/S05-interpolation/regex-in-variable.t t/spec/S05-mass/charsets.t t/spec/S05-mass/named-chars.t t/spec/S05-mass/properties-block.t t/spec/S05-mass/properties-derived.t t/spec/S05-mass/properties-general.t t/spec/S05-mass/properties-script.t t/spec/S05-mass/recursive.t t/spec/S05-mass/rx.t t/spec/S05-mass/stdrules.t t/spec/S05-match/arrayhash.t t/spec/S05-match/blocks.t t/spec/S05-match/capturing-contexts.t t/spec/S05-match/make.t t/spec/S05-match/non-capturing.t t/spec/S05-match/positions.t t/spec/S05-metachars/closure.t t/spec/S05-metachars/line-anchors.t t/spec/S05-metachars/newline.t t/spec/S05-metachars/tilde.t t/spec/S05-metasyntax/angle-brackets.t t/spec/S05-metasyntax/assertions.t t/spec/S05-metasyntax/changed.t t/spec/S05-metasyntax/charset.t t/spec/S05-metasyntax/delimiters.t t/spec/S05-metasyntax/interpolating-closure.t t/spec/S05-metasyntax/litvar.t t/spec/S05-metasyntax/longest-alternative.t t/spec/S05-metasyntax/lookaround.t t/spec/S05-metasyntax/null.t t/spec/S05-metasyntax/proto-token-ltm.t t/spec/S05-metasyntax/regex.t t/spec/S05-metasyntax/repeat.t t/spec/S05-metasyntax/sequential-alternation.t t/spec/S05-metasyntax/single-quotes.t t/spec/S05-metasyntax/unknown.t t/spec/S05-modifier/continue.t t/spec/S05-modifier/counted-match.t t/spec/S05-modifier/counted.t t/spec/S05-modifier/global.t t/spec/S05-modifier/ignorecase.t t/spec/S05-modifier/ii.t t/spec/S05-modifier/overlapping.t t/spec/S05-modifier/perl5_0.t t/spec/S05-modifier/perl5_1.t t/spec/S05-modifier/perl5_2.t t/spec/S05-modifier/perl5_3.t t/spec/S05-modifier/perl5_4.t t/spec/S05-modifier/perl5_5.t t/spec/S05-modifier/perl5_6.t t/spec/S05-modifier/perl5_7.t t/spec/S05-modifier/perl5_8.t t/spec/S05-modifier/pos.t t/spec/S05-modifier/repetition.t t/spec/S05-modifier/sigspace.t t/spec/S05-substitution/67222.t t/spec/S05-substitution/match.t t/spec/S05-substitution/subst.t t/spec/S05-transliteration/79778.t t/spec/S05-transliteration/trans.t t/spec/S05-transliteration/with-closure.t t/spec/S06-advanced/callframe.t t/spec/S06-advanced/callsame.t t/spec/S06-advanced/lexical-subs.t t/spec/S06-advanced/recurse.t t/spec/S06-advanced/return.t t/spec/S06-advanced/wrap.t t/spec/S06-currying/assuming-and-mmd.t t/spec/S06-currying/named.t t/spec/S06-macros/errors.t t/spec/S06-macros/quasi-blocks.t t/spec/S06-macros/unquoting.t t/spec/S06-macros/opaque-ast.t t/spec/S06-multi/lexical-multis.t t/spec/S06-multi/positional-vs-named.t t/spec/S06-multi/proto.t t/spec/S06-multi/redispatch.t t/spec/S06-multi/syntax.t t/spec/S06-multi/type-based.t t/spec/S06-multi/unpackability.t t/spec/S06-multi/value-based.t t/spec/S06-operator-overloading/imported-subs.t t/spec/S06-operator-overloading/methods.t t/spec/S06-operator-overloading/semicolon.t t/spec/S06-operator-overloading/sub.t t/spec/S06-operator-overloading/workout.t t/spec/S06-other/anon-hashes-vs-blocks.t t/spec/S06-other/introspection.t t/spec/S06-other/main-eval.t t/spec/S06-other/main.t t/spec/S06-other/main-usage.t t/spec/S06-other/misc.t t/spec/S06-routine-modifiers/lvalue-subroutines.t t/spec/S06-routine-modifiers/proxy.t t/spec/S06-routine-modifiers/scoped-named-subs.t t/spec/S06-signature/arity.t t/spec/S06-signature/closure-over-parameters.t t/spec/S06-signature/closure-parameters.t t/spec/S06-signature/code.t t/spec/S06-signature/defaults.t t/spec/S06-signature/errors.t t/spec/S06-signature/introspection.t t/spec/S06-signature/mixed-placeholders.t t/spec/S06-signature/multidimensional.t t/spec/S06-signature/named-parameters.t t/spec/S06-signature/named-placeholders.t t/spec/S06-signature/named-renaming.t t/spec/S06-signature/optional.t t/spec/S06-signature/outside-subroutine.t t/spec/S06-signature/passing-arrays.t t/spec/S06-signature/passing-hashes.t t/spec/S06-signature/positional-placeholders.t t/spec/S06-signature/positional.t t/spec/S06-signature/scalar-type.t t/spec/S06-signature/sigilless.t t/spec/S06-signature/slurpy-and-interpolation.t t/spec/S06-signature/slurpy-params.t t/spec/S06-signature/slurpy-placeholders.t t/spec/S06-signature/sub-ref.t t/spec/S06-signature/tree-node-parameters.t t/spec/S06-signature/type-capture.t t/spec/S06-signature/types.t t/spec/S06-signature/unpack-array.t t/spec/S06-signature/unpack-object.t t/spec/S06-signature/unspecified.t t/spec/S06-traits/is-assoc.t t/spec/S06-traits/is-copy.t t/spec/S06-traits/is-readonly.t t/spec/S06-traits/is-rw.t t/spec/S06-traits/misc.t t/spec/S06-traits/precedence.t t/spec/S06-traits/slurpy-is-rw.t t/spec/S09-autovivification/autoincrement.t t/spec/S09-autovivification/autovivification.t t/spec/S09-hashes/objecthash.t t/spec/S09-subscript/slice.t t/spec/S09-typed-arrays/arrays.t t/spec/S09-typed-arrays/hashes.t t/spec/S10-packages/basic.t t/spec/S10-packages/joined-namespaces.t t/spec/S10-packages/precompilation.t t/spec/S10-packages/use-with-class.t t/spec/S11-modules/export.t t/spec/S11-modules/importing.t t/spec/S11-modules/import-multi.t t/spec/S11-modules/import-tag.t t/spec/S11-modules/import.t t/spec/S11-modules/lexical.t t/spec/S11-modules/need.t t/spec/S11-modules/nested.t t/spec/S11-modules/require.t t/spec/S12-attributes/class.t t/spec/S12-attributes/clone.t t/spec/S12-attributes/defaults.t t/spec/S12-attributes/delegation.t t/spec/S12-attributes/inheritance.t t/spec/S12-attributes/instance.t t/spec/S12-attributes/mutators.t t/spec/S12-attributes/recursive.t t/spec/S12-attributes/undeclared.t t/spec/S12-class/anonymous.t t/spec/S12-class/attributes.t t/spec/S12-class/augment-supersede.t t/spec/S12-class/basic.t t/spec/S12-class/declaration-order.t t/spec/S12-class/extending-arrays.t t/spec/S12-class/inheritance-class-methods.t t/spec/S12-class/inheritance.t t/spec/S12-class/instantiate.t t/spec/S12-class/interface-consistency.t t/spec/S12-class/lexical.t t/spec/S12-class/literal.t t/spec/S12-class/magical-vars.t t/spec/S12-class/mro.t t/spec/S12-class/namespaced.t t/spec/S12-class/open.t t/spec/S12-class/rw.t t/spec/S12-class/self-inheritance.t t/spec/S12-class/stubs.t t/spec/S12-class/type-object.t t/spec/S12-construction/autopairs.t t/spec/S12-construction/BUILD.t t/spec/S12-construction/construction.t t/spec/S12-construction/named-params-in-BUILD.t t/spec/S12-construction/new.t t/spec/S12-enums/anonymous.t t/spec/S12-enums/as-role.t t/spec/S12-enums/basic.t t/spec/S12-enums/misc.t t/spec/S12-enums/non-int.t t/spec/S12-enums/pseudo-functional.t t/spec/S12-enums/thorough.t t/spec/S12-introspection/attributes.t t/spec/S12-introspection/can.t t/spec/S12-introspection/definite.t t/spec/S12-introspection/meta-class.t t/spec/S12-introspection/methods.t t/spec/S12-introspection/parents.t t/spec/S12-introspection/roles.t t/spec/S12-introspection/walk.t t/spec/S12-introspection/WHAT.t t/spec/S12-meta/exporthow.t t/spec/S12-meta/primitives.t t/spec/S12-methods/accessors.t t/spec/S12-methods/attribute-params.t t/spec/S12-methods/calling_sets.t t/spec/S12-methods/calling_syntax.t t/spec/S12-methods/chaining.t t/spec/S12-methods/class-and-instance.t t/spec/S12-methods/delegation.t t/spec/S12-methods/default-trait.t t/spec/S12-methods/defer-call.t t/spec/S12-methods/defer-next.t t/spec/S12-methods/fallback.t t/spec/S12-methods/how.t t/spec/S12-methods/indirect_notation.t t/spec/S12-methods/instance.t t/spec/S12-methods/lastcall.t t/spec/S12-methods/lvalue.t t/spec/S12-methods/method-vs-sub.t t/spec/S12-methods/multi.t t/spec/S12-methods/parallel-dispatch.t t/spec/S12-methods/private.t t/spec/S12-methods/qualified.t t/spec/S12-methods/submethods.t t/spec/S12-methods/syntax.t t/spec/S12-methods/topic.t t/spec/S12-methods/trusts.t t/spec/S12-methods/typed-attributes.t t/spec/S12-methods/what.t t/spec/S12-subset/multi-dispatch.t t/spec/S12-subset/subtypes.t t/spec/S13-overloading/metaoperators.t t/spec/S13-overloading/operators.t t/spec/S13-overloading/typecasting-long.t t/spec/S13-overloading/typecasting-mixed.t t/spec/S13-overloading/typecasting-short.t t/spec/S13-type-casting/methods.t t/spec/S14-roles/anonymous.t t/spec/S14-roles/attributes.t t/spec/S14-roles/basic.t t/spec/S14-roles/bool.t t/spec/S14-roles/composition.t t/spec/S14-roles/conflicts.t t/spec/S14-roles/crony.t t/spec/S14-roles/instantiation.t t/spec/S14-roles/lexical.t t/spec/S14-roles/mixin.t t/spec/S14-roles/namespaced.t t/spec/S14-roles/parameterized-basic.t t/spec/S14-roles/parameterized-mixin.t t/spec/S14-roles/parameterized-type.t t/spec/S14-roles/parameter-subtyping.t t/spec/S14-roles/stubs.t t/spec/S14-roles/submethods.t t/spec/S14-traits/attributes.t t/spec/S14-traits/routines.t t/spec/S15-unicode-information/uniname.t t/spec/S15-unicode-information/unimatch-general.t t/spec/S15-unicode-information/unival.t t/spec/S16-filehandles/chmod.t t/spec/S16-filehandles/filestat.t t/spec/S16-filehandles/filetest.t t/spec/S16-filehandles/io_in_for_loops.t t/spec/S16-filehandles/io_in_while_loops.t t/spec/S16-filehandles/io.t t/spec/S16-filehandles/mkdir_rmdir.t t/spec/S16-filehandles/open.t t/spec/S16-filehandles/unlink.t t/spec/S16-io/bare-say.t t/spec/S16-io/basic-open.t t/spec/S16-io/cwd.t t/spec/S16-io/getc.t t/spec/S16-io/say-and-ref.t t/spec/S16-io/say.t t/spec/S16-io/tmpdir.t t/spec/S16-unfiled/rebindstdhandles.t t/spec/S17-channel/basic.t t/spec/S17-channel/earliest.t t/spec/S17-lowlevel/thread.t t/spec/S17-procasync/basic.t t/spec/S17-promise/allof.t t/spec/S17-promise/anyof.t t/spec/S17-promise/basic.t t/spec/S17-promise/in.t t/spec/S17-promise/start.t t/spec/S17-promise/then.t t/spec/S17-scheduler/at.t t/spec/S17-scheduler/basic.t t/spec/S17-scheduler/every.t t/spec/S17-scheduler/in.t t/spec/S17-scheduler/times.t t/spec/S17-supply/act.t t/spec/S17-supply/basic.t t/spec/S17-supply/batch.t t/spec/S17-supply/categorize.t t/spec/S17-supply/Channel.t t/spec/S17-supply/classify.t t/spec/S17-supply/delay.t t/spec/S17-supply/do.t t/spec/S17-supply/elems.t t/spec/S17-supply/flat.t t/spec/S17-supply/for.t t/spec/S17-supply/grab.t t/spec/S17-supply/grep.t t/spec/S17-supply/interval.t t/spec/S17-supply/last.t t/spec/S17-supply/lines.t t/spec/S17-supply/list.t t/spec/S17-supply/map.t t/spec/S17-supply/max.t t/spec/S17-supply/merge.t t/spec/S17-supply/migrate.t t/spec/S17-supply/min.t t/spec/S17-supply/minmax.t t/spec/S17-supply/on.t t/spec/S17-supply/Promise.t t/spec/S17-supply/reduce.t t/spec/S17-supply/reverse.t t/spec/S17-supply/rotor.t t/spec/S17-supply/schedule_on.t t/spec/S17-supply/sort.t t/spec/S17-supply/squish.t t/spec/S17-supply/stable.t t/spec/S17-supply/start.t t/spec/S17-supply/unique.t t/spec/S17-supply/wait.t t/spec/S17-supply/watch_path.t t/spec/S17-supply/words.t t/spec/S17-supply/zip.t t/spec/S17-supply/zip-latest.t t/spec/S19-command-line/arguments.t t/spec/S19-command-line/dash-e.t t/spec/S19-command-line/help.t t/spec/S19-command-line/repl.t t/spec/S19-command-line-options/02-dash-n.t t/spec/S19-command-line-options/03-dash-p.t t/spec/S22-package-format/local.t t/spec/S24-testing/0-compile.t t/spec/S26-documentation/01-delimited.t t/spec/S26-documentation/02-paragraph.t t/spec/S26-documentation/03-abbreviated.t t/spec/S26-documentation/04-code.t t/spec/S26-documentation/05-comment.t t/spec/S26-documentation/06-lists.t t/spec/S26-documentation/07-tables.t t/spec/S26-documentation/08-formattingcodes.t t/spec/S26-documentation/09-configuration.t t/spec/S26-documentation/10-doc-cli.t t/spec/S26-documentation/module-comment.t t/spec/S26-documentation/multiline-leading.t t/spec/S26-documentation/multiline-trailing.t t/spec/S26-documentation/wacky.t t/spec/S26-documentation/why-both.t t/spec/S26-documentation/why-trailing.t t/spec/S26-documentation/why-leading.t t/spec/S28-named-variables/cwd.t t/spec/S28-named-variables/inc.t t/spec/S29-any/cmp.t t/spec/S29-any/isa.t t/spec/S29-context/die.t t/spec/S29-context/eval.t t/spec/S29-context/exit-in-if.t t/spec/S29-context/exit.t t/spec/S29-context/sleep.t t/spec/S29-conversions/hash.t t/spec/S29-conversions/ord_and_chr.t t/spec/S29-os/system.t t/spec/S32-array/bool.t t/spec/S32-array/create.t t/spec/S32-array/delete.t t/spec/S32-array/delete-adverb.t t/spec/S32-array/delete-adverb-native.t t/spec/S32-array/elems.t t/spec/S32-array/end.t t/spec/S32-array/exists-adverb.t t/spec/S32-array/keys_values.t t/spec/S32-array/kv.t t/spec/S32-array/pairs.t t/spec/S32-array/perl.t t/spec/S32-array/pop.t t/spec/S32-array/push.t t/spec/S32-array/rotate.t t/spec/S32-array/shift.t t/spec/S32-array/splice.t t/spec/S32-array/unshift.t t/spec/S32-basics/warn.t t/spec/S32-container/roundrobin.t t/spec/S32-container/stringify.t t/spec/S32-container/zip.t t/spec/S32-exceptions/misc.t t/spec/S32-hash/delete.t t/spec/S32-hash/delete-adverb.t t/spec/S32-hash/exists.t t/spec/S32-hash/exists-adverb.t t/spec/S32-hash/invert.t t/spec/S32-hash/keys_values.t t/spec/S32-hash/kv.t t/spec/S32-hash/pairs.t t/spec/S32-hash/perl.t t/spec/S32-hash/push.t t/spec/S32-hash/slice.t t/spec/S32-io/chdir.t t/spec/S32-io/copy.t t/spec/S32-io/dir.t t/spec/S32-io/file-tests.t t/spec/S32-io/io-spec-unix.t t/spec/S32-io/io-spec-win.t t/spec/S32-io/io-spec-cygwin.t t/spec/S32-io/io-path-unix.t t/spec/S32-io/io-path-win.t t/spec/S32-io/io-path-cygwin.t t/spec/S32-io/io-path.t t/spec/S32-io/note.t t/spec/S32-io/other.t t/spec/S32-io/slurp.t t/spec/S32-io/spurt.t t/spec/S32-list/categorize.t t/spec/S32-list/classify.t t/spec/S32-list/create.t t/spec/S32-list/combinations.t t/spec/S32-list/end.t t/spec/S32-list/first.t t/spec/S32-list/first-index.t t/spec/S32-list/grep.t t/spec/S32-list/grep-index.t t/spec/S32-list/join.t t/spec/S32-list/last-index.t t/spec/S32-list/map_function_return_values.t t/spec/S32-list/map.t t/spec/S32-list/minmax.t t/spec/S32-list/permutations.t t/spec/S32-list/pick.t t/spec/S32-list/reduce.t t/spec/S32-list/reverse.t t/spec/S32-list/roll.t t/spec/S32-list/sort.t t/spec/S32-list/uniq.t t/spec/S32-list/squish.t t/spec/S32-num/abs.t t/spec/S32-num/base.t t/spec/S32-num/complex.t t/spec/S32-num/cool-num.t t/spec/S32-num/exp.t t/spec/S32-num/expmod.t t/spec/S32-num/fatrat.t t/spec/S32-num/int.t t/spec/S32-num/is-prime.t t/spec/S32-num/log.t t/spec/S32-num/narrow.t t/spec/S32-num/pi.t t/spec/S32-num/polar.t t/spec/S32-num/power.t t/spec/S32-num/rand.t t/spec/S32-num/rat.t t/spec/S32-num/real-bridge.t t/spec/S32-num/roots.t t/spec/S32-num/rounders.t t/spec/S32-num/rshift_pos_amount.t t/spec/S32-num/sign.t t/spec/S32-num/sqrt.t t/spec/S32-num/stringify.t t/spec/S32-num/unpolar.t t/spec/S32-scalar/defined.t t/spec/S32-scalar/perl.t t/spec/S32-scalar/undef.t t/spec/S32-str/append.t t/spec/S32-str/bool.t t/spec/S32-str/capitalize.t t/spec/S32-str/chomp.t t/spec/S32-str/chop.t t/spec/S32-str/comb.t t/spec/S32-str/encode.t t/spec/S32-str/flip.t t/spec/S32-str/indent.t t/spec/S32-str/index.t t/spec/S32-str/lc.t t/spec/S32-str/lines.t t/spec/S32-str/numeric.t t/spec/S32-str/ords.t t/spec/S32-str/pack.t t/spec/S32-str/pos.t t/spec/S32-str/rindex.t t/spec/S32-str/samecase.t t/spec/S32-str/split-simple.t t/spec/S32-str/split.t t/spec/S32-str/sprintf.t t/spec/S32-str/substr.t t/spec/S32-str/substr-rw.t t/spec/S32-str/tc.t t/spec/S32-str/tclc.t t/spec/S32-str/trim.t t/spec/S32-str/uc.t t/spec/S32-str/unpack.t t/spec/S32-str/words.t t/spec/S32-temporal/calendar.t t/spec/S32-temporal/Date.t t/spec/S32-temporal/DateTime-Instant-Duration.t t/spec/S32-temporal/DateTime.t t/spec/S32-temporal/local.t t/spec/S32-trig/atan2.t t/spec/S32-trig/cosech.t t/spec/S32-trig/cosec.t t/spec/S32-trig/cosh.t t/spec/S32-trig/cos.t t/spec/S32-trig/cotanh.t t/spec/S32-trig/cotan.t t/spec/S32-trig/e.t t/spec/S32-trig/pi.t t/spec/S32-trig/sech.t t/spec/S32-trig/sec.t t/spec/S32-trig/simple.t t/spec/S32-trig/sinh.t t/spec/S32-trig/sin.t t/spec/S32-trig/tanh.t t/spec/S32-trig/tan.t t/spec/integration/99problems-01-to-10.t t/spec/integration/99problems-11-to-20.t t/spec/integration/99problems-21-to-30.t t/spec/integration/99problems-31-to-40.t t/spec/integration/99problems-41-to-50.t t/spec/integration/99problems-51-to-60.t t/spec/integration/99problems-61-to-70.t t/spec/integration/advent2009-day01.t t/spec/integration/advent2009-day02.t t/spec/integration/advent2009-day03.t t/spec/integration/advent2009-day04.t t/spec/integration/advent2009-day05.t t/spec/integration/advent2009-day06.t t/spec/integration/advent2009-day07.t t/spec/integration/advent2009-day08.t t/spec/integration/advent2009-day09.t t/spec/integration/advent2009-day10.t t/spec/integration/advent2009-day11.t t/spec/integration/advent2009-day12.t t/spec/integration/advent2009-day13.t t/spec/integration/advent2009-day14.t t/spec/integration/advent2009-day15.t t/spec/integration/advent2009-day16.t t/spec/integration/advent2009-day17.t t/spec/integration/advent2009-day18.t t/spec/integration/advent2009-day19.t t/spec/integration/advent2009-day20.t t/spec/integration/advent2009-day21.t t/spec/integration/advent2009-day22.t t/spec/integration/advent2009-day23.t t/spec/integration/advent2009-day24.t t/spec/integration/advent2010-day03.t t/spec/integration/advent2010-day04.t t/spec/integration/advent2010-day06.t t/spec/integration/advent2010-day07.t t/spec/integration/advent2010-day08.t t/spec/integration/advent2010-day10.t t/spec/integration/advent2010-day11.t t/spec/integration/advent2010-day12.t t/spec/integration/advent2010-day14.t t/spec/integration/advent2010-day16.t t/spec/integration/advent2010-day19.t t/spec/integration/advent2010-day21.t t/spec/integration/advent2010-day22.t t/spec/integration/advent2010-day23.t t/spec/integration/advent2011-day03.t t/spec/integration/advent2011-day04.t t/spec/integration/advent2011-day05.t t/spec/integration/advent2011-day07.t t/spec/integration/advent2011-day10.t t/spec/integration/advent2011-day11.t t/spec/integration/advent2011-day14.t t/spec/integration/advent2011-day15.t t/spec/integration/advent2011-day16.t t/spec/integration/advent2011-day20.t t/spec/integration/advent2011-day22.t t/spec/integration/advent2011-day23.t t/spec/integration/advent2011-day24.t t/spec/integration/advent2012-day02.t t/spec/integration/advent2012-day03.t t/spec/integration/advent2012-day04.t t/spec/integration/advent2012-day06.t t/spec/integration/advent2012-day09.t t/spec/integration/advent2012-day10.t t/spec/integration/advent2012-day12.t t/spec/integration/advent2012-day13.t t/spec/integration/advent2012-day14.t t/spec/integration/advent2012-day15.t t/spec/integration/advent2012-day16.t t/spec/integration/advent2012-day19.t t/spec/integration/advent2012-day20.t t/spec/integration/advent2012-day21.t t/spec/integration/advent2012-day22.t t/spec/integration/advent2012-day23.t t/spec/integration/advent2012-day24.t t/spec/integration/advent2013-day02.t t/spec/integration/advent2013-day04.t t/spec/integration/advent2013-day06.t t/spec/integration/advent2013-day07.t t/spec/integration/advent2013-day08.t t/spec/integration/advent2013-day09.t t/spec/integration/advent2013-day10.t t/spec/integration/advent2013-day12.t t/spec/integration/advent2013-day14.t t/spec/integration/advent2013-day15.t t/spec/integration/advent2013-day18.t t/spec/integration/advent2013-day19.t t/spec/integration/advent2013-day20.t t/spec/integration/advent2013-day21.t t/spec/integration/advent2013-day22.t t/spec/integration/advent2013-day23.t t/spec/integration/advent2014-day05.t t/spec/integration/advent2014-day13.t t/spec/integration/advent2014-day16.t t/spec/integration/code-blocks-as-sub-args.t t/spec/integration/error-reporting.t t/spec/integration/lazy-bentley-generator.t t/spec/integration/lexical-array-in-inner-block.t t/spec/integration/lexicals-and-attributes.t t/spec/integration/man-or-boy.t t/spec/integration/method-calls-and-instantiation.t t/spec/integration/no-indirect-new.t t/spec/integration/packages.t t/spec/integration/pair-in-array.t t/spec/integration/passing-pair-class-to-sub.t t/spec/integration/real-strings.t t/spec/integration/role-composition-vs-attribute.t t/spec/integration/rule-in-class-Str.t t/spec/integration/say-crash.t t/spec/integration/substr-after-match-in-gather-in-for.t t/spec/integration/topic_in_double_loop.t t/spec/integration/variables-in-do.t t/spec/integration/weird-errors.t t/spec/rosettacode/greatest_element_of_a_list.t t/spec/rosettacode/sierpinski_triangle.t t/spec/S32-io/IO-Socket-INET.t
                                                   pass fail todo skip plan
S02-lexical-conventions/begin_end_pod.t............   1    0    0    0    1
S02-lexical-conventions/bom.t......................   1    0    0    0    1
S02-lexical-conventions/comments.rakudo.moar.......  49    0    0    2   51
     2 skipped: NYI, and hangs on JVM
S02-lexical-conventions/end-pod.t..................   1    0    0    0    1
S02-lexical-conventions/minimal-whitespace.t.......   9    0    0    0    9
S02-lexical-conventions/one-pass-parsing.t.........   3    0    0    0    3
S02-lexical-conventions/pod-in-multi-line-exprs.t..   3    0    0    0    3
S02-lexical-conventions/sub-block-parsing.t........  11    0    0    0   11
S02-lexical-conventions/unicode-whitespace.t.......  50    0    0    0   50
S02-lexical-conventions/unicode.rakudo.moar........  42    0    0    2   44
     2 skipped: VOWEL SIGNs in identifiers; RT #122340
S02-lexical-conventions/unspace.rakudo.moar........    
# Failed test 'code dies'
# at lib/Test.pm line 300
    # Looks like you failed 1 tests of 2
  79    0    1    7   87
     3 skipped: pod and unspace: RT #122343
     4 skipped: =for pod NYI (in STD.pm): RT #122343
     1 todo   : NYI
S02-lists/indexing.t...............................   1    0    0    0    1
S02-lists/tree.t...................................  10    0    0    0   10
S02-literals/adverbs.t.............................  15    0    0    0   15
S02-literals/array-interpolation.t.................  12    0    0    0   12
S02-literals/autoref.t.............................use of uninitialized value of type Any in string context  in block <unit> at t/spec/S02-literals/autoref.t:65

use of uninitialized value of type Any in string context  in block <unit> at t/spec/S02-literals/autoref.t:77

  59    0    0    0   59
S02-literals/char-by-name.rakudo.moar..............   8    0    0    2   10
     1 skipped: \c[LINE FEED] not valid: RT #117683
     1 skipped: \c[LF] not valid: RT #117683
S02-literals/char-by-number.t......................  38    0    0    0   38
S02-literals/fmt-interpolation.t...................  11    0    0    0   11
S02-literals/hash-interpolation.t..................  10    0    0    0   10
S02-literals/heredocs.t............................  16    0    0    0   16
S02-literals/hex_chars.t...........................   4    0    0    0    4
S02-literals/listquote-whitespace.t................  12    0    0    0   12
S02-literals/listquote.rakudo.moar.................  19    0    4    1   24
     1 skipped: meta operators
     4 todo   : IntStr/RatStr/NumStr types NYI
S02-literals/misc-interpolation.t..................  50    0    0    0   50
S02-literals/numeric.t.............................  22    0    0    0   22
S02-literals/pair-boolean.t........................   6    0    0    0    6
S02-literals/pairs.rakudo.moar.....................  75    0    2    2   79
     1 skipped: reduce meta op
     1 skipped: prefix:<|>
     1 todo   : prefix:<|>
     1 todo   : reduce meta op
S02-literals/quoting-unicode.t.....................  73    0    0    0   73
S02-literals/quoting.rakudo.moar...................    
# Failed test 'code dies'
# at lib/Test.pm line 300
    # Looks like you failed 1 tests of 2
 160    0    7    3  170
     3 skipped: \c@ etc
     2 todo   : q:x assigned to array
     4 todo   : quoting adverbs
     1 todo   : retriage
S02-literals/radix.rakudo.moar..................... 129    0    6    0  135
     4 todo   : Some question of what this form should actually do
     1 todo   : Really?!
     1 todo   : This needs an RT
S02-literals/string-interpolation.t................Potential difficulties:
    Leading 0 does not indicate octal in Perl 6; please use 0o1 if you mean that
    at t/spec/S02-literals/string-interpolation.t:10
    ------> [32m    is "{\01[33m⏏[31m;42}", "42", '{\\01 parses correctly (1)[0m
    Leading 0 does not indicate octal in Perl 6; please use 0o1 if you mean that
    at t/spec/S02-literals/string-interpolation.t:11
    ------> [32m    is "{;\01[33m⏏[31m;42}", "42", '{\\01 parses correctly (2)[0m
    Leading 0 does not indicate octal in Perl 6; please use 0o1 if you mean that
    at t/spec/S02-literals/string-interpolation.t:12
    ------> [32m    is "{;;;;;;\01[33m⏏[31m;42}", "42", '{\\01 parses correctly (3)[0m
  15    0    0    0   15
S02-literals/sub-calls.t...........................  20    0    0    0   20
S02-literals/subscript.t...........................   2    0    0    0    2
S02-literals/types.t...............................   7    0    0    0    7
S02-literals/underscores.t.........................  19    0    0    0   19
S02-literals/version.rakudo.moar...................  27    0    3    0   30
     3 todo   : trailing zeroes fail
S02-magicals/78258.t...............................   1    0    0    0    1
S02-magicals/DISTRO.rakudo.moar....................use of uninitialized value of type Blob in string context  in any  at src/gen/m-Metamodel.nqp:1510

use of uninitialized value of type Str in string context  in block <unit> at t/spec/S02-magicals/DISTRO.rakudo.moar:51

  11    0    3   14   28
    14 skipped: unimpl $?DISTRO
     2 todo   : no Distro.signature yet
     1 todo   : no Distro.desc yet
S02-magicals/KERNEL.rakudo.moar....................use of uninitialized value of type Blob in string context  in any  at src/gen/m-Metamodel.nqp:1510

use of uninitialized value of type Str in string context  in block <unit> at t/spec/S02-magicals/KERNEL.rakudo.moar:39

  20    0    3   16   39
    16 skipped: unimpl $?KERNEL
     1 todo   : no Kernel.desc yet
     2 todo   : no Kernel.signature yet
S02-magicals/PERL.rakudo.moar......................use of uninitialized value of type Blob in string context  in any  at src/gen/m-Metamodel.nqp:1510

use of uninitialized value of type Str in string context  in block <unit> at t/spec/S02-magicals/PERL.rakudo.moar:53

use of uninitialized value of type Blob in string context  in any  at src/gen/m-Metamodel.nqp:1510

use of uninitialized value of type Str in string context  in block <unit> at t/spec/S02-magicals/PERL.rakudo.moar:78

  17    0    8   25   50
    25 skipped: unimpl $?PERL
     1 todo   : no Perl.compiler.codename yet
     1 todo   : no Perl.compiler.release yet
     2 todo   : no Perl.signature yet
     1 todo   : no Perl.compiler.desc yet
     1 todo   : no Perl.desc yet
     2 todo   : no Perl.compiler.signature yet
S02-magicals/VM.rakudo.moar........................use of uninitialized value of type Blob in string context  in any  at src/gen/m-Metamodel.nqp:1510

use of uninitialized value of type Str in string context  in block <unit> at t/spec/S02-magicals/VM.rakudo.moar:52

  12    0    3   17   32
     2 skipped: VM.properties does not exist
    15 skipped: unimpl $?VM
     2 todo   : no VM.signature yet
     1 todo   : no VM.desc yet
S02-magicals/args.t................................   6    0    0    0    6
S02-magicals/dollar-underscore.rakudo.moar.........  10    0    0    1   11
     1 skipped: for() with nullary block
S02-magicals/dollar_bang.t.........................  15    0    0    0   15
S02-magicals/env.rakudo.moar.......................# %*ENV<PUGS_ROCKS>=
# %*ENV<PUGS_ROCKS>=
  16    0    0    1   17
     1 skipped: import fails, ENV not available: RT #122339
S02-magicals/file_line.t...........................   2    0    0    0    2
S02-magicals/pid.t.................................   2    0    0    0    2
S02-magicals/progname.t............................   4    0    0    0    4
S02-magicals/sub.t.................................Code object coerced to string (please use .gist or .perl to do that)  in sub is at lib/Test.pm:113

Code object coerced to string (please use .gist or .perl to do that)  in sub is at lib/Test.pm:113

Code object coerced to string (please use .gist or .perl to do that)  in sub is at lib/Test.pm:113

Code object coerced to string (please use .gist or .perl to do that)  in sub is at lib/Test.pm:113

Code object coerced to string (please use .gist or .perl to do that)  in sub is at lib/Test.pm:113

Code object coerced to string (please use .gist or .perl to do that)  in sub is at lib/Test.pm:113

   6    0    0    0    6
S02-names-vars/contextual.t........................  23    0    0    0   23
S02-names-vars/fmt.t...............................  21    0    0    0   21
S02-names-vars/list_array_perl.rakudo.moar.........  19    0    1    2   22
     2 skipped: recursive data structure
     1 todo   : List.perl bug
S02-names-vars/names.rakudo.moar................... 131    0    0   13  144
     7 skipped: package variable autovivification
     2 skipped: this kind of lookup NYI
     4 skipped: ::{ } package lookup NYI
S02-names-vars/perl.rakudo.moar....................use of uninitialized value of type Mu in string context  in block  at t/spec/S02-names-vars/perl.rakudo.moar:57

use of uninitialized value of type Mu in string context  in block  at t/spec/S02-names-vars/perl.rakudo.moar:58

use of uninitialized value of type Mu in string context  in block  at t/spec/S02-names-vars/perl.rakudo.moar:58

  96    0    0    3   99
     1 skipped: RT #67790
     2 skipped: recursive data structure RT #122286
S02-names-vars/signature.rakudo.moar...............  11    0    2    0   13
     2 todo   : eqv on signatures
S02-names-vars/variables-and-packages.rakudo.moar..  35    0    3    0   38
     3 todo   : nom regression: RT #122346
S02-names-vars/varnames.rakudo.moar................  10    0    2    1   13
     1 skipped: NYI
     2 todo   : cannot easily override [] at the moment
S02-names/bare-sigil.t.............................  10    0    0    0   10
S02-names/caller.t.................................  15    0    0    0   15
S02-names/identifier.t.............................  22    0    0    0   22
S02-names/indirect.t...............................   6    0    0    0    6
S02-names/is_cached.t..............................  38    0    0    0   38
S02-names/is_default.t............................. 114    0    0    0  114
S02-names/is_dynamic.t.............................  22    0    0    0   22
S02-names/name.t...................................  15    0    0    0   15
S02-names/our.rakudo.moar..........................   9    0    0    1   10
     1 skipped: OUR::subname() does not work
S02-names/pseudo.rakudo.moar.......................use of uninitialized value $got of type Any in string context  in sub is at lib/Test.pm:113

use of uninitialized value $got of type Any in string context  in sub is at lib/Test.pm:117

use of uninitialized value $got of type Any in string context  in sub is at lib/Test.pm:113

use of uninitialized value $got of type Any in string context  in sub is at lib/Test.pm:117

use of uninitialized value $got of type Any in string context  in sub is at lib/Test.pm:113

use of uninitialized value $got of type Any in string context  in sub is at lib/Test.pm:117

use of uninitialized value $got of type Any in string context  in sub is at lib/Test.pm:113

use of uninitialized value $got of type Any in string context  in sub is at lib/Test.pm:117

  46    0    8   88  142
    23 skipped: various issues to resolve
    36 skipped: various issues, skipping all for now
     6 skipped: SETTING NYI
    19 skipped: CORE NYI
     4 skipped: the binding in here is NYI
     1 todo   : GLOBAL and interpolation
     1 todo   : interpolation and auto-viv NYI
     2 todo   : not entirely sure these make sense...
     2 todo   : binding and interpolation together NYI
     2 todo   : these tests disagree with STD
S02-names/strict.rakudo.moar.......................   4    0    0    1    5
     1 skipped: lax mode does not propagate into EVAL yet
S02-names/symbolic-deref.rakudo.moar...............  30    0    2    3   35
     1 skipped: no such symbol
     2 skipped: NYI
     1 todo   : no such symbol
     1 todo   : NYI
S02-one-pass-parsing/less-than.t...................   9    0    0    0    9
S02-packages/package-lookup.t......................   7    0    0    0    7
S02-types/WHICH.t.................................. 590    0    0    0  590
S02-types/anon_block.rakudo.moar...................Code object coerced to string (please use .gist or .perl to do that)  in sub isnt at lib/Test.pm:125

  39    0    1    2   42
     2 skipped: tests don't work if previous test fails
     1 todo   : Parrot support for zero-arg subs?
S02-types/array-shapes.rakudo.moar.................   6    0    0   19   25
    15 skipped: array shapes NYI
     4 skipped: native arrays NYI
S02-types/array.rakudo.moar........................use of uninitialized value @bar of type Str in string context  in block  at t/spec/S02-types/array.rakudo.moar:359

  93    0    0    2   95
     2 skipped: multi-dim arrays NYI
S02-types/array_extending.t........................use of uninitialized value of type Any in string context  in block <unit> at t/spec/S02-types/array_extending.t:100

use of uninitialized value of type Any in string context  in block <unit> at t/spec/S02-types/array_extending.t:100

use of uninitialized value of type Any in string context  in block  at t/spec/S02-types/array_extending.t:102

use of uninitialized value of type Any in string context  in block  at t/spec/S02-types/array_extending.t:102

  21    0    0    0   21
S02-types/array_ref.t..............................  45    0    0    0   45
S02-types/assigning-refs.rakudo.moar...............Saw 1 call to deprecated code during execution.
================================================================================
%hash = itemized hash called at:
  t/spec/S02-types/assigning-refs.rakudo.moar, lines 37,47,57
Deprecated since v2014.7, will be removed with release v2015.7!
Please use %hash = %(itemized hash) instead.
--------------------------------------------------------------------------------
Please contact the author to have these calls to deprecated code adapted,
so that this message will disappear!

Please note that *ALL* deprecated features will be removed at the release
of Perl 6.0.0 (expected sometime in 2015).
  15    0    3    0   18
     3 todo   : deprecated %h = {...} for now
S02-types/autovivification.t.......................  25    0    0    0   25
S02-types/bag.rakudo.moar.......................... 191    0    2    3  196
     3 skipped: No longer Iterable
     1 todo   : Not properly interpolating
     1 todo   : we have not secured .WHICH creation yet
S02-types/baghash.rakudo.moar...................... 223    0    3   24  250
    21 skipped: 'is ObjectType' NYI
     3 skipped: No longer Iterable
     2 todo   : in flux
     1 todo   : Needs to catch up with spec
S02-types/bool.t...................................  51    0    0    0   51
S02-types/capture.rakudo.moar......................  18    0    2    1   21
     1 skipped: #122555
     2 todo   : nom regression
S02-types/catch_type_cast_mismatch.t...............  11    0    0    0   11
S02-types/declare.rakudo.moar......................  55    0    2   22   79
     1 skipped: StrLen NYI
     1 skipped: Char NYI
     1 skipped: rat NYI
     1 skipped: Ordering NYI
     1 skipped: bit NYI
     1 skipped: Grapheme NYI
     1 skipped: num16  NYI
     1 skipped: OrderingPair NYI
     1 skipped: AnyChar NYI
     1 skipped: Module NYI
     1 skipped: Codepoint NYI
     1 skipped: StrPos NYI
     1 skipped: Byte NYI
     1 skipped: Bit NYI
     1 skipped: Integral NYI
     1 skipped: buf NYI
     1 skipped: KeyExtractor NYI
     1 skipped: Comparator NYI
     1 skipped: CharLingua NYI
     1 skipped: junction NYI
     1 skipped: complex NYI
     1 skipped: Matcher isa NYI
     1 todo   : int NYI
     1 todo   : num NYI
S02-types/deprecations.t...........................  11    0    0    0   11
S02-types/fatrat.t.................................   1    0    0    0    1
S02-types/flattening.t.............................  41    0    0    0   41
S02-types/hash.rakudo.moar.........................  92    0    1    0   93
     1 todo   : auto-vivified binding does not work yet: RT #118947
S02-types/hash_ref.t...............................  31    0    0    0   31
S02-types/infinity.rakudo.moar.....................   6    0    3    4   13
     4 skipped: integer Inf
     3 todo   : Int conversion of NaN and Inf
S02-types/instants-and-durations.t.................  12    0    0    0   12
S02-types/int-uint.t...............................use of uninitialized value of type Int in string context  in block <unit> at EVAL_6:1

use of uninitialized value of type Int in string context  in block <unit> at EVAL_7:1

use of uninitialized value of type Int in string context  in block <unit> at EVAL_8:1

use of uninitialized value of type Int in string context  in block <unit> at EVAL_9:1

use of uninitialized value of type Int in string context  in block <unit> at EVAL_10:1

use of uninitialized value of type Int in string context  in block <unit> at EVAL_11:1

use of uninitialized value of type Int in string context  in block <unit> at EVAL_12:1

use of uninitialized value of type Int in string context  in block <unit> at EVAL_13:1

   1    0    0    0    1
S02-types/isDEPRECATED.rakudo.moar.................  12    0    8    0   20
     8 todo   : NYI
S02-types/lazy-lists.t.............................  23    0    0    0   23
S02-types/lists.rakudo.moar........................  29    0    0    3   32
     3 skipped: list binding
S02-types/mix.rakudo.moar.......................... 174    0    2    3  179
     3 skipped: No longer Iterable
     1 todo   : Not properly interpolating
     1 todo   : we have not secured .WHICH creation yet
S02-types/mixed_multi_dimensional.rakudo.moar......use of uninitialized value $got of type Any in string context  in sub is at lib/Test.pm:113

use of uninitialized value $got of type Any in string context  in sub is at lib/Test.pm:117

  77    0    3    0   80
     2 todo   : unknown
     1 todo   : isa hash
S02-types/mixhash.rakudo.moar...................... 187    0    3   24  214
     3 skipped: No longer Iterable
    21 skipped: 'is ObjectType' NYI
     1 todo   : Needs to catch up with spec
     2 todo   : in flux
S02-types/multi_dimensional_array.rakudo.moar......  48    0    0   10   58
    10 skipped: multi-dim sized arrays NYI
S02-types/nan.rakudo.moar..........................  19    0    0    2   21
     1 skipped: RT #83446
     1 skipped: unspecced and inconsistent
S02-types/native.rakudo.moar.......................  27    0    0    2   29
     2 skipped: RT #102416
S02-types/nested_arrays.t..........................   9    0    0    0    9
S02-types/nested_pairs.t...........................  14    0    0    0   14
S02-types/nil.rakudo.moar..........................use of uninitialized value of type Nil in numeric context  in block <unit> at t/spec/S02-types/nil.rakudo.moar:28

use of uninitialized value of type Nil in numeric context  in block <unit> at t/spec/S02-types/nil.rakudo.moar:29

use of uninitialized value of type Nil in numeric context  in block <unit> at t/spec/S02-types/nil.rakudo.moar:29

    
# Failed test 'code dies'
# at lib/Test.pm line 300
    # Looks like you failed 1 tests of 2
use of uninitialized value $got of type Any in string context  in sub is at lib/Test.pm:113

use of uninitialized value $got of type Any in string context  in sub is at lib/Test.pm:117

  45    0    5    1   51
     1 skipped: triage
     5 todo   : triage
S02-types/num.t....................................  66    0    0    0   66
S02-types/pair.rakudo.moar.........................  96    0    1    2   99
     2 skipped: method($invocant:) syntax missing
     1 todo   : should it really have \n on the end?
S02-types/parcel.t.................................  52    0    0    0   52
S02-types/parsing-bool.t...........................   4    0    0    0    4
S02-types/range.t..................................use of uninitialized value of type Range in numeric context  in block <unit> at t/spec/S02-types/range.t:87

 135    0    0    0  135
S02-types/set.rakudo.moar.......................... 161    0   11    1  173
     1 skipped: Set is no longer Iterable
     1 todo   : we have not secured .WHICH creation yet
     9 todo   : Hypers not yet Set compatible
     1 todo   : Not properly interpolating
S02-types/sethash.rakudo.moar...................... 188    0    0   11  199
     1 skipped: no longer Iterable
    10 skipped: 'is ObjectType' NYI
S02-types/sigils-and-types.rakudo.moar.............  26    0    2    0   28
     1 todo   : Capture does Positional
     1 todo   : Capture does Associative
S02-types/stash.t..................................   1    0    0    0    1
S02-types/subscripts_and_context.t.................   8    0    0    0    8
S02-types/subset.rakudo.moar.......................  42    0    0    1   43
     1 skipped: (noauto) succeeds for the wrong reason (need to test the error)
S02-types/type.rakudo.moar.........................  50    0    1    0   51
     1 todo   : nigh
S02-types/undefined-types.rakudo.moar..............use of uninitialized value $got of type Int in string context  in sub is at lib/Test.pm:113

use of uninitialized value $got of type Int in string context  in sub is at lib/Test.pm:113

use of uninitialized value $got of type Int in string context  in sub is at lib/Test.pm:117

use of uninitialized value $got of type Int in string context  in sub is at lib/Test.pm:113

use of uninitialized value $got of type Int in string context  in sub is at lib/Test.pm:117

use of uninitialized value $got of type Int in string context  in sub is at lib/Test.pm:113

use of uninitialized value $got of type Int in string context  in sub is at lib/Test.pm:117

use of uninitialized value $got of type Int in string context  in sub is at lib/Test.pm:113

use of uninitialized value $got of type Int in string context  in sub is at lib/Test.pm:113

use of uninitialized value $got of type Int in string context  in sub is at lib/Test.pm:117

use of uninitialized value $obj of type Any in string context  in block <unit> at t/spec/S02-types/undefined-types.rakudo.moar:86

use of uninitialized value $int of type Int in string context  in block <unit> at t/spec/S02-types/undefined-types.rakudo.moar:87

use of uninitialized value $obj of type Any in string context  in block <unit> at t/spec/S02-types/undefined-types.rakudo.moar:88

use of uninitialized value $int of type Int in string context  in block <unit> at t/spec/S02-types/undefined-types.rakudo.moar:89

use of uninitialized value $obj of type Any in string context  in block <unit> at t/spec/S02-types/undefined-types.rakudo.moar:91

use of uninitialized value $int of type Int in string context  in block <unit> at t/spec/S02-types/undefined-types.rakudo.moar:92

use of uninitialized value $obj of type Any in string context  in block <unit> at t/spec/S02-types/undefined-types.rakudo.moar:94

use of uninitialized value $int of type Int in string context  in block <unit> at t/spec/S02-types/undefined-types.rakudo.moar:95

use of uninitialized value $obj of type Any in string context  in block <unit> at t/spec/S02-types/undefined-types.rakudo.moar:100

use of uninitialized value $int of type Int in string context  in block <unit> at t/spec/S02-types/undefined-types.rakudo.moar:101

  45    0    4    0   49
     4 todo   : .clone doesn't copy typedness
S02-types/unicode.rakudo.moar......................   2    0    3   11   16
     9 skipped: Bytes/Codes/Graphs NYI
     2 skipped: graphs NYI
     3 todo   : RT #65170
S02-types/version.t................................  36    0    0    0   36
S02-types/whatever.rakudo.moar.....................  78    0    4    5   87
     5 skipped: currying plus meta ops
     1 todo   : * as dummy
     3 todo   : RT #122708 - currying of min/max
                                                   pass fail todo skip plan
S03-binding/arrays.t...............................use of uninitialized value of type Any in string context  in block <unit> at t/spec/S03-binding/arrays.t:44

  47    0    0    0   47
S03-binding/attributes.rakudo.moar.................   9    0    0    3   12
     3 skipped: class attributes
S03-binding/closure.t..............................   8    0    0    0    8
S03-binding/hashes.t...............................  39    0    0    0   39
S03-binding/nested.t...............................  43    0    0    0   43
S03-binding/ro.rakudo.moar.........................   5    0    6    0   11
     2 todo   : nom regression
     4 todo   : ::= on arrays
S03-binding/scalars.rakudo.moar....................  24    0    0    9   33
     9 skipped: list binding: RT #122369
S03-feeds/basic.rakudo.moar........................  10    0    6    8   24
     4 skipped: * feeds
     4 skipped: double-ended feeds
     1 todo   : isn't lazy
     2 todo   : feeds + signatures
     3 todo   : feeds + eager
S03-junctions/associative.t........................  10    0    0    0   10
S03-junctions/autothreading.t......................  89    0    0    0   89
S03-junctions/boolean-context.rakudo.moar..........  76    0    1    0   77
     1 todo   : named unary as function call
S03-junctions/misc.rakudo.moar.....................  99    0    2    4  105
     4 skipped: lower case junction
     2 todo   : nom regression
S03-metaops/cross.rakudo.moar......................  33    0    0    1   34
     1 skipped: .slice for iterators NYI
S03-metaops/eager-hyper.rakudo.moar................   5    0    1    2    8
     2 skipped: hyper prefix NYI
     1 todo   : Array assignment is not lazy -- is this test wrong?
S03-metaops/hyper.rakudo.moar......................use of uninitialized value of type Any in numeric context  in sub hyper at ././CORE.setting.moarvm:1

use of uninitialized value of type Any in numeric context  in sub hyper at ././CORE.setting.moarvm:1

use of uninitialized value of type Any in numeric context  in block <unit> at t/spec/S03-metaops/hyper.rakudo.moar:473

use of uninitialized value of type Any in numeric context  in block <unit> at t/spec/S03-metaops/hyper.rakudo.moar:484

 269    0    7    3  279
     2 skipped: nom regression: possible spec change/improvement
     1 skipped: EVAL(Buf)
     1 todo   : can_meta check for meta operators NYI
     6 todo   : nom regression - whatever extension RT #122230
S03-metaops/not.t..................................  33    0    0    0   33
S03-metaops/reduce.rakudo.moar.....................use of uninitialized value <element> of type Int in string context  in block <unit> at t/spec/S03-metaops/reduce.rakudo.moar:329

use of uninitialized value <element> of type Int in string context  in block <unit> at t/spec/S03-metaops/reduce.rakudo.moar:329

use of uninitialized value <element> of type Int in string context  in block <unit> at t/spec/S03-metaops/reduce.rakudo.moar:329

use of uninitialized value <element> of type Int in string context  in block <unit> at t/spec/S03-metaops/reduce.rakudo.moar:329

use of uninitialized value <element> of type Int in string context  in block <unit> at t/spec/S03-metaops/reduce.rakudo.moar:329

use of uninitialized value <element> of type Int in string context  in block <unit> at t/spec/S03-metaops/reduce.rakudo.moar:329

use of uninitialized value <element> of type Int in string context  in block <unit> at t/spec/S03-metaops/reduce.rakudo.moar:329

use of uninitialized value <element> of type Any in string context  in block <unit> at t/spec/S03-metaops/reduce.rakudo.moar:339

use of uninitialized value <element> of type Any in string context  in block <unit> at t/spec/S03-metaops/reduce.rakudo.moar:342

 358    0    9    0  367
     2 todo   : orelse
     2 todo   : triangle [\^^] and [\xor]
     1 todo   : item context
     1 todo   : RT #79116
     3 todo   : huh?
S03-metaops/reverse.t..............................  36    0    0    0   36
S03-metaops/zip.rakudo.moar........................  21    0    4    2   27
     2 skipped: nom regression RT #122230
     4 todo   : nom regression RT #122230
S03-operators/adverbial-modifiers.rakudo.moar......Code object coerced to string (please use .gist or .perl to do that)  in block <unit> at t/spec/S03-operators/adverbial-modifiers.rakudo.moar:48

Code object coerced to string (please use .gist or .perl to do that)  in block <unit> at t/spec/S03-operators/adverbial-modifiers.rakudo.moar:48

use of uninitialized value $x of type Any in string context  in sub f1 at t/spec/S03-operators/adverbial-modifiers.rakudo.moar:173

  41    0    1    0   42
     1 todo   : Multi colonpair syntax not yet understood
S03-operators/also.rakudo.moar.....................   4    0    4    0    8
     4 todo   : nom regression
S03-operators/andthen.t............................   8    0    0    0    8
S03-operators/arith.t..............................use of uninitialized value of type Int in numeric context  in block <unit> at t/spec/S03-operators/arith.t:361

 156    0    0    0  156
S03-operators/assign-is-not-binding.t..............   8    0    0    0    8
S03-operators/assign.rakudo.moar...................use of uninitialized value $got of type Any in string context  in sub is at lib/Test.pm:113

use of uninitialized value $expected of type Any in string context  in sub is at lib/Test.pm:113

use of uninitialized value $got of type Any in string context  in sub is at lib/Test.pm:113

use of uninitialized value $got of type Any in string context  in sub is at lib/Test.pm:117

use of uninitialized value $got of type Any in string context  in sub is at lib/Test.pm:113

use of uninitialized value $got of type Any in string context  in sub is at lib/Test.pm:117

use of uninitialized value $got of type Any in string context  in sub is at lib/Test.pm:113

use of uninitialized value $got of type Any in string context  in sub is at lib/Test.pm:117

 258    0   23   12  293
     3 skipped: cannot modifiy an immutable value
     2 skipped: RT #76734
     3 skipped: Two terms in a row
     3 skipped: expects a term, found infix >= instead
     1 skipped: Odd number of elements found where hash expected
     1 todo   : item/list assignment
     1 todo   : RT #76414
     5 todo   : list assignment to scalar
     3 todo   : list assignment, autovivification (?)
     1 todo   : list assignment with ($var, *)
     1 todo   : huh?
     1 todo   : RT #80614
     3 todo   : item assignment
     5 todo   : list assignment
     2 todo   : unknown
S03-operators/autoincrement-range.t................# Tests for 'a' .. 'z'
# Tests for 'Α' .. 'Ω' (Greek uppercase)
# Tests for 'α' .. 'ω' (Greek lowercase)
# Tests for 'א' .. 'ת' (Hebrew)
# Tests for '0' .. '9'
# Tests for '٠' .. '٩' (Arabic-Indic)
# Tests for '०' .. '९' (Devangari)
# Tests for '০' .. '৯' (Bengali)
# Tests for '੦' .. '੯' (Gurmukhi)
# Tests for '૦' .. '૯' (Gujarati)
# Tests for '୦' .. '୯' (Oriya)
  96    0    0    0   96
S03-operators/autoincrement.t......................  79    0    0    0   79
S03-operators/autovivification.t...................use of uninitialized value of type Any in numeric context  in block <unit> at t/spec/S03-operators/autovivification.t:84

use of uninitialized value of type Any in numeric context  in block <unit> at t/spec/S03-operators/autovivification.t:95

use of uninitialized value of type Any in string context  in block <unit> at t/spec/S03-operators/autovivification.t:140

  23    0    0    0   23
S03-operators/bag.rakudo.moar...................... 109    0    0   19  128
     4 skipped: Wrong answer at the moment
     8 skipped: Rakudo update in progress, but not done yet
     7 skipped: Crashing
S03-operators/basic-types.t........................  19    0    0    0   19
S03-operators/bit.t................................  38    0    0    0   38
S03-operators/boolean-bitwise.t....................  45    0    0    0   45
S03-operators/brainos.t............................   9    0    0    0    9
S03-operators/buf.t................................Code object coerced to string (please use .gist or .perl to do that)  in block <unit> at t/spec/S03-operators/buf.t:67

Code object coerced to string (please use .gist or .perl to do that)  in block <unit> at t/spec/S03-operators/buf.t:67

use of uninitialized value of type Any in string context  in block <unit> at t/spec/S03-operators/buf.t:93

  38    0    0    0   38
S03-operators/chained-declarators.t................   5    0    0    0    5
S03-operators/cmp.t................................  31    0    0    0   31
S03-operators/comparison-simple.t..................  24    0    0    0   24
S03-operators/comparison.t.........................  41    0    0    0   41
S03-operators/context-forcers.rakudo.moar..........  95    0    0    2   97
     2 skipped: failure modes of Str.Numeric
S03-operators/context.t............................  38    0    0    0   38
S03-operators/custom.t.............................   1    0    0    0    1
S03-operators/div.t................................   7    0    0    0    7
S03-operators/equality.t...........................use of uninitialized value $foo of type Any in string context  in block <unit> at t/spec/S03-operators/equality.t:29

use of uninitialized value $foo of type Any in string context  in block <unit> at t/spec/S03-operators/equality.t:30

use of uninitialized value @foo of type Any in string context  in block <unit> at t/spec/S03-operators/equality.t:33

use of uninitialized value @foo of type Any in string context  in block <unit> at t/spec/S03-operators/equality.t:34

use of uninitialized value $foo of type Any in string context  in block <unit> at t/spec/S03-operators/equality.t:54

use of uninitialized value $foo of type Any in string context  in block <unit> at t/spec/S03-operators/equality.t:56

use of uninitialized value $foo of type Any in string context  in block <unit> at t/spec/S03-operators/equality.t:57

use of uninitialized value $foo of type Any in string context  in block <unit> at t/spec/S03-operators/equality.t:57

use of uninitialized value of type Any in numeric context  in block <unit> at t/spec/S03-operators/equality.t:62

use of uninitialized value of type Any in numeric context  in block <unit> at t/spec/S03-operators/equality.t:63

  32    0    0    0   32
S03-operators/eqv.rakudo.moar......................  50    0    3    1   54
     1 skipped: huh?
     3 todo   : huh?
S03-operators/fiddly.t.............................   1    0    0    0    1
S03-operators/flip-flop.rakudo.moar................use of uninitialized value $i of type Any in string context  in sub test_ff_cnt at t/spec/S03-operators/flip-flop.rakudo.moar:60

use of uninitialized value $i of type Any in string context  in sub test_ff_cnt at t/spec/S03-operators/flip-flop.rakudo.moar:60

use of uninitialized value $i of type Any in string context  in sub test_ff_cnt at t/spec/S03-operators/flip-flop.rakudo.moar:60

use of uninitialized value $i of type Any in string context  in sub test_ff_cnt at t/spec/S03-operators/flip-flop.rakudo.moar:60

use of uninitialized value $i of type Any in string context  in sub test_ff_cnt at t/spec/S03-operators/flip-flop.rakudo.moar:60

use of uninitialized value $i of type Any in string context  in sub test_ff_cnt at t/spec/S03-operators/flip-flop.rakudo.moar:60

use of uninitialized value $i of type Any in string context  in sub test_ff_cnt at t/spec/S03-operators/flip-flop.rakudo.moar:60

use of uninitialized value $i of type Any in string context  in sub test_ff_cnt at t/spec/S03-operators/flip-flop.rakudo.moar:60

use of uninitialized value $i of type Any in string context  in sub test_ff_cnt at t/spec/S03-operators/flip-flop.rakudo.moar:60

use of uninitialized value $i of type Any in string context  in sub test_ff_cnt at t/spec/S03-operators/flip-flop.rakudo.moar:60

use of uninitialized value $i of type Any in string context  in sub test_ff_cnt at t/spec/S03-operators/flip-flop.rakudo.moar:60

use of uninitialized value $i of type Any in string context  in sub test_ff_cnt at t/spec/S03-operators/flip-flop.rakudo.moar:60

use of uninitialized value $i of type Any in string context  in sub test_ff_cnt at t/spec/S03-operators/flip-flop.rakudo.moar:60

use of uninitialized value $i of type Any in string context  in sub test_ff_cnt at t/spec/S03-operators/flip-flop.rakudo.moar:58

use of uninitialized value $i of type Any in string context  in sub test_ff_cnt at t/spec/S03-operators/flip-flop.rakudo.moar:58

use of uninitialized value $i of type Any in string context  in sub test_ff_cnt at t/spec/S03-operators/flip-flop.rakudo.moar:58

use of uninitialized value $i of type Any in string context  in sub test_ff_cnt at t/spec/S03-operators/flip-flop.rakudo.moar:58

use of uninitialized value $i of type Any in string context  in sub test_ff_cnt at t/spec/S03-operators/flip-flop.rakudo.moar:58

use of uninitialized value $i of type Any in string context  in sub test_ff_cnt at t/spec/S03-operators/flip-flop.rakudo.moar:60

use of uninitialized value $i of type Any in string context  in sub test_ff_cnt at t/spec/S03-operators/flip-flop.rakudo.moar:60

use of uninitialized value $i of type Any in string context  in sub test_ff_cnt at t/spec/S03-operators/flip-flop.rakudo.moar:60

use of uninitialized value $i of type Any in string context  in sub test_ff_cnt at t/spec/S03-operators/flip-flop.rakudo.moar:60

use of uninitialized value $i of type Any in string context  in sub test_ff_cnt at t/spec/S03-operators/flip-flop.rakudo.moar:60

use of uninitialized value $i of type Any in string context  in sub test_ff_cnt at t/spec/S03-operators/flip-flop.rakudo.moar:60

use of uninitialized value $i of type Any in string context  in sub test_ff_cnt at t/spec/S03-operators/flip-flop.rakudo.moar:60

use of uninitialized value $i of type Any in string context  in sub test_ff_cnt at t/spec/S03-operators/flip-flop.rakudo.moar:60

use of uninitialized value $i of type Any in string context  in sub test_ff_cnt at t/spec/S03-operators/flip-flop.rakudo.moar:60

use of uninitialized value $i of type Any in string context  in sub test_ff_cnt at t/spec/S03-operators/flip-flop.rakudo.moar:60

use of uninitialized value $i of type Any in string context  in sub test_ff_cnt at t/spec/S03-operators/flip-flop.rakudo.moar:60

use of uninitialized value $i of type Any in string context  in sub test_ff_cnt at t/spec/S03-operators/flip-flop.rakudo.moar:60

use of uninitialized value $i of type Any in string context  in sub test_ff_cnt at t/spec/S03-operators/flip-flop.rakudo.moar:60

use of uninitialized value $i of type Any in string context  in sub test_ff_cnt at t/spec/S03-operators/flip-flop.rakudo.moar:60

use of uninitialized value $i of type Any in string context  in sub test_ff_cnt at t/spec/S03-operators/flip-flop.rakudo.moar:60

use of uninitialized value $i of type Any in string context  in sub test_ff_cnt at t/spec/S03-operators/flip-flop.rakudo.moar:60

use of uninitialized value $i of type Any in string context  in sub test_ff_cnt at t/spec/S03-operators/flip-flop.rakudo.moar:60

use of uninitialized value $i of type Any in string context  in sub test_ff_cnt at t/spec/S03-operators/flip-flop.rakudo.moar:60

use of uninitialized value $i of type Any in string context  in sub test_ff_cnt at t/spec/S03-operators/flip-flop.rakudo.moar:60

use of uninitialized value $i of type Any in string context  in sub test_ff_cnt at t/spec/S03-operators/flip-flop.rakudo.moar:60

use of uninitialized value $i of type Any in string context  in sub test_ff_cnt at t/spec/S03-operators/flip-flop.rakudo.moar:60

use of uninitialized value $i of type Any in string context  in sub test_ff_cnt at t/spec/S03-operators/flip-flop.rakudo.moar:60

use of uninitialized value $i of type Any in string context  in sub test_ff_cnt at t/spec/S03-operators/flip-flop.rakudo.moar:60

use of uninitialized value $i of type Any in string context  in sub test_ff_cnt at t/spec/S03-operators/flip-flop.rakudo.moar:60

use of uninitialized value $i of type Any in string context  in sub test_ff_cnt at t/spec/S03-operators/flip-flop.rakudo.moar:60

use of uninitialized value $i of type Any in string context  in sub test_ff_cnt at t/spec/S03-operators/flip-flop.rakudo.moar:60

use of uninitialized value $i of type Any in string context  in sub test_ff_cnt at t/spec/S03-operators/flip-flop.rakudo.moar:60

use of uninitialized value $i of type Any in string context  in sub test_ff_cnt at t/spec/S03-operators/flip-flop.rakudo.moar:60

use of uninitialized value $i of type Any in string context  in sub test_ff_cnt at t/spec/S03-operators/flip-flop.rakudo.moar:60

use of uninitialized value $i of type Any in string context  in sub test_ff_cnt at t/spec/S03-operators/flip-flop.rakudo.moar:60

use of uninitialized value $i of type Any in string context  in sub test_ff_cnt at t/spec/S03-operators/flip-flop.rakudo.moar:60

use of uninitialized value $i of type Any in string context  in method Str at ././CORE.setting.moarvm:1

use of uninitialized value $i of type Any in string context  in method Str at ././CORE.setting.moarvm:1

use of uninitialized value $i of type Any in string context  in method Str at ././CORE.setting.moarvm:1

use of uninitialized value $i of type Any in string context  in method Str at ././CORE.setting.moarvm:1

use of uninitialized value $i of type Any in string context  in method Str at ././CORE.setting.moarvm:1

  37    0    0    3   40
     2 skipped: dubious scoping?
     1 skipped: NYM flip-flop with "True but $seqnum"
S03-operators/gcd.t................................  16    0    0    0   16
S03-operators/identity.rakudo.moar.................  37    0    8    0   45
     4 todo   : unspecced
     4 todo   : misuse of =:=
S03-operators/increment.t..........................  32    0    0    0   32
S03-operators/infixed-function.t...................   5    0    0    0    5
S03-operators/inplace.rakudo.moar..................  23    0    0    4   27
     4 skipped: Method '' not found for invocant of class 'Str'
S03-operators/is-divisible-by.rakudo.moar..........    
# Failed test 'code dies'
# at lib/Test.pm line 300
    # Looks like you failed 1 tests of 3
  14    0    1    0   15
     1 todo   : not sure why this doesn't fire
S03-operators/lcm.t................................  15    0    0    0   15
S03-operators/list-quote-junction.t................  16    0    0    0   16
S03-operators/minmax.rakudo.moar...................  23    0    0    2   25
     2 skipped: Annoying test that we haven't done the obvious yet unspecced, fails because we have indeed done the obvious
S03-operators/misc.t...............................  33    0    0    0   33
S03-operators/mix.rakudo.moar......................  94    0    0   34  128
     8 skipped: Rakudo update in progress, but not done yet
     7 skipped: Crashing
    15 skipped: submix behavior still under discussion
     4 skipped: Wrong answer at the moment
S03-operators/names.t..............................Code object coerced to string (please use .gist or .perl to do that)  in block <unit> at t/spec/S03-operators/names.t:14

Code object coerced to string (please use .gist or .perl to do that)  in block <unit> at t/spec/S03-operators/names.t:16

   7    0    0    0    7
S03-operators/nesting.t............................  26    0    0    0   26
S03-operators/not.rakudo.moar......................  21    0    1    0   22
     1 todo   : RT #65556
S03-operators/numeric-shift.t......................  37    0    0    0   37
S03-operators/orelse.rakudo.moar...................   9    0    0    2   11
     1 skipped: orelse passes $! as multiple arguments
     1 skipped: orelse passes $! as argument
S03-operators/overflow.t...........................  98    0    0    0   98
S03-operators/precedence.rakudo.moar...............  53    0    1    2   56
     2 skipped: nom regression
     1 todo   : RT #114210
S03-operators/range-basic.t........................ 140    0    0    0  140
S03-operators/range-int.t.......................... 480    0    0    0  480
S03-operators/range.rakudo.moar....................use of uninitialized value of type Any in numeric context  in block  at t/spec/S03-operators/range.rakudo.moar:220

use of uninitialized value of type Any in numeric context  in block <unit> at t/spec/S03-operators/range.rakudo.moar:221

 123    0    2    0  125
     2 todo   : huh?
S03-operators/reduce-le1arg.rakudo.moar............use of uninitialized value $got of type Any in string context  in sub is at lib/Test.pm:113

use of uninitialized value $expected of type Any in string context  in sub is at lib/Test.pm:113

  51    0    0    3   54
     1 skipped: ~< NYI
     1 skipped: expected Any but got Mu instead
     1 skipped: ~> NYI
S03-operators/relational.rakudo.moar............... 118    0    4    0  122
     4 todo   : RT #121987
S03-operators/repeat.t.............................  32    0    0    0   32
S03-operators/scalar-assign.t......................   4    0    0    0    4
S03-operators/set.t................................ 292    0    0    0  292
S03-operators/short-circuit.t......................use of uninitialized value of type Nil in numeric context  in block <unit> at t/spec/S03-operators/short-circuit.t:205

  83    0    0    0   83
S03-operators/so.rakudo.moar.......................  14    0    1    0   15
     1 todo   : check test and rakudo
S03-operators/spaceship-and-containers.t...........   6    0    0    0    6
S03-operators/spaceship.t..........................   5    0    0    0    5
S03-operators/subscript-adverbs.t.................. 110    0    0    0  110
S03-operators/subscript-vs-lt.t....................   4    0    0    0    4
S03-operators/ternary.t............................  17    0    0    0   17
S03-operators/value_equivalence.rakudo.moar........  73    0    2    0   75
     1 todo   : .WHICH based on type names
     1 todo   : \@a seems to flatten when it should not
S03-sequence/arity-2-or-more.t.....................  20    0    0    0   20
S03-sequence/arity0.t..............................  13    0    0    0   13
S03-sequence/basic.rakudo.moar..................... 129    0    1    0  130
     1 todo   : sequence + last
S03-sequence/limit-arity-2-or-more.t...............Code object coerced to string (please use .gist or .perl to do that)  in block <unit> at t/spec/S03-sequence/limit-arity-2-or-more.t:32

Code object coerced to string (please use .gist or .perl to do that)  in block <unit> at t/spec/S03-sequence/limit-arity-2-or-more.t:33

   8    0    0    0    8
S03-sequence/misc.rakudo.moar......................  25    0    4    0   29
     1 todo   : bogus test?
     1 todo   : RT #80574
     2 todo   : NYI
S03-sequence/nonnumeric.rakudo.moar................  22    0    0   17   39
    11 skipped: hangs
     6 skipped: lifting comparison ops
S03-smartmatch/any-any.t...........................   8    0    0    0    8
S03-smartmatch/any-array.rakudo.moar...............   4    0    2    0    6
     2 todo   : nom regression
S03-smartmatch/any-bool.t..........................   8    0    0    0    8
S03-smartmatch/any-callable.t......................   6    0    0    0    6
S03-smartmatch/any-complex.t.......................  12    0    0    0   12
S03-smartmatch/any-hash-pair.t.....................   7    0    0    0    7
S03-smartmatch/any-method.t........................   4    0    0    0    4
S03-smartmatch/any-num.rakudo.moar.................  16    0    0    2   18
     2 skipped: Mu ~~ Num doesn't work yet: RT #122395
S03-smartmatch/any-pair.t..........................  10    0    0    0   10
S03-smartmatch/any-str.rakudo.moar.................   4    0    0    1    5
     1 skipped: smartmatching Mu against Str: RT #122395
S03-smartmatch/any-sub.t...........................   8    0    0    0    8
S03-smartmatch/any-type.t..........................  15    0    0    0   15
S03-smartmatch/array-array.t.......................  36    0    0    0   36
S03-smartmatch/array-hash.t........................   6    0    0    0    6
S03-smartmatch/capture-signature.t.................   6    0    0    0    6
S03-smartmatch/disorganized.t......................  41    0    0    0   41
S03-smartmatch/range-range.t.......................  14    0    0    0   14
S03-smartmatch/regex-hash.t........................   4    0    0    0    4
S03-smartmatch/scalar-hash.t.......................   3    0    0    0    3
S03-smartmatch/signature-signature.rakudo.moar.....  18    0    0    1   19
     1 skipped: Parametric types
                                                   pass fail todo skip plan
S04-blocks-and-statements/let.t....................  12    0    0    0   12
S04-blocks-and-statements/pointy-rw.t..............  10    0    0    0   10
S04-blocks-and-statements/pointy.rakudo.moar.......    
# Failed test 'right exception type (X::Method::NotFound)'
# at lib/Test.pm line 306
    # Expected: (X::Method::NotFound)
    # Got:      (X::AdHoc)
    # Exception message: Cannot find method 'push'
    # Looks like you failed 1 tests of 2
  15    0    3    0   18
     1 todo   : pointy blocks and last/redo
     1 todo   : RT #115372
     1 todo   : &?ROUTINE
S04-blocks-and-statements/temp.rakudo.moar.........  30    0    6    0   36
     6 todo   : TEMP phasers NYI
S04-declarations/constant.rakudo.moar..............use of uninitialized value of type Any in numeric context  in block <unit> at t/spec/S04-declarations/constant.rakudo.moar:93

use of uninitialized value of type Any in numeric context  in block <unit> at t/spec/S04-declarations/constant.rakudo.moar:115

use of uninitialized value of type Any in numeric context  in block <unit> at t/spec/S04-declarations/constant.rakudo.moar:137

  47    0    4    3   54
     2 skipped: binding
     1 skipped: unicode constant name
     1 todo   : constants as type constraints
     3 todo   : COMPILING
S04-declarations/implicit-parameter.t..............  19    0    0    0   19
S04-declarations/multiple.rakudo.moar..............Potential difficulties:
    Redeclaration of symbol $x
    at t/spec/S04-declarations/multiple.rakudo.moar:18
    ------> [32m    my $x [33m⏏[31m= 3;[0m
Potential difficulties:
    Redeclaration of symbol $x
    at EVAL_0:1
    ------> [32mmy $x; my $x[33m⏏[31m<EOL>[0m
Potential difficulties:
    Redeclaration of symbol $x
    at EVAL_1:1
    ------> [32mstate $x; state $x[33m⏏[31m<EOL>[0m
   5    0    1    0    6
     1 todo   : nom regression
S04-declarations/my.rakudo.moar....................Potential difficulties:
    Redeclaration of symbol %p
    at t/spec/S04-declarations/my.rakudo.moar:54
    ------> [32m        my %p[33m⏏[31m; #OK[0m
    Redeclaration of symbol $f
    at t/spec/S04-declarations/my.rakudo.moar:158
    ------> [32m    my $f[33m⏏[31m; #OK[0m
use of uninitialized value $x of type Any in string context  in block  at t/spec/S04-declarations/my.rakudo.moar:23

use of uninitialized value $x of type Any in string context  in block  at t/spec/S04-declarations/my.rakudo.moar:23

WARNINGS:
Useless use of "," in expression "my $x = 1, my $y = 2" in sink context (line 1)
WARNINGS:
Useless use of "," in expression "my $x = 1, my $y = 2" in sink context (line 1)
WARNINGS:
Useless use of "," in expression "my $x = 1, my $y = 2" in sink context (line 1)
WARNINGS:
Useless use of "," in expression "my $x = 1, my $y = 2" in sink context (line 1)
WARNINGS:
Useless use of "," in expression "my $x = 1, my $y = 2" in sink context (line 1)
WARNINGS:
Useless use of constant integer 1 in sink context (line 1)
  71    0    2    2   75
     2 skipped: nom regression, OUR::
     1 todo   : fails
     1 todo   : previous test skipped
S04-declarations/our.rakudo.moar...................use of uninitialized value $got of type Any in string context  in sub is at lib/Test.pm:113

use of uninitialized value $got of type Any in string context  in sub is at lib/Test.pm:117

  32    0    1    0   33
     1 todo   : our-scoped var in role
S04-declarations/state.rakudo.moar.................use of uninitialized value $got of type Any in string context  in sub is at lib/Test.pm:113

use of uninitialized value $got of type Any in string context  in sub is at lib/Test.pm:117

  33    0    2    6   41
     5 skipped: parse error
     1 skipped: RT #115614
     1 todo   : initialization happens only on first call(?)
     1 todo   : embedded closures in regexen
S04-declarations/will.rakudo.moar..................use of uninitialized value $got of type Any in string context  in sub is at lib/Test.pm:113

use of uninitialized value $got of type Any in string context  in sub is at lib/Test.pm:117

use of uninitialized value $got of type Any in string context  in sub is at lib/Test.pm:113

use of uninitialized value $got of type Any in string context  in sub is at lib/Test.pm:117

  10    0    4    3   17
     3 skipped: declared variable not visible in block yet
     1 todo   : will post NYI
     1 todo   : will init NYI
     2 todo   : declared variable not visible in block yet
S04-exception-handlers/catch.t.....................  29    0    0    0   29
S04-exceptions/control_across_runloop.t............   1    0    0    0    1
S04-exceptions/fail.rakudo.moar....................  11    0    0    2   13
     2 skipped: RT #64990
S04-exceptions/pending.rakudo.moar.................   4    0    1   16   21
    13 skipped: $!.pending
     3 skipped: $object.handled
     1 todo   : not full of fail?
S04-phasers/ascending-order.t......................   7    0    0    0    7
S04-phasers/begin.t................................  11    0    0    0   11
S04-phasers/check.t................................   5    0    0    0    5
S04-phasers/descending-order.t.....................   7    0    0    0    7
S04-phasers/end.rakudo.moar........................   6    0    2    0    8
     2 todo   : lexicals and EVAL()
S04-phasers/enter-leave.rakudo.moar................  21    0    3    1   25
     1 skipped: leave NYI
     1 todo   : is this spec? why would LEAVE not see outer $!? fossil?
     1 todo   : RT #113950
     1 todo   : unwind, RT #121530
S04-phasers/eval-in-begin.t........................   3    0    0    0    3
S04-phasers/first.t................................   4    0    0    0    4
S04-phasers/in-eval.rakudo.moar....................# Looks like you planned 35 tests, but ran 34
  34    0    1    0   35
     1 todo   : not sure
S04-phasers/in-loop.rakudo.moar....................   1    0    2    0    3
     2 todo   : unknown phasers issue
S04-phasers/init.t.................................  11    0    0    0   11
S04-phasers/keep-undo.t............................  16    0    0    0   16
S04-phasers/multiple.t.............................   2    0    0    0    2
S04-phasers/next.rakudo.moar.......................  10    0    2    1   13
     1 skipped: leave NYI
     2 todo   : NEXT/LEAVE ordering
S04-phasers/pre-post.rakudo.moar...................  19    0    2    1   22
     1 skipped: POST and exceptions
     1 todo   : POST and exceptions
     1 todo   : failing PRE block should not run any other phasers, RT #121531
S04-phasers/rvalue.t...............................  16    0    0    0   16
S04-statement-modifiers/for.rakudo.moar............  23    0    1    0   24
     1 todo   : RT #100746
S04-statement-modifiers/given.rakudo.moar..........   6    0    1    0    7
     1 todo   : RT #100746
S04-statement-modifiers/if.t.......................  11    0    0    0   11
S04-statement-modifiers/unless.t...................   6    0    0    0    6
S04-statement-modifiers/until.t....................   4    0    0    0    4
S04-statement-modifiers/values_in_bool_context.t...  24    0    0    0   24
S04-statement-modifiers/while.t....................use of uninitialized value of type Any in numeric context  in block <unit> at t/spec/S04-statement-modifiers/while.t:19

   5    0    0    0    5
S04-statement-parsing/hash.t.......................   8    0    0    0    8
S04-statements/do.rakudo.moar......................  21    0    0    6   27
     1 skipped: next without loop construct
     3 skipped: Undeclared name A
     1 skipped: last without loop construct
     1 skipped: redo without loop construct
S04-statements/for-scope.t.........................  16    0    0    0   16
S04-statements/for.rakudo.moar.....................use of uninitialized value of type Any in string context  in block  at t/spec/S04-statements/for.rakudo.moar:613

  82    0    4    1   87
     1 skipped: optional variable in for loop (RT #63994)
     2 todo   : RT #113026 array iterator does not track a growing array
     2 todo   : RT #123005
S04-statements/for_with_only_one_item.t............   9    0    0    0    9
S04-statements/gather.rakudo.moar..................  27    0    1    0   28
     1 todo   : RT #117635 (infinite loop)
S04-statements/given.t.............................  51    0    0    0   51
S04-statements/if.t................................  29    0    0    0   29
S04-statements/label.t.............................   4    0    0    0    4
S04-statements/last.t..............................   9    0    0    0    9
S04-statements/loop.t..............................  15    0    0    0   15
S04-statements/map-and-sort-in-for.t...............   4    0    0    0    4
S04-statements/next.t..............................  12    0    0    0   12
S04-statements/no-implicit-block.t.................  12    0    0    0   12
S04-statements/once.t..............................  21    0    0    0   21
S04-statements/redo.t..............................  12    0    0    0   12
S04-statements/repeat.t............................  19    0    0    0   19
S04-statements/return.rakudo.moar..................  17    0    1    0   18
     1 todo   : lexotic return
S04-statements/sink.rakudo.moar....................   1    0    1    0    2
     1 todo   : RT #117235
S04-statements/terminator.t........................  20    0    0    0   20
S04-statements/try.rakudo.moar.....................use of uninitialized value $got of type Any in string context  in sub is at lib/Test.pm:113

use of uninitialized value $got of type Any in string context  in sub is at lib/Test.pm:117

  26    0    1    0   27
     1 todo   : RT #111704
S04-statements/unless.t............................  10    0    0    0   10
S04-statements/until.t.............................   4    0    0    0    4
S04-statements/while.t.............................   9    0    0    0    9
                                                   pass fail todo skip plan
S05-capture/caps.rakudo.moar.......................  41    0    1    0   42
     1 todo   : RT #117955 - quantified conjunctive capture
S05-capture/dot.rakudo.moar........................use of uninitialized value of type Any in string context  in block <unit> at t/spec/S05-capture/dot.rakudo.moar:99

use of uninitialized value of type Any in string context  in block <unit> at t/spec/S05-capture/dot.rakudo.moar:104

use of uninitialized value of type Any in string context  in block <unit> at t/spec/S05-capture/dot.rakudo.moar:109

  51    0   10    0   61
     3 todo   : needs review
     1 todo   : really? :-)
     6 todo   : dubious test
S05-capture/match-object.rakudo.moar...............  21    0    1    2   24
     1 skipped: Unsupported use of $¢ variable
     1 skipped: No such method pos for invocant of type Any
     1 todo   : Unsupported use of $¢ variable
S05-capture/named.rakudo.moar......................   9    0    0    2   11
     2 skipped: assigning to match object
S05-capture/subrule.t..............................use of uninitialized value of type Any in string context  in block <unit> at t/spec/S05-capture/subrule.t:81

  46    0    0    0   46
S05-grammar/action-stubs.t.........................  24    0    0    0   24
S05-grammar/inheritance.rakudo.moar................  30    0    1    0   31
     1 todo   : automatic Grammar superclass
S05-grammar/methods.t..............................   6    0    0    0    6
S05-grammar/namespace.t............................   5    0    0    0    5
S05-grammar/parse_and_parsefile.t..................use of uninitialized value of type Any in string context  in block <unit> at t/spec/S05-grammar/parse_and_parsefile.t:12

  15    0    0    0   15
S05-grammar/polymorphism.t.........................use of uninitialized value of type Any in string context  in block <unit> at t/spec/S05-grammar/polymorphism.t:55

  28    0    0    0   28
S05-grammar/protoregex.rakudo.moar.................  29    0    2    0   31
     2 todo   : RT #120146
S05-grammar/protos.t...............................   4    0    0    0    4
S05-grammar/signatures.t...........................   2    0    0    0    2
S05-grammar/ws.rakudo.moar.........................  10    0    0    2   12
     2 skipped: infinite loop: RT #64094 (noauto)
S05-interpolation/lexicals.t.......................  10    0    0    0   10
S05-interpolation/regex-in-variable.rakudo.moar....use of uninitialized value $!made of type Any in string context  in method run at t/spec/S05-interpolation/regex-in-variable.rakudo.moar:100

  31    0    3    0   34
     2 todo   : instance member interpolation
     1 todo   : warn on undef
S05-mass/charsets.t................................  17    0    0    0   17
S05-mass/named-chars.t............................. 431    0    0    0  431
S05-mass/properties-block.t........................ 670    0    0    0  670
S05-mass/properties-derived.t...................... 256    0    0    0  256
S05-mass/properties-general.rakudo.moar............ 588    0    4   10  602
    10 skipped: No [Lr] property defined
     4 todo   : Unions of properties of non-existent codepoints
S05-mass/properties-script.rakudo.moar............. 326    0    0   35  361
    35 skipped: Unicode properties with arguments
S05-mass/recursive.t...............................  20    0    0    0   20
S05-mass/rx.rakudo.moar............................use of uninitialized value of type Any in string context  in block <unit> at t/spec/S05-mass/rx.rakudo.moar:433

 721    0    2   16  739
     1 skipped: :s()
     2 skipped: ::: NYI
     1 skipped: <commit> NYI
     1 skipped: parse error
     2 skipped: regex <name>
     9 skipped: :: NYI
     1 todo   : RT #121307
     1 todo   : anchors and after
S05-mass/stdrules.rakudo.moar...................... 160    0    0   28  188
    14 skipped: <.print>
    14 skipped: <.graph>
S05-match/arrayhash.t..............................   8    0    0    0    8
S05-match/blocks.rakudo.moar.......................  18    0    1    0   19
     1 todo   : Assignment to matched string affects earlier match objects
S05-match/capturing-contexts.rakudo.moar...........  45    0    1    0   46
     1 todo   : RT #70007
S05-match/make.t...................................   4    0    0    0    4
S05-match/non-capturing.t..........................   9    0    0    0    9
S05-match/positions.t..............................  10    0    0    0   10
S05-metachars/closure.rakudo.moar..................   6    0    1    5   12
     5 skipped: assignment to match variables (dubious)
     1 todo   : make() inside closure
S05-metachars/line-anchors.t.......................  19    0    0    0   19
S05-metachars/newline.t............................  15    0    0    0   15
S05-metachars/tilde.rakudo.moar....................  14    0    1   12   27
     5 skipped: should not throw exceptions
     2 skipped: backtracking to find ~ goal
     3 skipped: exceptions from regexes
     2 skipped: backtracking into ~
     1 todo   : RT #77616
S05-metasyntax/angle-brackets.rakudo.moar..........Code object coerced to string (please use .gist or .perl to do that)  in block <unit> at t/spec/S05-metasyntax/angle-brackets.rakudo.moar:193

Code object coerced to string (please use .gist or .perl to do that)  in block <unit> at t/spec/S05-metasyntax/angle-brackets.rakudo.moar:193

  67    0    3   21   91
     2 skipped: angle quotes in regexes
     2 skipped: <test()> NYI
     2 skipped: <$subrule> NYI
     1 skipped: <&foo()> NYI
     1 skipped: indirect subrule call NYI
     1 skipped: <~~ ... >
     1 skipped: colon arguments NYI
    11 skipped: <*literal>
     1 todo   : !!! in regexes
     2 todo   : <%hash> NYI
S05-metasyntax/assertions.t........................   4    0    0    0    4
S05-metasyntax/changed.t...........................  12    0    0    0   12
S05-metasyntax/charset.t...........................  41    0    0    0   41
S05-metasyntax/delimiters.t........................  21    0    0    0   21
S05-metasyntax/interpolating-closure.rakudo.moar...   5    0    1    0    6
     1 todo   : dunno
S05-metasyntax/litvar.t............................Potential difficulties:
    Apparent subscript will be treated as regex
    at t/spec/S05-metasyntax/litvar.t:31
    ------> [32mok(!('a0' ~~ m/$aref[33m⏏[31m[0]/), 'Array ref stringifies before mat[0m
    Apparent subscript will be treated as regex
    at t/spec/S05-metasyntax/litvar.t:33
    ------> [32mok('a b ab c0' ~~ m/$aref[33m⏏[31m[0]/, 'Array ref stringifies before matc[0m
    Apparent subscript will be treated as regex
    at t/spec/S05-metasyntax/litvar.t:34
    ------> [32mok('a0' ~~ m/@$aref[33m⏏[31m[0]/, 'Array deref ignores 0');         [0m
    Apparent subscript will be treated as regex
    at t/spec/S05-metasyntax/litvar.t:35
    ------> [32mok('bx0' ~~ m/@$aref[33m⏏[31m.[0]/, 'Array deref ignores dot 0');    [0m
    Apparent subscript will be treated as regex
    at t/spec/S05-metasyntax/litvar.t:36
    ------> [32mok('c0' ~~ m/@var[33m⏏[31m[0]/, 'Array ignores 0');               [0m
  24    0    0    0   24
S05-metasyntax/longest-alternative.rakudo.moar.....  40    0    0    1   41
     1 skipped: ::
S05-metasyntax/lookaround.t........................  10    0    0    0   10
S05-metasyntax/null.t..............................   4    0    0    0    4
S05-metasyntax/proto-token-ltm.t...................  10    0    0    0   10
S05-metasyntax/regex.t.............................Useless declaration of a has-scoped method in mainline (did you mean 'my token foo'?)
Useless declaration of a has-scoped method in mainline (did you mean 'my regex baz'?)
use of uninitialized value of type Any in string context  in block <unit> at t/spec/S05-metasyntax/regex.t:69

Potential difficulties:
    Repeated character (.) unexpectedly found in character class
    at EVAL_9:1
    ------> [32m/<[33m⏏[31m[..b]>/[0m
  29    0    0    0   29
S05-metasyntax/repeat.t............................  26    0    0    0   26
S05-metasyntax/sequential-alternation.t............  10    0    0    0   10
S05-metasyntax/single-quotes.t.....................   5    0    0    0    5
S05-metasyntax/unknown.rakudo.moar.................  11    0    1    0   12
     1 todo   : RT #74832
S05-modifier/continue.t............................  13    0    0    0   13
S05-modifier/counted-match.rakudo.moar.............  16    0    0    6   22
     6 skipped: hangs
S05-modifier/counted.rakudo.moar................... 118    0    0    1  119
     1 skipped: NYI
S05-modifier/global.t..............................   8    0    0    0    8
S05-modifier/ignorecase.rakudo.moar................  23    0    2    0   25
     2 todo   : ignorecase and SS/&szlig;
S05-modifier/ii.rakudo.moar........................  12    0    6    0   18
     6 todo   : NYI
S05-modifier/overlapping.t.........................  22    0    0    0   22
S05-modifier/perl5_0.rakudo.moar...................# Now going to test numbered match variable.
  20    0    4    0   24
     4 todo   : NYI
S05-modifier/perl5_1.t............................. 100    0    0    0  100
S05-modifier/perl5_2.t.............................use of uninitialized value $got of type Any in string context  in sub is at lib/Test.pm:113

use of uninitialized value $got of type Any in string context  in sub is at lib/Test.pm:114

 100    0    0    0  100
S05-modifier/perl5_3.t.............................use of uninitialized value $got of type Any in string context  in sub is at lib/Test.pm:113

use of uninitialized value $got of type Any in string context  in sub is at lib/Test.pm:113

use of uninitialized value $got of type Any in string context  in sub is at lib/Test.pm:114

 100    0    0    0  100
S05-modifier/perl5_4.t.............................use of uninitialized value of type Any in string context  in block <unit> at t/spec/S05-modifier/perl5_4.t:42

use of uninitialized value of type Any in string context  in block <unit> at t/spec/S05-modifier/perl5_4.t:82

use of uninitialized value of type Any in string context  in block <unit> at t/spec/S05-modifier/perl5_4.t:85

use of uninitialized value of type Any in string context  in block <unit> at t/spec/S05-modifier/perl5_4.t:93

 100    0    0    0  100
S05-modifier/perl5_5.rakudo.moar...................  97    0    4    1  102
     1 skipped: hangs
     2 todo   : (?i) and backreferences
     2 todo   : unknown issue
S05-modifier/perl5_6.rakudo.moar...................use of uninitialized value $got of type Any in string context  in sub is at lib/Test.pm:113

use of uninitialized value $got of type Any in string context  in sub is at lib/Test.pm:113

  89    0   15    0  104
    15 todo   : needs RT
S05-modifier/perl5_7.t............................. 100    0    0    0  100
S05-modifier/perl5_8.rakudo.moar...................  77    0    1   25  103
    18 skipped: expensive quantifier
     1 skipped: \G
     6 skipped: character classes in enumerated range
     1 todo   : (?>...) NYI
S05-modifier/pos.rakudo.moar.......................  37    0    3    0   40
     1 todo   : m:g
     1 todo   : s:pos/// NYI
     1 todo   : m:p:i:g// NYI
S05-modifier/repetition.rakudo.moar................  10    0    2    0   12
     1 todo   : :x(2)
     1 todo   : :2x
S05-modifier/sigspace.t............................  16    0    0    0   16
S05-substitution/67222.t...........................   1    0    0    0    1
S05-substitution/match.t...........................  13    0    0    0   13
S05-substitution/subst.rakudo.moar................. 140    0    1    5  146
     3 skipped: s[...] op= RHS
     2 skipped: s:g[...] =
     1 todo   : be smarter about constant detection
S05-transliteration/79778.t........................   1    0    0    0    1
S05-transliteration/trans.rakudo.moar..............use of uninitialized value of type Int in string context  in block  at t/spec/S05-transliteration/trans.rakudo.moar:207

use of uninitialized value of type Int in string context  in block  at t/spec/S05-transliteration/trans.rakudo.moar:207

use of uninitialized value of type Int in string context  in block  at t/spec/S05-transliteration/trans.rakudo.moar:207

use of uninitialized value of type Int in string context  in block  at t/spec/S05-transliteration/trans.rakudo.moar:207

  48    0   13    1   62
     1 skipped: feed operator NYI
     1 todo   : disambiguate ranges
    10 todo   : flags
     2 todo   : closures and regexes
S05-transliteration/with-closure.rakudo.moar.......use of uninitialized value of type Int in string context  in block <unit> at t/spec/S05-transliteration/with-closure.rakudo.moar:59

use of uninitialized value of type Int in string context  in block <unit> at t/spec/S05-transliteration/with-closure.rakudo.moar:59

use of uninitialized value of type Int in string context  in block <unit> at t/spec/S05-transliteration/with-closure.rakudo.moar:59

  10    0    6    0   16
     5 todo   : nom regression
     1 todo   : Unable to resolve method ord in class Any
                                                   pass fail todo skip plan
S06-advanced/callframe.rakudo.moar.................   8    0    0    1    9
     1 skipped: Unable to resolve method inline in type CallFrame
S06-advanced/callsame.t............................   3    0    0    0    3
S06-advanced/lexical-subs.rakudo.moar..............   9    0    0    2   11
     2 skipped: cannot parse operator names yet
S06-advanced/recurse.t.............................  13    0    0    0   13
S06-advanced/return.rakudo.moar....................  75    0    1    3   79
     3 skipped: RT #75118
     1 todo   : RT #61732
S06-advanced/wrap.rakudo.moar......................use of uninitialized value $got of type Any in string context  in sub is at lib/Test.pm:113

use of uninitialized value $got of type Any in string context  in sub is at lib/Test.pm:117

use of uninitialized value $got of type Any in string context  in sub is at lib/Test.pm:113

use of uninitialized value $got of type Any in string context  in sub is at lib/Test.pm:117

  77    0    8    0   85
     2 todo   : temp and wrap
     1 todo   : RT #70267: call to nextsame with nowhere to go
     1 todo   : callwith
     4 todo   : RT #122259
S06-currying/assuming-and-mmd.t....................   6    0    0    0    6
S06-currying/named.rakudo.moar.....................   3    0    1    0    4
     1 todo   : RT 123498
S06-macros/errors.t................................   2    0    0    0    2
S06-macros/opaque-ast.rakudo.moar..................   3    0    0    4    7
     3 skipped: :COMPILING flag
     1 skipped: return from macro
S06-macros/quasi-blocks.rakudo.moar................  12    0    0    2   14
     2 skipped: No such method 'STORE' for invocant of type 'Mu'
S06-macros/unquoting.rakudo.moar...................   5    0    0    1    6
     1 skipped: Specified code ref has no outer, RT #121533
S06-multi/lexical-multis.rakudo.moar...............  14    0    1    0   15
     1 todo   : lexical scope as tie breaker
S06-multi/positional-vs-named.rakudo.moar..........  25    0    0    2   27
     2 skipped: slurpy and named interaction
S06-multi/proto.rakudo.moar........................  22    0    1    5   28
     5 skipped: redeclaration of routine 'bar'
     1 todo   : operator protos
S06-multi/redispatch.t.............................  10    0    0    0   10
S06-multi/syntax.t.................................Code object coerced to string (please use .gist or .perl to do that)  in block <unit> at t/spec/S06-multi/syntax.t:71

  41    0    0    0   41
S06-multi/type-based.rakudo.moar...................  50    0    0    3   53
     3 skipped: our sub in class
S06-multi/unpackability.t..........................  10    0    0    0   10
S06-multi/value-based.t............................  12    0    0    0   12
S06-operator-overloading/imported-subs.t...........  20    0    0    0   20
S06-operator-overloading/methods.rakudo.moar.......   2    0    1    0    3
     1 todo   : nom regression
S06-operator-overloading/semicolon.t...............WARNINGS:
Useless use of constant integer 2 in sink context (line 15)
Useless use of constant integer 3 in sink context (line 15)
   3    0    0    0    3
S06-operator-overloading/sub.rakudo.moar...........  54    0    2   18   74
     1 skipped: undeclared name
     4 skipped: missing block, no lexical Z
     3 skipped: assoc("non")
     1 skipped: &::
     1 skipped: cannot bind with this LHS
     2 skipped: macros
     1 skipped: missing block, apparently "if" not an op
     1 skipped: infix Z will never work; no lexical Z
     4 skipped: prefix:[] form NYI
     1 todo   : RT #65638
     1 todo   : infix:<;>
S06-operator-overloading/workout.t.................  84    0    0    0   84
S06-other/anon-hashes-vs-blocks.t..................  22    0    0    0   22
S06-other/introspection.t..........................  12    0    0    0   12
S06-other/main-eval.rakudo.moar....................   2    0    1    0    3
     1 todo   : MAIN in EVAL
S06-other/main-usage.rakudo.moar...................  15    0    7    0   22
     2 todo   : RT #115744
     5 todo   : nom regression
S06-other/main.t...................................   6    0    0    0    6
S06-other/misc.t...................................   6    0    0    0    6
S06-routine-modifiers/lvalue-subroutines.t.........  14    0    0    0   14
S06-routine-modifiers/proxy.t......................  18    0    0    0   18
S06-routine-modifiers/scoped-named-subs.t..........  12    0    0    0   12
S06-signature/arity.t..............................  52    0    0    0   52
S06-signature/closure-over-parameters.t............   4    0    0    0    4
S06-signature/closure-parameters.rakudo.moar.......  12    0    0    5   17
     5 skipped: subsignatures dont factor into multi candidates yet
S06-signature/code.rakudo.moar.....................   7    0    1    0    8
     1 todo   : RT #67932
S06-signature/defaults.t...........................   8    0    0    0    8
S06-signature/errors.t.............................  11    0    0    0   11
S06-signature/introspection.rakudo.moar............  51    0    0    1   52
     1 skipped: expected Any but got Mu instead
S06-signature/mixed-placeholders.t.................  12    0    0    0   12
S06-signature/multidimensional.t...................  10    0    0    0   10
S06-signature/named-parameters.rakudo.moar.........  72    0    0   21   93
     1 skipped: Not enough positional parameters passed; got 0 but expected 1
    16 skipped: multiple same-named arguments NYI
     4 skipped: where constraints
S06-signature/named-placeholders.t.................   3    0    0    0    3
S06-signature/named-renaming.t.....................  10    0    0    0   10
S06-signature/optional.t...........................  28    0    0    0   28
S06-signature/outside-subroutine.t.................   2    0    0    0    2
S06-signature/passing-arrays.t.....................  11    0    0    0   11
S06-signature/passing-hashes.t.....................   3    0    0    0    3
S06-signature/positional-placeholders.t............  12    0    0    0   12
S06-signature/positional.t.........................   7    0    0    0    7
S06-signature/scalar-type.t........................use of uninitialized value $got of type Array in string context  in sub is at lib/Test.pm:113

use of uninitialized value $expected of type Array in string context  in sub is at lib/Test.pm:113

use of uninitialized value $got of type Array in string context  in sub is at lib/Test.pm:113

use of uninitialized value $expected of type Array in string context  in sub is at lib/Test.pm:113

use of uninitialized value $got of type Array in string context  in sub is at lib/Test.pm:113

use of uninitialized value $expected of type Array in string context  in sub is at lib/Test.pm:113

use of uninitialized value $got of type Array in string context  in sub is at lib/Test.pm:113

use of uninitialized value $expected of type Array in string context  in sub is at lib/Test.pm:113

use of uninitialized value $got of type Hash in string context  in sub is at lib/Test.pm:113

use of uninitialized value $expected of type Hash in string context  in sub is at lib/Test.pm:113

use of uninitialized value $got of type Hash in string context  in sub is at lib/Test.pm:113

use of uninitialized value $expected of type Hash in string context  in sub is at lib/Test.pm:113

use of uninitialized value $got of type Hash in string context  in sub is at lib/Test.pm:113

use of uninitialized value $expected of type Hash in string context  in sub is at lib/Test.pm:113

use of uninitialized value $got of type Hash in string context  in sub is at lib/Test.pm:113

use of uninitialized value $expected of type Hash in string context  in sub is at lib/Test.pm:113

   8    0    0    0    8
S06-signature/sigilless.t..........................  10    0    0    0   10
S06-signature/slurpy-and-interpolation.t...........   7    0    0    0    7
S06-signature/slurpy-params.rakudo.moar............# Testing with named arguments (named param isn't required)
use of uninitialized value of type Any in numeric context  in sub foo2 at t/spec/S06-signature/slurpy-params.rakudo.moar:95

use of uninitialized value of type Any in numeric context  in sub foo2 at t/spec/S06-signature/slurpy-params.rakudo.moar:95

use of uninitialized value of type Any in numeric context  in sub foo2 at t/spec/S06-signature/slurpy-params.rakudo.moar:95

# Testing with named arguments (named param is required) (++ version)
# Testing with named arguments (named param is required) (trait version)
# Testing with slurpy scalar
  40    0    0   17   57
    17 skipped: types on slurpy params
S06-signature/slurpy-placeholders.t................   8    0    0    0    8
S06-signature/sub-ref.rakudo.moar..................use of uninitialized value $got of type Any in string context  in sub is at lib/Test.pm:113

use of uninitialized value $got of type Any in string context  in sub is at lib/Test.pm:117

  28    0    2    4   34
     4 skipped: macros, compile time binding
     2 todo   : RT #63974
S06-signature/tree-node-parameters.rakudo.moar.....  16    0    0    4   20
     4 skipped: signature binding of return values NYI
S06-signature/type-capture.rakudo.moar.............   7    0    0    1    8
     1 skipped: nom regression
S06-signature/types.t..............................   8    0    0    0    8
S06-signature/unpack-array.t.......................  15    0    0    0   15
S06-signature/unpack-object.t......................   4    0    0    0    4
S06-signature/unspecified.rakudo.moar..............use of uninitialized value <element> of type Any in string context  in sub both at t/spec/S06-signature/unspecified.rakudo.moar:38

use of uninitialized value <element> of type Any in string context  in sub both at t/spec/S06-signature/unspecified.rakudo.moar:38

  12    0    5    0   17
     4 todo   : siglist
     1 todo   : RT #71112: Cannot assign to readonly variable.
S06-traits/is-assoc.rakudo.moar....................   4    0    0    2    6
     2 skipped: RT #116244
S06-traits/is-copy.t...............................Potential difficulties:
    Redeclaration of symbol $x
    at EVAL_0:1
    ------> [32msub f ($x is copy) { my $x [33m⏏[31m}[0m
  24    0    0    0   24
S06-traits/is-readonly.rakudo.moar.................useless use of 'is readonly' on $!attr  in any  at src/Perl6/World.nqp:1847

   2    0    1    0    3
     1 todo   : readonly attributes
S06-traits/is-rw.rakudo.moar.......................   5    0    2    0    7
     1 todo   : Depends on preceding test working
     1 todo   : 
S06-traits/misc.rakudo.moar........................  17    0    2    0   19
     2 todo   : is readonly does not override
S06-traits/precedence.rakudo.moar..................   9    0    1    0   10
     1 todo   : changing precedence of already declared op
S06-traits/slurpy-is-rw.t..........................   3    0    0    0    3
                                                   pass fail todo skip plan
S09-autovivification/autoincrement.t...............   7    0    0    0    7
S09-autovivification/autovivification.rakudo.moar..use of uninitialized value of type Any in string context  in block <unit> at t/spec/S09-autovivification/autovivification.rakudo.moar:59

use of uninitialized value of type Any in string context  in block <unit> at t/spec/S09-autovivification/autovivification.rakudo.moar:59

  37    0    4    1   42
     1 skipped: isa multi variant
     2 todo   : unknown
     2 todo   : autoviv, binding
S09-hashes/objecthash.rakudo.moar..................  27    0    2    3   32
     3 skipped: oh noes, it dies
     2 todo   : oh noes, it dies
S09-subscript/slice.rakudo.moar....................  26    0    0    4   30
     2 skipped: RT #120383
     2 skipped: RT #61844
S09-typed-arrays/arrays.rakudo.moar................use of uninitialized value $got of type Int in string context  in sub is at lib/Test.pm:113

use of uninitialized value $expected of type Int in string context  in sub is at lib/Test.pm:113

use of uninitialized value of type Any in string context  in sub is at lib/Test.pm:113

use of uninitialized value of type Any in string context  in sub is at lib/Test.pm:113

use of uninitialized value <element> of type Int in string context  in sub is at lib/Test.pm:113

use of uninitialized value <element> of type Int in string context  in sub is at lib/Test.pm:113

  60    0    5    2   67
     1 skipped: type on our-variables
     1 skipped: nested typechecks are borked
     1 todo   : need parameterized Lists
     1 todo   : initialization
     1 todo   : nested typechecks are borked
     2 todo   : no parametrization
S09-typed-arrays/hashes.t..........................use of uninitialized value $got of type Int in string context  in sub is at lib/Test.pm:113

use of uninitialized value $expected of type Int in string context  in sub is at lib/Test.pm:113

use of uninitialized value $got of type Any in string context  in sub is at lib/Test.pm:113

use of uninitialized value $expected of type Any in string context  in sub is at lib/Test.pm:113

use of uninitialized value $got of type Any in string context  in sub is at lib/Test.pm:113

use of uninitialized value $expected of type Any in string context  in sub is at lib/Test.pm:113

use of uninitialized value $got of type Int in string context  in sub is at lib/Test.pm:113

use of uninitialized value $expected of type Int in string context  in sub is at lib/Test.pm:113

  33    0    0    0   33
                                                   pass fail todo skip plan
S10-packages/basic.rakudo.moar.....................  60    0    2    1   63
     1 skipped: RT #59484
     1 todo   : RT #64606
     1 todo   : ticket based only on class... RT #60446
S10-packages/joined-namespaces.t...................   3    0    0    0    3
S10-packages/precompilation.rakudo.moar............# error: Could not find symbol '&C1'
#   in method <anon> at src/gen/m-CORE.setting:13941
#   in any find_method_fallback at src/gen/m-Metamodel.nqp:2737
#   in any find_method at src/gen/m-Metamodel.nqp:988
#   in block <unit> at getout-1638-734699.code:4


  15    0    2    0   17
     1 todo   : RT #123276
     1 todo   : RT #122896
S10-packages/use-with-class.t......................   9    0    0    0    9
                                                   pass fail todo skip plan
S11-modules/export.rakudo.moar.....................  30    0    0    8   38
     8 skipped: export issue
S11-modules/import-multi.rakudo.moar...............    
# Failed test ''proto sub Dfoo( Mu ) { * }' died'
# at lib/Test.pm line 300
    # Looks like you failed 1 tests of 3
    
# Failed test ''proto sub Ffoo( Mu ) { * }' died'
# at lib/Test.pm line 197
    # Looks like you failed 1 tests of 3
  14    0    2    1   17
     1 skipped: A symbol "&Gfoo" has already been exported
     1 todo   : it just dies, can't check using throws_like
     1 todo   : huh?
S11-modules/import-tag.t...........................  12    0    0    0   12
S11-modules/import.rakudo.moar.....................  13    0    0    4   17
     4 skipped: import plus inline module
S11-modules/importing.t............................  16    0    0    0   16
S11-modules/lexical.t..............................   2    0    0    0    2
S11-modules/need.t.................................   2    0    0    0    2
S11-modules/nested.t...............................   6    0    0    0    6
S11-modules/require.rakudo.moar....................  12    0    2    1   15
     1 skipped: Trying to import from 'InnerModule', but the following symbols are missing: quux
     1 todo   : creation of stub package symbol NYI
     1 todo   : variable form plus imports NYI
                                                   pass fail todo skip plan
S12-attributes/class.t.............................  21    0    0    0   21
S12-attributes/clone.rakudo.moar...................  33    0    2    0   35
     2 todo   : clone currently messes up original
S12-attributes/defaults.t..........................  34    0    0    0   34
S12-attributes/delegation.t........................  65    0    0    0   65
S12-attributes/inheritance.t.......................   7    0    0    0    7
S12-attributes/instance.rakudo.moar................use of uninitialized value of type Any in string context  in block <unit> at t/spec/S12-attributes/instance.rakudo.moar:466

use of uninitialized value of type Any in string context  in block <unit> at t/spec/S12-attributes/instance.rakudo.moar:466

use of uninitialized value @!a of type Int in string context  in block <unit> at t/spec/S12-attributes/instance.rakudo.moar:466

use of uninitialized value %!h of type Int in string context  in sub is at lib/Test.pm:114

use of uninitialized value %!h of type Int in string context  in sub is at lib/Test.pm:114

use of uninitialized value %!h of type Int in string context  in sub is at lib/Test.pm:114

use of uninitialized value %!h of type Int in string context  in sub is at lib/Test.pm:114

use of uninitialized value %!h of type Int in string context  in sub is at lib/Test.pm:117

use of uninitialized value %!h of type Int in string context  in sub is at lib/Test.pm:117

use of uninitialized value %!h of type Int in string context  in sub is at lib/Test.pm:117

use of uninitialized value %!h of type Int in string context  in sub is at lib/Test.pm:117

Saw 1 call to deprecated code during execution.
================================================================================
%!h = itemized hash called at:
  t/spec/S12-attributes/instance.rakudo.moar, line 478
Deprecated since v2014.7, will be removed with release v2015.7!
Please use %!h = %(itemized hash) instead.
--------------------------------------------------------------------------------
Please contact the author to have these calls to deprecated code adapted,
so that this message will disappear!

Please note that *ALL* deprecated features will be removed at the release
of Perl 6.0.0 (expected sometime in 2015).
 133    0    6    2  141
     1 skipped: dubious test - the initializer becomes a submethod here, implying a scope
     1 skipped: RT #122542
     1 todo   : over-eager auto-vivification bugs
     1 todo   : huh?
     2 todo   : ro array/hash with accessor
     2 todo   : ro on list attributes
S12-attributes/mutators.rakudo.moar................   5    0    0    7   12
     7 skipped: Can not get attribute $!varies declared in class MagicVal with this object
S12-attributes/recursive.t.........................  23    0    0    0   23
S12-attributes/undeclared.t........................  11    0    0    0   11
S12-class/anonymous.rakudo.moar....................  16    0    1    0   17
     1 todo   : Anonymous class stringification (?)
S12-class/attributes.rakudo.moar...................  31    0    0    2   33
     1 skipped: where clauses on attributes NYI, RT #122109
     1 skipped: Cannot use .= to initialize an attribute
S12-class/augment-supersede.rakudo.moar............  11    0    0    2   13
     2 skipped: redeclaration of symbol Bar
S12-class/basic.rakudo.moar........................  34    0    0    4   38
     3 skipped: Calling is will never work with argument types (Foo)
     1 skipped: RT #67784
S12-class/declaration-order.t......................   2    0    0    0    2
S12-class/extending-arrays.t.......................  11    0    0    0   11
S12-class/inheritance-class-methods.t..............   5    0    0    0    5
S12-class/inheritance.t............................  39    0    0    0   39
S12-class/instantiate.rakudo.moar..................   6    0    1    0    7
     1 todo   : error reporting
S12-class/interface-consistency.t..................   8    0    0    0    8
S12-class/lexical.t................................  14    0    0    0   14
S12-class/literal.t................................   2    0    0    0    2
S12-class/magical-vars.t...........................  17    0    0    0   17
S12-class/mro.t....................................   4    0    0    0    4
S12-class/namespaced.t.............................  13    0    0    0   13
S12-class/open.t...................................   8    0    0    0    8
S12-class/rw.t.....................................   5    0    0    0    5
S12-class/self-inheritance.t.......................   2    0    0    0    2
S12-class/stubs.rakudo.moar........................   7    0    1    0    8
     1 todo   : nom regression
S12-class/type-object.t............................use of uninitialized value of type Any in string context  in block <unit> at t/spec/S12-class/type-object.t:6

use of uninitialized value of type Any in string context  in block <unit> at t/spec/S12-class/type-object.t:7

   6    0    0    0    6
S12-construction/BUILD.rakudo.moar.................   8    0    1    0    9
     1 todo   : method BUILD should warn
S12-construction/autopairs.rakudo.moar.............   2    0    2    0    4
     2 todo   : nom regression
S12-construction/construction.t....................  18    0    0    0   18
S12-construction/named-params-in-BUILD.t...........   3    0    0    0    3
S12-construction/new.rakudo.moar...................  15    0   10    0   25
     1 todo   : nested package handling does't quite get this one right
     9 todo   : parent attributes in initialization
S12-enums/anonymous.t..............................   7    0    0    0    7
S12-enums/as-role.t................................   9    0    0    0    9
S12-enums/basic.rakudo.moar........................Potential difficulties:
    Redeclaration of symbol b and c
    at t/spec/S12-enums/basic.rakudo.moar:126
    ------> [32m    enum S2 <b c d>[33m⏏[31m;[0m
  32    0    0    5   37
     5 skipped: Cannot convert string to number
S12-enums/misc.rakudo.moar.........................  15    0    0    1   16
     1 skipped: RT #63826
S12-enums/non-int.rakudo.moar......................   5    0    1    0    6
     1 todo   : NYI
S12-enums/pseudo-functional.t......................  11    0    0    0   11
S12-enums/thorough.rakudo.moar.....................  14    0    0   20   34
    16 skipped: does &day::("Tue")
     2 skipped: does day::Tue
     2 skipped: NYI
S12-introspection/WHAT.rakudo.moar.................  25    0   12    0   37
     1 todo   : Foo[Int,Str].new on scalars fails
     3 todo   : of Type on scalars fails
     2 todo   : looks like a type object, but is not
     4 todo   : Foo[Int].new on scalars fails
     2 todo   : %h{Str} of Int fails
S12-introspection/attributes.rakudo.moar...........  25    0    0    5   30
     5 skipped: :tree NYI for .^attributes
S12-introspection/can.t............................Code object coerced to string (please use .gist or .perl to do that)  in block <unit> at t/spec/S12-introspection/can.t:102

  25    0    0    0   25
S12-introspection/definite.t.......................   6    0    0    0    6
S12-introspection/meta-class.rakudo.moar...........   9    0    0    4   13
     1 skipped: .version, version number parsing
     1 skipped: precedence of HOW
     1 skipped: .layout
     1 skipped: precedence of prefix:<^>
S12-introspection/methods.rakudo.moar..............Code object coerced to string (please use .gist or .perl to do that)  in block <unit> at t/spec/S12-introspection/methods.rakudo.moar:164

Code object coerced to string (please use .gist or .perl to do that)  in block <unit> at t/spec/S12-introspection/methods.rakudo.moar:164

Code object coerced to string (please use .gist or .perl to do that)  in block <unit> at t/spec/S12-introspection/methods.rakudo.moar:164

  45    0    2   11   58
    11 skipped: nom regression
     2 todo   : nom regression
S12-introspection/parents.t........................  59    0    0    0   59
S12-introspection/roles.rakudo.moar................use of uninitialized value of type R3 in string context  in any  at src/gen/m-Metamodel.nqp:1510

use of uninitialized value of type R3 in string context  in any  at src/gen/m-Metamodel.nqp:1510

use of uninitialized value of type R3 in string context  in any  at src/gen/m-Metamodel.nqp:1510

use of uninitialized value of type R3 in string context  in any  at src/gen/m-Metamodel.nqp:1510

   8    0    0    4   12
     4 skipped: .^roles(:tree)
S12-introspection/walk.t...........................  11    0    0    0   11
S12-meta/exporthow.t...............................   8    0    0    0    8
S12-meta/primitives.t..............................  17    0    0    0   17
S12-methods/accessors.t............................   8    0    0    0    8
S12-methods/attribute-params.t.....................  13    0    0    0   13
S12-methods/calling_sets.rakudo.moar...............  21    0    0   11   32
    11 skipped: ambiguous dispatch
S12-methods/calling_syntax.t.......................  11    0    0    0   11
S12-methods/chaining.t.............................  17    0    0    0   17
S12-methods/class-and-instance.t...................   8    0    0    0    8
S12-methods/default-trait.t........................   6    0    0    0    6
S12-methods/defer-call.t...........................  14    0    0    0   14
S12-methods/defer-next.rakudo.moar.................  20    0    1    0   21
     1 todo   : variant of RT #69608
S12-methods/delegation.t...........................   7    0    0    0    7
S12-methods/fallback.t.............................  13    0    0    0   13
S12-methods/how.t..................................   2    0    0    0    2
S12-methods/indirect_notation.rakudo.moar..........  16    0    0   21   37
     6 skipped: .@foo not yet working
    15 skipped: .*, .+ and .? with @foo
S12-methods/instance.t.............................useless use of 'is rw' on @!something  in any  at src/Perl6/World.nqp:1847

use of uninitialized value $got of type AnonInvocant in string context  in sub is at lib/Test.pm:113

use of uninitialized value $expected of type AnonInvocant in string context  in sub is at lib/Test.pm:113

  38    0    0    0   38
S12-methods/lastcall.t.............................   6    0    0    0    6
S12-methods/lvalue.t...............................  16    0    0    0   16
S12-methods/method-vs-sub.rakudo.moar..............   4    0    0    1    5
     1 skipped: confused near "($obj:),  "
S12-methods/multi.rakudo.moar......................Code object coerced to string (please use .gist or .perl to do that)  in block  at t/spec/S12-methods/multi.rakudo.moar:141

  26    0    1    5   32
     2 skipped: proto does not promote to multi
     3 skipped: unknown bug
     1 todo   : RT #66006
S12-methods/parallel-dispatch.rakudo.moar..........  31    0    5    1   37
     1 skipped: No such method postcircumfix:<( )> for invocant of type Pair
     5 todo   : is_deeply does not think map results are the same as list on LHS
S12-methods/private.t..............................  12    0    0    0   12
S12-methods/qualified.t............................   2    0    0    0    2
S12-methods/submethods.rakudo.moar.................  21    0    0    6   27
     4 skipped: roles and submethods
     2 skipped: outer lexicals in roles
S12-methods/syntax.rakudo.moar.....................   8    0    0    4   12
     1 skipped: adverbial closures
     3 skipped: switch-from-paren-to-listop form
S12-methods/topic.t................................   2    0    0    0    2
S12-methods/trusts.t...............................   4    0    0    0    4
S12-methods/typed-attributes.t.....................   7    0    0    0    7
S12-methods/what.t.................................use of uninitialized value of type Match in numeric context  in block  at t/spec/S12-methods/what.t:55

use of uninitialized value of type Match in numeric context  in block <unit> at t/spec/S12-methods/what.t:57

  33    0    0    0   33
S12-subset/multi-dispatch.t........................   6    0    0    0    6
S12-subset/subtypes.t..............................  77    0    0    0   77
                                                   pass fail todo skip plan
S13-overloading/metaoperators.t....................  11    0    0    0   11
S13-overloading/operators.rakudo.moar..............   4    0    0    1    5
     1 skipped: cannot easily override {} at the moment
S13-overloading/typecasting-long.rakudo.moar.......   4    0    0   12   16
     8 skipped: cannot easily override {} at the moment
     4 skipped: cannot easily override [] at the moment
S13-overloading/typecasting-mixed.rakudo.moar......   2    0    5    7   14
     3 skipped: cannot easily override [] at the moment
     4 skipped: cannot easily override {} at the moment
     1 todo   : cannot easily override [] at the moment
     4 todo   : cannot easily override {} at the moment
S13-overloading/typecasting-short.rakudo.moar......   2    0    5    7   14
     3 skipped: cannot easily override [] at the moment
     4 skipped: cannot easily override {} at the moment
     4 todo   : cannot easily override {} at the moment
     1 todo   : cannot easily override [] at the moment
S13-type-casting/methods.t.........................  13    0    0    0   13
                                                   pass fail todo skip plan
S14-roles/anonymous.rakudo.moar....................use of uninitialized value $got of type Any in string context  in sub is at lib/Test.pm:113

use of uninitialized value $got of type Any in string context  in sub is at lib/Test.pm:117

  10    0    2    1   13
     1 skipped: anonymous roles only created once
     2 todo   : RT #121626
S14-roles/attributes.t.............................   7    0    0    0    7
S14-roles/basic.rakudo.moar........................  40    0    2    3   45
     3 skipped: RT #67768
     1 todo   : can see it in the position, but even STD message doesn't include it
     1 todo   : RT #121308
S14-roles/bool.t...................................   3    0    0    0    3
S14-roles/composition.rakudo.moar..................  24    0    0    2   26
     2 skipped: diamond composition
S14-roles/conflicts.t..............................  11    0    0    0   11
S14-roles/crony.t..................................   4    0    0    0    4
S14-roles/instantiation.t..........................  19    0    0    0   19
S14-roles/lexical.t................................   9    0    0    0    9
S14-roles/mixin.rakudo.moar........................  30    0    0    3   33
     2 skipped: mixin at the point of declaration is compile time
     1 skipped: Twigil ! is only valid on attribute definitions
S14-roles/namespaced.rakudo.moar...................   2    0    1    0    3
     1 todo   : nom regression
S14-roles/parameter-subtyping.t....................  22    0    0    0   22
S14-roles/parameterized-basic.t....................  35    0    0    0   35
S14-roles/parameterized-mixin.rakudo.moar..........  24    0    4    0   28
     4 todo   : .does with parametric roles
S14-roles/parameterized-type.rakudo.moar...........  30    0    0    1   31
     1 skipped: cannot easily override [] at the moment
S14-roles/stubs.t..................................   9    0    0    0    9
S14-roles/submethods.t.............................   4    0    0    0    4
S14-traits/attributes.t............................   8    0    0    0    8
S14-traits/routines.rakudo.moar....................  12    0    1    0   13
     1 todo   : trait mod / .wrap interaction
                                                   pass fail todo skip plan
S15-unicode-information/unimatch-general.t......... 209    0    0    0  209
S15-unicode-information/uniname.rakudo.moar........   6    0    2   16   24
     5 skipped: :either and :one NYI
     5 skipped: :either NYI
     1 skipped: uninames NYI
     5 skipped: :one NYI
     1 todo   : RT #122471
     1 todo   : RT #122470
S15-unicode-information/unival.t...................  25    0    0    0   25
                                                   pass fail todo skip plan
S16-filehandles/chmod.t............................# Using file temp_1421071450
# Using file temp_1421071450
  16    0    0    3   19
     3 skipped: :r :w :x can accidentally work with root permission
S16-filehandles/filestat.t.........................  10    0    0    0   10
S16-filehandles/filetest.rakudo.moar...............  34    0    0    9   43
     6 skipped: :M, :C, :A
     3 skipped: no file README
S16-filehandles/io.t...............................  87    0    0    0   87
S16-filehandles/io_in_for_loops.t..................  29    0    0    0   29
S16-filehandles/io_in_while_loops.t................  13    0    0    0   13
S16-filehandles/mkdir_rmdir.t......................  14    0    0    0   14
S16-filehandles/open.t.............................   4    0    0    1    5
     1 skipped: open('nonexisting') => undefined is waiting on 'use fatal'
S16-filehandles/unlink.rakudo.moar.................   5    0    0    1    6
     1 skipped: implicit closure of file handle at scope exit NYI (FAILS ON WINDOWS) (noauto)
S16-io/bare-say.t..................................   7    0    0    0    7
S16-io/basic-open.t................................   9    0    0    0    9
S16-io/cwd.t.......................................   3    0    0    0    3
S16-io/getc.t......................................   2    0    0    0    2
S16-io/say-and-ref.t...............................   3    0    0    0    3
S16-io/say.t.......................................   8    0    0    0    8
S16-io/tmpdir.t....................................   3    0    0    0    3
S16-unfiled/rebindstdhandles.rakudo.moar...........   0    0    0    2    2
     2 skipped: contextual rebinding regression
                                                   pass fail todo skip plan
S17-channel/basic.t................................  15    0    0    0   15
S17-channel/earliest.t.............................   3    0    0    0    3
S17-lowlevel/thread.t..............................  25    0    0    0   25
S17-procasync/basic.t..............................   9    0    0    0    9
S17-promise/allof.t................................  11    0    0    0   11
S17-promise/anyof.t................................  10    0    0    0   10
S17-promise/basic.t................................  21    0    0    0   21
S17-promise/in.t...................................   2    0    0    0    2
S17-promise/start.rakudo.moar......................  13    0    0    2   15
     2 skipped: RT #122715
S17-promise/then.t.................................  14    0    0    0   14
S17-scheduler/at.rakudo.moar.......................  14    0    1    0   15
     1 todo   : huh?
S17-scheduler/basic.rakudo.moar....................  28    0    2   10   40
    10 skipped: waiting for new '.loads' semantics
     2 todo   : huh?
S17-scheduler/every.t..............................  18    0    0    0   18
S17-scheduler/in.t.................................  14    0    0    0   14
S17-scheduler/times.t..............................   4    0    0    0    4
S17-supply/Channel.t...............................# **** scheduling with ThreadPoolScheduler
# **** scheduling with CurrentThreadScheduler
  12    0    0    0   12
S17-supply/Promise.t...............................# **** scheduling with ThreadPoolScheduler
# **** scheduling with CurrentThreadScheduler
  13    0    0    0   13
S17-supply/act.t...................................# **** scheduling with ThreadPoolScheduler
# **** scheduling with CurrentThreadScheduler
   5    0    0    0    5
S17-supply/basic.t.................................# **** scheduling with CurrentThreadScheduler
  22    0    0    0   22
S17-supply/batch.t.................................# **** scheduling with ThreadPoolScheduler
# **** scheduling with CurrentThreadScheduler
  11    0    0    0   11
S17-supply/categorize.t............................# **** scheduling with ThreadPoolScheduler
# **** scheduling with CurrentThreadScheduler
  75    0    0    0   75
S17-supply/classify.t..............................# **** scheduling with ThreadPoolScheduler
# **** scheduling with CurrentThreadScheduler
  39    0    0    0   39
S17-supply/delay.rakudo.moar.......................# **** scheduling with ThreadPoolScheduler
# **** scheduling with CurrentThreadScheduler
   5    0    0    8   13
     8 skipped: doesn't work or can't test
S17-supply/do.t....................................# **** scheduling with ThreadPoolScheduler
# **** scheduling with CurrentThreadScheduler
   5    0    0    0    5
S17-supply/elems.t.................................# **** scheduling with ThreadPoolScheduler
# **** scheduling with CurrentThreadScheduler
   5    0    0    0    5
S17-supply/flat.t..................................# **** scheduling with ThreadPoolScheduler
# **** scheduling with CurrentThreadScheduler
  17    0    0    0   17
S17-supply/for.t...................................# **** scheduling with ThreadPoolScheduler
# **** scheduling with CurrentThreadScheduler
  13    0    0    0   13
S17-supply/grab.t..................................# **** scheduling with ThreadPoolScheduler
# **** scheduling with CurrentThreadScheduler
   5    0    0    0    5
S17-supply/grep.t..................................# **** scheduling with ThreadPoolScheduler
# **** scheduling with CurrentThreadScheduler
   7    0    0    0    7
S17-supply/interval.t..............................   3    0    0    0    3
S17-supply/last.rakudo.moar........................# **** scheduling with ThreadPoolScheduler
# **** scheduling with CurrentThreadScheduler
   8    0    1    0    9
     1 todo   : we don't have Natural numbers yet
S17-supply/lines.t.................................# **** scheduling with ThreadPoolScheduler
# **** scheduling with CurrentThreadScheduler
  21    0    0    0   21
S17-supply/list.t..................................# **** scheduling with ThreadPoolScheduler
# **** scheduling with CurrentThreadScheduler
   5    0    0    0    5
S17-supply/map.t...................................# **** scheduling with ThreadPoolScheduler
# **** scheduling with CurrentThreadScheduler
   9    0    0    0    9
S17-supply/max.t...................................# **** scheduling with ThreadPoolScheduler
# **** scheduling with CurrentThreadScheduler
  10    0    0    0   10
S17-supply/merge.t.................................# **** scheduling with CurrentThreadScheduler
  10    0    0    0   10
S17-supply/migrate.t...............................# **** scheduling with ThreadPoolScheduler
# **** scheduling with CurrentThreadScheduler
  21    0    0    0   21
S17-supply/min.t...................................# **** scheduling with ThreadPoolScheduler
# **** scheduling with CurrentThreadScheduler
  10    0    0    0   10
S17-supply/minmax.t................................# **** scheduling with ThreadPoolScheduler
# **** scheduling with CurrentThreadScheduler
  10    0    0    0   10
S17-supply/on.t....................................# **** scheduling with CurrentThreadScheduler
  10    0    0    0   10
S17-supply/reduce.t................................# **** scheduling with ThreadPoolScheduler
# **** scheduling with CurrentThreadScheduler
  10    0    0    0   10
S17-supply/reverse.t...............................# **** scheduling with ThreadPoolScheduler
# **** scheduling with CurrentThreadScheduler
   3    0    0    0    3
S17-supply/rotor.t.................................# **** scheduling with ThreadPoolScheduler
# **** scheduling with CurrentThreadScheduler
   9    0    0    0    9
S17-supply/schedule_on.t...........................# **** scheduling with ThreadPoolScheduler
# **** scheduling with CurrentThreadScheduler
   7    0    0    0    7
S17-supply/sort.t..................................# **** scheduling with ThreadPoolScheduler
# **** scheduling with CurrentThreadScheduler
   7    0    0    0    7
S17-supply/squish.t................................# **** scheduling with ThreadPoolScheduler
# **** scheduling with CurrentThreadScheduler
  11    0    0    0   11
S17-supply/stable.rakudo.moar......................# **** scheduling with ThreadPoolScheduler
# **** scheduling with CurrentThreadScheduler
   5    0    0    2    7
     2 skipped: doesn't work or can't test
S17-supply/start.t.................................   9    0    0    0    9
S17-supply/unique.t................................# **** scheduling with ThreadPoolScheduler
# **** scheduling with CurrentThreadScheduler
  17    0    0    0   17
S17-supply/wait.t..................................   4    0    0    0    4
S17-supply/watch_path.t............................   2    0    0    0    2
S17-supply/words.t.................................# **** scheduling with ThreadPoolScheduler
# **** scheduling with CurrentThreadScheduler
   5    0    0    0    5
S17-supply/zip-latest.t............................# **** scheduling with CurrentThreadScheduler
  12    0    0    0   12
S17-supply/zip.t...................................# **** scheduling with CurrentThreadScheduler
  10    0    0    0   10
                                                   pass fail todo skip plan
S19-command-line-options/02-dash-n.t...............   3    0    0    0    3
S19-command-line-options/03-dash-p.t...............   2    0    0    0    2
S19-command-line/arguments.t.......................   2    0    0    0    2
S19-command-line/dash-e.t..........................   4    0    0    0    4
S19-command-line/help.t............................   1    0    0    0    1
S19-command-line/repl.t............................   1    0    0    0    1
                                                   pass fail todo skip plan
S22-package-format/local.t.........................  24    0    0    0   24
                                                   pass fail todo skip plan
S24-testing/0-compile.t............................   1    0    0    0    1
                                                   pass fail todo skip plan
S26-documentation/01-delimited.t...................  40    0    0    0   40
S26-documentation/02-paragraph.t...................  27    0    0    0   27
S26-documentation/03-abbreviated.t.................  30    0    0    0   30
S26-documentation/04-code.t........................  50    0    0    0   50
S26-documentation/05-comment.t.....................   9    0    0    0    9
S26-documentation/06-lists.t.......................  39    0    0    0   39
S26-documentation/07-tables.t......................  38    0    0    0   38
S26-documentation/08-formattingcodes.t.............  45    0    0    0   45
S26-documentation/09-configuration.t...............  15    0    0    0   15
S26-documentation/10-doc-cli.t.....................   2    0    0    0    2
S26-documentation/module-comment.t.................   1    0    0    0    1
S26-documentation/multiline-leading.t..............   4    0    0    0    4
S26-documentation/multiline-trailing.t.............   2    0    0    0    2
S26-documentation/wacky.t..........................use of uninitialized value $got of type Any in string context  in sub is at lib/Test.pm:113

use of uninitialized value $got of type Any in string context  in sub is at lib/Test.pm:117

use of uninitialized value $got of type Any in string context  in sub is at lib/Test.pm:113

use of uninitialized value $got of type Any in string context  in sub is at lib/Test.pm:117

  24    0    4    2   30
     1 skipped: interleaved trailing WIP
     1 skipped: supersede NYI
     1 todo   : being picky about attaching of declarative comments NYI
     1 todo   : comment betwixt signature and block WIP
     2 todo   : two attrs on a line WIP
S26-documentation/why-both.t....................... 263    0    0   14  277
     7 skipped: declaration comments are NYI on constants
     7 skipped: declaration comments are NYI on variables
S26-documentation/why-leading.t.................... 327    0    0   14  341
     7 skipped: declaration comments are NYI on variables
     7 skipped: declaration comments are NYI on constants
S26-documentation/why-trailing.t................... 320    0    0   14  334
     7 skipped: declaration comments are NYI on variables
     7 skipped: declaration comments are NYI on constants
                                                   pass fail todo skip plan
S28-named-variables/cwd.t..........................   2    0    0    0    2
S28-named-variables/inc.t..........................   5    0    0    0    5
                                                   pass fail todo skip plan
S29-any/cmp.t......................................   6    0    0    0    6
S29-any/isa.t......................................  10    0    0    0   10
S29-context/die.rakudo.moar........................WARNINGS:
Useless use of variable $foo in sink context (line 23)
  15    0    1    0   16
     1 todo   : RT #67374
S29-context/eval.rakudo.moar.......................  19    0    0    2   21
     2 skipped: EVAL(Buf) RT #122256
S29-context/exit-in-if.t...........................   1    0    0    0    1
S29-context/exit.t.................................   3    0    0    0    3
S29-context/sleep.t................................# sleep-timer() for 3 seconds
# sleep-till() for 3 seconds
# checking infinite waiting times
  17    0    0    0   17
S29-conversions/hash.t.............................   8    0    0    0    8
S29-conversions/ord_and_chr.rakudo.moar............ 254    0    3    0  257
     1 todo   : chr surrogate
     1 todo   : chr max
     1 todo   : RT #65172 - combining graphemes
S29-os/system.t....................................dir: cannot access t: No such file or directory
   5    0    0    0    5
                                                   pass fail todo skip plan
S32-array/bool.t...................................  15    0    0    0   15
S32-array/create.t.................................   6    0    0    0    6
S32-array/delete-adverb-native.t...................use of uninitialized value $got of type Int in string context  in sub is at lib/Test.pm:113

use of uninitialized value $expected of type Any in string context  in sub is at lib/Test.pm:113

use of uninitialized value $got of type Int in string context  in sub is at lib/Test.pm:113

use of uninitialized value $expected of type Any in string context  in sub is at lib/Test.pm:113

use of uninitialized value $got of type Int in string context  in sub is at lib/Test.pm:113

use of uninitialized value $expected of type Int in string context  in sub is at lib/Test.pm:113

 138    0    0    0  138
S32-array/delete-adverb.t..........................use of uninitialized value $got of type Int in string context  in sub is at lib/Test.pm:113

use of uninitialized value $expected of type Any in string context  in sub is at lib/Test.pm:113

use of uninitialized value $got of type Int in string context  in sub is at lib/Test.pm:113

use of uninitialized value $expected of type Any in string context  in sub is at lib/Test.pm:113

use of uninitialized value $got of type Int in string context  in sub is at lib/Test.pm:113

use of uninitialized value $expected of type Int in string context  in sub is at lib/Test.pm:113

 216    0    0    0  216
S32-array/delete.t.................................use of uninitialized value of type Any in string context  in block <unit> at t/spec/S32-array/delete.t:64

  31    0    0    0   31
S32-array/elems.t..................................  11    0    0    0   11
S32-array/end.t....................................  12    0    0    0   12
S32-array/exists-adverb.t..........................  52    0    0    0   52
S32-array/keys_values.t............................   8    0    0    0    8
S32-array/kv.t.....................................  18    0    0    0   18
S32-array/pairs.rakudo.moar........................  13    0    1    0   14
     1 todo   : Apparently not rw yet?
S32-array/perl.t...................................   6    0    0    0    6
S32-array/pop.t....................................  36    0    0    0   36
S32-array/push.t...................................  51    0    0    0   51
S32-array/rotate.t.................................  27    0    0    0   27
S32-array/shift.t..................................  31    0    0    0   31
S32-array/splice.t.................................  38    0    0    0   38
S32-array/unshift.t................................  57    0    0    0   57
S32-basics/warn.rakudo.moar........................# It's OK to see this warning during a test run  in block  at t/spec/S32-basics/warn.rakudo.moar:14

   5    0    2    0    7
     1 todo   : quietly NYI
     1 todo   : nom regression
S32-container/roundrobin.rakudo.moar...............   4    0    1    0    5
     1 todo   : over-flattening
S32-container/stringify.t..........................use of uninitialized value of type Set in string context  in block <unit> at t/spec/S32-container/stringify.t:14

use of uninitialized value of type Set in string context  in block <unit> at t/spec/S32-container/stringify.t:15

use of uninitialized value of type SetHash in string context  in block <unit> at t/spec/S32-container/stringify.t:20

use of uninitialized value of type SetHash in string context  in block <unit> at t/spec/S32-container/stringify.t:21

use of uninitialized value of type Bag in string context  in block <unit> at t/spec/S32-container/stringify.t:25

use of uninitialized value of type Bag in string context  in block <unit> at t/spec/S32-container/stringify.t:26

use of uninitialized value of type BagHash in string context  in block <unit> at t/spec/S32-container/stringify.t:31

use of uninitialized value of type BagHash in string context  in block <unit> at t/spec/S32-container/stringify.t:32

  16    0    0    0   16
S32-container/zip.rakudo.moar......................   8    0    0    2   10
     2 skipped: lvalue zip
S32-exceptions/misc.rakudo.moar....................Code object coerced to string (please use .gist or .perl to do that)  in any  at src/Perl6/World.nqp:1847

Code object coerced to string (please use .gist or .perl to do that)  in any throw at src/Perl6/World.nqp:2727

    
# Failed test ''#`' died'
# at lib/Test.pm line 300
    # Looks like you failed 1 tests of 2
# Variable '$abd' is not declared. Did you mean any of these?
#     $abe
#     $abc

    
# Failed test ''sub f { f(|$) }' died'
# at lib/Test.pm line 197
    # Looks like you failed 1 tests of 5
 272    0    2    0  274
     1 todo   : Cannot find method "returns"
     1 todo   : parsing regression
S32-hash/delete-adverb.t...........................use of uninitialized value $got of type Int in string context  in sub is at lib/Test.pm:113

use of uninitialized value $expected of type Int in string context  in sub is at lib/Test.pm:113

 131    0    0    0  131
S32-hash/delete.t..................................   8    0    0    0    8
S32-hash/exists-adverb.t...........................  46    0    0    0   46
S32-hash/exists.rakudo.moar........................  20    0    0    1   21
     1 skipped: unspecced
S32-hash/invert.rakudo.moar........................   4    0    1    0    5
     1 todo   : nom regression
S32-hash/keys_values.t.............................  14    0    0    0   14
S32-hash/kv.t......................................  27    0    0    0   27
S32-hash/pairs.rakudo.moar.........................use of uninitialized value %rt117935 of type Any in string context  in sub is at lib/Test.pm:113

use of uninitialized value $!value of type Any in string context  in sub is at lib/Test.pm:113

  24    0    1    0   25
     1 todo   : Rakudo seems to make a copy rather than a reference
S32-hash/perl.t....................................  12    0    0    0   12
S32-hash/push.t....................................   7    0    0    0    7
S32-hash/slice.rakudo.moar.........................  19    0   10    0   29
    10 todo   : binding on hash elements unimplemented
S32-io/IO-Socket-INET.t............................   0    0    0   47   47
    47 skipped: Operating system not yet supported
S32-io/chdir.rakudo.moar...........................   8    0    0    2   10
     2 skipped: spec non-conformance due to missing sink context
S32-io/copy.t......................................Saw 1 call to deprecated code during execution.
================================================================================
Method path (from Str) called at:
  t/spec/S32-io/copy.t, lines 22,23,24,33,34,35,36,38,39,40,41,42,43,57,58,59,62,65,66,67
Deprecated since v2014.11, will be removed with release v2015.11!
Please use IO instead.
--------------------------------------------------------------------------------
Please contact the author to have these calls to deprecated code adapted,
so that this message will disappear!

Please note that *ALL* deprecated features will be removed at the release
of Perl 6.0.0 (expected sometime in 2015).
  29    0    0    0   29
S32-io/dir.rakudo.moar.............................   8    0    4    0   12
     1 todo   : $*CWD misses slash at end still
     1 todo   : dirname is not yet absolute
     1 todo   : entries are still IO::Path
     1 todo   : directories are not marked with trailing / yet
S32-io/file-tests.t................................  34    0    0    0   34
S32-io/io-path-cygwin.rakudo.moar..................use of uninitialized value $CWD of type Any in string context  in block <unit> at t/spec/S32-io/io-path-cygwin.rakudo.moar:9

Saw 1 call to deprecated code during execution.
================================================================================
Method directory (from IO::Path) called at:
  t/spec/S32-io/io-path-cygwin.rakudo.moar, lines 16,22,30,36
Deprecated since v2014.10, will be removed with release v2015.10!
Please use dirname instead.
--------------------------------------------------------------------------------
Please contact the author to have these calls to deprecated code adapted,
so that this message will disappear!

Please note that *ALL* deprecated features will be removed at the release
of Perl 6.0.0 (expected sometime in 2015).
  49    0    1    0   50
     1 todo   : resolve NYI, needs nqp::readlink
S32-io/io-path-unix.rakudo.moar....................use of uninitialized value $CWD of type Any in string context  in block <unit> at t/spec/S32-io/io-path-unix.rakudo.moar:9

  34    0    1    0   35
     1 todo   : resolve NYI, needs nqp::readlink
S32-io/io-path-win.rakudo.moar.....................use of uninitialized value $CWD of type Any in string context  in block <unit> at t/spec/S32-io/io-path-win.rakudo.moar:8

  48    0    1    0   49
     1 todo   : resolve NYI, needs nqp::readlink
S32-io/io-path.t...................................Saw 2 calls to deprecated code during execution.
================================================================================
Method path (from Str) called at:
  t/spec/S32-io/io-path.t, lines 42,43,8
Deprecated since v2014.11, will be removed with release v2015.11!
Please use IO instead.
--------------------------------------------------------------------------------
Method directory (from IO::Path) called at:
  t/spec/S32-io/io-path.t, line 16
Deprecated since v2014.10, will be removed with release v2015.10!
Please use dirname instead.
--------------------------------------------------------------------------------
Please contact the author to have these calls to deprecated code adapted,
so that this message will disappear!

Please note that *ALL* deprecated features will be removed at the release
of Perl 6.0.0 (expected sometime in 2015).
  13    0    0    0   13
S32-io/io-spec-cygwin.t............................ 100    0    0    2  102
     2 skipped: cygwin on-platform tests
S32-io/io-spec-unix.t..............................use of uninitialized value $patharg of type Any in string context  in block <unit> at t/spec/S32-io/io-spec-unix.t:48

 130    0    0    0  130
S32-io/io-spec-win.t...............................use of uninitialized value $patharg of type Any in string context  in block <unit> at t/spec/S32-io/io-spec-win.t:52

 206    0    0    3  209
     3 skipped: Win32ish on-platform tests
S32-io/note.t......................................   6    0    0    0    6
S32-io/other.t.....................................  60    0    0    0   60
S32-io/slurp.t.....................................Saw 1 call to deprecated code during execution.
================================================================================
slurp($handle,...) called at:
  t/spec/S32-io/slurp.t, lines 45,53
Deprecated since v2014.10, will be removed with release v2015.10!
Please use slurp($path,...) instead.
--------------------------------------------------------------------------------
Please contact the author to have these calls to deprecated code adapted,
so that this message will disappear!

Please note that *ALL* deprecated features will be removed at the release
of Perl 6.0.0 (expected sometime in 2015).
  18    0    0    0   18
S32-io/spurt.t.....................................Saw 1 call to deprecated code during execution.
================================================================================
spurt($handle,...) called at:
  t/spec/S32-io/spurt.t, lines 65,75,85
Deprecated since v2014.10, will be removed with release v2015.10!
Please use spurt($path,...) instead.
--------------------------------------------------------------------------------
Please contact the author to have these calls to deprecated code adapted,
so that this message will disappear!

Please note that *ALL* deprecated features will be removed at the release
of Perl 6.0.0 (expected sometime in 2015).
  35    0    0    0   35
S32-list/categorize.t..............................  12    0    0    0   12
S32-list/classify.rakudo.moar......................  12    0    0    3   15
     3 skipped: Cannot use bind operator with this LHS
S32-list/combinations.t............................   8    0    0    0    8
S32-list/create.t..................................   6    0    0    0    6
S32-list/end.t.....................................  14    0    0    0   14
S32-list/first-index.rakudo.moar...................use of uninitialized value of type Nil in numeric context  in block  at t/spec/S32-list/first-index.rakudo.moar:77

use of uninitialized value of type Nil in numeric context  in block  at t/spec/S32-list/first-index.rakudo.moar:78

  23    0    0    2   25
     2 skipped: adverbial block
S32-list/first.rakudo.moar.........................use of uninitialized value of type Nil in numeric context  in block  at t/spec/S32-list/first.rakudo.moar:84

use of uninitialized value of type Nil in numeric context  in block  at t/spec/S32-list/first.rakudo.moar:85

  26    0    0    2   28
     2 skipped: adverbial block
S32-list/grep-index.rakudo.moar....................use of uninitialized value of type Nil in numeric context  in block  at t/spec/S32-list/grep-index.rakudo.moar:108

use of uninitialized value of type Nil in numeric context  in block  at t/spec/S32-list/grep-index.rakudo.moar:109

  19    0    0   20   39
     6 skipped: closure as non-final argument
    12 skipped: adverbial block
     2 skipped: test error -- is $_ rw here?
S32-list/grep.rakudo.moar..........................use of uninitialized value of type Nil in numeric context  in block  at t/spec/S32-list/grep.rakudo.moar:135

use of uninitialized value of type Nil in numeric context  in block  at t/spec/S32-list/grep.rakudo.moar:136

  24    0    0   19   43
     6 skipped: closure as non-final argument
     1 skipped: RT #71544: grep arity sensitivity different from map
    12 skipped: adverbial block
S32-list/join.t....................................use of uninitialized value <element> of type Any in string context  in block <unit> at t/spec/S32-list/join.t:89

use of uninitialized value <element> of type Any in string context  in block <unit> at t/spec/S32-list/join.t:89

use of uninitialized value <element> of type Mu in string context  in block <unit> at t/spec/S32-list/join.t:94

use of uninitialized value <element> of type Mu in string context  in block <unit> at t/spec/S32-list/join.t:94

  34    0    0    0   34
S32-list/last-index.rakudo.moar....................use of uninitialized value of type Nil in numeric context  in block  at t/spec/S32-list/last-index.rakudo.moar:77

use of uninitialized value of type Nil in numeric context  in block  at t/spec/S32-list/last-index.rakudo.moar:78

  23    0    0    2   25
     2 skipped: adverbial block
S32-list/map.rakudo.moar...........................  51    0    0    8   59
     4 skipped: adverbial block; RT #53804
     2 skipped: closure as non-final argument
     2 skipped: adverbial block
S32-list/map_function_return_values.t..............   2    0    0    0    2
S32-list/minmax.t..................................  55    0    0    0   55
S32-list/permutations.t............................   2    0    0    0    2
S32-list/pick.rakudo.moar..........................  56    0    1    0   57
     1 todo   : error on pick :replace
S32-list/reduce.rakudo.moar........................use of uninitialized value of type Any in numeric context  in block <unit> at t/spec/S32-list/reduce.rakudo.moar:29

  13    0    1    0   14
     1 todo   : n-ary reduce
S32-list/reverse.rakudo.moar.......................  20    0    1    0   21
     1 todo   : RT #77914
S32-list/roll.t....................................  48    0    0    0   48
S32-list/sort.rakudo.moar..........................Code object coerced to string (please use .gist or .perl to do that)  in sub is at lib/Test.pm:113

Code object coerced to string (please use .gist or .perl to do that)  in sub is at lib/Test.pm:117

use of uninitialized value $b of type Code in string context  in block  at t/spec/S32-list/sort.rakudo.moar:207

  28    0    3    1   32
     1 skipped: closure as non-final argument
     2 todo   : determine behavior of 0-arity methods passed to sort
     1 todo   : method fallback to sub unimpl
S32-list/squish.t..................................  28    0    0    0   28
S32-list/uniq.t....................................Saw 3 calls to deprecated code during execution.
================================================================================
Method uniq (from List) called at:
  t/spec/S32-list/uniq.t, lines 114,128,15,36,55,85,99
Deprecated since v2014.11, will be removed with release v2015.11!
  src/gen/m-CORE.setting, line 1328
Deprecated since v2014.11, will be removed with release v2015.11!
  EVAL_0, line 1
Deprecated since v2014.11, will be removed with release v2015.11!
Please use unique instead.
--------------------------------------------------------------------------------
Sub uniq (from GLOBAL) called at:
  t/spec/S32-list/uniq.t, lines 101,116,130,17,26,38,67,87
Deprecated since v2014.12, will be removed with release v2015.11!
Please use unique instead.
--------------------------------------------------------------------------------
Method uniq (from Any) called at:
  t/spec/S32-list/uniq.t, lines 46,47,61
Deprecated since v2014.11, will be removed with release v2015.11!
  src/gen/m-CORE.setting, line 1328
Deprecated since v2014.11, will be removed with release v2015.11!
Please use unique instead.
--------------------------------------------------------------------------------
Please contact the author to have these calls to deprecated code adapted,
so that this message will disappear!

Please note that *ALL* deprecated features will be removed at the release
of Perl 6.0.0 (expected sometime in 2015).
  33    0    0    0   33
S32-num/abs.t......................................  49    0    0    0   49
S32-num/base.t.....................................  12    0    0    0   12
S32-num/complex.t.................................. 488    0    0    0  488
S32-num/cool-num.rakudo.moar.......................  39    0    0    4   43
     4 skipped: angle conversion
S32-num/exp.t......................................  72    0    0    0   72
S32-num/expmod.t................................... 117    0    0    0  117
S32-num/fatrat.rakudo.moar......................... 279    0    1    2  282
     2 skipped: FatRat arith + type objects
     1 todo   : unknown
S32-num/int.rakudo.moar............................ 102    0    3    2  107
     2 skipped: trailing characters produce failures
     3 todo   : Inf and NaN NYI for Int
S32-num/is-prime.t.................................  35    0    0    0   35
S32-num/log.rakudo.moar............................  28    0    1    0   29
     1 todo   : HugeInt.log
S32-num/narrow.t...................................   9    0    0    0    9
S32-num/pi.t.......................................   5    0    0    0    5
S32-num/polar.t....................................  48    0    0    0   48
S32-num/power.rakudo.moar..........................  43    0    9    0   52
     1 todo   : NaN**0 should be NaN
     1 todo   : i
     1 todo   : NaN**1i should be NaN
     1 todo   : 1i**NaN should be NaN
     5 todo   : big exponents
S32-num/rand.rakudo.moar........................... 112    0    0    1  113
     1 skipped: Test is too slow; srand call incorrect
S32-num/rat.rakudo.moar............................ 819    0    4    1  824
     1 skipped: RT #74648
     4 todo   : <1/3> literal should be Rat
S32-num/real-bridge.t.............................. 200    0    0    0  200
S32-num/roots.t....................................  55    0    0    0   55
S32-num/rounders.t................................. 130    0    0    0  130
S32-num/rshift_pos_amount.t........................ 189    0    0    0  189
S32-num/sign.rakudo.moar...........................  33    0    1    1   35
     1 skipped: Test is kind of doubtful IMO -- colomon
     1 todo   : Nom does not yet have a NaN framework in place
S32-num/sqrt.t.....................................  18    0    0    0   18
S32-num/stringify.rakudo.moar......................use of uninitialized value of type Complex in string context  in block <unit> at t/spec/S32-num/stringify.rakudo.moar:38

use of uninitialized value of type Complex in string context  in block <unit> at t/spec/S32-num/stringify.rakudo.moar:39

use of uninitialized value of type Rat in string context  in block <unit> at t/spec/S32-num/stringify.rakudo.moar:78

use of uninitialized value of type Rat in string context  in block <unit> at t/spec/S32-num/stringify.rakudo.moar:79

  97    0   11    4  112
     4 skipped: big stuff
    11 todo   : Complex.perl
S32-num/unpolar.t.................................. 199    0    0    0  199
S32-scalar/defined.t...............................  56    0    0    0   56
S32-scalar/perl.rakudo.moar........................   4    0    2    0    6
     2 todo   : cannot roundtrip constrained scalars yet
S32-scalar/undef.rakudo.moar.......................use of uninitialized value of type Any in numeric context  in block <unit> at t/spec/S32-scalar/undef.rakudo.moar:300

use of uninitialized value of type Any in numeric context  in block <unit> at t/spec/S32-scalar/undef.rakudo.moar:301

use of uninitialized value of type Any in numeric context  in block <unit> at t/spec/S32-scalar/undef.rakudo.moar:302

use of uninitialized value of type Any in numeric context  in block <unit> at t/spec/S32-scalar/undef.rakudo.moar:303

use of uninitialized value of type Any in numeric context  in block <unit> at t/spec/S32-scalar/undef.rakudo.moar:305

use of uninitialized value of type Any in numeric context  in block <unit> at t/spec/S32-scalar/undef.rakudo.moar:305

  66    0    4   16   86
     6 skipped: access to &your_sub
    10 skipped: Cannot use bind operator with this left-hand side
     1 todo   : definedness of hash
     2 todo   : todo: lists, defined, truthness
     1 todo   : definedness of array
S32-str/append.t...................................   7    0    0    0    7
S32-str/bool.t.....................................  12    0    0    0   12
S32-str/capitalize.rakudo.moar.....................  15    0    2    0   17
     2 todo   : graphemes results wrong
S32-str/chomp.t....................................  39    0    0    0   39
S32-str/chop.t.....................................   6    0    0    0    6
S32-str/comb.rakudo.moar...........................  38    0    2    1   41
     1 skipped: cannot call match, no signature matches
     2 todo   : graphemes NYI
S32-str/encode.rakudo.moar.........................  21    0    0    1   22
     1 skipped: We do not handle NDF yet
S32-str/flip.rakudo.moar...........................  11    0    2    0   13
     2 todo   : graphemes NYI
S32-str/indent.t...................................Asked to remove 4 spaces, but the shortest indent is 3 spaces  in block <unit> at t/spec/S32-str/indent.t:61

  62    0    0    0   62
S32-str/index.rakudo.moar..........................  36    0    0    2   38
     2 skipped: StrPos NYI
S32-str/lc.rakudo.moar.............................  12    0    1    0   13
     1 todo   : case folding, MoarVM #87
S32-str/lines.t....................................  47    0    0    0   47
S32-str/numeric.rakudo.moar........................ 161    0    7    0  168
     5 todo   : Failure
     1 todo   : NYI
     1 todo   : complex Str.Numeric
S32-str/ords.t.....................................   6    0    0    0    6
S32-str/pack.t.....................................   6    0    0    0    6
S32-str/pos.t......................................   2    0    0    0    2
S32-str/rindex.t...................................  33    0    0    0   33
S32-str/samecase.t.................................   8    0    0    0    8
S32-str/split-simple.rakudo.moar...................  28    0    1    0   29
     1 todo   : RT #112868
S32-str/split.rakudo.moar..........................  52    0    0    1   53
     1 skipped: No such method null for invocant of type Cursor
S32-str/sprintf.rakudo.moar........................ 143    0   13    0  156
    10 todo   : Issues with Inf: RT #116280
     3 todo   : RT #116280 -- sprintf prints numbers instead of NaN/inf/-inf
S32-str/substr-rw.rakudo.moar......................  19    0   12    0   31
    12 todo   : NYI
S32-str/substr.rakudo.moar.........................  56    0    0   13   69
    13 skipped: StrPos NYI
S32-str/tc.rakudo.moar.............................   7    0    2    0    9
     2 todo   : NYI
S32-str/tclc.rakudo.moar...........................   5    0    1    0    6
     1 todo   : RT #121377
S32-str/trim.t.....................................  36    0    0    0   36
S32-str/uc.rakudo.moar.............................  16    0    1    0   17
     1 todo   : case folding of German sharp S, RT #121377
S32-str/unpack.t...................................  12    0    0    0   12
S32-str/words.rakudo.moar..........................  11    0    0    2   13
     2 skipped: graphemes NYI
S32-temporal/Date.t................................Potential difficulties:
    Leading 0 does not indicate octal in Perl 6; please use 0o6 if you mean that
    at t/spec/S32-temporal/Date.t:15
    ------> [32m$dt = DateTime.new(:year(2010),:month(06[33m⏏[31m), :day(04));   #OK octal[0m
    Leading 0 does not indicate octal in Perl 6; please use 0o4 if you mean that
    at t/spec/S32-temporal/Date.t:15
    ------> [32mTime.new(:year(2010),:month(06), :day(04[33m⏏[31m));   #OK octal[0m
    Leading 0 does not indicate octal in Perl 6; please use 0o1 if you mean that
    at t/spec/S32-temporal/Date.t:28
    ------> [32m    isa_ok Date.new(2010, 01[33m⏏[31m, 01), Date, 'Date.new() returns a Date'[0m
    Leading 0 does not indicate octal in Perl 6; please use 0o1 if you mean that
    at t/spec/S32-temporal/Date.t:28
    ------> [32m    isa_ok Date.new(2010, 01, 01[33m⏏[31m), Date, 'Date.new() returns a Date';  #[0m
  72    0    0    0   72
S32-temporal/DateTime-Instant-Duration.t...........  33    0    0    0   33
S32-temporal/DateTime.rakudo.moar.................. 218    0    1    0  219
     1 todo   : nom regression
S32-temporal/calendar.t............................Potential difficulties:
    Leading 0 does not indicate octal in Perl 6; please use 0o1 if you mean that
    at t/spec/S32-temporal/calendar.t:119
    ------> [32mis date(2005, 01[33m⏏[31m, 01).week.join(' '), '2004 53', 'Date.w[0m
    Leading 0 does not indicate octal in Perl 6; please use 0o1 if you mean that
    at t/spec/S32-temporal/calendar.t:119
    ------> [32mis date(2005, 01, 01[33m⏏[31m).week.join(' '), '2004 53', 'Date.week [0m
    Leading 0 does not indicate octal in Perl 6; please use 0o1 if you mean that
    at t/spec/S32-temporal/calendar.t:120
    ------> [32mis date(2005, 01[33m⏏[31m, 02).week.join(' '), '2004 53', 'Date.w[0m
    Leading 0 does not indicate octal in Perl 6; please use 0o2 if you mean that
    at t/spec/S32-temporal/calendar.t:120
    ------> [32mis date(2005, 01, 02[33m⏏[31m).week.join(' '), '2004 53', 'Date.week [0m
    Leading 0 does not indicate octal in Perl 6; please use 0o1 if you mean that
    at t/spec/S32-temporal/calendar.t:122
    ------> [32mis date(2007, 01[33m⏏[31m, 01).week.join(' '), '2007 1',  'Date.w[0m
    Leading 0 does not indicate octal in Perl 6; please use 0o1 if you mean that
    at t/spec/S32-temporal/calendar.t:122
    ------> [32mis date(2007, 01, 01[33m⏏[31m).week.join(' '), '2007 1',  'Date.week [0m
    Leading 0 does not indicate octal in Perl 6; please use 0o1 if you mean that
    at t/spec/S32-temporal/calendar.t:130
    ------> [32mis date(2008, 01[33m⏏[31m, 01).week.join(' '), '2008 1',  'Date.w[0m
    Leading 0 does not indicate octal in Perl 6; please use 0o1 if you mean that
    at t/spec/S32-temporal/calendar.t:130
    ------> [32mis date(2008, 01, 01[33m⏏[31m).week.join(' '), '2008 1',  'Date.week [0m
    Leading 0 does not indicate octal in Perl 6; please use 0o1 if you mean that
    at t/spec/S32-temporal/calendar.t:133
    ------> [32mis date(2009, 01[33m⏏[31m, 01).week.join(' '), '2009 1',  'Date.w[0m
    Leading 0 does not indicate octal in Perl 6; please use 0o1 if you mean that
    at t/spec/S32-temporal/calendar.t:133
    ------> [32mis date(2009, 01, 01[33m⏏[31m).week.join(' '), '2009 1',  'Date.week [0m
    Leading 0 does not indicate octal in Perl 6; please use 0o1 if you mean that
    at t/spec/S32-temporal/calendar.t:135
    ------> [32mis date(2010, 01[33m⏏[31m, 03).week.join(' '), '2009 53', 'Date.w[0m
    Leading 0 does not indicate octal in Perl 6; please use 0o3 if you mean that
    at t/spec/S32-temporal/calendar.t:135
    ------> [32mis date(2010, 01, 03[33m⏏[31m).week.join(' '), '2009 53', 'Date.week [0m
    Leading 0 does not indicate octal in Perl 6; please use 0o1 if you mean that
    at t/spec/S32-temporal/calendar.t:136
    ------> [32mis dtim(2010, 01[33m⏏[31m, 03).week.join(' '), '2009 53', 'DateTi[0m
    Leading 0 does not indicate octal in Perl 6; please use 0o3 if you mean that
    at t/spec/S32-temporal/calendar.t:136
    ------> [32mis dtim(2010, 01, 03[33m⏏[31m).week.join(' '), '2009 53', 'DateTime.w[0m
    Leading 0 does not indicate octal in Perl 6; please use 0o1 if you mean that
    at t/spec/S32-temporal/calendar.t:137
    ------> [32mis date(2010, 01[33m⏏[31m, 03).week-year, 2009, 'Date.week-year ([0m
    Leading 0 does not indicate octal in Perl 6; please use 0o3 if you mean that
    at t/spec/S32-temporal/calendar.t:137
    ------> [32mis date(2010, 01, 03[33m⏏[31m).week-year, 2009, 'Date.week-year (2010[0m
    Leading 0 does not indicate octal in Perl 6; please use 0o1 if you mean that
    at t/spec/S32-temporal/calendar.t:138
    ------> [32mis dtim(2010, 01[33m⏏[31m, 03).week-year, 2009, 'DateTime.week-ye[0m
    Leading 0 does not indicate octal in Perl 6; please use 0o3 if you mean that
    at t/spec/S32-temporal/calendar.t:138
    ------> [32mis dtim(2010, 01, 03[33m⏏[31m).week-year, 2009, 'DateTime.week-year ([0m
    Leading 0 does not indicate octal in Perl 6; please use 0o1 if you mean that
    at t/spec/S32-temporal/calendar.t:139
    ------> [32mis date(2010, 01[33m⏏[31m, 03).week-number, 53, 'Date.week-number[0m
    Leading 0 does not indicate octal in Perl 6; please use 0o3 if you mean that
    at t/spec/S32-temporal/calendar.t:139
    ------> [32mis date(2010, 01, 03[33m⏏[31m).week-number, 53, 'Date.week-number (20[0m
    Leading 0 does not indicate octal in Perl 6; please use 0o1 if you mean that
    at t/spec/S32-temporal/calendar.t:140
    ------> [32mis dtim(2010, 01[33m⏏[31m, 03).week-number, 53, 'DateTime.week-nu[0m
    Leading 0 does not indicate octal in Perl 6; please use 0o3 if you mean that
    at t/spec/S32-temporal/calendar.t:140
    ------> [32mis dtim(2010, 01, 03[33m⏏[31m).week-number, 53, 'DateTime.week-number[0m
 130    0    0    0  130
S32-temporal/local.rakudo.moar.....................  16    0    9    0   25
     9 todo   : RT #122702
S32-trig/atan2.t................................... 115    0    0    0  115
S32-trig/cos.t..................................... 154    0    0    0  154
S32-trig/cosec.t................................... 114    0    0    0  114
S32-trig/cosech.t.................................. 146    0    0    0  146
S32-trig/cosh.t.................................... 138    0    0    0  138
S32-trig/cotan.t................................... 114    0    0    0  114
S32-trig/cotanh.t.................................. 146    0    0    0  146
S32-trig/e.t.......................................   5    0    0    0    5
S32-trig/pi.t......................................   3    0    0    0    3
S32-trig/sec.t..................................... 114    0    0    0  114
S32-trig/sech.t.................................... 154    0    0    0  154
S32-trig/simple.t..................................  12    0    0    0   12
S32-trig/sin.t..................................... 154    0    0    0  154
S32-trig/sinh.t.................................... 138    0    0    0  138
S32-trig/tan.t..................................... 138    0    0    0  138
S32-trig/tanh.t.................................... 154    0    0    0  154
                                                   pass fail todo skip plan
integration/99problems-01-to-10.t..................  22    0    0    0   22
integration/99problems-11-to-20.t..................  25    0    0    0   25
integration/99problems-21-to-30.t..................use of uninitialized value $previous of type Any in string context  in sub  at t/spec/integration/99problems-21-to-30.t:54

  15    0    0    0   15
integration/99problems-31-to-40.t..................  66    0    0    1   67
     1 skipped: No Benchmark module yet
integration/99problems-41-to-50.t..................  13    0    0    0   13
integration/99problems-51-to-60.t..................  35    0    0    2   37
     1 skipped: Test(s) not yet written: (**) Construct height-balanced binary trees with a given number of nodes
     1 skipped: Test(s) not yet written: (**) Generate-and-test paradigm
integration/99problems-61-to-70.t..................   9    0    0    6   15
     1 skipped: Test(s) not yet written: (***) Layout a binary tree (3)
     1 skipped: Test(s) not yet written: (**) Tree construction from a node string
     1 skipped: Test(s) not yet written: (**) Dotstring representation of binary trees
     1 skipped: Test(s) not yet written: (**) Preorder and inorder sequences of binary trees
     1 skipped: Test(s) not yet written: (**) A string representation of binary trees
     1 skipped: Test(s) not yet written: (**) Construct a complete binary tree
integration/advent2009-day01.t.....................   2    0    0    0    2
integration/advent2009-day02.t.....................  10    0    0    0   10
integration/advent2009-day03.t.....................   6    0    0    0    6
integration/advent2009-day04.t.....................   6    0    0    0    6
integration/advent2009-day05.t.....................  17    0    0    0   17
integration/advent2009-day06.t.....................  15    0    0    0   15
integration/advent2009-day07.t.....................  14    0    0    0   14
integration/advent2009-day08.t.....................   8    0    0    0    8
integration/advent2009-day09.t.....................  17    0    0    0   17
integration/advent2009-day10.t.....................   5    0    0    0    5
integration/advent2009-day11.t.....................   6    0    0    0    6
integration/advent2009-day12.t.....................   9    0    0    0    9
integration/advent2009-day13.t.....................  16    0    0    0   16
integration/advent2009-day14.t.....................  21    0    0    0   21
integration/advent2009-day15.t.....................   4    0    0    0    4
integration/advent2009-day16.t.....................  11    0    0    0   11
integration/advent2009-day17.t.....................  62    0    0    0   62
integration/advent2009-day18.t.....................   7    0    0    0    7
integration/advent2009-day19.t.....................   6    0    0    0    6
integration/advent2009-day20.t.....................  21    0    0    0   21
integration/advent2009-day21.t.....................   2    0    0    0    2
integration/advent2009-day22.t.....................   4    0    0    0    4
integration/advent2009-day23.rakudo.moar...........   9    0    0    1   10
     1 skipped: lists aren't properly lazy in Rakudo yet
integration/advent2009-day24.t.....................   4    0    0    0    4
integration/advent2010-day03.t.....................  12    0    0    0   12
integration/advent2010-day04.t.....................  11    0    0    0   11
integration/advent2010-day06.t.....................  12    0    0    0   12
integration/advent2010-day07.t.....................   8    0    0    0    8
integration/advent2010-day08.t.....................   8    0    0    0    8
integration/advent2010-day10.rakudo.moar...........   2    0    2    0    4
     2 todo   : RT #121843
integration/advent2010-day11.t.....................   2    0    0    0    2
integration/advent2010-day12.t.....................  13    0    0    0   13
integration/advent2010-day14.t.....................   5    0    0    0    5
integration/advent2010-day16.t.....................  13    0    0    0   13
integration/advent2010-day19.rakudo.moar...........   5    0    1    0    6
     1 todo   : RT #121940 - should be 'True'
integration/advent2010-day21.t.....................   4    0    0    0    4
integration/advent2010-day22.t.....................   3    0    0    0    3
integration/advent2010-day23.t.....................   8    0    0    0    8
integration/advent2011-day03.t.....................   2    0    0    0    2
integration/advent2011-day04.t.....................   2    0    0    0    2
integration/advent2011-day05.t.....................   5    0    0    0    5
integration/advent2011-day07.t.....................   3    0    0    0    3
integration/advent2011-day10.t.....................   5    0    0    0    5
integration/advent2011-day11.t.....................   9    0    0    0    9
integration/advent2011-day14.t.....................   8    0    0    0    8
integration/advent2011-day15.t.....................   9    0    0    0    9
integration/advent2011-day16.t.....................  11    0    0    0   11
integration/advent2011-day20.t.....................  16    0    0    0   16
integration/advent2011-day22.t.....................   2    0    0    0    2
integration/advent2011-day23.rakudo.moar...........Saw 1 call to deprecated code during execution.
================================================================================
Method uniq (from List) called at:
  t/spec/integration/advent2011-day23.rakudo.moar, line 91
Deprecated since v2014.11, will be removed with release v2015.11!
Please use unique instead.
--------------------------------------------------------------------------------
Please contact the author to have these calls to deprecated code adapted,
so that this message will disappear!

Please note that *ALL* deprecated features will be removed at the release
of Perl 6.0.0 (expected sometime in 2015).
  54    0    1    0   55
     1 todo   : RT #122306
integration/advent2011-day24.t.....................   8    0    0    0    8
integration/advent2012-day02.t.....................   4    0    0    0    4
integration/advent2012-day03.t.....................   2    0    0    0    2
integration/advent2012-day04.t.....................   8    0    0    0    8
integration/advent2012-day06.t.....................   2    0    0    0    2
integration/advent2012-day09.t.....................   8    0    0    0    8
integration/advent2012-day10.t.....................  26    0    0    0   26
integration/advent2012-day12.t.....................   5    0    0    0    5
integration/advent2012-day13.t.....................  42    0    0    0   42
integration/advent2012-day14.t.....................   6    0    0    0    6
integration/advent2012-day15.rakudo.moar...........  10    0    1    0   11
     1 todo   : RT #121722
integration/advent2012-day16.t.....................  11    0    0    0   11
integration/advent2012-day19.t.....................  10    0    0    0   10
integration/advent2012-day20.t.....................   2    0    0    0    2
integration/advent2012-day21.t.....................# gerdr: 1.1861487 seconds
# kaz: 1.201474 seconds
# recursive-ternary: 1.26538988 seconds
# loop: 1.30430120 seconds
# sequence-ternary: 2.07934391 seconds
# recursive-ternary-hand-cached: 2.739848 seconds
# hand-memoization: 2.94262811 seconds
# sequence: 3.6119974 seconds
   9    0    0    0    9
integration/advent2012-day22.rakudo.moar...........   5    0    1    0    6
     1 todo   : RT #121789
integration/advent2012-day23.t.....................   2    0    0    0    2
integration/advent2012-day24.t.....................   1    0    0    0    1
integration/advent2013-day02.t.....................  12    0    0    0   12
integration/advent2013-day04.rakudo.moar...........   6    0    1    0    7
     1 todo   : :c in heredocs
integration/advent2013-day06.t.....................   1    0    0    0    1
integration/advent2013-day07.t.....................   6    0    0    0    6
integration/advent2013-day08.t.....................  11    0    0    0   11
integration/advent2013-day09.t.....................  21    0    0    0   21
integration/advent2013-day10.rakudo.moar...........  43    0    1    0   44
     1 todo   : adverb stacking
integration/advent2013-day12.t.....................  32    0    0    0   32
integration/advent2013-day14.rakudo.moar...........   5    0    0    5   10
     1 skipped: Promise.in
     4 skipped: combined config example
integration/advent2013-day15.rakudo.moar...........  27    0    3    0   30
     3 todo   : list of numbers
integration/advent2013-day18.t.....................  10    0    0    0   10
integration/advent2013-day19.t.....................Saw 1 call to deprecated code during execution.
================================================================================
Method more (from Supply) called at:
  t/spec/integration/advent2013-day19.t, lines 17,18,19,27,36,40
Deprecated since v2014.10, will be removed with release v2015.10!
Please use emit instead.
--------------------------------------------------------------------------------
Please contact the author to have these calls to deprecated code adapted,
so that this message will disappear!

Please note that *ALL* deprecated features will be removed at the release
of Perl 6.0.0 (expected sometime in 2015).
   4    0    0    0    4
integration/advent2013-day20.t.....................  22    0    0    0   22
integration/advent2013-day21.t.....................  24    0    0    0   24
integration/advent2013-day22.t.....................   9    0    0    0    9
integration/advent2013-day23.t.....................   9    0    0    0    9
integration/advent2014-day05.rakudo.moar...........   6    0    0    1    7
     1 skipped: sometimes hangs, sometimes segfaults
integration/advent2014-day13.t.....................  13    0    0    0   13
integration/advent2014-day16.t.....................  21    0    0    0   21
integration/code-blocks-as-sub-args.t..............   4    0    0    0    4
integration/error-reporting.rakudo.moar............# Error message: Constraint type check failed for parameter '$x'
  15    0    1    0   16
     1 todo   : nigh
integration/lazy-bentley-generator.t...............   1    0    0    0    1
integration/lexical-array-in-inner-block.t.........   2    0    0    0    2
integration/lexicals-and-attributes.t..............   8    0    0    0    8
integration/man-or-boy.t...........................  10    0    0    0   10
integration/method-calls-and-instantiation.t.......   2    0    0    0    2
integration/no-indirect-new.t......................   2    0    0    0    2
integration/packages.t.............................   3    0    0    0    3
integration/pair-in-array.t........................   3    0    0    0    3
integration/passing-pair-class-to-sub.t............   2    0    0    0    2
integration/real-strings.t.........................  20    0    0    0   20
integration/role-composition-vs-attribute.rakudo...   6    0    0    4   10
     2 skipped: alas, no visibility of private attributes in other role
     2 skipped: alas, no visibility of native private attributes yet
integration/rule-in-class-Str.t....................   3    0    0    0    3
integration/say-crash.t............................   4    0    0    0    4
integration/substr-after-match-in-gather-in-for.t..   1    0    0    0    1
integration/topic_in_double_loop.t.................   5    0    0    0    5
integration/variables-in-do.t......................   3    0    0    0    3
integration/weird-errors.t.........................  12    0    0    0   12
                                                   pass fail todo skip plan
rosettacode/greatest_element_of_a_list.t...........   1    0    0    0    1
rosettacode/sierpinski_triangle.t..................   1    0    0    0    1
----------------
"Synopsis", "pass","fail","todo","skip","plan","spec"
"S01",           0,     0,     0,     0,     0,    61
"S02",        5116,     0,   122,   358,  5596,  5688
"S03",        5065,     0,    94,   137,  5296,  5330
"S04",        1019,     0,    46,    42,  1107,  1159
"S05",        5289,     0,    90,   173,  5552,  5933
"S06",        1212,     0,    37,    96,  1345,  1420
"S07",           0,     0,     0,     0,     0,     0
"S09",         190,     0,    11,    10,   211,   211
"S10",          87,     0,     4,     1,    92,   149
"S11",         107,     0,     4,    14,   125,   144
"S12",        1399,     0,    46,   116,  1561,  1619
"S13",          36,     0,    10,    27,    73,    83
"S14",         303,     0,    10,    10,   323,   336
"S15",         240,     0,     2,    16,   258,   283
"S16",         247,     0,     0,    16,   263,   307
"S17",         663,     0,     4,    22,   689,   713
"S19",          13,     0,     0,     0,    13,    18
"S22",          24,     0,     0,     0,    24,    24
"S24",           1,     0,     0,     0,     1,    79
"S26",        1236,     0,     4,    44,  1284,  1945
"S28",           7,     0,     0,     0,     7,    13
"S29",         338,     0,     4,     2,   344,   354
"S32",        9177,     0,   121,   165,  9463,  7897
"int",        1248,     0,    12,    20,  1280,  1269
"ros",           2,     0,     0,     0,     2,     2
"total",     33019,     0,   621,  1269, 34909, 35037
----------------
No failures!
