/usr/bin/perl t/spec/fudgeall rakudo.moar t/spec/S01-perl-5-integration/basic.t t/spec/S02-lexical-conventions/begin_end_pod.t t/spec/S02-lexical-conventions/bom.t t/spec/S02-lexical-conventions/comments.t t/spec/S02-lexical-conventions/end-pod.t t/spec/S02-lexical-conventions/minimal-whitespace.t t/spec/S02-lexical-conventions/one-pass-parsing.t t/spec/S02-lexical-conventions/pod-in-multi-line-exprs.t t/spec/S02-lexical-conventions/sub-block-parsing.t t/spec/S02-lexical-conventions/unicode.t t/spec/S02-lexical-conventions/unicode-whitespace.t t/spec/S02-lexical-conventions/unspace.t t/spec/S02-lists/tree.t t/spec/S02-literals/array-interpolation.t t/spec/S02-literals/autoref.t t/spec/S02-literals/char-by-name.t t/spec/S02-literals/char-by-number.t t/spec/S02-literals/fmt-interpolation.t t/spec/S02-literals/hash-interpolation.t t/spec/S02-literals/hex_chars.t t/spec/S02-literals/listquote.t t/spec/S02-literals/listquote-whitespace.t t/spec/S02-literals/misc-interpolation.t t/spec/S02-literals/numeric.t t/spec/S02-literals/pair-boolean.t t/spec/S02-literals/pairs.t t/spec/S02-literals/quoting.t t/spec/S02-literals/quoting-unicode.t t/spec/S02-literals/radix.t t/spec/S02-literals/string-interpolation.t t/spec/S02-literals/sub-calls.t t/spec/S02-literals/subscript.t t/spec/S02-literals/types.t t/spec/S02-literals/underscores.t t/spec/S02-literals/version.t t/spec/S02-magicals/args.t t/spec/S02-magicals/config.t t/spec/S02-magicals/dollar_bang.t t/spec/S02-magicals/dollar-underscore.t t/spec/S02-magicals/env.t t/spec/S02-magicals/file_line.t t/spec/S02-magicals/pid.t t/spec/S02-magicals/progname.t t/spec/S02-magicals/sub.t t/spec/S02-magicals/vm.t t/spec/S02-names/bare-sigil.t t/spec/S02-names/caller.t t/spec/S02-names/identifier.t t/spec/S02-names/indirect.t t/spec/S02-names/is_default.t t/spec/S02-names/is_dynamic.t t/spec/S02-names/name.t t/spec/S02-names/our.t t/spec/S02-names/pseudo.t t/spec/S02-names/symbolic-deref.t t/spec/S02-names-vars/contextual.t t/spec/S02-names-vars/fmt.t t/spec/S02-names-vars/list_array_perl.t t/spec/S02-names-vars/names.t t/spec/S02-names-vars/perl.t t/spec/S02-names-vars/signature.t t/spec/S02-names-vars/variables-and-packages.t t/spec/S02-names-vars/varnames.t t/spec/S02-one-pass-parsing/less-than.t t/spec/S02-packages/package-lookup.t t/spec/S02-types/anon_block.t t/spec/S02-types/array_extending.t t/spec/S02-types/array_ref.t t/spec/S02-types/array.t t/spec/S02-types/assigning-refs.t t/spec/S02-types/autovivification.t t/spec/S02-types/bag.t t/spec/S02-types/baghash.t t/spec/S02-types/bool.t t/spec/S02-types/capture.t t/spec/S02-types/catch_type_cast_mismatch.t t/spec/S02-types/declare.t t/spec/S02-types/deprecations.t t/spec/S02-types/fatrat.t t/spec/S02-types/flattening.t t/spec/S02-types/hash_ref.t t/spec/S02-types/hash.t t/spec/S02-types/infinity.t t/spec/S02-types/instants-and-durations.t t/spec/S02-types/isDEPRECATED.t t/spec/S02-types/lazy-lists.t t/spec/S02-types/lists.t t/spec/S02-types/mix.t t/spec/S02-types/mixhash.t t/spec/S02-types/mixed_multi_dimensional.t t/spec/S02-types/multi_dimensional_array.t t/spec/S02-types/nan.t t/spec/S02-types/native.t t/spec/S02-types/nested_arrays.t t/spec/S02-types/nested_pairs.t t/spec/S02-types/nil.t t/spec/S02-types/num.t t/spec/S02-types/pair.t t/spec/S02-types/parcel.t t/spec/S02-types/parsing-bool.t t/spec/S02-types/range.t t/spec/S02-types/set.t t/spec/S02-types/sethash.t t/spec/S02-types/sigils-and-types.t t/spec/S02-types/subscripts_and_context.t t/spec/S02-types/subset.t t/spec/S02-types/type.t t/spec/S02-types/undefined-types.t t/spec/S02-types/version.t t/spec/S02-types/whatever.t t/spec/S03-binding/arrays.t t/spec/S03-binding/attributes.t t/spec/S03-binding/closure.t t/spec/S03-binding/hashes.t t/spec/S03-binding/nested.t t/spec/S03-binding/ro.t t/spec/S03-binding/scalars.t t/spec/S03-feeds/basic.t t/spec/S03-junctions/associative.t t/spec/S03-junctions/autothreading.t t/spec/S03-junctions/boolean-context.t t/spec/S03-junctions/misc.t t/spec/S03-metaops/cross.t t/spec/S03-metaops/eager-hyper.t t/spec/S03-metaops/hyper.t t/spec/S03-metaops/not.t t/spec/S03-metaops/reduce.t t/spec/S03-metaops/reverse.t t/spec/S03-metaops/zip.t t/spec/S03-operators/adverbial-modifiers.t t/spec/S03-operators/also.t t/spec/S03-operators/andthen.t t/spec/S03-operators/arith.t t/spec/S03-operators/assign-is-not-binding.t t/spec/S03-operators/assign.t t/spec/S03-operators/autoincrement-range.t t/spec/S03-operators/autoincrement.t t/spec/S03-operators/autovivification.t t/spec/S03-operators/bag.t t/spec/S03-operators/basic-types.t t/spec/S03-operators/bit.t t/spec/S03-operators/boolean-bitwise.t t/spec/S03-operators/brainos.t t/spec/S03-operators/buf.t t/spec/S03-operators/chained-declarators.t t/spec/S03-operators/cmp.t t/spec/S03-operators/comparison-simple.t t/spec/S03-operators/comparison.t t/spec/S03-operators/context-forcers.t t/spec/S03-operators/context.t t/spec/S03-operators/equality.t t/spec/S03-operators/eqv.t t/spec/S03-operators/flip-flop.t t/spec/S03-operators/gcd.t t/spec/S03-operators/div.t t/spec/S03-operators/identity.t t/spec/S03-operators/increment.t t/spec/S03-operators/inplace.t t/spec/S03-operators/is-divisible-by.t t/spec/S03-operators/lcm.t t/spec/S03-operators/list-quote-junction.t t/spec/S03-operators/minmax.t t/spec/S03-operators/misc.t t/spec/S03-operators/names.t t/spec/S03-operators/nesting.t t/spec/S03-operators/not.t t/spec/S03-operators/overflow.t t/spec/S03-operators/precedence.t t/spec/S03-operators/range-basic.t t/spec/S03-operators/range-int.t t/spec/S03-operators/range.t t/spec/S03-operators/reduce-le1arg.t t/spec/S03-operators/relational.t t/spec/S03-operators/repeat.t t/spec/S03-operators/scalar-assign.t t/spec/S03-operators/set.t t/spec/S03-operators/short-circuit.t t/spec/S03-operators/so.t t/spec/S03-operators/spaceship-and-containers.t t/spec/S03-operators/spaceship.t t/spec/S03-operators/subscript-adverbs.t t/spec/S03-operators/subscript-vs-lt.t t/spec/S03-operators/ternary.t t/spec/S03-operators/value_equivalence.t t/spec/S03-sequence/arity0.t t/spec/S03-sequence/arity-2-or-more.t t/spec/S03-sequence/basic.t t/spec/S03-sequence/limit-arity-2-or-more.t t/spec/S03-sequence/misc.t t/spec/S03-sequence/nonnumeric.t t/spec/S03-smartmatch/any-any.t t/spec/S03-smartmatch/any-array.t t/spec/S03-smartmatch/any-bool.t t/spec/S03-smartmatch/any-callable.t t/spec/S03-smartmatch/any-complex.t t/spec/S03-smartmatch/any-hash-pair.t t/spec/S03-smartmatch/any-method.t t/spec/S03-smartmatch/any-num.t t/spec/S03-smartmatch/any-pair.t t/spec/S03-smartmatch/any-str.t t/spec/S03-smartmatch/any-sub.t t/spec/S03-smartmatch/any-type.t t/spec/S03-smartmatch/array-array.t t/spec/S03-smartmatch/array-hash.t t/spec/S03-smartmatch/capture-signature.t t/spec/S03-smartmatch/disorganized.t t/spec/S03-smartmatch/hash-hash.t t/spec/S03-smartmatch/range-range.t t/spec/S03-smartmatch/regex-hash.t t/spec/S03-smartmatch/scalar-hash.t t/spec/S03-smartmatch/signature-signature.t t/spec/S04-blocks-and-statements/let.t t/spec/S04-blocks-and-statements/pointy-rw.t t/spec/S04-blocks-and-statements/pointy.t t/spec/S04-blocks-and-statements/temp.t t/spec/S04-declarations/constant.t t/spec/S04-declarations/implicit-parameter.t t/spec/S04-declarations/multiple.t t/spec/S04-declarations/my.t t/spec/S04-declarations/our.t t/spec/S04-declarations/state.t t/spec/S04-declarations/will.t t/spec/S04-exception-handlers/catch.t t/spec/S04-exceptions/fail.t t/spec/S04-phasers/ascending-order.t t/spec/S04-phasers/begin.t t/spec/S04-phasers/check.t t/spec/S04-phasers/descending-order.t t/spec/S04-phasers/end.t t/spec/S04-phasers/enter-leave.t t/spec/S04-phasers/eval-in-begin.t t/spec/S04-phasers/first.t t/spec/S04-phasers/in-eval.t t/spec/S04-phasers/keep-undo.t t/spec/S04-phasers/multiple.t t/spec/S04-phasers/next.t t/spec/S04-phasers/pre-post.t t/spec/S04-phasers/rvalue.t t/spec/S04-statement-modifiers/for.t t/spec/S04-statement-modifiers/given.t t/spec/S04-statement-modifiers/if.t t/spec/S04-statement-modifiers/unless.t t/spec/S04-statement-modifiers/until.t t/spec/S04-statement-modifiers/values_in_bool_context.t t/spec/S04-statement-modifiers/while.t t/spec/S04-statement-parsing/hash.t t/spec/S04-statements/do.t t/spec/S04-statements/for-scope.t t/spec/S04-statements/for.t t/spec/S04-statements/for_with_only_one_item.t t/spec/S04-statements/gather.t t/spec/S04-statements/given.t t/spec/S04-statements/if.t t/spec/S04-statements/last.t t/spec/S04-statements/loop.t t/spec/S04-statements/map-and-sort-in-for.t t/spec/S04-statements/next.t t/spec/S04-statements/no-implicit-block.t t/spec/S04-statements/once.t t/spec/S04-statements/redo.t t/spec/S04-statements/repeat.t t/spec/S04-statements/return.t t/spec/S04-statements/sink.t t/spec/S04-statements/terminator.t t/spec/S04-statements/try.t t/spec/S04-statements/unless.t t/spec/S04-statements/until.t t/spec/S04-statements/while.t t/spec/S05-capture/caps.t t/spec/S05-capture/dot.t t/spec/S05-capture/match-object.t t/spec/S05-capture/named.t t/spec/S05-capture/subrule.t t/spec/S05-grammar/action-stubs.t t/spec/S05-grammar/inheritance.t t/spec/S05-grammar/methods.t t/spec/S05-grammar/namespace.t t/spec/S05-grammar/parse_and_parsefile.t t/spec/S05-grammar/polymorphism.t t/spec/S05-grammar/protoregex.t t/spec/S05-grammar/protos.t t/spec/S05-grammar/signatures.t t/spec/S05-grammar/ws.t t/spec/S05-interpolation/lexicals.t t/spec/S05-interpolation/regex-in-variable.t t/spec/S05-mass/charsets.t t/spec/S05-mass/named-chars.t t/spec/S05-mass/properties-block.t t/spec/S05-mass/properties-derived.t t/spec/S05-mass/properties-general.t t/spec/S05-mass/properties-script.t t/spec/S05-mass/recursive.t t/spec/S05-mass/rx.t t/spec/S05-mass/stdrules.t t/spec/S05-match/arrayhash.t t/spec/S05-match/blocks.t t/spec/S05-match/capturing-contexts.t t/spec/S05-match/make.t t/spec/S05-match/non-capturing.t t/spec/S05-match/positions.t t/spec/S05-metachars/closure.t t/spec/S05-metachars/line-anchors.t t/spec/S05-metachars/newline.t t/spec/S05-metachars/tilde.t t/spec/S05-metasyntax/angle-brackets.t t/spec/S05-metasyntax/assertions.t t/spec/S05-metasyntax/changed.t t/spec/S05-metasyntax/charset.t t/spec/S05-metasyntax/delimiters.t t/spec/S05-metasyntax/interpolating-closure.t t/spec/S05-metasyntax/litvar.t t/spec/S05-metasyntax/longest-alternative.t t/spec/S05-metasyntax/lookaround.t t/spec/S05-metasyntax/null.t t/spec/S05-metasyntax/proto-token-ltm.t t/spec/S05-metasyntax/regex.t t/spec/S05-metasyntax/repeat.t t/spec/S05-metasyntax/sequential-alternation.t t/spec/S05-metasyntax/single-quotes.t t/spec/S05-metasyntax/unknown.t t/spec/S05-modifier/continue.t t/spec/S05-modifier/counted-match.t t/spec/S05-modifier/counted.t t/spec/S05-modifier/global.t t/spec/S05-modifier/ignorecase.t t/spec/S05-modifier/ii.t t/spec/S05-modifier/overlapping.t t/spec/S05-modifier/perl5_0.t t/spec/S05-modifier/perl5_1.t t/spec/S05-modifier/perl5_2.t t/spec/S05-modifier/perl5_3.t t/spec/S05-modifier/perl5_4.t t/spec/S05-modifier/perl5_5.t t/spec/S05-modifier/perl5_7.t t/spec/S05-modifier/perl5_8.t t/spec/S05-modifier/pos.t t/spec/S05-modifier/repetition.t t/spec/S05-modifier/sigspace.t t/spec/S05-substitution/match.t t/spec/S05-substitution/subst.t t/spec/S05-transliteration/trans.t t/spec/S05-transliteration/with-closure.t t/spec/S06-advanced/callframe.t t/spec/S06-advanced/callsame.t t/spec/S06-advanced/lexical-subs.t t/spec/S06-advanced/recurse.t t/spec/S06-advanced/return.t t/spec/S06-advanced/wrap.t t/spec/S06-currying/assuming-and-mmd.t t/spec/S06-currying/named.t t/spec/S06-macros/errors.t t/spec/S06-macros/quasi-blocks.t t/spec/S06-macros/unquoting.t t/spec/S06-macros/opaque-ast.t t/spec/S06-multi/lexical-multis.t t/spec/S06-multi/positional-vs-named.t t/spec/S06-multi/proto.t t/spec/S06-multi/redispatch.t t/spec/S06-multi/syntax.t t/spec/S06-multi/type-based.t t/spec/S06-multi/unpackability.t t/spec/S06-multi/value-based.t t/spec/S06-operator-overloading/imported-subs.t t/spec/S06-operator-overloading/methods.t t/spec/S06-operator-overloading/semicolon.t t/spec/S06-operator-overloading/sub.t t/spec/S06-operator-overloading/workout.t t/spec/S06-other/anon-hashes-vs-blocks.t t/spec/S06-other/introspection.t t/spec/S06-other/main-eval.t t/spec/S06-other/main.t t/spec/S06-other/main-usage.t t/spec/S06-other/misc.t t/spec/S06-routine-modifiers/lvalue-subroutines.t t/spec/S06-routine-modifiers/proxy.t t/spec/S06-routine-modifiers/scoped-named-subs.t t/spec/S06-signature/arity.t t/spec/S06-signature/closure-over-parameters.t t/spec/S06-signature/closure-parameters.t t/spec/S06-signature/code.t t/spec/S06-signature/defaults.t t/spec/S06-signature/errors.t t/spec/S06-signature/introspection.t t/spec/S06-signature/mixed-placeholders.t t/spec/S06-signature/multidimensional.t t/spec/S06-signature/named-parameters.t t/spec/S06-signature/named-placeholders.t t/spec/S06-signature/named-renaming.t t/spec/S06-signature/optional.t t/spec/S06-signature/outside-subroutine.t t/spec/S06-signature/passing-arrays.t t/spec/S06-signature/passing-hashes.t t/spec/S06-signature/positional-placeholders.t t/spec/S06-signature/positional.t t/spec/S06-signature/scalar-type.t t/spec/S06-signature/sigilless.t t/spec/S06-signature/slurpy-and-interpolation.t t/spec/S06-signature/slurpy-params.t t/spec/S06-signature/slurpy-placeholders.t t/spec/S06-signature/sub-ref.t t/spec/S06-signature/tree-node-parameters.t t/spec/S06-signature/type-capture.t t/spec/S06-signature/types.t t/spec/S06-signature/unpack-array.t t/spec/S06-signature/unpack-object.t t/spec/S06-signature/unspecified.t t/spec/S06-traits/is-assoc.t t/spec/S06-traits/is-copy.t t/spec/S06-traits/is-readonly.t t/spec/S06-traits/is-rw.t t/spec/S06-traits/misc.t t/spec/S06-traits/precedence.t t/spec/S06-traits/slurpy-is-rw.t t/spec/S09-autovivification/autoincrement.t t/spec/S09-autovivification/autovivification.t t/spec/S09-hashes/objecthash.t t/spec/S09-subscript/slice.t t/spec/S09-typed-arrays/arrays.t t/spec/S09-typed-arrays/hashes.t t/spec/S10-packages/basic.t t/spec/S10-packages/joined-namespaces.t t/spec/S10-packages/use-with-class.t t/spec/S11-modules/importing.t t/spec/S11-modules/import-multi.t t/spec/S11-modules/import-tag.t t/spec/S11-modules/import.t t/spec/S11-modules/lexical.t t/spec/S11-modules/need.t t/spec/S11-modules/nested.t t/spec/S11-modules/require.t t/spec/S12-attributes/class.t t/spec/S12-attributes/clone.t t/spec/S12-attributes/defaults.t t/spec/S12-attributes/delegation.t t/spec/S12-attributes/inheritance.t t/spec/S12-attributes/instance.t t/spec/S12-attributes/mutators.t t/spec/S12-attributes/recursive.t t/spec/S12-attributes/undeclared.t t/spec/S12-class/anonymous.t t/spec/S12-class/attributes.t t/spec/S12-class/augment-supersede.t t/spec/S12-class/basic.t t/spec/S12-class/declaration-order.t t/spec/S12-class/extending-arrays.t t/spec/S12-class/inheritance-class-methods.t t/spec/S12-class/inheritance.t t/spec/S12-class/instantiate.t t/spec/S12-class/interface-consistency.t t/spec/S12-class/lexical.t t/spec/S12-class/literal.t t/spec/S12-class/magical-vars.t t/spec/S12-class/mro.t t/spec/S12-class/namespaced.t t/spec/S12-class/open.t t/spec/S12-class/rw.t t/spec/S12-class/self-inheritance.t t/spec/S12-class/stubs.t t/spec/S12-class/type-object.t t/spec/S12-construction/autopairs.t t/spec/S12-construction/BUILD.t t/spec/S12-construction/construction.t t/spec/S12-construction/named-params-in-BUILD.t t/spec/S12-construction/new.t t/spec/S12-enums/anonymous.t t/spec/S12-enums/as-role.t t/spec/S12-enums/basic.t t/spec/S12-enums/misc.t t/spec/S12-enums/non-int.t t/spec/S12-enums/pseudo-functional.t t/spec/S12-enums/thorough.t t/spec/S12-introspection/attributes.t t/spec/S12-introspection/can.t t/spec/S12-introspection/definite.t t/spec/S12-introspection/meta-class.t t/spec/S12-introspection/methods.t t/spec/S12-introspection/parents.t t/spec/S12-introspection/roles.t t/spec/S12-introspection/walk.t t/spec/S12-introspection/WHAT.t t/spec/S12-methods/accessors.t t/spec/S12-methods/attribute-params.t t/spec/S12-methods/calling_sets.t t/spec/S12-methods/calling_syntax.t t/spec/S12-methods/chaining.t t/spec/S12-methods/class-and-instance.t t/spec/S12-methods/delegation.t t/spec/S12-methods/default-trait.t t/spec/S12-methods/defer-call.t t/spec/S12-methods/defer-next.t t/spec/S12-methods/how.t t/spec/S12-methods/indirect_notation.t t/spec/S12-methods/instance.t t/spec/S12-methods/lastcall.t t/spec/S12-methods/lvalue.t t/spec/S12-methods/method-vs-sub.t t/spec/S12-methods/multi.t t/spec/S12-methods/parallel-dispatch.t t/spec/S12-methods/private.t t/spec/S12-methods/qualified.t t/spec/S12-methods/submethods.t t/spec/S12-methods/syntax.t t/spec/S12-methods/topic.t t/spec/S12-methods/trusts.t t/spec/S12-methods/typed-attributes.t t/spec/S12-methods/what.t t/spec/S12-subset/multi-dispatch.t t/spec/S12-subset/subtypes.t t/spec/S13-overloading/metaoperators.t t/spec/S13-overloading/operators.t t/spec/S13-overloading/typecasting-long.t t/spec/S13-overloading/typecasting-mixed.t t/spec/S13-overloading/typecasting-short.t t/spec/S13-type-casting/methods.t t/spec/S14-roles/anonymous.t t/spec/S14-roles/attributes.t t/spec/S14-roles/basic.t t/spec/S14-roles/bool.t t/spec/S14-roles/composition.t t/spec/S14-roles/conflicts.t t/spec/S14-roles/crony.t t/spec/S14-roles/instantiation.t t/spec/S14-roles/lexical.t t/spec/S14-roles/mixin.t t/spec/S14-roles/namespaced.t t/spec/S14-roles/parameterized-basic.t t/spec/S14-roles/parameterized-mixin.t t/spec/S14-roles/parameterized-type.t t/spec/S14-roles/parameter-subtyping.t t/spec/S14-roles/stubs.t t/spec/S14-roles/submethods.t t/spec/S14-traits/attributes.t t/spec/S14-traits/routines.t t/spec/S16-filehandles/chmod.t t/spec/S16-filehandles/filestat.t t/spec/S16-filehandles/filetest.t t/spec/S16-filehandles/io_in_for_loops.t t/spec/S16-filehandles/io_in_while_loops.t t/spec/S16-filehandles/io.t t/spec/S16-filehandles/mkdir_rmdir.t t/spec/S16-filehandles/open.t t/spec/S16-filehandles/unlink.t t/spec/S16-io/bare-say.t t/spec/S16-io/basic-open.t t/spec/S16-io/cwd.t t/spec/S16-io/getc.t t/spec/S16-io/say-and-ref.t t/spec/S16-io/say.t t/spec/S16-io/tmpdir.t t/spec/S16-unfiled/rebindstdhandles.t t/spec/S19-command-line/dash-e.t t/spec/S19-command-line/help.t t/spec/S24-testing/0-compile.t t/spec/S26-documentation/01-delimited.t t/spec/S26-documentation/02-paragraph.t t/spec/S26-documentation/03-abbreviated.t t/spec/S26-documentation/04-code.t t/spec/S26-documentation/05-comment.t t/spec/S26-documentation/06-lists.t t/spec/S26-documentation/07-tables.t t/spec/S26-documentation/08-formattingcodes.t t/spec/S26-documentation/09-configuration.t t/spec/S26-documentation/10-doc-cli.t t/spec/S26-documentation/why.t t/spec/S28-named-variables/cwd.t t/spec/S28-named-variables/inc.t t/spec/S29-any/cmp.t t/spec/S29-any/isa.t t/spec/S29-context/die.t t/spec/S29-context/eval.t t/spec/S29-context/exit-in-if.t t/spec/S29-context/exit.t t/spec/S29-context/sleep.t t/spec/S29-conversions/hash.t t/spec/S29-conversions/ord_and_chr.t t/spec/S29-os/system.t t/spec/S32-array/bool.t t/spec/S32-array/create.t t/spec/S32-array/delete.t t/spec/S32-array/delete-adverb.t t/spec/S32-array/delete-adverb-native.t t/spec/S32-array/elems.t t/spec/S32-array/end.t t/spec/S32-array/exists-adverb.t t/spec/S32-array/keys_values.t t/spec/S32-array/kv.t t/spec/S32-array/pairs.t t/spec/S32-array/perl.t t/spec/S32-array/pop.t t/spec/S32-array/push.t t/spec/S32-array/rotate.t t/spec/S32-array/shift.t t/spec/S32-array/splice.t t/spec/S32-array/unshift.t t/spec/S32-basics/warn.t t/spec/S32-container/roundrobin.t t/spec/S32-container/zip.t t/spec/S32-exceptions/misc.t t/spec/S32-hash/delete.t t/spec/S32-hash/delete-adverb.t t/spec/S32-hash/exists.t t/spec/S32-hash/exists-adverb.t t/spec/S32-hash/invert.t t/spec/S32-hash/keys_values.t t/spec/S32-hash/kv.t t/spec/S32-hash/pairs.t t/spec/S32-hash/perl.t t/spec/S32-hash/push.t t/spec/S32-hash/slice.t t/spec/S32-io/chdir.t t/spec/S32-io/copy.t t/spec/S32-io/dir.t t/spec/S32-io/file-tests.t t/spec/S32-io/io-spec-unix.t t/spec/S32-io/io-spec-win.t t/spec/S32-io/io-spec-cygwin.t t/spec/S32-io/io-path-unix.t t/spec/S32-io/io-path-win.t t/spec/S32-io/io-path-cygwin.t t/spec/S32-io/io-path.t t/spec/S32-io/note.t t/spec/S32-io/other.t t/spec/S32-io/slurp.t t/spec/S32-io/spurt.t t/spec/S32-list/categorize.t t/spec/S32-list/classify.t t/spec/S32-list/create.t t/spec/S32-list/combinations.t t/spec/S32-list/end.t t/spec/S32-list/first.t t/spec/S32-list/grep.t t/spec/S32-list/join.t t/spec/S32-list/map_function_return_values.t t/spec/S32-list/map.t t/spec/S32-list/minmax.t t/spec/S32-list/pick.t t/spec/S32-list/reduce.t t/spec/S32-list/reverse.t t/spec/S32-list/roll.t t/spec/S32-list/sort.t t/spec/S32-list/uniq.t t/spec/S32-list/squish.t t/spec/S32-num/abs.t t/spec/S32-num/base.t t/spec/S32-num/complex.t t/spec/S32-num/cool-num.t t/spec/S32-num/exp.t t/spec/S32-num/expmod.t t/spec/S32-num/fatrat.t t/spec/S32-num/int.t t/spec/S32-num/is-prime.t t/spec/S32-num/log.t t/spec/S32-num/narrow.t t/spec/S32-num/pi.t t/spec/S32-num/polar.t t/spec/S32-num/power.t t/spec/S32-num/rand.t t/spec/S32-num/rat.t t/spec/S32-num/real-bridge.t t/spec/S32-num/roots.t t/spec/S32-num/rounders.t t/spec/S32-num/sign.t t/spec/S32-num/sqrt.t t/spec/S32-num/stringify.t t/spec/S32-num/unpolar.t t/spec/S32-scalar/defined.t t/spec/S32-scalar/perl.t t/spec/S32-scalar/undef.t t/spec/S32-str/append.t t/spec/S32-str/bool.t t/spec/S32-str/capitalize.t t/spec/S32-str/chomp.t t/spec/S32-str/chop.t t/spec/S32-str/comb.t t/spec/S32-str/encode.t t/spec/S32-str/flip.t t/spec/S32-str/indent.t t/spec/S32-str/index.t t/spec/S32-str/lc.t t/spec/S32-str/lines.t t/spec/S32-str/numeric.t t/spec/S32-str/ords.t t/spec/S32-str/pack.t t/spec/S32-str/pos.t t/spec/S32-str/rindex.t t/spec/S32-str/samecase.t t/spec/S32-str/split-simple.t t/spec/S32-str/split.t t/spec/S32-str/sprintf.t t/spec/S32-str/substr.t t/spec/S32-str/substr-rw.t t/spec/S32-str/tclc.t t/spec/S32-str/trim.t t/spec/S32-str/uc.t t/spec/S32-str/unpack.t t/spec/S32-str/words.t t/spec/S32-temporal/calendar.t t/spec/S32-temporal/Date.t t/spec/S32-temporal/DateTime-Instant-Duration.t t/spec/S32-temporal/DateTime.t t/spec/S32-temporal/local.t t/spec/S32-trig/atan2.t t/spec/S32-trig/cosech.t t/spec/S32-trig/cosec.t t/spec/S32-trig/cosh.t t/spec/S32-trig/cos.t t/spec/S32-trig/cotanh.t t/spec/S32-trig/cotan.t t/spec/S32-trig/e.t t/spec/S32-trig/pi.t t/spec/S32-trig/sech.t t/spec/S32-trig/sec.t t/spec/S32-trig/simple.t t/spec/S32-trig/sinh.t t/spec/S32-trig/sin.t t/spec/S32-trig/tanh.t t/spec/S32-trig/tan.t t/spec/integration/99problems-01-to-10.t t/spec/integration/99problems-11-to-20.t t/spec/integration/99problems-21-to-30.t t/spec/integration/99problems-31-to-40.t t/spec/integration/99problems-41-to-50.t t/spec/integration/99problems-51-to-60.t t/spec/integration/99problems-61-to-70.t t/spec/integration/advent2009-day01.t t/spec/integration/advent2009-day02.t t/spec/integration/advent2009-day03.t t/spec/integration/advent2009-day04.t t/spec/integration/advent2009-day05.t t/spec/integration/advent2009-day06.t t/spec/integration/advent2009-day07.t t/spec/integration/advent2009-day08.t t/spec/integration/advent2009-day09.t t/spec/integration/advent2009-day10.t t/spec/integration/advent2009-day11.t t/spec/integration/advent2009-day12.t t/spec/integration/advent2009-day13.t t/spec/integration/advent2009-day14.t t/spec/integration/advent2009-day15.t t/spec/integration/advent2009-day16.t t/spec/integration/advent2009-day17.t t/spec/integration/advent2009-day18.t t/spec/integration/advent2009-day19.t t/spec/integration/advent2009-day20.t t/spec/integration/advent2009-day22.t t/spec/integration/advent2009-day23.t t/spec/integration/advent2010-day04.t t/spec/integration/code-blocks-as-sub-args.t t/spec/integration/error-reporting.t t/spec/integration/lazy-bentley-generator.t t/spec/integration/lexical-array-in-inner-block.t t/spec/integration/lexicals-and-attributes.t t/spec/integration/man-or-boy.t t/spec/integration/method-calls-and-instantiation.t t/spec/integration/no-indirect-new.t t/spec/integration/packages.t t/spec/integration/pair-in-array.t t/spec/integration/passing-pair-class-to-sub.t t/spec/integration/real-strings.t t/spec/integration/role-composition-vs-attribute.t t/spec/integration/rule-in-class-Str.t t/spec/integration/say-crash.t t/spec/integration/substr-after-match-in-gather-in-for.t t/spec/integration/topic_in_double_loop.t t/spec/integration/variables-in-do.t t/spec/integration/weird-errors.t t/spec/rosettacode/greatest_element_of_a_list.t t/spec/rosettacode/sierpinski_triangle.t t/spec/S32-io/IO-Socket-INET.t
                                                   pass fail todo skip plan
S01-perl-5-integration/basic.rakudo.moar...........   0    0    0   20   20
    20 skipped: <unknown>
                                                   pass fail todo skip plan
S02-lexical-conventions/begin_end_pod.t............   1    0    0    0    1
S02-lexical-conventions/bom.t......................   1    0    0    0    1
S02-lexical-conventions/comments.rakudo.moar.......  48    0    2    0   50
     1 todo   : nom regression
     1 todo   : NYI
S02-lexical-conventions/end-pod.t..................   1    0    0    0    1
S02-lexical-conventions/minimal-whitespace.t.......   9    0    0    0    9
S02-lexical-conventions/one-pass-parsing.t.........   1    0    0    0    1
S02-lexical-conventions/pod-in-multi-line-exprs.t..   3    0    0    0    3
S02-lexical-conventions/sub-block-parsing.rakudo...   7    0    0    2    9
     1 skipped: confused near "(sub{ 42 }"
     1 skipped: confused near "(sub { 42 "
S02-lexical-conventions/unicode-whitespace.t.......use of uninitialized value of type Any in string context
use of uninitialized value of type Any in string context
  50    2    0    0   52
S02-lexical-conventions/unicode.rakudo.moar........  35    0    1    2   38
     2 skipped: VOWEL SIGNs in identifiers
     1 todo   : PS does not work to separate lines
S02-lexical-conventions/unspace.rakudo.moar........  60    0    0   18   78
     3 skipped: indirect method calls
     1 skipped: .++ does not work
     4 skipped: =for pod not implemented (in STD.pm)
     5 skipped: parse error
     1 skipped: parse fail
     1 skipped: unimplemented
     3 skipped: pod and unspace
S02-lists/tree.rakudo.moar.........................   8    0    0    1    9
     1 skipped: Any.tree(*@list) NYI
S02-literals/array-interpolation.t.................  12    0    0    0   12
S02-literals/autoref.t.............................use of uninitialized value of type Any in string context
use of uninitialized value of type Any in string context
  57    0    0    0   57
S02-literals/char-by-name.rakudo.moar..............   7    1    0    2   10
     1 skipped: \c[LF] not valid
     1 skipped: \c[LINE FEED] not valid
S02-literals/char-by-number.rakudo.moar............  38    0    4    0   42
     4 todo   : Detecting malformed escape sequences NYI
S02-literals/fmt-interpolation.t...................  11    0    0    0   11
S02-literals/hash-interpolation.t..................  10    0    0    0   10
S02-literals/hex_chars.t...........................   4    0    0    0    4
S02-literals/listquote-whitespace.rakudo.moar......  11    0    1    0   12
     1 todo   : \xa0 should not be a separator for list quotes
S02-literals/listquote.rakudo.moar.................  18    0    4    1   23
     1 skipped: meta operators
     3 todo   : magic type of <...> contents
     1 todo   : unknown errors
S02-literals/misc-interpolation.t..................  46    0    0    0   46
S02-literals/numeric.t.............................  21    1    0    0   22
S02-literals/pair-boolean.t........................   6    0    0    0    6
S02-literals/pairs.rakudo.moar.....................use of uninitialized value of type Bool in string context
  75    0    2    2   79
     1 skipped: reduce meta op
     1 skipped: prefix:<|>
     1 todo   : reduce meta op
     1 todo   : prefix:<|>
S02-literals/quoting-unicode.rakudo.moar...........  72    0    0    1   73
     1 skipped: Parse failure
S02-literals/quoting.rakudo.moar................... 136    2    6   11  155
     8 skipped: openpipe
     3 skipped: \c@ etc
     1 todo   : retriage
     1 todo   : ¬´...¬ª
     4 todo   : quoting adverbs
S02-literals/radix.rakudo.moar..................... 129    0    5    0  134
     4 todo   : Some question of what this form should actually do
     1 todo   : Really?!
S02-literals/string-interpolation.t................Potential difficulties:
    Leading 0 does not indicate octal in Perl 6; please use 0o1 if you mean that
    at t/spec/S02-literals/string-interpolation.t:10
    ------> [32m    is "{\01[33m‚èè[31m;42}", "42", '{\\01 parses correctly (1)[0m
    Leading 0 does not indicate octal in Perl 6; please use 0o1 if you mean that
    at t/spec/S02-literals/string-interpolation.t:10
    ------> [32m    is "{\01[33m‚èè[31m;42}", "42", '{\\01 parses correctly (1)[0m
    Leading 0 does not indicate octal in Perl 6; please use 0o1 if you mean that
    at t/spec/S02-literals/string-interpolation.t:11
    ------> [32m    is "{;\01[33m‚èè[31m;42}", "42", '{\\01 parses correctly (2)[0m
    Leading 0 does not indicate octal in Perl 6; please use 0o1 if you mean that
    at t/spec/S02-literals/string-interpolation.t:11
    ------> [32m    is "{;\01[33m‚èè[31m;42}", "42", '{\\01 parses correctly (2)[0m
    Leading 0 does not indicate octal in Perl 6; please use 0o1 if you mean that
    at t/spec/S02-literals/string-interpolation.t:12
    ------> [32m    is "{;;;;;;\01[33m‚èè[31m;42}", "42", '{\\01 parses correctly (3)[0m
    Leading 0 does not indicate octal in Perl 6; please use 0o1 if you mean that
    at t/spec/S02-literals/string-interpolation.t:12
    ------> [32m    is "{;;;;;;\01[33m‚èè[31m;42}", "42", '{\\01 parses correctly (3)[0m
  14    0    0    0   14
S02-literals/sub-calls.t...........................  20    0    0    0   20
S02-literals/subscript.t...........................   2    0    0    0    2
S02-literals/types.t...............................   7    0    0    0    7
S02-literals/underscores.t.........................  19    0    0    0   19
S02-literals/version.rakudo.moar...................  12   13    3    0   28
     3 todo PASSED: trailing zeroes fail
S02-magicals/args.t................................   6    0    0    0    6
S02-magicals/config.rakudo.moar....................   3    0    0    2    5
     2 skipped: unimpl $?OS
S02-magicals/dollar-underscore.rakudo.moar.........   8    0    0    1    9
     1 skipped: for() with nullary block
S02-magicals/dollar_bang.rakudo.moar...............  15    0    1    0   16
     1 todo PASSED: stringification of $!
S02-magicals/env.rakudo.moar.......................  16    0    0    1   17
     1 skipped: import keyword
S02-magicals/file_line.t...........................   2    0    0    0    2
S02-magicals/pid.t.................................   1    0    0    0    1
S02-magicals/progname.t............................   4    0    0    0    4
S02-magicals/sub.t.................................   6    0    0    0    6
S02-magicals/vm.t..................................   3    0    0    0    3
S02-names-vars/contextual.t........................  23    0    0    0   23
S02-names-vars/fmt.t...............................  21    0    0    0   21
S02-names-vars/list_array_perl.rakudo.moar.........  18    0    1    2   21
     2 skipped: recursive data structure
     1 todo   : List.perl bug
S02-names-vars/names.rakudo.moar................... 127    0    2   13  142
     4 skipped: ::{ } package lookup NYI
     2 skipped: this kind of lookup NYI
     7 skipped: package variable autovivification
     1 todo   : dubious test - otherwise why is ::<$foo> allowed?
     1 todo PASSED: nom regression
S02-names-vars/perl.rakudo.moar....................useless use of 'is rw' on $!priv
use of uninitialized value of type Mu in string context
use of uninitialized value of type Mu in string context
use of uninitialized value of type Mu in string context
  98    0    0    6  104
     2 skipped: {...}.perl does not work
     2 skipped: recursive data structure
     2 skipped: RT 67790
S02-names-vars/signature.rakudo.moar...............  10    1    2    0   13
     2 todo   : eqv on signatures
S02-names-vars/variables-and-packages.rakudo.moar..  32    0    3    3   38
     3 skipped: nom regression
     3 todo   : nom regression
S02-names-vars/varnames.rakudo.moar................  18    0    0    2   20
     2 skipped: cannot easily override [] at the moment
S02-names/bare-sigil.t.............................  10    0    0    0   10
S02-names/caller.t.................................  15    0    0    0   15
S02-names/identifier.t.............................  22    0    0    0   22
S02-names/indirect.t...............................   6    0    0    0    6
S02-names/is_default.t............................. 114    0    0    0  114
S02-names/is_dynamic.t.............................  22    0    0    0   22
S02-names/name.t...................................  15    0    0    0   15
S02-names/our.rakudo.moar..........................   8    0    0    2   10
     1 skipped: Null PMC access in invoke()
     1 skipped: OUR::subname() does not work
S02-names/pseudo.rakudo.moar.......................use of uninitialized value of type Any in string context
use of uninitialized value of type Any in string context
use of uninitialized value of type Any in string context
use of uninitialized value of type Any in string context
use of uninitialized value of type Any in string context
use of uninitialized value of type Any in string context
use of uninitialized value of type Any in string context
use of uninitialized value of type Any in string context
  46    0    8   88  142
    19 skipped: CORE NYI
     6 skipped: SETTING NYI
    36 skipped: various issues, skipping all for now
     4 skipped: the binding in here is NYI
    23 skipped: various issues to resolve
     1 todo   : GLOBAL and interpolation
     2 todo   : binding and interpolation together NYI
     1 todo   : interpolation and auto-viv NYI
     2 todo   : these tests disagree with STD
     2 todo   : not entirely sure these make sense...
S02-names/symbolic-deref.rakudo.moar...............  30    0    2    3   35
     2 skipped: NYI
     1 skipped: no such symbol
     1 todo   : NYI
     1 todo   : no such symbol
S02-one-pass-parsing/less-than.t...................   9    0    0    0    9
S02-packages/package-lookup.t......................   7    0    0    0    7
S02-types/anon_block.rakudo.moar...................WARNINGS:
Useless use of "," in expression "{$foo4 = \"blah\"}," in sink context (line 86)
  39    0    1    2   42
     2 skipped: tests don't work if previous test fails
     1 todo PASSED: Parrot support for zero-arg subs?
S02-types/array.rakudo.moar........................  94    3    0    2   99
     2 skipped: multi-dim arrays
S02-types/array_extending.t........................use of uninitialized value of type Any in string context
use of uninitialized value of type Any in string context
use of uninitialized value of type Any in string context
use of uninitialized value of type Any in string context
  21    0    0    0   21
S02-types/array_ref.t..............................  45    0    0    0   45
S02-types/assigning-refs.rakudo.moar...............  15    0    3    0   18
     3 todo   : non-flattening hash refs
S02-types/autovivification.t.......................  25    0    0    0   25
S02-types/bag.rakudo.moar.......................... 155   11    2    5  173
     3 skipped: No longer Iterable
     2 skipped: Odd number of elements
     2 todo   : Not properly interpolating
S02-types/baghash.rakudo.moar...................... 184   11    4   26  225
    21 skipped: 'is ObjectType' NYI
     3 skipped: No longer Iterable
     2 skipped: Odd number of elements
     2 todo   : Needs to catch up with spec
     2 todo   : in flux
S02-types/bool.t...................................  50    1    0    0   51
S02-types/capture.rakudo.moar......................  18    0    2    1   21
     1 skipped: nom regression
     2 todo   : nom regression
S02-types/catch_type_cast_mismatch.rakudo.moar.....   9    0    1    0   10
     1 todo   : die or fail?
S02-types/declare.rakudo.moar......................  52    0    2   24   78
     1 skipped: Comparator not implemented
     1 skipped: Integral not implemented
     1 skipped: Ordering not implemented
     1 skipped: OrderingPair not implemented
     1 skipped: Bit not implemented
     1 skipped: buf not implemented
     1 skipped: Complex not type converted properly during assignment from Num
     1 skipped: StrPos not implemented
     1 skipped: KeyExtractor not implemented
     1 skipped: No Module type yet
     1 skipped: rat not implemented
     1 skipped: bit not implemented
     1 skipped: Matcher isa not implemented
     1 skipped: complex not implemented
     1 skipped: num16  not implemented
     1 skipped: Codepoint not implemented
     1 skipped: StrLen not implemented
     1 skipped: Char not implemented
     1 skipped: Byte not implemented
     1 skipped: junction not implemented
     1 skipped: HyperWhatever not implemented
     1 skipped: AnyChar not implemented
     1 skipped: Grapheme not implemented
     1 skipped: CharLingua not implemented
     1 todo   : int not implemented
     1 todo   : num not implemented
S02-types/deprecations.rakudo.moar.................   0   27    0    2   29
     1 skipped: Could not create deprecated Order::Decrease
     1 skipped: Could not create deprecated Order::Increase
S02-types/fatrat.t.................................   1    0    0    0    1
S02-types/flattening.t.............................  37    0    0    0   37
S02-types/hash.rakudo.moar.........................use of uninitialized value of type Failure in string context
  86    1    1    0   88
     1 todo   : auto-vivified binding does not work yet
S02-types/hash_ref.t...............................  31    0    0    0   31
S02-types/infinity.rakudo.moar.....................   6    0    3    4   13
     4 skipped: integer Inf
     3 todo   : Int conversion of NaN and Inf
S02-types/instants-and-durations.t.................  12    0    0    0   12
S02-types/isDEPRECATED.rakudo.moar.................   8    4    8    0   20
     8 todo   : NYI
S02-types/lazy-lists.t.............................Killed
   7   12    0    0   19
    12 tests aborted (missing ok/not ok)
S02-types/lists.rakudo.moar........................use of uninitialized value of type Parcel in string context
use of uninitialized value of type Parcel in string context
  25    0    0    3   28
     3 skipped: list binding
S02-types/mix.rakudo.moar.......................... 132   14    2    5  153
     3 skipped: No longer Iterable
     2 skipped: Odd number of elements
     2 todo   : Not properly interpolating
S02-types/mixed_multi_dimensional.rakudo.moar......use of uninitialized value of type Any in string context
use of uninitialized value of type Any in string context
  77    0    3    0   80
     2 todo   : unknown
     1 todo   : isa hash
S02-types/mixhash.rakudo.moar...................... 147   13    4   26  190
    21 skipped: 'is ObjectType' NYI
     3 skipped: No longer Iterable
     2 skipped: Odd number of elements
     2 todo   : Needs to catch up with spec
     2 todo   : in flux
S02-types/multi_dimensional_array.rakudo.moar......WARNINGS:
Useless use of constant integer 1 in sink context (line 1)
WARNINGS:
Useless use of constant integer 1 in sink context (line 1)
WARNINGS:
Useless use of constant integer 1 in sink context (line 1)
WARNINGS:
Useless use of constant integer 0 in sink context (line 1)
WARNINGS:
Useless use of constant integer 0 in sink context (line 1)
WARNINGS:
Useless use of constant integer 0 in sink context (line 1)
use of uninitialized value of type Any in string context
use of uninitialized value of type Any in string context
WARNINGS:
Useless use of constant integer 1 in sink context (line 1)
WARNINGS:
Useless use of constant integer 1 in sink context (line 1)
WARNINGS:
Useless use of constant integer 1 in sink context (line 1)
use of uninitialized value of type Any in string context
use of uninitialized value of type Any in string context
  21    0   10   10   41
    10 skipped: Parse Error: Statement not terminated properly
     1 todo   : nom regression
     9 todo   : Null PMC access in find_method()
S02-types/nan.rakudo.moar..........................  16    2    1    2   21
     1 skipped: unspecced and inconsistent
     1 skipped: RT 83446
     1 todo   : RT 83622
S02-types/native.rakudo.moar.......................  25    0    0    2   27
     2 skipped: RT 102416
S02-types/nested_arrays.t..........................   8    0    0    0    8
S02-types/nested_pairs.t...........................  14    0    0    0   14
S02-types/nil.rakudo.moar..........................use of uninitialized value of type Any in string context
use of uninitialized value of type Any in string context
  41    0    6    1   48
     1 skipped: triage
     6 todo   : triage
S02-types/num.t....................................  64    1    0    0   65
S02-types/pair.rakudo.moar.........................  94    0    1    2   97
     2 skipped: method($invocant:) syntax missing
     1 todo   : should it really have \n on the end?
S02-types/parcel.t.................................  44    0    0    0   44
S02-types/parsing-bool.t...........................   4    0    0    0    4
S02-types/range.t..................................use of uninitialized value of type Range in numeric context
 129    0    0    0  129
S02-types/set.rakudo.moar.......................... 129    6   12    4  151
     1 skipped: Set is no longer Iterable
     3 skipped: Odd number of elements
     2 todo   : Not properly interpolating
    10 todo   : Hypers not yet Set compatible
S02-types/sethash.rakudo.moar...................... 163    6    2   11  182
    10 skipped: 'is ObjectType' NYI
     1 skipped: no longer Iterable
     2 todo   : Not up to current spec
S02-types/sigils-and-types.rakudo.moar.............  26    0    2    0   28
     1 todo   : Capture does Associative
     1 todo   : Capture does Positional
S02-types/subscripts_and_context.t.................   8    0    0    0    8
S02-types/subset.rakudo.moar.......................use of uninitialized value of type Any in string context
  30   12    0    1   43
     1 skipped: (noauto) succeeds for the wrong reason (need to test the error)
S02-types/type.t...................................  35   15    0    0   50
S02-types/undefined-types.rakudo.moar..............use of uninitialized value of type Int in string context
use of uninitialized value of type Int in string context
use of uninitialized value of type Int in string context
use of uninitialized value of type Int in string context
use of uninitialized value of type Int in string context
use of uninitialized value of type Int in string context
use of uninitialized value of type Int in string context
use of uninitialized value of type Int in string context
use of uninitialized value of type Int in string context
use of uninitialized value of type Int in string context
use of uninitialized value of type Any in string context
use of uninitialized value of type Int in string context
use of uninitialized value of type Any in string context
use of uninitialized value of type Int in string context
use of uninitialized value of type Any in string context
use of uninitialized value of type Int in string context
use of uninitialized value of type Any in string context
use of uninitialized value of type Int in string context
use of uninitialized value of type Any in string context
use of uninitialized value of type Int in string context
  45    0    4    0   49
     4 todo   : .clone doesn't copy typedness
S02-types/version.t................................  11   24    0    0   35
S02-types/whatever.rakudo.moar.....................  77    0    1    5   83
     5 skipped: currying plus meta ops
     1 todo   : * as dummy
                                                   pass fail todo skip plan
S03-binding/arrays.t...............................use of uninitialized value of type Any in string context
  47    0    0    0   47
S03-binding/attributes.rakudo.moar.................   9    0    0    3   12
     3 skipped: class attributes
S03-binding/closure.t..............................   8    0    0    0    8
S03-binding/hashes.rakudo.moar.....................  38    0    0    1   39
     1 skipped: without fudging 1 rakudo test, the whole file fails?
S03-binding/nested.t...............................  43    0    0    0   43
S03-binding/ro.rakudo.moar.........................   3    0    6    0    9
     4 todo   : ::= on arrays
     2 todo   : nom regression
S03-binding/scalars.rakudo.moar....................  22    0    2    9   33
     2 skipped: List binding
     7 skipped: list binding
     2 todo   : nom regression
S03-feeds/basic.rakudo.moar........................  10    0    7    8   25
     4 skipped: double-ended feeds
     4 skipped: * feeds
     1 todo   : isn't lazy
     2 todo   : feeds + signatures
     1 todo   : * feeds
     3 todo   : feeds + eager
S03-junctions/associative.t........................  10    0    0    0   10
S03-junctions/autothreading.t......................  89    0    0    0   89
S03-junctions/boolean-context.rakudo.moar..........  76    0    1    0   77
     1 todo   : named unary as function call
S03-junctions/misc.rakudo.moar.....................  95    0    4    4  103
     4 skipped: lower case junction
     2 todo   : lower case junction type
     2 todo PASSED: nom regression
S03-metaops/cross.rakudo.moar......................  24    0    3    1   28
     1 skipped: .slice for iterators NYI
     1 todo   : RT 74072
     2 todo   : huh?
S03-metaops/eager-hyper.rakudo.moar................   5    0    1    2    8
     2 skipped: hyper prefix NYI
     1 todo   : Array assignment is not lazy -- is this test wrong?
S03-metaops/hyper.rakudo.moar......................use of uninitialized value of type Any in numeric context
use of uninitialized value of type Any in numeric context
use of uninitialized value of type Any in numeric context
use of uninitialized value of type Any in numeric context
 269    0    6    6  281
     1 skipped: EVAL(Buf)
     3 skipped: huh?
     2 skipped: nom regression: possible spec change/improvement
     6 todo   : nom regression - whatever extension
S03-metaops/not.t..................................  33    0    0    0   33
S03-metaops/reduce.rakudo.moar.....................use of uninitialized value of type Nil in numeric context
use of uninitialized value of type Nil in numeric context
use of uninitialized value of type Nil in numeric context
use of uninitialized value of type Nil in numeric context
use of uninitialized value of type Nil in numeric context
use of uninitialized value of type Nil in numeric context
use of uninitialized value of type Nil in numeric context
use of uninitialized value of type Nil in numeric context
use of uninitialized value of type Int in string context
use of uninitialized value of type Int in string context
use of uninitialized value of type Int in string context
use of uninitialized value of type Int in string context
use of uninitialized value of type Int in string context
use of uninitialized value of type Int in string context
use of uninitialized value of type Int in string context
use of uninitialized value of type Any in string context
use of uninitialized value of type Any in string context
 300   54    8    4  366
     2 skipped: huh?
     2 skipped: [!===]
     1 todo   : item context
     2 todo   : triangle [\^^] and [\xor]
     2 todo   : huh?
     2 todo   : orelse
     1 todo   : reduced hyper op
S03-metaops/reverse.t..............................  34    0    0    0   34
S03-metaops/zip.rakudo.moar........................  18    0    4    2   24
     2 skipped: nom regression
     4 todo   : nom regression
S03-operators/adverbial-modifiers.rakudo.moar......use of uninitialized value of type Any in string context
use of uninitialized value of type Any in string context
use of uninitialized value of type Any in string context
use of uninitialized value of type Any in string context
use of uninitialized value of type Any in string context
  36    1    5    0   42
     5 todo   : Multi colonpair syntax not yet understood
S03-operators/also.rakudo.moar.....................   4    0    4    0    8
     4 todo   : nom regression
S03-operators/andthen.t............................   8    0    0    0    8
S03-operators/arith.t.............................. 136    8    0    0  144
S03-operators/assign-is-not-binding.t..............   8    0    0    0    8
S03-operators/assign.rakudo.moar...................use of uninitialized value of type Any in string context
use of uninitialized value of type Any in string context
use of uninitialized value of type Any in string context
use of uninitialized value of type Any in string context
use of uninitialized value of type Any in string context
use of uninitialized value of type Any in string context
use of uninitialized value of type Any in string context
use of uninitialized value of type Any in string context
use of uninitialized value of type Any in string context
use of uninitialized value of type Any in string context
use of uninitialized value of type Any in string context
use of uninitialized value of type Any in string context
use of uninitialized value of type Any in string context
use of uninitialized value of type Any in string context
use of uninitialized value of type Any in string context
use of uninitialized value of type Any in string context
use of uninitialized value of type Any in string context
use of uninitialized value of type Any in string context
use of uninitialized value of type Any in string context
use of uninitialized value of type Any in string context
 245    7   22   12  286
     3 skipped: expects a term, found infix >= instead
     3 skipped: Two terms in a row
     3 skipped: cannot modifiy an immutable value
     1 skipped: Odd number of elements found where hash expected
     2 skipped: RT #76734
     1 todo   : RT 80614
     5 todo   : list assignment
     5 todo   : list assignment to scalar
     3 todo   : list assignment, autovivification (?)
     3 todo   : item assignment
     1 todo   : list assignment with ($var, *)
     2 todo   : unknown
     1 todo   : huh?
     1 todo   : item/list assignment
S03-operators/autoincrement-range.t................  96    0    0    0   96
S03-operators/autoincrement.t......................  78    0    0    0   78
S03-operators/autovivification.t...................use of uninitialized value of type Any in numeric context
use of uninitialized value of type Any in numeric context
use of uninitialized value of type Any in string context
  23    0    0    0   23
S03-operators/bag.rakudo.moar......................  92    0    0   16  108
    16 skipped: Reduction and bag operators
S03-operators/basic-types.t........................  19    0    0    0   19
S03-operators/bit.t................................  32    1    0    0   33
S03-operators/boolean-bitwise.t....................  45    0    0    0   45
S03-operators/brainos.t............................   9    0    0    0    9
S03-operators/buf.t................................  30    4    0    0   34
S03-operators/chained-declarators.t................   5    0    0    0    5
S03-operators/cmp.t................................  22    0    0    0   22
S03-operators/comparison-simple.t..................  24    0    0    0   24
S03-operators/comparison.rakudo.moar...............  37    0    4    0   41
     4 todo   : nom regression
S03-operators/context-forcers.rakudo.moar..........  95    0    0    2   97
     2 skipped: failure modes of Str.Numeric
S03-operators/context.t............................  32    0    0    0   32
S03-operators/div.t................................   6    0    0    0    6
S03-operators/equality.t...........................use of uninitialized value of type Any in string context
use of uninitialized value of type Any in string context
use of uninitialized value of type Any in string context
use of uninitialized value of type Any in string context
use of uninitialized value of type Any in string context
use of uninitialized value of type Any in string context
use of uninitialized value of type Any in string context
use of uninitialized value of type Any in string context
use of uninitialized value of type Any in numeric context
use of uninitialized value of type Any in numeric context
  32    0    0    0   32
S03-operators/eqv.rakudo.moar......................  50    0    3    1   54
     1 skipped: huh?
     3 todo   : huh?
S03-operators/flip-flop.rakudo.moar................use of uninitialized value of type Any in string context
use of uninitialized value of type Any in string context
use of uninitialized value of type Any in string context
use of uninitialized value of type Any in string context
use of uninitialized value of type Any in string context
use of uninitialized value of type Any in string context
use of uninitialized value of type Any in string context
use of uninitialized value of type Any in string context
use of uninitialized value of type Any in string context
use of uninitialized value of type Any in string context
use of uninitialized value of type Any in string context
use of uninitialized value of type Any in string context
use of uninitialized value of type Any in string context
use of uninitialized value of type Any in string context
use of uninitialized value of type Any in string context
use of uninitialized value of type Any in string context
use of uninitialized value of type Any in string context
use of uninitialized value of type Any in string context
use of uninitialized value of type Any in string context
use of uninitialized value of type Any in string context
use of uninitialized value of type Any in string context
use of uninitialized value of type Any in string context
use of uninitialized value of type Any in string context
use of uninitialized value of type Any in string context
use of uninitialized value of type Any in string context
use of uninitialized value of type Any in string context
use of uninitialized value of type Any in string context
use of uninitialized value of type Any in string context
use of uninitialized value of type Any in string context
use of uninitialized value of type Any in string context
use of uninitialized value of type Any in string context
use of uninitialized value of type Any in string context
use of uninitialized value of type Any in string context
use of uninitialized value of type Any in string context
use of uninitialized value of type Any in string context
use of uninitialized value of type Any in string context
use of uninitialized value of type Any in string context
use of uninitialized value of type Any in string context
use of uninitialized value of type Any in string context
use of uninitialized value of type Any in string context
use of uninitialized value of type Any in string context
use of uninitialized value of type Any in string context
use of uninitialized value of type Any in string context
use of uninitialized value of type Any in string context
use of uninitialized value of type Any in string context
use of uninitialized value of type Any in string context
use of uninitialized value of type Any in string context
use of uninitialized value of type Any in string context
use of uninitialized value of type Any in string context
use of uninitialized value of type Any in string context
use of uninitialized value of type Any in string context
use of uninitialized value of type Any in string context
use of uninitialized value of type Any in string context
use of uninitialized value of type Any in string context
  37    0    0    2   39
     2 skipped: dubious scoping?
S03-operators/gcd.t................................  16    0    0    0   16
S03-operators/identity.rakudo.moar.................  37    0    8    0   45
     4 todo   : unspecced
     4 todo PASSED: misuse of =:=
S03-operators/increment.rakudo.moar................  30    0    1    0   31
     1 todo   : nom regression
S03-operators/inplace.rakudo.moar..................  23    0    0    4   27
     4 skipped: Method '' not found for invocant of class 'Str'
S03-operators/is-divisible-by.rakudo.moar..........  13    1    1    0   15
     1 todo   : not sure why this doesn't fire
S03-operators/lcm.t................................  15    0    0    0   15
S03-operators/list-quote-junction.t................  16    0    0    0   16
S03-operators/minmax.rakudo.moar...................  21    0    4    0   25
     2 todo   : Annoying test that we haven't done the obvious yet unspecced, fails because we have indeed done the obvious
     2 todo   : max/min non-associative NYI
S03-operators/misc.rakudo.moar.....................  32    0    1    0   33
     1 todo   : nom regression
S03-operators/names.t..............................   7    0    0    0    7
S03-operators/nesting.t............................  26    0    0    0   26
S03-operators/not.rakudo.moar......................  21    0    1    0   22
     1 todo   : RT 65556
S03-operators/overflow.t...........................  97    1    0    0   98
S03-operators/precedence.rakudo.moar...............  47    0    4    2   53
     2 skipped: nom regression
     1 todo   : list associativity bug
     1 todo   : RT #77848
     2 todo   : non-associativeness of infix:<^> and |
S03-operators/range-basic.t........................ 101   43    0    0  144
S03-operators/range-int.t.......................... 480    0    0    0  480
S03-operators/range.rakudo.moar....................use of uninitialized value of type Any in numeric context
use of uninitialized value of type Any in numeric context
 122    0    2    0  124
     2 todo   : huh?
S03-operators/reduce-le1arg.rakudo.moar............use of uninitialized value of type Any in string context
use of uninitialized value of type Any in string context
  50    0    0    4   54
     1 skipped: [Z] hangs
     1 skipped: ~> NYI
     1 skipped: expected Any but got Mu instead
     1 skipped: ~< NYI
S03-operators/relational.t......................... 118    0    0    0  118
S03-operators/repeat.t.............................  32    0    0    0   32
S03-operators/scalar-assign.t......................   4    0    0    0    4
S03-operators/set.rakudo.moar......................Killed
 222   70    2    2  296
     2 skipped: ‚àÖ NYI
     2 todo   : huh?
    70 tests aborted (missing ok/not ok)
S03-operators/short-circuit.rakudo.moar............use of uninitialized value of type Nil in numeric context
  77    0    6    0   83
     6 todo   : wrong return type
S03-operators/so.rakudo.moar.......................  14    0    1    0   15
     1 todo   : check test and rakudo
S03-operators/spaceship-and-containers.t...........   6    0    0    0    6
S03-operators/spaceship.t..........................   5    0    0    0    5
S03-operators/subscript-adverbs.t.................. 108    0    0    0  108
S03-operators/subscript-vs-lt.t....................   4    0    0    0    4
S03-operators/ternary.t............................  17    0    0    0   17
S03-operators/value_equivalence.rakudo.moar........  71    0    4    0   75
     1 todo   : .WHICH based on type names
     1 todo   : === fail
     2 todo   : === doesn't work on array references yet
S03-sequence/arity-2-or-more.t.....................  19    0    0    0   19
S03-sequence/arity0.t..............................  13    0    0    0   13
S03-sequence/basic.rakudo.moar..................... 127    0    2    0  129
     1 todo   : sequence + last
     1 todo   : mysterious
S03-sequence/limit-arity-2-or-more.t...............   8    0    0    0    8
S03-sequence/misc.rakudo.moar......................use of uninitialized value of type Nil in numeric context
use of uninitialized value of type Nil in numeric context
  12    0    5    2   19
     1 skipped: Slicel lists are NYI
     1 skipped: Not enough positional parameters passed; got 0 but expected 1
     1 todo   : gives True instead
     2 todo   : NYI
     1 todo   : bogus test?
     1 todo   : RT 80574
S03-sequence/nonnumeric.rakudo.moar................  18    0    0   19   37
     6 skipped: lifting comparison ops
    11 skipped: hangs
     2 skipped: Decrement out of range
S03-smartmatch/any-any.t...........................   8    0    0    0    8
S03-smartmatch/any-array.rakudo.moar...............   4    0    2    0    6
     2 todo PASSED: nom regression
S03-smartmatch/any-bool.t..........................   4    4    0    0    8
S03-smartmatch/any-callable.t......................   6    0    0    0    6
S03-smartmatch/any-complex.t.......................  12    0    0    0   12
S03-smartmatch/any-hash-pair.t.....................   7    0    0    0    7
S03-smartmatch/any-method.t........................   2    2    0    0    4
S03-smartmatch/any-num.rakudo.moar.................   9    7    0    2   18
     2 skipped: Mu ~~ Num doesn't work yet
S03-smartmatch/any-pair.t..........................  10    0    0    0   10
S03-smartmatch/any-str.rakudo.moar.................   4    0    0    1    5
     1 skipped: smartmatching Mu against Str
S03-smartmatch/any-sub.t...........................   8    0    0    0    8
S03-smartmatch/any-type.t..........................  15    0    0    0   15
S03-smartmatch/array-array.t.......................  36    0    0    0   36
S03-smartmatch/array-hash.t........................   6    0    0    0    6
S03-smartmatch/capture-signature.t.................   5    0    0    0    5
S03-smartmatch/disorganized.t......................  26   15    0    0   41
S03-smartmatch/hash-hash.rakudo.moar...............   2    0    2    0    4
     1 todo   : nom regression
     1 todo PASSED: nom regression
S03-smartmatch/range-range.t.......................  14    0    0    0   14
S03-smartmatch/regex-hash.t........................   4    0    0    0    4
S03-smartmatch/scalar-hash.t.......................   3    0    0    0    3
S03-smartmatch/signature-signature.t...............   2    3    0    0    5
                                                   pass fail todo skip plan
S04-blocks-and-statements/let.t....................  12    0    0    0   12
S04-blocks-and-statements/pointy-rw.t..............  10    0    0    0   10
S04-blocks-and-statements/pointy.rakudo.moar.......  15    0    2    0   17
     1 todo   : pointy blocks and last/redo
     1 todo   : &?ROUTINE
S04-blocks-and-statements/temp.rakudo.moar.........  30    0    6    0   36
     6 todo   : TEMP phasers NYI
S04-declarations/constant.rakudo.moar..............use of uninitialized value of type Any in numeric context
use of uninitialized value of type Any in numeric context
use of uninitialized value of type Any in numeric context
  39    2    4    3   48
     2 skipped: binding
     1 skipped: unicode constant name
     3 todo   : COMPILING
     1 todo PASSED: constants as type constraints
S04-declarations/implicit-parameter.rakudo.moar....  16    0    2    0   18
     2 todo   : pointy blocks and $_
S04-declarations/multiple.rakudo.moar..............Potential difficulties:
    Redeclaration of symbol $x
    at t/spec/S04-declarations/multiple.rakudo.moar:17
    ------> [32m    my $x [33m‚èè[31m= 3;[0m
Potential difficulties:
    Redeclaration of symbol $x
    at eval_0:1
    ------> [32mmy $x; my $x[33m‚èè[31m<EOL>[0m
Potential difficulties:
    Redeclaration of symbol $x
    at eval_1:1
    ------> [32mstate $x; state $x[33m‚èè[31m<EOL>[0m
   5    0    1    0    6
     1 todo   : nom regression
S04-declarations/my.rakudo.moar....................Potential difficulties:
    Redeclaration of symbol %p
    at t/spec/S04-declarations/my.rakudo.moar:56
    ------> [32m        my %p[33m‚èè[31m; #OK[0m
    Redeclaration of symbol $f
    at t/spec/S04-declarations/my.rakudo.moar:160
    ------> [32m    my $f[33m‚èè[31m; #OK[0m
use of uninitialized value of type Any in string context
use of uninitialized value of type Any in string context
WARNINGS:
Useless use of "," in expression "my $x = 1, my $y = 2" in sink context (line 1)
WARNINGS:
Useless use of "," in expression "my $x = 1, my $y = 2" in sink context (line 1)
WARNINGS:
Useless use of "," in expression "my $x = 1, my $y = 2" in sink context (line 1)
WARNINGS:
Useless use of "," in expression "my $x = 1, my $y = 2" in sink context (line 1)
WARNINGS:
Useless use of "," in expression "my $x = 1, my $y = 2" in sink context (line 1)
WARNINGS:
Useless use of constant integer 1 in sink context (line 1)
  69    2    2    2   75
     2 skipped: nom regression, OUR::
     1 todo   : previous test skipped
     1 todo   : fails
S04-declarations/our.rakudo.moar...................use of uninitialized value of type Any in string context
use of uninitialized value of type Any in string context
  32    0    1    0   33
     1 todo   : our-scoped var in role
S04-declarations/state.rakudo.moar.................use of uninitialized value of type Any in string context
use of uninitialized value of type Any in string context
  33    0    2    5   40
     5 skipped: parse error
     1 todo   : embedded closures in regexen
     1 todo   : initialization happens only on first call(?)
S04-declarations/will.rakudo.moar..................===SORRY!===
Error while compiling op p6setpre: No registered operation handler for 'p6setpre'
   0   17    0    0   17
    17 tests aborted (missing ok/not ok)
S04-exception-handlers/catch.t.....................  27    0    0    0   27
S04-exceptions/fail.rakudo.moar....................  11    0    0    2   13
     2 skipped: RT 64990
S04-phasers/ascending-order.t......................   7    0    0    0    7
S04-phasers/begin.t................................   9    0    0    0    9
S04-phasers/check.t................................   5    0    0    0    5
S04-phasers/descending-order.t.....................   7    0    0    0    7
S04-phasers/end.rakudo.moar........................   3    0    2    0    5
     2 todo   : lexicals and EVAL()
S04-phasers/enter-leave.rakudo.moar................  18    1    1    1   21
     1 skipped: leave NYI
     1 todo   : is this spec? why would LEAVE not see outer $!? fossil?
S04-phasers/eval-in-begin.t........................   3    0    0    0    3
S04-phasers/first.t................................===SORRY!===
Error while compiling op p6takefirstflag: No registered operation handler for 'p6takefirstflag'
   0    4    0    0    4
     4 tests aborted (missing ok/not ok)
S04-phasers/in-eval.rakudo.moar....................  34    0    1    0   35
     1 todo   : not sure
S04-phasers/keep-undo.t............................  12    0    0    0   12
S04-phasers/multiple.t.............................   2    0    0    0    2
S04-phasers/next.rakudo.moar.......................  10    0    2    1   13
     1 skipped: leave NYI
     2 todo   : NEXT/LEAVE ordering
S04-phasers/pre-post.rakudo.moar...................===SORRY!===
Error while compiling op p6setpre: No registered operation handler for 'p6setpre'
   0   22    0    0   22
    22 tests aborted (missing ok/not ok)
S04-phasers/rvalue.t...............................Cannot invoke null object
  in block frame_name_5121 at src/gen/m-CORE.setting:16331
  in block frame_name_25 at t/spec/S04-phasers/rvalue.t:45

   0   16    0    0   16
    16 tests aborted (missing ok/not ok)
S04-statement-modifiers/for.t......................  20    0    0    0   20
S04-statement-modifiers/given.t....................   5    0    0    0    5
S04-statement-modifiers/if.t.......................  11    0    0    0   11
S04-statement-modifiers/unless.t...................   6    0    0    0    6
S04-statement-modifiers/until.t....................   4    0    0    0    4
S04-statement-modifiers/values_in_bool_context.t...  24    0    0    0   24
S04-statement-modifiers/while.t....................use of uninitialized value of type Any in numeric context
   5    0    0    0    5
S04-statement-parsing/hash.t.......................   8    0    0    0    8
S04-statements/do.rakudo.moar......................  21    0    0    6   27
     1 skipped: last without loop construct
     1 skipped: redo without loop construct
     3 skipped: Undeclared name A
     1 skipped: next without loop construct
S04-statements/for-scope.t.........................  16    0    0    0   16
S04-statements/for.rakudo.moar.....................  73    0    2    2   77
     1 skipped: optional variable in for loop (RT #63994)
     1 skipped: maybe bogus, for loops are not supposed to be lazy?
     2 todo   : RT 113026 array iterator does not track a growing array
S04-statements/for_with_only_one_item.t............   9    0    0    0    9
S04-statements/gather.rakudo.moar..................  27    0    0    1   28
     1 skipped: RT #117635 (infinite loop)
S04-statements/given.t.............................  51    0    0    0   51
S04-statements/if.t................................  29    0    0    0   29
S04-statements/last.rakudo.moar....................   6    0    0    2    8
     2 skipped: last LABEL
S04-statements/loop.t..............................  15    0    0    0   15
S04-statements/map-and-sort-in-for.t...............   4    0    0    0    4
S04-statements/next.rakudo.moar....................  10    0    0    2   12
     1 skipped: next BLOCK
     1 skipped: next LOOP
S04-statements/no-implicit-block.t.................  12    0    0    0   12
S04-statements/once.t..............................  21    0    0    0   21
S04-statements/redo.t..............................  11    0    0    0   11
S04-statements/repeat.t............................  20    1    0    0   21
     1 tests aborted (missing ok/not ok)
S04-statements/return.t............................  17    0    0    0   17
S04-statements/sink.rakudo.moar....................   1    0    1    0    2
     1 todo PASSED: RT #117235
S04-statements/terminator.t........................  15    0    0    0   15
S04-statements/try.rakudo.moar.....................Cannot find method 'substr'
  in method Str at src/gen/m-CORE.setting:12143
  in method Str at src/gen/m-CORE.setting:1020
  in method Stringy at src/gen/m-CORE.setting:1030
  in method Stringy at src/gen/m-CORE.setting:1029
  in sub infix:<~> at src/gen/m-CORE.setting:1424
  in sub infix:<~> at src/gen/m-CORE.setting:1422
  in block frame_name_5121 at src/gen/m-CORE.setting:16331
  in block frame_name_121 at t/spec/S04-statements/try.rakudo.moar:124
  in block frame_name_116 at t/spec/S04-statements/try.rakudo.moar:122
  in block frame_name_1 at t/spec/S04-statements/try.rakudo.moar:2

  19    7    0    0   26
     7 tests aborted (missing ok/not ok)
S04-statements/unless.t............................  10    0    0    0   10
S04-statements/until.t.............................   4    0    0    0    4
S04-statements/while.t.............................   9    0    0    0    9
                                                   pass fail todo skip plan
S05-capture/caps.rakudo.moar.......................Cannot invoke null object
  in method match at src/gen/m-CORE.setting:6033
  in block frame_name_1 at t/spec/S05-capture/caps.rakudo.moar:23

  26   15    1    0   42
     1 todo   : return type of .chunks
    15 tests aborted (missing ok/not ok)
S05-capture/dot.rakudo.moar........................use of uninitialized value of type Any in string context
use of uninitialized value of type Any in string context
use of uninitialized value of type Any in string context
  51    0   10    0   61
     1 todo   : really? :-)
     4 todo   : dubious test
     3 todo   : needs review
     2 todo PASSED: dubious test
S05-capture/match-object.rakudo.moar...............  17    1    1    2   21
     1 skipped: No such method pos for invocant of type Any
     1 skipped: Unsupported use of $¬¢ variable
     1 todo   : Unsupported use of $¬¢ variable
S05-capture/named.rakudo.moar......................   9    0    0    2   11
     2 skipped: assigning to match object
S05-capture/subrule.t..............................use of uninitialized value of type Any in string context
  45    1    0    0   46
S05-grammar/action-stubs.t.........................use of uninitialized value of type Any in string context
use of uninitialized value of type Any in string context
use of uninitialized value of type Any in string context
  18    4    0    0   22
S05-grammar/inheritance.rakudo.moar................  30    0    1    0   31
     1 todo   : automatic Grammar superclass
S05-grammar/methods.t..............................   5    0    0    0    5
S05-grammar/namespace.t............................   5    0    0    0    5
S05-grammar/parse_and_parsefile.t..................  12    0    0    0   12
S05-grammar/polymorphism.t.........................use of uninitialized value of type Any in string context
  28    0    0    0   28
S05-grammar/protoregex.rakudo.moar.................  29    0    1    0   30
     1 todo   : RT120146
S05-grammar/protos.t...............................   4    0    0    0    4
S05-grammar/signatures.t...........................   2    0    0    0    2
S05-grammar/ws.rakudo.moar.........................  10    0    0    2   12
     2 skipped: infinite loop: RT #64094 (noauto)
S05-interpolation/lexicals.t.......................  10    0    0    0   10
S05-interpolation/regex-in-variable.rakudo.moar....Killed
  23   11    0    0   34
    10 tests aborted (missing ok/not ok)
S05-mass/charsets.rakudo.moar......................  10    5    1    0   16
     1 todo   : unicode 6.0 punct characters
S05-mass/named-chars.rakudo.moar................... 278    6   53   94  431
     2 skipped: CR as char name
    62 skipped: negative char class in enumerated list
     2 skipped: NEL as char name
     2 skipped: FF as char name
     4 skipped: \c[LF] not valid charname
     4 skipped: \c[CR] not valid charname
     5 skipped: escapes in char classes
     7 skipped: \c[NEL] not valid charname
     4 skipped: \c[FF] not valid charname
     2 skipped: LF as char name
    20 todo   : \C escape
    33 todo PASSED: \C escape
S05-mass/properties-block.t........................ 560  110    0    0  670
S05-mass/properties-derived.rakudo.moar............ 128   49    0   79  256
     7 skipped: isUnassigned not implemented
     6 skipped: icu
    10 skipped: isCommon not implemented
     3 skipped: icu problems
     7 skipped: isAssigned not implemented
     4 skipped: isAny not implemented
    42 skipped: isOther* not implemented
S05-mass/properties-general.rakudo.moar............ 458  101    0   37  596
    10 skipped: No [Lr] property defined
     4 skipped: Uninvestigated nqp-rx regression
     8 skipped: ICU version dependent :(
     3 skipped: \x[FFFE]
     4 skipped: \x[FFFF]
     8 skipped: Malformed UTF-8 string
S05-mass/properties-script.rakudo.moar............. 272   54    0   35  361
    35 skipped: Unicode properties with arguments
S05-mass/recursive.t...............................  20    0    0    0   20
S05-mass/rx.rakudo.moar............................use of uninitialized value of type Any in string context
 688    1    5   45  739
     1 skipped: <commit> not implemented
    21 skipped: **{}
     1 skipped: :s()
     1 skipped: closure repetition
     2 skipped: RT 116415
     2 skipped: RT 112454
     2 skipped: ::: NYI
     1 skipped: nom regression
     2 skipped: regex <name>
     2 skipped: RT 112450
     1 skipped: parse error
     9 skipped: :: NYI
     3 todo   : <cntrl>
     1 todo PASSED: nom regression
     1 todo PASSED: anchors and after
S05-mass/stdrules.rakudo.moar...................... 157    1    0   28  186
    14 skipped: <.print>
    14 skipped: <.graph>
S05-match/arrayhash.t..............................   8    0    0    0    8
S05-match/blocks.rakudo.moar.......................  17    0    5    0   22
     4 todo   : nom regression
     1 todo   : Assignment to matched string affects earlier match objects
S05-match/capturing-contexts.rakudo.moar...........Nominal type check failed for parameter '<anon>'; expected Capture but got Method
  in method list at src/gen/m-CORE.setting:6697
  in block frame_name_119 at t/spec/S05-match/capturing-contexts.rakudo.moar:77

  19   24    0    0   43
    24 tests aborted (missing ok/not ok)
S05-match/make.t...................................   3    0    0    0    3
S05-match/non-capturing.t..........................   9    0    0    0    9
S05-match/positions.t..............................  10    0    0    0   10
S05-metachars/closure.rakudo.moar..................   4    0    0    8   12
     3 skipped: make() inside closure
     5 skipped: assignment to match variables (dubious)
S05-metachars/line-anchors.t.......................  19    0    0    0   19
S05-metachars/newline.t............................  14    1    0    0   15
S05-metachars/tilde.rakudo.moar....................  14    0    0   12   26
     2 skipped: backtracking to find ~ goal
     3 skipped: exceptions from regexes
     2 skipped: backtracking into ~
     5 skipped: should not throw exceptions
S05-metasyntax/angle-brackets.rakudo.moar..........  56    0    3   21   80
     1 skipped: indirect subrule call not implemented
     1 skipped: <~~ ... >
     2 skipped: <test()> not implemented
     2 skipped: <$subrule> not implemented
     1 skipped: colon arguments not implemented
    11 skipped: <*literal>
     1 skipped: <&foo()> not implemented
     2 skipped: angle quotes in regexes
     1 todo   : !!! in regexes
     2 todo PASSED: <%hash> not implemented
S05-metasyntax/assertions.t........................   4    0    0    0    4
S05-metasyntax/changed.t...........................  12    0    0    0   12
S05-metasyntax/charset.rakudo.moar.................  37    3    0    1   41
     1 skipped: large \x char spec in regex (RT #67122) (noauto)
S05-metasyntax/delimiters.t........................  21    0    0    0   21
S05-metasyntax/interpolating-closure.rakudo.moar...   4    1    1    0    6
     1 todo PASSED: dunno
S05-metasyntax/litvar.t............................Potential difficulties:
    Apparent subscript will be treated as regex
    at t/spec/S05-metasyntax/litvar.t:33
    ------> [32mok(!('a0' ~~ m/$aref[33m‚èè[31m[0]/), 'Array ref stringifies before mat[0m
    Apparent subscript will be treated as regex
    at t/spec/S05-metasyntax/litvar.t:35
    ------> [32mok('a b ab c0' ~~ m/$aref[33m‚èè[31m[0]/, 'Array ref stringifies before matc[0m
    Apparent subscript will be treated as regex
    at t/spec/S05-metasyntax/litvar.t:36
    ------> [32mok('a0' ~~ m/@$aref[33m‚èè[31m[0]/, 'Array deref ignores 0');         [0m
    Apparent subscript will be treated as regex
    at t/spec/S05-metasyntax/litvar.t:37
    ------> [32mok('bx0' ~~ m/@$aref[33m‚èè[31m.[0]/, 'Array deref ignores dot 0');    [0m
    Apparent subscript will be treated as regex
    at t/spec/S05-metasyntax/litvar.t:38
    ------> [32mok('c0' ~~ m/@var[33m‚èè[31m[0]/, 'Array ignores 0');               [0m
Killed
  20    2    0    0   22
     1 tests aborted (missing ok/not ok)
S05-metasyntax/longest-alternative.rakudo.moar.....  24    2    4    1   31
     1 skipped: :::
     2 todo   : LTM - literals in tokens
     1 todo   : LTM - longer quantified atom wins against shorter literal (subrules)
     1 todo   : implicit <.ws> stops LTM
S05-metasyntax/lookaround.t........................  10    0    0    0   10
S05-metasyntax/null.t..............................   4    0    0    0    4
S05-metasyntax/proto-token-ltm.t...................  10    0    0    0   10
S05-metasyntax/regex.t.............................Useless declaration of a has-scoped method in mainline (did you mean 'my token foo'?)
Useless declaration of a has-scoped method in mainline (did you mean 'my regex baz'?)
use of uninitialized value of type Any in string context
  26    0    0    0   26
S05-metasyntax/repeat.rakudo.moar..................  18    0    0    6   24
     6 skipped: closure repetition
S05-metasyntax/sequential-alternation.t............  10    0    0    0   10
S05-metasyntax/single-quotes.t.....................   5    0    0    0    5
S05-metasyntax/unknown.rakudo.moar.................  12    0    1    0   13
     1 todo PASSED: RT 74832
S05-modifier/continue.t............................  13    0    0    0   13
S05-modifier/counted-match.rakudo.moar.............  16    0    0    6   22
     6 skipped: hangs
S05-modifier/counted.rakudo.moar................... 115    1    2    0  118
     1 todo   : unknown
     1 todo PASSED: unknown
S05-modifier/global.t..............................   8    0    0    0    8
S05-modifier/ignorecase.rakudo.moar................  19    3    2    0   24
     2 todo PASSED: ignorecase and SS/&szlig;
S05-modifier/ii.rakudo.moar........................  12    0    6    0   18
     6 todo   : NYI
S05-modifier/overlapping.rakudo.moar...............  11    0    6    5   22
     5 skipped: m:overlap// NYI
     4 todo   : m:overlap NYI
     2 todo PASSED: m:overlap NYI
S05-modifier/perl5_0.rakudo.moar...................use of uninitialized value of type Any in string context
use of uninitialized value of type Any in string context
  17    0    7    0   24
     5 todo   : NYI
     2 todo PASSED: NYI
S05-modifier/perl5_1.t............................. 100    0    0    0  100
S05-modifier/perl5_2.t.............................use of uninitialized value of type Any in string context
use of uninitialized value of type Any in string context
 100    0    0    0  100
S05-modifier/perl5_3.t.............................use of uninitialized value of type Any in string context
use of uninitialized value of type Any in string context
use of uninitialized value of type Any in string context
 100    0    0    0  100
S05-modifier/perl5_4.t.............................use of uninitialized value of type Any in string context
use of uninitialized value of type Any in string context
use of uninitialized value of type Any in string context
use of uninitialized value of type Any in string context
 100    0    0    0  100
S05-modifier/perl5_5.rakudo.moar...................  93    4    4    1  102
     1 skipped: hangs
     2 todo   : unknown issue
     2 todo   : (?i) and backreferences
S05-modifier/perl5_7.t............................. 100    0    0    0  100
S05-modifier/perl5_8.rakudo.moar...................  77    0    1   25  103
     1 skipped: \G
     6 skipped: character classes in enumerated range
    18 skipped: expensive quantifier
     1 todo   : (?>...) not implemented
S05-modifier/pos.rakudo.moar.......................  37    0    3    0   40
     1 todo   : m:g
     1 todo   : s:pos/// NYI
     1 todo   : m:p:i:g// NYI
S05-modifier/repetition.rakudo.moar................   8    2    2    0   12
     1 todo PASSED: :2x
     1 todo PASSED: :x(2)
S05-modifier/sigspace.t............................  12    0    0    0   12
S05-substitution/match.t...........................   7    6    0    0   13
S05-substitution/subst.rakudo.moar.................use of uninitialized value of type Any in string context
use of uninitialized value of type Any in string context
 131    3    2    5  141
     2 skipped: s:g[...] =
     3 skipped: s[...] op= RHS
     1 todo   : RT #120526
     1 todo   : be smarter about constant detection
S05-transliteration/trans.rakudo.moar..............  42    0   11    7   60
     2 skipped: closures and regexes
     5 skipped: tr///, feed operator not implemented
    10 todo   : flags
     1 todo   : disambiguate ranges
S05-transliteration/with-closure.rakudo.moar.......  10    0    5    1   16
     1 skipped: Unable to resolve method ord in class Any
     5 todo   : nom regression
                                                   pass fail todo skip plan
S06-advanced/callframe.rakudo.moar.................   7    1    0    1    9
     1 skipped: Unable to resolve method inline in type CallFrame
S06-advanced/callsame.t............................   3    0    0    0    3
S06-advanced/lexical-subs.rakudo.moar..............   9    0    0    2   11
     2 skipped: cannot parse operator names yet
S06-advanced/recurse.t.............................  13    0    0    0   13
S06-advanced/return.rakudo.moar....................  75    0    1    3   79
     3 skipped: RT 75118
     1 todo   : RT 61732
S06-advanced/wrap.rakudo.moar......................  64    0    5    0   69
     1 todo   : RT 70267: call to nextsame with nowhere to go
     1 todo   : callwith
     2 todo   : temp and wrap
     1 todo PASSED: RT 77472
S06-currying/assuming-and-mmd.t....................   6    0    0    0    6
S06-currying/named.t...............................   3    0    0    0    3
S06-macros/errors.t................................   2    0    0    0    2
S06-macros/opaque-ast.rakudo.moar..................===SORRY!===
Error while compiling op p6getouterctx: No registered operation handler for 'p6getouterctx'
   0    7    0    0    7
     7 tests aborted (missing ok/not ok)
S06-macros/quasi-blocks.t..........................===SORRY!===
Error while compiling op p6getouterctx: No registered operation handler for 'p6getouterctx'
   0   12    0    0   12
    12 tests aborted (missing ok/not ok)
S06-macros/unquoting.t.............................===SORRY!===
Error while compiling op p6getouterctx: No registered operation handler for 'p6getouterctx'
   0   10    0    0   10
    10 tests aborted (missing ok/not ok)
S06-multi/lexical-multis.rakudo.moar...............  14    0    1    0   15
     1 todo   : lexical scope as tie breaker
S06-multi/positional-vs-named.rakudo.moar..........  25    0    0    2   27
     2 skipped: slurpy and named interaction
S06-multi/proto.rakudo.moar........................  22    0    1    5   28
     5 skipped: redeclaration of routine 'bar'
     1 todo   : operator protos
S06-multi/redispatch.t.............................   9    1    0    0   10
S06-multi/syntax.t.................................  41    0    0    0   41
S06-multi/type-based.rakudo.moar...................===SORRY!===
CHECK FAILED:
Calling 'f4' will never work with argument types (Associative[Int]) (line 163)
    Expected any of:
    :(@a)
    :(@a)
    :(@a)
    :(%a)
    :(%a)
    :(%a)
Calling 'f4' will never work with argument types (Associative[Str]) (line 164)
    Expected any of:
    :(@a)
    :(@a)
    :(@a)
    :(%a)
    :(%a)
    :(%a)
Calling 'f4' will never work with argument types (Associative[Array]) (line 165)
    Expected any of:
    :(@a)
    :(@a)
    :(@a)
    :(%a)
    :(%a)
    :(%a)
Calling 'f4' will never work with argument types (Positional[Int]) (line 167)
    Expected any of:
    :(@a)
    :(@a)
    :(@a)
    :(%a)
    :(%a)
    :(%a)
Calling 'f4' will never work with argument types (Positional[Str]) (line 168)
    Expected any of:
    :(@a)
    :(@a)
    :(@a)
    :(%a)
    :(%a)
    :(%a)
Calling 'f4' will never work with argument types (Positional[Array]) (line 169)
    Expected any of:
    :(@a)
    :(@a)
    :(@a)
    :(%a)
    :(%a)
    :(%a)
   0   53    0    0   53
    53 tests aborted (missing ok/not ok)
S06-multi/unpackability.t..........................  10    0    0    0   10
S06-multi/value-based.t............................  12    0    0    0   12
S06-operator-overloading/imported-subs.t...........  19    0    0    0   19
S06-operator-overloading/methods.rakudo.moar.......   2    0    1    0    3
     1 todo   : nom regression
S06-operator-overloading/semicolon.t...............WARNINGS:
Useless use of constant integer 2 in sink context (line 15)
Useless use of constant integer 3 in sink context (line 15)
   3    0    0    0    3
S06-operator-overloading/sub.rakudo.moar...........  39    4    7   20   70
     1 skipped: missing block, apparently "if" not an op
     2 skipped: not yet implemented
     1 skipped: infix Z will never work; no lexical Z
     1 skipped: &::
     4 skipped: missing block, no lexical Z
     3 skipped: assoc("non")
     2 skipped: macros
     4 skipped: prefix:[] form not implemented
     1 skipped: undeclared name
     1 skipped: cannot bind with this LHS
     1 todo   : infix:<;>
     5 todo   : huh?
     1 todo   : RT 65638
S06-operator-overloading/workout.t.................Cannot call method 'elems' on a null object
  in block frame_name_1 at t/spec/S06-operator-overloading/workout.t:16

   1    0    0    0    0
     1 tests more than planned were run
S06-other/anon-hashes-vs-blocks.t..................  22    0    0    0   22
S06-other/introspection.t..........................  11    1    0    0   12
S06-other/main-eval.rakudo.moar....................   2    0    1    0    3
     1 todo   : MAIN in EVAL
S06-other/main-usage.rakudo.moar...................   8    7    7    0   22
     5 todo   : nom regression
     2 todo   : RT 115744
S06-other/main.t...................................   6    0    0    0    6
S06-other/misc.t...................................   3    0    0    0    3
S06-routine-modifiers/lvalue-subroutines.rakudo.m..  11    0    0    3   14
     2 skipped: maximum recursion depth exceeded
     1 skipped: hangs, probably due to [RT #114134]
S06-routine-modifiers/proxy.t......................  18    0    0    0   18
S06-routine-modifiers/scoped-named-subs.t..........  12    0    0    0   12
S06-signature/arity.t..............................  52    0    0    0   52
S06-signature/closure-over-parameters.t............   4    0    0    0    4
S06-signature/closure-parameters.rakudo.moar.......   4    0    0   11   15
    11 skipped: type syntax parse failure
S06-signature/code.rakudo.moar.....................   7    0    1    0    8
     1 todo   : RT 67932
S06-signature/defaults.t...........................   5    0    0    0    5
S06-signature/errors.t.............................   9    1    0    0   10
S06-signature/introspection.rakudo.moar............  51    0    0    1   52
     1 skipped: expected Any but got Mu instead
S06-signature/mixed-placeholders.t.................  12    0    0    0   12
S06-signature/multidimensional.t...................  10    0    0    0   10
S06-signature/named-parameters.rakudo.moar.........  72    0    0   21   93
     4 skipped: where constraints
     1 skipped: Not enough positional parameters passed; got 0 but expected 1
    16 skipped: multiple same-named arguments NYI
S06-signature/named-placeholders.t.................   3    0    0    0    3
S06-signature/named-renaming.t.....................  10    0    0    0   10
S06-signature/optional.t...........................  25    0    0    0   25
S06-signature/outside-subroutine.t.................   2    0    0    0    2
S06-signature/passing-arrays.t.....................  11    0    0    0   11
S06-signature/passing-hashes.t.....................   3    0    0    0    3
S06-signature/positional-placeholders.t............  10    0    0    0   10
S06-signature/positional.t.........................   7    0    0    0    7
S06-signature/scalar-type.t........................use of uninitialized value of type Array in string context
use of uninitialized value of type Array in string context
use of uninitialized value of type Array in string context
use of uninitialized value of type Array in string context
use of uninitialized value of type Array in string context
use of uninitialized value of type Array in string context
use of uninitialized value of type Array in string context
use of uninitialized value of type Array in string context
use of uninitialized value of type Hash in string context
use of uninitialized value of type Hash in string context
use of uninitialized value of type Hash in string context
use of uninitialized value of type Hash in string context
use of uninitialized value of type Hash in string context
use of uninitialized value of type Hash in string context
use of uninitialized value of type Hash in string context
use of uninitialized value of type Hash in string context
   8    0    0    0    8
S06-signature/sigilless.t..........................  10    0    0    0   10
S06-signature/slurpy-and-interpolation.t...........   7    0    0    0    7
S06-signature/slurpy-params.rakudo.moar............use of uninitialized value of type Any in numeric context
use of uninitialized value of type Any in numeric context
use of uninitialized value of type Any in numeric context
  40    0    0   17   57
    17 skipped: types on slurpy params
S06-signature/slurpy-placeholders.t................   8    0    0    0    8
S06-signature/sub-ref.rakudo.moar..................use of uninitialized value of type Any in string context
use of uninitialized value of type Any in string context
  28    0    2    4   34
     4 skipped: macros, compile time binding
     2 todo   : RT 63974
S06-signature/tree-node-parameters.rakudo.moar.....  16    0    0    4   20
     4 skipped: signature binding of return values NYI
S06-signature/type-capture.rakudo.moar.............   7    0    0    1    8
     1 skipped: nom regression
S06-signature/types.t..............................   4    2    0    0    6
S06-signature/unpack-array.t.......................  13    0    0    0   13
S06-signature/unpack-object.t......................   4    0    0    0    4
S06-signature/unspecified.rakudo.moar..............use of uninitialized value of type Any in string context
use of uninitialized value of type Any in string context
  12    0    5    0   17
     1 todo   : RT 71112: Cannot assign to readonly variable.
     4 todo   : siglist
S06-traits/is-assoc.rakudo.moar....................   4    0    0    2    6
     2 skipped: RT 116244
S06-traits/is-copy.t...............................Potential difficulties:
    Redeclaration of symbol $x
    at eval_0:1
    ------> [32msub f ($x is copy) { my $x [33m‚èè[31m}[0m
  24    0    0    0   24
S06-traits/is-readonly.rakudo.moar.................useless use of 'is readonly' on $!attr
   2    0    1    0    3
     1 todo   : readonly attributes
S06-traits/is-rw.rakudo.moar.......................   5    0    2    0    7
     1 todo   : Depends on preceding test working
     1 todo   : 
S06-traits/misc.rakudo.moar........................  17    0    2    0   19
     2 todo   : is readonly does not override
S06-traits/precedence.rakudo.moar..................   9    0    1    0   10
     1 todo   : changing precedence of already declared op
S06-traits/slurpy-is-rw.t..........................   3    0    0    0    3
                                                   pass fail todo skip plan
S09-autovivification/autoincrement.t...............   7    0    0    0    7
S09-autovivification/autovivification.rakudo.moar..use of uninitialized value of type Any in string context
use of uninitialized value of type Any in string context
  37    0    4    1   42
     1 skipped: isa multi variant
     2 todo   : unknown
     2 todo PASSED: autoviv, binding
S09-hashes/objecthash.rakudo.moar..................  19    6    0    6   31
     6 skipped: oh noes, it dies
S09-subscript/slice.rakudo.moar....................  22    0    0    4   26
     2 skipped: #120383
     2 skipped: RT 61844
S09-typed-arrays/arrays.rakudo.moar................  42   11    5    3   61
     1 skipped: nested typechecks are borked
     1 skipped: type on our-variables
     1 skipped: initialization
     1 todo   : need parameterized Lists
     1 todo   : nested typechecks are borked
     1 todo PASSED: nested typechecks are borked
     2 todo PASSED: no parametrization
S09-typed-arrays/hashes.t..........................use of uninitialized value of type Int in string context
use of uninitialized value of type Int in string context
use of uninitialized value of type Any in string context
use of uninitialized value of type Any in string context
use of uninitialized value of type Any in string context
use of uninitialized value of type Any in string context
use of uninitialized value of type Int in string context
use of uninitialized value of type Int in string context
  24    6    0    0   30
                                                   pass fail todo skip plan
S10-packages/basic.rakudo.moar.....................  56    0    1    2   59
     1 skipped: ticket based only on class... RT #60446
     1 skipped: RT #59484
     1 todo   : RT #64606
S10-packages/joined-namespaces.t...................   3    0    0    0    3
S10-packages/use-with-class.t......................   9    0    0    0    9
                                                   pass fail todo skip plan
S11-modules/import-multi.rakudo.moar...............  14    0    1    4   19
     2 skipped: Code did not die, can not check exception
     1 skipped: A symbol "&Gfoo" has already been exported
     1 skipped: it just dies, can't check using throws_like
     1 todo   : huh?
S11-modules/import-tag.t...........................  12    0    0    0   12
S11-modules/import.rakudo.moar.....................  10    0    0    4   14
     4 skipped: import plus inline module
S11-modules/importing.t............................  16    0    0    0   16
S11-modules/lexical.t..............................   2    0    0    0    2
S11-modules/need.t.................................   2    0    0    0    2
S11-modules/nested.t...............................   6    0    0    0    6
S11-modules/require.rakudo.moar....................  11    0    1    1   13
     1 skipped: Trying to import from 'InnerModule', but the following symbols are missing: quux
     1 todo   : variable form plus imports NYI
                                                   pass fail todo skip plan
S12-attributes/class.rakudo.moar...................  19    0    0    6   25
     6 skipped: nom regression - method ^foo
S12-attributes/clone.rakudo.moar...................  32    0    2    0   34
     2 todo   : clone currently messes up original
S12-attributes/defaults.t..........................  34    0    0    0   34
S12-attributes/delegation.t........................  65    0    0    0   65
S12-attributes/inheritance.t.......................   7    0    0    0    7
S12-attributes/instance.rakudo.moar................use of uninitialized value of type Any in string context
use of uninitialized value of type Any in string context
use of uninitialized value of type Any in string context
use of uninitialized value of type Any in string context
use of uninitialized value of type Any in string context
use of uninitialized value of type Any in string context
use of uninitialized value of type Any in string context
use of uninitialized value of type Any in string context
use of uninitialized value of type Any in string context
use of uninitialized value of type Any in string context
use of uninitialized value of type Any in string context
use of uninitialized value of type Any in string context
use of uninitialized value of type Any in string context
use of uninitialized value of type Any in string context
use of uninitialized value of type Any in string context
use of uninitialized value of type Any in string context
use of uninitialized value of type Any in string context
use of uninitialized value of type Any in string context
use of uninitialized value of type Any in string context
use of uninitialized value of type Any in string context
use of uninitialized value of type Any in string context
use of uninitialized value of type Any in string context
use of uninitialized value of type Any in string context
use of uninitialized value of type Any in string context
use of uninitialized value of type Any in string context
use of uninitialized value of type Any in string context
use of uninitialized value of type Any in string context
use of uninitialized value of type Any in string context
use of uninitialized value of type Any in string context
use of uninitialized value of type Any in string context
use of uninitialized value of type Any in string context
use of uninitialized value of type Any in string context
use of uninitialized value of type Any in string context
use of uninitialized value of type Any in string context
use of uninitialized value of type Any in string context
use of uninitialized value of type Any in string context
use of uninitialized value of type Any in string context
use of uninitialized value of type Any in string context
use of uninitialized value of type Any in string context
use of uninitialized value of type Int in string context
use of uninitialized value of type Int in string context
use of uninitialized value of type Int in string context
use of uninitialized value of type Int in string context
use of uninitialized value of type Int in string context
use of uninitialized value of type Int in string context
 127    6    6    1  140
     1 skipped: dubious test - the initializer becomes a submethod here, implying a scope
     2 todo   : ro array/hash with accessor
     1 todo   : over-eager auto-vivification bugs
     1 todo   : huh?
     2 todo   : ro on list attributes
S12-attributes/mutators.rakudo.moar................   5    0    0    7   12
     7 skipped: Can not get attribute $!varies declared in class MagicVal with this object
S12-attributes/recursive.t.........................  23    0    0    0   23
S12-attributes/undeclared.t........................  10    0    0    0   10
S12-class/anonymous.rakudo.moar....................  16    0    1    0   17
     1 todo   : Anonymous class stringification (?)
S12-class/attributes.rakudo.moar...................  30    0    0    1   31
     1 skipped: Cannot use .= to initialize an attribute
S12-class/augment-supersede.rakudo.moar............   9    0    0    2   11
     2 skipped: redeclaration of symbol Bar
S12-class/basic.rakudo.moar........................  33    0    0    4   37
     3 skipped: Calling is will never work with argument types (Foo)
     1 skipped: RT #67784
S12-class/declaration-order.t......................   2    0    0    0    2
S12-class/extending-arrays.t.......................  11    0    0    0   11
S12-class/inheritance-class-methods.t..............   5    0    0    0    5
S12-class/inheritance.t............................  39    0    0    0   39
S12-class/instantiate.rakudo.moar..................   6    0    1    0    7
     1 todo PASSED: error reporting
S12-class/interface-consistency.t..................   8    0    0    0    8
S12-class/lexical.t................................  14    0    0    0   14
S12-class/literal.t................................   2    0    0    0    2
S12-class/magical-vars.t...........................  17    0    0    0   17
S12-class/mro.t....................................   4    0    0    0    4
S12-class/namespaced.t.............................  13    0    0    0   13
S12-class/open.t...................................   8    0    0    0    8
S12-class/rw.t.....................................   5    0    0    0    5
S12-class/self-inheritance.t.......................   2    0    0    0    2
S12-class/stubs.rakudo.moar........................   7    0    1    0    8
     1 todo   : nom regression
S12-class/type-object.t............................use of uninitialized value of type Any in string context
use of uninitialized value of type Any in string context
   6    0    0    0    6
S12-construction/BUILD.rakudo.moar.................   8    0    1    0    9
     1 todo   : method BUILD should warn
S12-construction/autopairs.rakudo.moar.............   2    0    2    0    4
     2 todo   : nom regression
S12-construction/construction.t....................  18    0    0    0   18
S12-construction/named-params-in-BUILD.t...........   3    0    0    0    3
S12-construction/new.rakudo.moar...................  15    0   10    0   25
     9 todo   : parent attributes in initialization
     1 todo   : nested package handling does't quite get this one right
S12-enums/anonymous.t..............................   7    0    0    0    7
S12-enums/as-role.t................................   9    0    0    0    9
S12-enums/basic.rakudo.moar........................  28    1    0    5   34
     5 skipped: Cannot convert string to number
S12-enums/misc.rakudo.moar.........................  12    0    0    1   13
     1 skipped: RT 63826
S12-enums/non-int.rakudo.moar......................   5    0    1    0    6
     1 todo   : NYI
S12-enums/pseudo-functional.t......................  10    1    0    0   11
S12-enums/thorough.rakudo.moar.....................  14    0    0   20   34
     2 skipped: NYI
    16 skipped: does &day::("Tue")
     2 skipped: does day::Tue
S12-introspection/WHAT.rakudo.moar.................  25    0   12    0   37
     3 todo   : of Type on scalars fails
     4 todo   : Foo[Int].new on scalars fails
     1 todo   : Foo[Int,Str].new on scalars fails
     2 todo   : looks like a type object, but is not
     2 todo   : %h{Str} of Int fails
S12-introspection/attributes.rakudo.moar...........  25    0    0    5   30
     5 skipped: :tree not implemented for .^attributes
S12-introspection/can.t............................  25    0    0    0   25
S12-introspection/definite.t.......................   6    0    0    0    6
S12-introspection/meta-class.rakudo.moar...........   9    0    0    4   13
     1 skipped: .layout
     1 skipped: .version, version number parsing
     1 skipped: precedence of prefix:<^>
     1 skipped: precedence of HOW
S12-introspection/methods.rakudo.moar..............  44    0    2   11   57
    11 skipped: nom regression
     2 todo   : nom regression
S12-introspection/parents.t........................  59    0    0    0   59
S12-introspection/roles.rakudo.moar................use of uninitialized value of type R3 in string context
use of uninitialized value of type R3 in string context
use of uninitialized value of type R3 in string context
use of uninitialized value of type R3 in string context
   8    0    0    4   12
     4 skipped: .^roles(:tree)
S12-introspection/walk.t...........................  11    0    0    0   11
S12-methods/accessors.t............................   8    0    0    0    8
S12-methods/attribute-params.t.....................  13    0    0    0   13
S12-methods/calling_sets.rakudo.moar...............  21    0    0   11   32
    11 skipped: ambiguous dispatch
S12-methods/calling_syntax.t.......................  11    0    0    0   11
S12-methods/chaining.t.............................  17    0    0    0   17
S12-methods/class-and-instance.t...................   8    0    0    0    8
S12-methods/default-trait.t........................   6    0    0    0    6
S12-methods/defer-call.t...........................  14    0    0    0   14
S12-methods/defer-next.rakudo.moar.................  20    0    1    0   21
     1 todo   : variant of RT 69608
S12-methods/delegation.t...........................   5    0    0    0    5
S12-methods/how.t..................................   2    0    0    0    2
S12-methods/indirect_notation.rakudo.moar..........  10    0    0   23   33
     6 skipped: .@foo not yet working
    15 skipped: .*, .+ and .? with @foo
     2 skipped: TTIAR near $o:
S12-methods/instance.rakudo.moar...................useless use of 'is rw' on @!something
use of uninitialized value of type AnonInvocant in string context
use of uninitialized value of type AnonInvocant in string context
  36    0    0    2   38
     2 skipped: indirect object notation
S12-methods/lastcall.t.............................   6    0    0    0    6
S12-methods/lvalue.t...............................  16    0    0    0   16
S12-methods/method-vs-sub.rakudo.moar..............   4    0    0    1    5
     1 skipped: confused near "($obj:),  "
S12-methods/multi.rakudo.moar......................  26    0    1    5   32
     2 skipped: proto does not promote to multi
     3 skipped: unknown bug
     1 todo PASSED: RT 66006
S12-methods/parallel-dispatch.rakudo.moar..........  31    0    5    1   37
     1 skipped: No such method postcircumfix:<( )> for invocant of type Pair
     5 todo   : is_deeply does not think map results are the same as list on LHS
S12-methods/private.t..............................  13    0    0    0   13
S12-methods/qualified.t............................   2    0    0    0    2
S12-methods/submethods.rakudo.moar.................  21    0    0    6   27
     2 skipped: outer lexicals in roles
     4 skipped: roles and submethods
S12-methods/syntax.rakudo.moar.....................   8    0    0    4   12
     3 skipped: switch-from-paren-to-listop form
     1 skipped: adverbial closures
S12-methods/topic.t................................   2    0    0    0    2
S12-methods/trusts.t...............................   4    0    0    0    4
S12-methods/typed-attributes.t.....................   7    0    0    0    7
S12-methods/what.t.................................use of uninitialized value of type Match in numeric context
use of uninitialized value of type Match in numeric context
  33    0    0    0   33
S12-subset/multi-dispatch.t........................   6    0    0    0    6
S12-subset/subtypes.rakudo.moar....................use of uninitialized value of type Any in string context
  58   17    2    0   77
     2 todo PASSED: RT 79160
                                                   pass fail todo skip plan
S13-overloading/metaoperators.t....................   9    0    0    0    9
S13-overloading/operators.rakudo.moar..............   3    0    0    1    4
     1 skipped: cannot easily override {} at the moment
S13-overloading/typecasting-long.rakudo.moar.......   4    0    0   12   16
     8 skipped: cannot easily override {} at the moment
     4 skipped: cannot easily override [] at the moment
S13-overloading/typecasting-mixed.rakudo.moar......   2    0    5    7   14
     4 skipped: cannot easily override {} at the moment
     3 skipped: cannot easily override [] at the moment
     4 todo   : cannot easily override {} at the moment
     1 todo   : cannot easily override [] at the moment
S13-overloading/typecasting-short.rakudo.moar......   2    0    5    7   14
     4 skipped: cannot easily override {} at the moment
     3 skipped: cannot easily override [] at the moment
     4 todo   : cannot easily override {} at the moment
     1 todo   : cannot easily override [] at the moment
S13-type-casting/methods.t.........................  13    0    0    0   13
                                                   pass fail todo skip plan
S14-roles/anonymous.rakudo.moar....................use of uninitialized value of type Any in string context
use of uninitialized value of type Any in string context
  10    2    0    1   13
     1 skipped: anonymous roles only created once
S14-roles/attributes.rakudo.moar...................   5    0    0    2    7
     2 skipped: review test and rakudo
S14-roles/basic.rakudo.moar........................  34    4    2    3   43
     3 skipped: RT 67768
     1 todo PASSED: nom regression
     1 todo PASSED: can see it in the position, but even STD message doesn't include it
S14-roles/bool.t...................................   3    0    0    0    3
S14-roles/composition.rakudo.moar..................  24    0    0    2   26
     2 skipped: diamond composition
S14-roles/conflicts.t..............................  11    0    0    0   11
S14-roles/crony.t..................................   4    0    0    0    4
S14-roles/instantiation.t..........................  19    0    0    0   19
S14-roles/lexical.t................................   9    0    0    0    9
S14-roles/mixin.rakudo.moar........................  29    0    0    3   32
     2 skipped: mixin at the point of declaration is compile time
     1 skipped: Twigil ! is only valid on attribute definitions
S14-roles/namespaced.rakudo.moar...................   2    0    1    0    3
     1 todo   : nom regression
S14-roles/parameter-subtyping.t....................  21    1    0    0   22
S14-roles/parameterized-basic.t....................===SORRY!===
None of the parametric role variants for 'MD_block' matched the arguments supplied.
Nominal type check failed for parameter '$a'; expected Any but got Mu
   0   32    0    0   32
    32 tests aborted (missing ok/not ok)
S14-roles/parameterized-mixin.rakudo.moar..........  24    0    4    0   28
     4 todo   : .does with parametric roles
S14-roles/parameterized-type.rakudo.moar...........Nominal type check failed for parameter '$x'; expected R2[R2[Int]] but got C3
  in sub param_test_r at t/spec/S14-roles/parameterized-type.rakudo.moar:46
  in block frame_name_48 at t/spec/S14-roles/parameterized-type.rakudo.moar:39

   8   21    0    0   29
    17 tests aborted (missing ok/not ok)
S14-roles/stubs.t..................................   9    0    0    0    9
S14-roles/submethods.t.............................   4    0    0    0    4
S14-traits/attributes.t............................   8    0    0    0    8
S14-traits/routines.rakudo.moar....................Cannot invoke object with invocation handler in this context
  in block frame_name_41 at t/spec/S14-traits/routines.rakudo.moar:43

   8    5    0    0   13
     5 tests aborted (missing ok/not ok)
                                                   pass fail todo skip plan
S16-filehandles/chmod.t............................  16    0    0    3   19
     3 skipped: :r :w :x can accidentally work with root permission
S16-filehandles/filestat.t.........................  12    0    0    0   12
S16-filehandles/filetest.rakudo.moar...............  27    5    0    9   41
     9 skipped: :M, :C, :A
S16-filehandles/io.rakudo.moar.....................  82    1    0    1   84
     1 skipped: :rw on open() unimplemented
S16-filehandles/io_in_for_loops.rakudo.moar........  17    0    0   12   29
    12 skipped: infinite loop
S16-filehandles/io_in_while_loops.t................  13    0    0    0   13
S16-filehandles/mkdir_rmdir.rakudo.moar............  10    3    0    1   14
     1 skipped: deviation from spec because we do not have sink yet
S16-filehandles/open.t.............................   2    0    0    1    3
     1 skipped: open('nonexisting') => undefined is waiting on 'use fatal'
S16-filehandles/unlink.rakudo.moar.................   5    0    0    1    6
     1 skipped: implicit closure of file handle at scope exit not implemented (FAILS ON WINDOWS) (noauto)
S16-io/bare-say.rakudo.moar........................   3    0    5    0    8
     3 todo   : nom regression
     2 todo   : bare say
S16-io/basic-open.t................................   9    0    0    0    9
S16-io/cwd.t.......................................   3    0    0    0    3
S16-io/getc.t......................................Malformed termination of UTF-8 string
  in method getc at src/gen/m-CORE.setting:13125
  in sub getc at src/gen/m-CORE.setting:13511
  in sub getc at src/gen/m-CORE.setting:13510
  in block frame_name_1 at t/spec/S16-io/getc.t:20

   0    1    0    0    1
     1 tests aborted (missing ok/not ok)
S16-io/say-and-ref.t...............................   3    0    0    0    3
S16-io/say.t.......................................   8    0    0    0    8
S16-io/tmpdir.t....................................   1    2    0    0    3
S16-unfiled/rebindstdhandles.rakudo.moar...........   0    0    0    2    2
     2 skipped: contextual rebinding regression
                                                   pass fail todo skip plan
S19-command-line/dash-e.t..........................   3    0    0    0    3
S19-command-line/help.t............................   1    0    0    0    1
                                                   pass fail todo skip plan
S24-testing/0-compile.t............................   1    0    0    0    1
                                                   pass fail todo skip plan
S26-documentation/01-delimited.t...................  39    0    0    0   39
S26-documentation/02-paragraph.t...................  27    0    0    0   27
S26-documentation/03-abbreviated.t.................  30    0    0    0   30
S26-documentation/04-code.t........................  50    0    0    0   50
S26-documentation/05-comment.t.....................   9    0    0    0    9
S26-documentation/06-lists.t.......................  38    1    0    0   39
S26-documentation/07-tables.t......................  38    0    0    0   38
S26-documentation/08-formattingcodes.t.............  43    0    0    0   43
S26-documentation/09-configuration.t...............  14    0    0    0   14
S26-documentation/10-doc-cli.t.....................   1    0    0    0    1
S26-documentation/why.t............................  18    0    0    1   19
     1 skipped: segfault
                                                   pass fail todo skip plan
S28-named-variables/cwd.t..........................   2    0    0    0    2
S28-named-variables/inc.t..........................   5    0    0    0    5
                                                   pass fail todo skip plan
S29-any/cmp.t......................................   6    0    0    0    6
S29-any/isa.t......................................  10    0    0    0   10
S29-context/die.rakudo.moar........................WARNINGS:
Useless use of variable $foo in sink context (line 23)
  13    2    1    0   16
     1 todo   : RT #67374
S29-context/eval.rakudo.moar.......................  15    0    0    3   18
     1 skipped: EVAL(Buf)
     2 skipped: EVAL coerce to string
S29-context/exit-in-if.t...........................   1    0    0    0    1
S29-context/exit.t.................................   1    2    0    0    3
S29-context/sleep.t................................  17    0    0    0   17
S29-conversions/hash.t.............................   8    0    0    0    8
S29-conversions/ord_and_chr.rakudo.moar............ 250    5    1    0  256
     1 todo   : RT #65172 - combining graphemes
S29-os/system.rakudo.moar..........................===SORRY!===
openpipe NYI
   0    5    0    0    5
     5 tests aborted (missing ok/not ok)
                                                   pass fail todo skip plan
S32-array/bool.t...................................  15    0    0    0   15
S32-array/create.t.................................   8    0    0    0    8
S32-array/delete-adverb-native.t...................use of uninitialized value of type Int in string context
use of uninitialized value of type Any in string context
use of uninitialized value of type Int in string context
use of uninitialized value of type Any in string context
use of uninitialized value of type Int in string context
use of uninitialized value of type Int in string context
 138    0    0    0  138
S32-array/delete-adverb.t..........................use of uninitialized value of type Int in string context
use of uninitialized value of type Any in string context
use of uninitialized value of type Int in string context
use of uninitialized value of type Any in string context
use of uninitialized value of type Int in string context
use of uninitialized value of type Int in string context
 216    0    0    0  216
S32-array/delete.t.................................use of uninitialized value of type Any in string context
  29    0    0    0   29
S32-array/elems.t..................................  11    0    0    0   11
S32-array/end.t....................................  12    0    0    0   12
S32-array/exists-adverb.t..........................  44    8    0    0   52
S32-array/keys_values.t............................   8    0    0    0    8
S32-array/kv.t.....................................  18    0    0    0   18
S32-array/pairs.rakudo.moar........................  13    0    1    0   14
     1 todo   : Apparently not rw yet?
S32-array/perl.t...................................   6    0    0    0    6
S32-array/pop.t....................................  36    0    0    0   36
S32-array/push.t...................................  51    0    0    0   51
S32-array/rotate.t.................................  27    0    0    0   27
S32-array/shift.t..................................  31    0    0    0   31
S32-array/splice.rakudo.moar.......................  35    2    1    0   38
     1 todo   : slice bug
S32-array/unshift.t................................  57    0    0    0   57
S32-basics/warn.rakudo.moar........................# It's OK to see this warning during a test run
   5    0    2    0    7
     1 todo   : nom regression
     1 todo   : quietly
S32-container/roundrobin.rakudo.moar...............   4    0    1    0    5
     1 todo   : over-flattening
S32-container/zip.rakudo.moar......................   8    0    0    2   10
     2 skipped: lvalue zip
S32-exceptions/misc.rakudo.moar....................Trying to unwind from wrong handler
 461    1    0    6    0
     2 skipped: wrong exception type
     3 skipped: still handled by <special_var>
     1 skipped: parsing regression
   468 tests more than planned were run
S32-hash/delete-adverb.t...........................use of uninitialized value of type Int in string context
use of uninitialized value of type Int in string context
 130    0    0    0  130
S32-hash/delete.t..................................   8    0    0    0    8
S32-hash/exists-adverb.t...........................  38    8    0    0   46
S32-hash/exists.rakudo.moar........................  20    0    0    1   21
     1 skipped: unspecced
S32-hash/invert.rakudo.moar........................   4    0    1    0    5
     1 todo   : nom regression
S32-hash/keys_values.t.............................  14    0    0    0   14
S32-hash/kv.t......................................  27    0    0    0   27
S32-hash/pairs.rakudo.moar.........................  20    0    1    0   21
     1 todo   : Rakudo seems to make a copy rather than a reference
S32-hash/perl.t....................................  12    0    0    0   12
S32-hash/push.t....................................   7    0    0    0    7
S32-hash/slice.rakudo.moar.........................  18    0   11    0   29
    11 todo   : binding on hash elements unimplemented
S32-io/IO-Socket-INET.t............................   0    0    0   41   41
    41 skipped: rakudo.jvm systemic failures/OOM error
S32-io/chdir.rakudo.moar...........................   8    0    0    2   10
     2 skipped: spec non-conformance due to missing sink context
S32-io/copy.t......................................IO::Handle.copy is deprecated.  Please use IO::Path.copy instead.
IO::Handle.copy is deprecated.  Please use IO::Path.copy instead.
IO::Handle.copy is deprecated.  Please use IO::Path.copy instead.
  26    3    0    0   29
S32-io/dir.t.......................................Type check failed in bind; expected Str but got Failure
  in any bind_error at src/vm/moar/Perl6/Ops.nqp:218
  in block frame_name_11184 at src/gen/m-CORE.setting:13446
  in sub frame_name_8070 at src/gen/m-CORE.setting:7476
  in sub frame_name_8077 at src/gen/m-CORE.setting:7481
  in method reify at src/gen/m-CORE.setting:7508
  in method reify at src/gen/m-CORE.setting:7241
  in method reify at src/gen/m-CORE.setting:7241
  in method gimme at src/gen/m-CORE.setting:7655
  in method eager at src/gen/m-CORE.setting:7622
  in method STORE at src/gen/m-CORE.setting:8378
  in block frame_name_1 at t/spec/S32-io/dir.t:16

   0   12    0    0   12
    12 tests aborted (missing ok/not ok)
S32-io/file-tests.t................................  29    1    0    0   30
S32-io/io-path-cygwin.rakudo.moar..................  49    0    1    2   52
     2 skipped: On-system tests for filetest inheritance
     1 todo   : resolve NYI, needs nqp::readlink
S32-io/io-path-unix.rakudo.moar....................  36    0    1    0   37
     1 todo   : resolve NYI, needs nqp::readlink
S32-io/io-path-win.rakudo.moar.....................  48    0    1    2   51
     2 skipped: On-system tests for filetest inheritance
     1 todo   : resolve NYI, needs nqp::readlink
S32-io/io-path.t...................................  13    0    0    0   13
S32-io/io-spec-cygwin.t............................ 100    0    0    2  102
     2 skipped: cygwin on-platform tests
S32-io/io-spec-unix.t..............................use of uninitialized value of type Any in string context
 129    0    0    0  129
S32-io/io-spec-win.t...............................use of uninitialized value of type Any in string context
This type cannot unbox to a native string
  in method Str at src/gen/m-CORE.setting:1020
  in any !cursor_init at gen/moar/stage2/QRegex.nqp:580
  in method ACCEPTS at src/gen/m-CORE.setting:12460
  in method ACCEPTS at src/gen/m-CORE.setting:783
  in method is-absolute at src/gen/m-CORE.setting:12706
  in method rel2abs at src/gen/m-CORE.setting:12797
  in method abs2rel at src/gen/m-CORE.setting:12607
  in block frame_name_17 at t/spec/S32-io/io-spec-win.t:266
  in block frame_name_1 at t/spec/S32-io/io-spec-win.t:257

 189   20    0    0  209
    20 tests aborted (missing ok/not ok)
S32-io/note.rakudo.moar............................   5    0    1    0    6
     1 todo   : nom regression
S32-io/other.t.....................................  60    0    0    0   60
S32-io/slurp.t.....................................  15    1    0    0   16
S32-io/spurt.t.....................................  28    5    0    0   33
S32-list/categorize.t..............................  12    0    0    0   12
S32-list/classify.rakudo.moar......................  12    0    0    3   15
     3 skipped: Cannot use bind operator with this LHS
S32-list/combinations.t............................   6    0    0    0    6
S32-list/create.t..................................   6    0    0    0    6
S32-list/end.t.....................................  14    0    0    0   14
S32-list/first.rakudo.moar.........................  21    0    0    2   23
     2 skipped: adverbial block
S32-list/grep.rakudo.moar..........................  17    0    0   21   38
     6 skipped: closure as non-final argument
     1 skipped: RT 71544: grep arity sensitivity different from map
     2 skipped: test error -- is $_ rw here?
    12 skipped: adverbial block
S32-list/join.t....................................use of uninitialized value of type Any in string context
use of uninitialized value of type Any in string context
use of uninitialized value of type Mu in string context
use of uninitialized value of type Mu in string context
  34    0    0    0   34
S32-list/map.rakudo.moar...........................  45    0    0    8   53
     4 skipped: adverbial block; RT #53804
     2 skipped: closure as non-final argument
     2 skipped: adverbial block
S32-list/map_function_return_values.t..............   2    0    0    0    2
S32-list/minmax.t..................................  55    0    0    0   55
S32-list/pick.rakudo.moar..........................  46    0    1    0   47
     1 todo   : error on pick :replace
S32-list/reduce.rakudo.moar........................use of uninitialized value of type Any in numeric context
  13    0    1    0   14
     1 todo   : n-ary reduce
S32-list/reverse.rakudo.moar.......................  20    0    1    0   21
     1 todo   : RT 77914
S32-list/roll.t....................................openpipe NYI
  in sub QX at src/gen/m-CORE.setting:768
  in block frame_name_1 at t/spec/S32-list/roll.t:129

  39    1    0    0   40
     1 tests aborted (missing ok/not ok)
S32-list/sort.rakudo.moar..........................use of uninitialized value of type Code in string context
  28    0    1    3   32
     1 skipped: closure as non-final argument
     2 skipped: determine behavior of 0-arity methods passed to sort
     1 todo   : method fallback to sub unimpl
S32-list/squish.t..................................  26    0    0    0   26
S32-list/uniq.t....................................  30    0    0    0   30
S32-num/abs.t......................................  49    0    0    0   49
S32-num/base.t.....................................  12    0    0    0   12
S32-num/complex.t.................................. 488    0    0    0  488
S32-num/cool-num.rakudo.moar.......................  39    0    0    4   43
     4 skipped: angle conversion
S32-num/exp.t......................................  71    1    0    0   72
S32-num/expmod.t................................... 117    0    0    0  117
S32-num/fatrat.rakudo.moar......................... 271    0    1    2  274
     2 skipped: FatRat arith + type objects
     1 todo   : unknown
S32-num/int.rakudo.moar............................  89   13    3    2  107
     2 skipped: trailing characters produce failures
     3 todo   : Inf and NaN NYI for Int
S32-num/is-prime.t.................................  35    0    0    0   35
S32-num/log.rakudo.moar............................  28    0    1    0   29
     1 todo   : HugeInt.log
S32-num/narrow.t...................................   9    0    0    0    9
S32-num/pi.t.......................................   4    0    0    0    4
S32-num/polar.t....................................  48    0    0    0   48
S32-num/power.rakudo.moar..........................  43    5    0    4   52
     1 skipped: NaN**1i should be NaN
     1 skipped: i
     1 skipped: NaN**0 should be NaN
     1 skipped: 1i**NaN should be NaN
S32-num/rand.rakudo.moar........................... 114    0    0    1  115
     1 skipped: Test is too slow
S32-num/rat.rakudo.moar............................ 818    1    4    1  824
     1 skipped: RT 74648
     4 todo   : <1/3> literal should be Rat
S32-num/real-bridge.t.............................. 200    0    0    0  200
S32-num/roots.t....................................  55    0    0    0   55
S32-num/rounders.t................................. 108   20    0    0  128
S32-num/sign.rakudo.moar...........................  33    0    1    1   35
     1 skipped: Test is kind of doubtful IMO -- colomon
     1 todo   : Nom does not yet have a NaN framework in place
S32-num/sqrt.t.....................................  18    0    0    0   18
S32-num/stringify.rakudo.moar......................use of uninitialized value of type Complex in string context
use of uninitialized value of type Complex in string context
use of uninitialized value of type Rat in string context
use of uninitialized value of type Rat in string context
  97    0   11    4  112
     4 skipped: big stuff
    11 todo   : Complex.perl
S32-num/unpolar.t.................................. 199    0    0    0  199
S32-scalar/defined.t...............................  56    0    0    0   56
S32-scalar/perl.rakudo.moar........................   4    0    2    0    6
     2 todo   : cannot roundtrip constrained scalars yet
S32-scalar/undef.rakudo.moar.......................use of uninitialized value of type Any in string context
use of uninitialized value of type Any in numeric context
use of uninitialized value of type Any in numeric context
use of uninitialized value of type Any in numeric context
use of uninitialized value of type Any in numeric context
use of uninitialized value of type Any in string context
use of uninitialized value of type Any in string context
use of uninitialized value of type Any in string context
use of uninitialized value of type Any in string context
use of uninitialized value of type Any in numeric context
use of uninitialized value of type Any in numeric context
  66    0    4   16   86
    10 skipped: Cannot use bind operator with this left-hand side
     6 skipped: access to &your_sub
     1 todo   : definedness of hash
     2 todo   : todo: lists, defined, truthness
     1 todo   : definedness of array
S32-str/append.t...................................   7    0    0    0    7
S32-str/bool.t.....................................  12    0    0    0   12
S32-str/capitalize.rakudo.moar.....................   6    9    2    0   17
     2 todo   : graphemes results wrong
S32-str/chomp.t....................................  39    0    0    0   39
S32-str/chop.t.....................................   6    0    0    0    6
S32-str/comb.rakudo.moar...........................  38    0    2    1   41
     1 skipped: cannot call match, no signature matches
     2 todo   : graphemes not implemented
S32-str/encode.rakudo.moar.........................  16    5    0    1   22
     1 skipped: We do not handle NDF yet
S32-str/flip.rakudo.moar...........................  11    0    2    0   13
     2 todo   : graphemes not implemented
S32-str/indent.rakudo.moar.........................Nominal type check failed for parameter '<anon>'; expected Capture but got Method
  in method list at src/gen/m-CORE.setting:6697
  in method indent at src/gen/m-CORE.setting:6442
  in method indent at src/gen/m-CORE.setting:6400
  in block frame_name_1 at t/spec/S32-str/indent.rakudo.moar:95

  41   21    0    0   62
    21 tests aborted (missing ok/not ok)
S32-str/index.rakudo.moar..........................  36    0    0    2   38
     2 skipped: StrPos not implemented
S32-str/lc.t.......................................  12    1    0    0   13
S32-str/lines.t....................................   4    0    0    0    4
S32-str/numeric.rakudo.moar........................ 161    0    6    1  168
     1 skipped: NYI
     5 todo   : Failure
     1 todo   : complex Str.Numeric
S32-str/ords.t.....................................   6    0    0    0    6
S32-str/pack.t.....................................   6    0    0    0    6
S32-str/pos.t......................................   2    0    0    0    2
S32-str/rindex.t...................................  33    0    0    0   33
S32-str/samecase.t.................................   8    0    0    0    8
S32-str/split-simple.rakudo.moar...................  48    0    1    0   49
     1 todo   : RT 112868
S32-str/split.rakudo.moar..........................  52    0    0    1   53
     1 skipped: No such method null for invocant of type Cursor
S32-str/sprintf.rakudo.moar........................ 126   10    2   11  149
    10 skipped: Issues with Inf
     1 skipped: %p doesn't yet throw exception - but should it, or just Failure?
     2 todo   : buggy
S32-str/substr-rw.rakudo.moar......................  19    0   12    0   31
    12 todo   : NYI
S32-str/substr.rakudo.moar.........................use of uninitialized value of type Failure in string context
  53    3    0   36   92
    28 skipped: No support for StrPos
     1 skipped: lvalue substr
     7 skipped: too many args
S32-str/tclc.t.....................................   5    1    0    0    6
S32-str/trim.t.....................................  36    0    0    0   36
S32-str/uc.rakudo.moar.............................  13    1    0    4   18
     4 skipped: but RoleName
S32-str/unpack.t...................................  12    0    0    0   12
S32-str/words.rakudo.moar..........................  11    0    0    2   13
     2 skipped: graphemes not implemented
S32-temporal/Date.t................................Potential difficulties:
    Leading 0 does not indicate octal in Perl 6; please use 0o6 if you mean that
    at t/spec/S32-temporal/Date.t:15
    ------> [32m$dt = DateTime.new(:year(2010),:month(06[33m‚èè[31m), :day(04));   #OK octal[0m
    Leading 0 does not indicate octal in Perl 6; please use 0o6 if you mean that
    at t/spec/S32-temporal/Date.t:15
    ------> [32m$dt = DateTime.new(:year(2010),:month(06[33m‚èè[31m), :day(04));   #OK octal[0m
    Leading 0 does not indicate octal in Perl 6; please use 0o4 if you mean that
    at t/spec/S32-temporal/Date.t:15
    ------> [32mTime.new(:year(2010),:month(06), :day(04[33m‚èè[31m));   #OK octal[0m
    Leading 0 does not indicate octal in Perl 6; please use 0o4 if you mean that
    at t/spec/S32-temporal/Date.t:15
    ------> [32mTime.new(:year(2010),:month(06), :day(04[33m‚èè[31m));   #OK octal[0m
    Leading 0 does not indicate octal in Perl 6; please use 0o1 if you mean that
    at t/spec/S32-temporal/Date.t:28
    ------> [32m    isa_ok Date.new(2010, 01[33m‚èè[31m, 01), Date, 'Date.new() returns a Date'[0m
    Leading 0 does not indicate octal in Perl 6; please use 0o1 if you mean that
    at t/spec/S32-temporal/Date.t:28
    ------> [32m    isa_ok Date.new(2010, 01[33m‚èè[31m, 01), Date, 'Date.new() returns a Date'[0m
    Leading 0 does not indicate octal in Perl 6; please use 0o1 if you mean that
    at t/spec/S32-temporal/Date.t:28
    ------> [32m    isa_ok Date.new(2010, 01, 01[33m‚èè[31m), Date, 'Date.new() returns a Date';  #[0m
    Leading 0 does not indicate octal in Perl 6; please use 0o1 if you mean that
    at t/spec/S32-temporal/Date.t:28
    ------> [32m    isa_ok Date.new(2010, 01, 01[33m‚èè[31m), Date, 'Date.new() returns a Date';  #[0m
  72    0    0    0   72
S32-temporal/DateTime-Instant-Duration.rakudo.moa..  24    4    4    1   33
     1 skipped: nom regression
     1 todo   : high-precision Instants NYI (need FatRats)
     3 todo PASSED: high-precision Instants NYI (need FatRats)
S32-temporal/DateTime.rakudo.moar.................. 184   16    1    0  201
     1 todo   : nom regression
S32-temporal/calendar.t............................Potential difficulties:
    Leading 0 does not indicate octal in Perl 6; please use 0o1 if you mean that
    at t/spec/S32-temporal/calendar.t:119
    ------> [32mis date(2005, 01[33m‚èè[31m, 01).week.join(' '), '2004 53', 'Date.w[0m
    Leading 0 does not indicate octal in Perl 6; please use 0o1 if you mean that
    at t/spec/S32-temporal/calendar.t:119
    ------> [32mis date(2005, 01[33m‚èè[31m, 01).week.join(' '), '2004 53', 'Date.w[0m
    Leading 0 does not indicate octal in Perl 6; please use 0o1 if you mean that
    at t/spec/S32-temporal/calendar.t:119
    ------> [32mis date(2005, 01, 01[33m‚èè[31m).week.join(' '), '2004 53', 'Date.week [0m
    Leading 0 does not indicate octal in Perl 6; please use 0o1 if you mean that
    at t/spec/S32-temporal/calendar.t:119
    ------> [32mis date(2005, 01, 01[33m‚èè[31m).week.join(' '), '2004 53', 'Date.week [0m
    Leading 0 does not indicate octal in Perl 6; please use 0o1 if you mean that
    at t/spec/S32-temporal/calendar.t:120
    ------> [32mis date(2005, 01[33m‚èè[31m, 02).week.join(' '), '2004 53', 'Date.w[0m
    Leading 0 does not indicate octal in Perl 6; please use 0o1 if you mean that
    at t/spec/S32-temporal/calendar.t:120
    ------> [32mis date(2005, 01[33m‚èè[31m, 02).week.join(' '), '2004 53', 'Date.w[0m
    Leading 0 does not indicate octal in Perl 6; please use 0o2 if you mean that
    at t/spec/S32-temporal/calendar.t:120
    ------> [32mis date(2005, 01, 02[33m‚èè[31m).week.join(' '), '2004 53', 'Date.week [0m
    Leading 0 does not indicate octal in Perl 6; please use 0o2 if you mean that
    at t/spec/S32-temporal/calendar.t:120
    ------> [32mis date(2005, 01, 02[33m‚èè[31m).week.join(' '), '2004 53', 'Date.week [0m
    Leading 0 does not indicate octal in Perl 6; please use 0o1 if you mean that
    at t/spec/S32-temporal/calendar.t:122
    ------> [32mis date(2007, 01[33m‚èè[31m, 01).week.join(' '), '2007 1',  'Date.w[0m
    Leading 0 does not indicate octal in Perl 6; please use 0o1 if you mean that
    at t/spec/S32-temporal/calendar.t:122
    ------> [32mis date(2007, 01[33m‚èè[31m, 01).week.join(' '), '2007 1',  'Date.w[0m
    Leading 0 does not indicate octal in Perl 6; please use 0o1 if you mean that
    at t/spec/S32-temporal/calendar.t:122
    ------> [32mis date(2007, 01, 01[33m‚èè[31m).week.join(' '), '2007 1',  'Date.week [0m
    Leading 0 does not indicate octal in Perl 6; please use 0o1 if you mean that
    at t/spec/S32-temporal/calendar.t:122
    ------> [32mis date(2007, 01, 01[33m‚èè[31m).week.join(' '), '2007 1',  'Date.week [0m
    Leading 0 does not indicate octal in Perl 6; please use 0o1 if you mean that
    at t/spec/S32-temporal/calendar.t:130
    ------> [32mis date(2008, 01[33m‚èè[31m, 01).week.join(' '), '2008 1',  'Date.w[0m
    Leading 0 does not indicate octal in Perl 6; please use 0o1 if you mean that
    at t/spec/S32-temporal/calendar.t:130
    ------> [32mis date(2008, 01[33m‚èè[31m, 01).week.join(' '), '2008 1',  'Date.w[0m
    Leading 0 does not indicate octal in Perl 6; please use 0o1 if you mean that
    at t/spec/S32-temporal/calendar.t:130
    ------> [32mis date(2008, 01, 01[33m‚èè[31m).week.join(' '), '2008 1',  'Date.week [0m
    Leading 0 does not indicate octal in Perl 6; please use 0o1 if you mean that
    at t/spec/S32-temporal/calendar.t:130
    ------> [32mis date(2008, 01, 01[33m‚èè[31m).week.join(' '), '2008 1',  'Date.week [0m
    Leading 0 does not indicate octal in Perl 6; please use 0o1 if you mean that
    at t/spec/S32-temporal/calendar.t:133
    ------> [32mis date(2009, 01[33m‚èè[31m, 01).week.join(' '), '2009 1',  'Date.w[0m
    Leading 0 does not indicate octal in Perl 6; please use 0o1 if you mean that
    at t/spec/S32-temporal/calendar.t:133
    ------> [32mis date(2009, 01[33m‚èè[31m, 01).week.join(' '), '2009 1',  'Date.w[0m
    Leading 0 does not indicate octal in Perl 6; please use 0o1 if you mean that
    at t/spec/S32-temporal/calendar.t:133
    ------> [32mis date(2009, 01, 01[33m‚èè[31m).week.join(' '), '2009 1',  'Date.week [0m
    Leading 0 does not indicate octal in Perl 6; please use 0o1 if you mean that
    at t/spec/S32-temporal/calendar.t:133
    ------> [32mis date(2009, 01, 01[33m‚èè[31m).week.join(' '), '2009 1',  'Date.week [0m
    Leading 0 does not indicate octal in Perl 6; please use 0o1 if you mean that
    at t/spec/S32-temporal/calendar.t:135
    ------> [32mis date(2010, 01[33m‚èè[31m, 03).week.join(' '), '2009 53', 'Date.w[0m
    Leading 0 does not indicate octal in Perl 6; please use 0o1 if you mean that
    at t/spec/S32-temporal/calendar.t:135
    ------> [32mis date(2010, 01[33m‚èè[31m, 03).week.join(' '), '2009 53', 'Date.w[0m
    Leading 0 does not indicate octal in Perl 6; please use 0o3 if you mean that
    at t/spec/S32-temporal/calendar.t:135
    ------> [32mis date(2010, 01, 03[33m‚èè[31m).week.join(' '), '2009 53', 'Date.week [0m
    Leading 0 does not indicate octal in Perl 6; please use 0o3 if you mean that
    at t/spec/S32-temporal/calendar.t:135
    ------> [32mis date(2010, 01, 03[33m‚èè[31m).week.join(' '), '2009 53', 'Date.week [0m
    Leading 0 does not indicate octal in Perl 6; please use 0o1 if you mean that
    at t/spec/S32-temporal/calendar.t:136
    ------> [32mis dtim(2010, 01[33m‚èè[31m, 03).week.join(' '), '2009 53', 'DateTi[0m
    Leading 0 does not indicate octal in Perl 6; please use 0o1 if you mean that
    at t/spec/S32-temporal/calendar.t:136
    ------> [32mis dtim(2010, 01[33m‚èè[31m, 03).week.join(' '), '2009 53', 'DateTi[0m
    Leading 0 does not indicate octal in Perl 6; please use 0o3 if you mean that
    at t/spec/S32-temporal/calendar.t:136
    ------> [32mis dtim(2010, 01, 03[33m‚èè[31m).week.join(' '), '2009 53', 'DateTime.w[0m
    Leading 0 does not indicate octal in Perl 6; please use 0o3 if you mean that
    at t/spec/S32-temporal/calendar.t:136
    ------> [32mis dtim(2010, 01, 03[33m‚èè[31m).week.join(' '), '2009 53', 'DateTime.w[0m
    Leading 0 does not indicate octal in Perl 6; please use 0o1 if you mean that
    at t/spec/S32-temporal/calendar.t:137
    ------> [32mis date(2010, 01[33m‚èè[31m, 03).week-year, 2009, 'Date.week-year ([0m
    Leading 0 does not indicate octal in Perl 6; please use 0o1 if you mean that
    at t/spec/S32-temporal/calendar.t:137
    ------> [32mis date(2010, 01[33m‚èè[31m, 03).week-year, 2009, 'Date.week-year ([0m
    Leading 0 does not indicate octal in Perl 6; please use 0o3 if you mean that
    at t/spec/S32-temporal/calendar.t:137
    ------> [32mis date(2010, 01, 03[33m‚èè[31m).week-year, 2009, 'Date.week-year (2010[0m
    Leading 0 does not indicate octal in Perl 6; please use 0o3 if you mean that
    at t/spec/S32-temporal/calendar.t:137
    ------> [32mis date(2010, 01, 03[33m‚èè[31m).week-year, 2009, 'Date.week-year (2010[0m
    Leading 0 does not indicate octal in Perl 6; please use 0o1 if you mean that
    at t/spec/S32-temporal/calendar.t:138
    ------> [32mis dtim(2010, 01[33m‚èè[31m, 03).week-year, 2009, 'DateTime.week-ye[0m
    Leading 0 does not indicate octal in Perl 6; please use 0o1 if you mean that
    at t/spec/S32-temporal/calendar.t:138
    ------> [32mis dtim(2010, 01[33m‚èè[31m, 03).week-year, 2009, 'DateTime.week-ye[0m
    Leading 0 does not indicate octal in Perl 6; please use 0o3 if you mean that
    at t/spec/S32-temporal/calendar.t:138
    ------> [32mis dtim(2010, 01, 03[33m‚èè[31m).week-year, 2009, 'DateTime.week-year ([0m
    Leading 0 does not indicate octal in Perl 6; please use 0o3 if you mean that
    at t/spec/S32-temporal/calendar.t:138
    ------> [32mis dtim(2010, 01, 03[33m‚èè[31m).week-year, 2009, 'DateTime.week-year ([0m
    Leading 0 does not indicate octal in Perl 6; please use 0o1 if you mean that
    at t/spec/S32-temporal/calendar.t:139
    ------> [32mis date(2010, 01[33m‚èè[31m, 03).week-number, 53, 'Date.week-number[0m
    Leading 0 does not indicate octal in Perl 6; please use 0o1 if you mean that
    at t/spec/S32-temporal/calendar.t:139
    ------> [32mis date(2010, 01[33m‚èè[31m, 03).week-number, 53, 'Date.week-number[0m
    Leading 0 does not indicate octal in Perl 6; please use 0o3 if you mean that
    at t/spec/S32-temporal/calendar.t:139
    ------> [32mis date(2010, 01, 03[33m‚èè[31m).week-number, 53, 'Date.week-number (20[0m
    Leading 0 does not indicate octal in Perl 6; please use 0o3 if you mean that
    at t/spec/S32-temporal/calendar.t:139
    ------> [32mis date(2010, 01, 03[33m‚èè[31m).week-number, 53, 'Date.week-number (20[0m
    Leading 0 does not indicate octal in Perl 6; please use 0o1 if you mean that
    at t/spec/S32-temporal/calendar.t:140
    ------> [32mis dtim(2010, 01[33m‚èè[31m, 03).week-number, 53, 'DateTime.week-nu[0m
    Leading 0 does not indicate octal in Perl 6; please use 0o1 if you mean that
    at t/spec/S32-temporal/calendar.t:140
    ------> [32mis dtim(2010, 01[33m‚èè[31m, 03).week-number, 53, 'DateTime.week-nu[0m
    Leading 0 does not indicate octal in Perl 6; please use 0o3 if you mean that
    at t/spec/S32-temporal/calendar.t:140
    ------> [32mis dtim(2010, 01, 03[33m‚èè[31m).week-number, 53, 'DateTime.week-number[0m
    Leading 0 does not indicate octal in Perl 6; please use 0o3 if you mean that
    at t/spec/S32-temporal/calendar.t:140
    ------> [32mis dtim(2010, 01, 03[33m‚èè[31m).week-number, 53, 'DateTime.week-number[0m
 130    0    0    0  130
S32-temporal/local.t...............................   6    0    0   19   25
    19 skipped: The local time zone may not be America/New_York.
S32-trig/atan2.t................................... 115    0    0    0  115
S32-trig/cos.t..................................... 154    0    0    0  154
S32-trig/cosec.t................................... 114    0    0    0  114
S32-trig/cosech.t.................................. 146    0    0    0  146
S32-trig/cosh.t.................................... 138    0    0    0  138
S32-trig/cotan.t................................... 114    0    0    0  114
S32-trig/cotanh.t.................................. 146    0    0    0  146
S32-trig/e.t.......................................   5    0    0    0    5
S32-trig/pi.t......................................   3    0    0    0    3
S32-trig/sec.t..................................... 114    0    0    0  114
S32-trig/sech.t.................................... 154    0    0    0  154
S32-trig/simple.t..................................  12    0    0    0   12
S32-trig/sin.t..................................... 154    0    0    0  154
S32-trig/sinh.t.................................... 138    0    0    0  138
S32-trig/tan.t..................................... 138    0    0    0  138
S32-trig/tanh.t.................................... 154    0    0    0  154
                                                   pass fail todo skip plan
integration/99problems-01-to-10.rakudo.moar........use of uninitialized value of type Any in string context
use of uninitialized value of type Any in string context
use of uninitialized value of type Any in string context
  21    0    0    1   22
     1 skipped: groupless gather/take
integration/99problems-11-to-20.rakudo.moar........use of uninitialized value of type Any in string context
use of uninitialized value of type Any in string context
use of uninitialized value of type Any in string context
use of uninitialized value of type Any in string context
use of uninitialized value of type Any in string context
use of uninitialized value of type Any in string context
use of uninitialized value of type Any in string context
  23    0    2    0   25
     2 todo   : unknown
integration/99problems-21-to-30.rakudo.moar........use of uninitialized value of type Any in string context
  11    1    3    0   15
     3 todo   : unknown
integration/99problems-31-to-40.t..................  66    0    0    1   67
     1 skipped: No Benchmark module yet
integration/99problems-41-to-50.rakudo.moar........   5    0    1    7   13
     1 skipped: Test(s) not yet written: (*) Truth tables for logical expressions (2).
     1 skipped: s:P5///
     4 skipped: Shaped variable declarations
     1 skipped: Test(s) not yet written: (**) Truth tables for logical expressions (3).
     1 todo   : making Parcel.reverse return a Parcel seems to break this
integration/99problems-51-to-60.t..................use of uninitialized value of type Any in string context
use of uninitialized value of type Any in string context
use of uninitialized value of type Any in string context
use of uninitialized value of type Any in string context
use of uninitialized value of type Any in string context
use of uninitialized value of type Any in string context
use of uninitialized value of type Any in string context
use of uninitialized value of type Any in string context
use of uninitialized value of type Any in string context
use of uninitialized value of type Any in string context
use of uninitialized value of type Any in string context
use of uninitialized value of type Any in string context
use of uninitialized value of type Any in string context
use of uninitialized value of type Any in string context
use of uninitialized value of type Any in string context
use of uninitialized value of type Any in string context
use of uninitialized value of type Any in string context
use of uninitialized value of type Any in string context
use of uninitialized value of type Any in string context
use of uninitialized value of type Any in string context
use of uninitialized value of type Any in string context
use of uninitialized value of type Any in string context
use of uninitialized value of type Any in string context
use of uninitialized value of type Any in string context
use of uninitialized value of type Any in string context
use of uninitialized value of type Any in string context
use of uninitialized value of type Any in string context
use of uninitialized value of type Any in string context
use of uninitialized value of type Any in string context
use of uninitialized value of type Any in string context
use of uninitialized value of type Any in string context
use of uninitialized value of type Any in string context
use of uninitialized value of type Any in string context
use of uninitialized value of type Any in string context
use of uninitialized value of type Any in string context
use of uninitialized value of type Any in string context
  35    0    0    2   37
     1 skipped: Test(s) not yet written: (**) Generate-and-test paradigm
     1 skipped: Test(s) not yet written: (**) Construct height-balanced binary trees with a given number of nodes
integration/99problems-61-to-70.t..................use of uninitialized value of type Any in string context
use of uninitialized value of type Any in string context
use of uninitialized value of type Any in string context
use of uninitialized value of type Any in string context
use of uninitialized value of type Any in string context
use of uninitialized value of type Any in string context
use of uninitialized value of type Any in string context
use of uninitialized value of type Any in string context
use of uninitialized value of type Any in string context
use of uninitialized value of type Any in string context
use of uninitialized value of type Any in string context
use of uninitialized value of type Any in string context
use of uninitialized value of type Any in string context
use of uninitialized value of type Any in string context
use of uninitialized value of type Any in string context
use of uninitialized value of type Any in string context
use of uninitialized value of type Any in string context
use of uninitialized value of type Any in string context
use of uninitialized value of type Any in string context
use of uninitialized value of type Any in string context
use of uninitialized value of type Any in string context
use of uninitialized value of type Any in string context
use of uninitialized value of type Any in string context
use of uninitialized value of type Any in string context
use of uninitialized value of type Any in string context
use of uninitialized value of type Any in string context
use of uninitialized value of type Any in string context
use of uninitialized value of type Any in string context
use of uninitialized value of type Any in string context
use of uninitialized value of type Any in string context
use of uninitialized value of type Any in string context
use of uninitialized value of type Any in string context
use of uninitialized value of type Any in string context
use of uninitialized value of type Any in string context
use of uninitialized value of type Any in string context
use of uninitialized value of type Any in string context
use of uninitialized value of type Any in string context
use of uninitialized value of type Any in string context
use of uninitialized value of type Any in string context
use of uninitialized value of type Any in string context
use of uninitialized value of type Any in string context
use of uninitialized value of type Any in string context
use of uninitialized value of type Any in string context
use of uninitialized value of type Any in string context
use of uninitialized value of type Any in string context
use of uninitialized value of type Any in string context
use of uninitialized value of type Any in string context
use of uninitialized value of type Any in string context
use of uninitialized value of type Any in string context
use of uninitialized value of type Any in string context
use of uninitialized value of type Any in string context
use of uninitialized value of type Any in string context
   9    0    0    6   15
     1 skipped: Test(s) not yet written: (**) Tree construction from a node string
     1 skipped: Test(s) not yet written: (**) Dotstring representation of binary trees
     1 skipped: Test(s) not yet written: (***) Layout a binary tree (3)
     1 skipped: Test(s) not yet written: (**) A string representation of binary trees
     1 skipped: Test(s) not yet written: (**) Preorder and inorder sequences of binary trees
     1 skipped: Test(s) not yet written: (**) Construct a complete binary tree
integration/advent2009-day01.t.....................   2    0    0    0    2
integration/advent2009-day02.t.....................  10    0    0    0   10
integration/advent2009-day03.t.....................   6    0    0    0    6
integration/advent2009-day04.t.....................   6    0    0    0    6
integration/advent2009-day05.t.....................  17    0    0    0   17
integration/advent2009-day06.rakudo.moar...........  14    0    1    0   15
     1 todo   : Cannot assign to readonly value
integration/advent2009-day07.rakudo.moar...........  12    0    0    1   13
     1 skipped: No candidates found to invoke
integration/advent2009-day08.t.....................Nominal type check failed for parameter '$a'; expected Any but got Mu
  in sub infix:<%> at src/gen/m-CORE.setting:4008
  in block frame_name_1 at t/spec/integration/advent2009-day08.t:9

   0    8    0    0    8
     8 tests aborted (missing ok/not ok)
integration/advent2009-day09.t.....................  17    0    0    0   17
integration/advent2009-day10.t.....................   5    0    0    0    5
integration/advent2009-day11.t.....................   6    0    0    0    6
integration/advent2009-day12.rakudo.moar...........   5    0    0    4    9
     3 skipped: Importing symbols by name doesn't work in current Rakudo
     1 skipped: Multi subs aren't imported by default in current Rakudo - is this to spec?
integration/advent2009-day13.t.....................  14    2    0    0   16
integration/advent2009-day14.t.....................use of uninitialized value of type Rat in string context
use of uninitialized value of type Rat in string context
use of uninitialized value of type Rat in string context
use of uninitialized value of type Rat in string context
use of uninitialized value of type Rat in string context
use of uninitialized value of type Rat in string context
  19    2    0    0   21
integration/advent2009-day15.t.....................   4    0    0    0    4
integration/advent2009-day16.t.....................use of uninitialized value of type Any in string context
use of uninitialized value of type Any in string context
use of uninitialized value of type Any in string context
use of uninitialized value of type Any in string context
  11    0    0    0   11
integration/advent2009-day17.t.....................  62    0    0    0   62
integration/advent2009-day18.rakudo.moar...........   5    0    0    1    6
     1 skipped: parse error
integration/advent2009-day19.t.....................   6    0    0    0    6
integration/advent2009-day20.t.....................  21    0    0    0   21
integration/advent2009-day22.t.....................   4    0    0    0    4
integration/advent2009-day23.rakudo.moar...........   3    0    0    1    4
     1 skipped: lists aren't properly lazy in Rakudo yet
integration/advent2010-day04.t.....................  11    0    0    0   11
integration/code-blocks-as-sub-args.t..............   4    0    0    0    4
integration/error-reporting.t......................   7    9    0    0   16
integration/lazy-bentley-generator.t...............   1    0    0    0    1
integration/lexical-array-in-inner-block.t.........   2    0    0    0    2
integration/lexicals-and-attributes.t..............   8    0    0    0    8
integration/man-or-boy.t...........................  10    0    0    0   10
integration/method-calls-and-instantiation.t.......   2    0    0    0    2
integration/no-indirect-new.t......................   2    0    0    0    2
integration/packages.t.............................   3    0    0    0    3
integration/pair-in-array.t........................   3    0    0    0    3
integration/passing-pair-class-to-sub.t............   2    0    0    0    2
integration/real-strings.t.........................  21    0    0    0   21
integration/role-composition-vs-attribute.rakudo...===SORRY!===
Nominal type check failed for parameter '<anon>'; expected Capture but got Method
   0   10    0    0   10
    10 tests aborted (missing ok/not ok)
integration/rule-in-class-Str.t....................   3    0    0    0    3
integration/say-crash.t............................   4    0    0    0    4
integration/substr-after-match-in-gather-in-for.t..   1    0    0    0    1
integration/topic_in_double_loop.t.................   5    0    0    0    5
integration/variables-in-do.t......................   3    0    0    0    3
integration/weird-errors.t.........................   7    1    0    0    8
                                                   pass fail todo skip plan
rosettacode/greatest_element_of_a_list.t...........   1    0    0    0    1
rosettacode/sierpinski_triangle.t..................   1    0    0    0    1
----------------
"Synopsis", "pass","fail","todo","skip","plan","spec"
"S01",           0,     0,     0,    20,    20,    61
"S02",        3926,   183,   122,   301,  4532,  4475
"S03",        4550,   221,   126,   109,  5006,  4665
"S04",         892,    72,    29,    27,  1020,  1038
"S05",        4413,   411,   138,   423,  5385,  5829
"S06",         990,    99,    38,    97,  1223,  1291
"S07",           0,     0,     0,     0,     0,     0
"S09",         151,    23,     9,    14,   197,   197
"S10",          68,     0,     1,     2,    71,   128
"S11",          73,     0,     2,     9,    84,   139
"S12",        1310,    25,    48,   124,  1507,  1407
"S13",          33,     0,    10,    27,    70,    80
"S14",         232,    65,     7,    11,   315,   328
"S16",         211,    12,     5,    30,   258,   302
"S17",           0,     0,     0,     0,     0,   210
"S19",           4,     0,     0,     0,     4,     4
"S24",           1,     0,     0,     0,     1,    88
"S26",         307,     1,     0,     1,   309,   266
"S28",           7,     0,     0,     0,     7,    13
"S29",         321,    14,     2,     3,   340,   350
"S32",        8797,   173,    85,   209,  8796,  7051
"int",         518,    33,     7,    24,   582,   571
"ros",           2,     0,     0,     0,     2,     2
"total",     26806,  1332,   629,  1431, 29729, 28495
----------------
Failure summary:
S02-lexical-conventions/unicode-whitespace.t 10 - MONGOLIAN VOWEL SEPARATOR
S02-lexical-conventions/unicode-whitespace.t 36 - long dot with MONGOLIAN VOWEL SEPARATOR
S02-literals/char-by-name.rakudo.moar 3 - \c[FULLWIDTH RIGHT PARENTHESIS]
S02-literals/numeric.t 15 - 1+1i is not Real
S02-literals/quoting.rakudo.moar 153 - /.../ literals match in void context
S02-literals/quoting.rakudo.moar 154 - rx/.../ literals match in void context
S02-literals/version.rakudo.moar 1 - version literal stringification
S02-literals/version.rakudo.moar 2 - version literal stringification
S02-literals/version.rakudo.moar 3 - version literal stringification
S02-literals/version.rakudo.moar 5 - eqv works on version literals (-)
S02-literals/version.rakudo.moar 6 - + makes a difference in eqv
S02-literals/version.rakudo.moar 8 - === (-)
S02-literals/version.rakudo.moar 10 - smart-matching (different)
S02-literals/version.rakudo.moar 18 - * wildcard (-)
S02-literals/version.rakudo.moar 19 - smart-matching and plus (-)
S02-literals/version.rakudo.moar 21 - ... but it can still fail
S02-literals/version.rakudo.moar 23 - cmp: Less
S02-literals/version.rakudo.moar 24 - cmp: More
S02-literals/version.rakudo.moar 25 - cmp isn't Stringy-based
S02-names-vars/signature.rakudo.moar 3 - cannot increment an Int
S02-types/array.rakudo.moar 56 - stuffing IO in an Int array does not work
S02-types/array.rakudo.moar 74 - indirectly accessing [-1] through a variable is run-time error
S02-types/array.rakudo.moar 76 - binding [-1] of a normal array is fatal
S02-types/bag.rakudo.moar 29 - Subset does not smartmatch
S02-types/bag.rakudo.moar 30 - Subset (only quantity different) does not smartmatch
S02-types/bag.rakudo.moar 31 - Superset does not smartmatch
S02-types/bag.rakudo.moar 32 - Superset (only quantity different) does not smartmatch
S02-types/bag.rakudo.moar 33 - Smartmatch is not element of
S02-types/bag.rakudo.moar 36 - ... but not if the Bag has greater quantities
S02-types/bag.rakudo.moar 37 - Type-checking smartmatch works
S02-types/bag.rakudo.moar 118 - .roll(100) (1)
S02-types/bag.rakudo.moar 119 - .roll(100) (2)
S02-types/bag.rakudo.moar 120 - .roll(100) (1)
S02-types/bag.rakudo.moar 121 - .roll(100) (2)
S02-types/baghash.rakudo.moar 44 - Subset does not smartmatch
S02-types/baghash.rakudo.moar 45 - Subset (only quantity different) does not smartmatch
S02-types/baghash.rakudo.moar 46 - Superset does not smartmatch
S02-types/baghash.rakudo.moar 47 - Superset (only quantity different) does not smartmatch
S02-types/baghash.rakudo.moar 48 - Smartmatch is not element of
S02-types/baghash.rakudo.moar 51 - ... but not if the Bag has greater quantities
S02-types/baghash.rakudo.moar 52 - Type-checking smartmatch works
S02-types/baghash.rakudo.moar 123 - .roll(100) (1)
S02-types/baghash.rakudo.moar 124 - .roll(100) (2)
S02-types/baghash.rakudo.moar 125 - .roll(100) (1)
S02-types/baghash.rakudo.moar 126 - .roll(100) (2)
S02-types/bool.t 50 - Bool.roll(30) contains a False
S02-types/deprecations.rakudo.moar 1 - deprecation Any.exists("a")
S02-types/deprecations.rakudo.moar 2 - deprecation for Any.delete("a")
S02-types/deprecations.rakudo.moar 3 - deprecation Any.KeySet
S02-types/deprecations.rakudo.moar 4 - deprecation for Any.KeyBag
S02-types/deprecations.rakudo.moar 5 - deprecation Array.delete(1)
S02-types/deprecations.rakudo.moar 6 - deprecation Bag.new.delete("a")
S02-types/deprecations.rakudo.moar 7 - depr. BagHash.new.delete("a")
S02-types/deprecations.rakudo.moar 8 - deprecation Bag.new.exists("a")
S02-types/deprecations.rakudo.moar 9 - depr. BagHash.new.exists("a")
S02-types/deprecations.rakudo.moar 10 - depr. Capture.new.exists("a")
S02-types/deprecations.rakudo.moar 11 - deprecation "a".ucfirst
S02-types/deprecations.rakudo.moar 12 - deprecation Decrease
S02-types/deprecations.rakudo.moar 13 - deprecation EnumMap.exists
S02-types/deprecations.rakudo.moar 14 - depr. EnumMap.new.exists("a")
S02-types/deprecations.rakudo.moar 15 - deprecation ucfirst("a")
S02-types/deprecations.rakudo.moar 16 - deprecation Hash.delete
S02-types/deprecations.rakudo.moar 17 - deprecation Hash.new.delete("a")
S02-types/deprecations.rakudo.moar 18 - deprecation Increase
S02-types/deprecations.rakudo.moar 19 - deprecation List.new.exists(1)
S02-types/deprecations.rakudo.moar 20 - deprecation Mix.new.delete("a")
S02-types/deprecations.rakudo.moar 21 - depr. MixHash.new.delete("a")
S02-types/deprecations.rakudo.moar 24 - deprecation Set.new.delete("a")
S02-types/deprecations.rakudo.moar 25 - depr. SetHash.new.delete("a")
S02-types/deprecations.rakudo.moar 26 - deprecation Set.new.exists("a")
S02-types/deprecations.rakudo.moar 27 - depr. SetHash.new.exists("a")
S02-types/deprecations.rakudo.moar 28 - deprecation eval("1+1")
S02-types/deprecations.rakudo.moar 29 - deprecation "1+1".eval
S02-types/hash.rakudo.moar 65 - doesn't really make sense, but shouldn't segfault, either ()
S02-types/isDEPRECATED.rakudo.moar 2 - right deprecation for a()
S02-types/isDEPRECATED.rakudo.moar 4 - right deprecation for awith()
S02-types/isDEPRECATED.rakudo.moar 12 - right deprecation for C.new.foo
S02-types/isDEPRECATED.rakudo.moar 14 - right deprecation Cwith.new.foo
S02-types/lazy-lists.t aborted 12 test(s)
S02-types/mix.rakudo.moar 29 - Subset does not smartmatch
S02-types/mix.rakudo.moar 30 - Subset (only quantity different) does not smartmatch
S02-types/mix.rakudo.moar 31 - Superset does not smartmatch
S02-types/mix.rakudo.moar 32 - Superset (only quantity different) does not smartmatch
S02-types/mix.rakudo.moar 33 - Smartmatch is not element of
S02-types/mix.rakudo.moar 36 - ... but not if the Mix has greater quantities
S02-types/mix.rakudo.moar 37 - Type-checking smartmatch works
S02-types/mix.rakudo.moar 121 - .roll(100) (1)
S02-types/mix.rakudo.moar 122 - .roll(100) (2)
S02-types/mix.rakudo.moar 123 - .roll(*)[^100] (1)
S02-types/mix.rakudo.moar 124 - .roll(*)[^100] (2)
S02-types/mix.rakudo.moar 128 - .roll(100) (1)
S02-types/mix.rakudo.moar 129 - .roll(100) (2)
S02-types/mix.rakudo.moar 131 - .pick does not work on Mix
S02-types/mixhash.rakudo.moar 44 - Subset does not smartmatch
S02-types/mixhash.rakudo.moar 45 - Subset (only quantity different) does not smartmatch
S02-types/mixhash.rakudo.moar 46 - Superset does not smartmatch
S02-types/mixhash.rakudo.moar 47 - Superset (only quantity different) does not smartmatch
S02-types/mixhash.rakudo.moar 48 - Smartmatch is not element of
S02-types/mixhash.rakudo.moar 51 - ... but not if the Mix has greater quantities
S02-types/mixhash.rakudo.moar 52 - Type-checking smartmatch works
S02-types/mixhash.rakudo.moar 127 - .roll(100) (1)
S02-types/mixhash.rakudo.moar 128 - .roll(100) (2)
S02-types/mixhash.rakudo.moar 129 - .roll(*)[^100] (1)
S02-types/mixhash.rakudo.moar 130 - .roll(*)[^100] (2)
S02-types/mixhash.rakudo.moar 141 - .pick does not work on MixHash
S02-types/mixhash.rakudo.moar 142 - cannot call .grab on a MixHash
S02-types/nan.rakudo.moar 8 - 4 is not a NaN
S02-types/nan.rakudo.moar 9 - 4.Num is not a NaN
S02-types/num.t 12 - EVAL 1e100.Num.perl is 1
S02-types/set.rakudo.moar 26 - Subset does not smartmatch
S02-types/set.rakudo.moar 27 - Superset does not smartmatch
S02-types/set.rakudo.moar 28 - Smartmatch is not element of
S02-types/set.rakudo.moar 32 - Subset does not smartmatch
S02-types/set.rakudo.moar 33 - Superset does not smartmatch
S02-types/set.rakudo.moar 34 - Type-checking smartmatch works
S02-types/sethash.rakudo.moar 42 - Subset does not smartmatch
S02-types/sethash.rakudo.moar 43 - Superset does not smartmatch
S02-types/sethash.rakudo.moar 44 - Smartmatch is not element of
S02-types/sethash.rakudo.moar 49 - Subset does not smartmatch
S02-types/sethash.rakudo.moar 50 - Superset does not smartmatch
S02-types/sethash.rakudo.moar 51 - Type-checking smartmatch works
S02-types/subset.rakudo.moar 2 - Can't assign value that violates type constraint via subset
S02-types/subset.rakudo.moar 9 - type constraints prevents assignment 1
S02-types/subset.rakudo.moar 10 - type constraints prevents assignment 2
S02-types/subset.rakudo.moar 11 - original type prevents assignment
S02-types/subset.rakudo.moar 14 - subset of hash with where enforces where clause
S02-types/subset.rakudo.moar 20 - subset of pair with where enforces where clause
S02-types/subset.rakudo.moar 22 - my subset of Str where pattern enforces pattern
S02-types/subset.rakudo.moar 24 - subset of Str where pattern enforces pattern
S02-types/subset.rakudo.moar 31 - can use subset that depends on lexical sub (2)
S02-types/subset.rakudo.moar 33 - can use subset that depends on lexical variable (2)
S02-types/subset.rakudo.moar 36 - subset ... where any(...) (-)
S02-types/subset.rakudo.moar 42 - Mu does not conform to subset
S02-types/type.t 5 - Int restricts to integers
S02-types/type.t 6 - Int does not accept Mu
S02-types/type.t 8 - Str restricts to strings
S02-types/type.t 9 - Str does not accept Mu
S02-types/type.t 11 - of Int restricts to integers
S02-types/type.t 14 - native int type cannot be undefined
S02-types/type.t 22 - Num does not accept Int
S02-types/type.t 24 - bad return value dies (returns)
S02-types/type.t 26 - bad return value dies (of)
S02-types/type.t 28 - bad return value dies (my Type sub)
S02-types/type.t 30 - bad return value dies (-->)
S02-types/type.t 32 - bad implicit return value dies (returns)
S02-types/type.t 34 - bad implicit return value dies (of)
S02-types/type.t 36 - bad implicit return value dies (my Type sub)
S02-types/type.t 38 - bad implicit return value dies (-->)
S02-types/version.t 12 - 1.2.0.999 cmp 1.2.1_01 is Less
S02-types/version.t 13 - 1.2.1_01 cmp 1.2.1_2 is Less
S02-types/version.t 14 - 1.2.1_2 cmp 1.2.1_003 is Less
S02-types/version.t 15 - 1.2.1_003 cmp 1.2.1a1 is Less
S02-types/version.t 16 - 1.2.1a1 cmp 1.2.1.alpha1 is Less
S02-types/version.t 17 - 1.2.1.alpha1 cmp 1.2.1b1 is Less
S02-types/version.t 18 - 1.2.1b1 cmp 1.2.1.beta1 is Less
S02-types/version.t 19 - 1.2.1.beta1 cmp 1.2.1.gamma is Less
S02-types/version.t 20 - 1.2.1.gamma cmp 1.2.1Œ±1 is Less
S02-types/version.t 21 - 1.2.1Œ±1 cmp 1.2.1Œ≤1 is Less
S02-types/version.t 22 - 1.2.1Œ≤1 cmp 1.2.1Œ≥ is Less
S02-types/version.t 23 - 1.2.1Œ≥ cmp 1.2.1 is Less
S02-types/version.t 24 - 1.2.1 cmp 1.2.1Œ≥ is More
S02-types/version.t 25 - 1.2.1Œ≥ cmp 1.2.1Œ≤1 is More
S02-types/version.t 26 - 1.2.1Œ≤1 cmp 1.2.1Œ±1 is More
S02-types/version.t 27 - 1.2.1Œ±1 cmp 1.2.1.gamma is More
S02-types/version.t 28 - 1.2.1.gamma cmp 1.2.1.beta1 is More
S02-types/version.t 29 - 1.2.1.beta1 cmp 1.2.1b1 is More
S02-types/version.t 30 - 1.2.1b1 cmp 1.2.1.alpha1 is More
S02-types/version.t 31 - 1.2.1.alpha1 cmp 1.2.1a1 is More
S02-types/version.t 32 - 1.2.1a1 cmp 1.2.1_003 is More
S02-types/version.t 33 - 1.2.1_003 cmp 1.2.1_2 is More
S02-types/version.t 34 - 1.2.1_2 cmp 1.2.1_01 is More
S02-types/version.t 35 - 1.2.1_01 cmp 1.2.0.999 is More
S03-metaops/reduce.rakudo.moar 84 - [^^] works (one of two true)
S03-metaops/reduce.rakudo.moar 85 - [^^] works (one of two true)
S03-metaops/reduce.rakudo.moar 104 - |0| reduce [^^] false variable test #8
S03-metaops/reduce.rakudo.moar 105 - |0| reduce [^^] false variable test #9
S03-metaops/reduce.rakudo.moar 107 - |0| infix ^^ false variable test #1
S03-metaops/reduce.rakudo.moar 111 - |0| infix ^^ false variable test #5
S03-metaops/reduce.rakudo.moar 114 - |0| infix ^^ false variable test #8
S03-metaops/reduce.rakudo.moar 115 - |0| infix ^^ false variable test #9
S03-metaops/reduce.rakudo.moar 123 - |"0"| reduce [^^] false variable test #8
S03-metaops/reduce.rakudo.moar 124 - |"0"| reduce [^^] false variable test #9
S03-metaops/reduce.rakudo.moar 126 - |"0"| infix ^^ false variable test #1
S03-metaops/reduce.rakudo.moar 130 - |"0"| infix ^^ false variable test #5
S03-metaops/reduce.rakudo.moar 133 - |"0"| infix ^^ false variable test #8
S03-metaops/reduce.rakudo.moar 134 - |"0"| infix ^^ false variable test #9
S03-metaops/reduce.rakudo.moar 142 - |""| reduce [^^] false variable test #8
S03-metaops/reduce.rakudo.moar 143 - |""| reduce [^^] false variable test #9
S03-metaops/reduce.rakudo.moar 145 - |""| infix ^^ false variable test #1
S03-metaops/reduce.rakudo.moar 149 - |""| infix ^^ false variable test #5
S03-metaops/reduce.rakudo.moar 152 - |""| infix ^^ false variable test #8
S03-metaops/reduce.rakudo.moar 153 - |""| infix ^^ false variable test #9
S03-metaops/reduce.rakudo.moar 161 - |Bool::False| reduce [^^] false variable test #8
S03-metaops/reduce.rakudo.moar 162 - |Bool::False| reduce [^^] false variable test #9
S03-metaops/reduce.rakudo.moar 164 - |Bool::False| infix ^^ false variable test #1
S03-metaops/reduce.rakudo.moar 168 - |Bool::False| infix ^^ false variable test #5
S03-metaops/reduce.rakudo.moar 171 - |Bool::False| infix ^^ false variable test #8
S03-metaops/reduce.rakudo.moar 172 - |Bool::False| infix ^^ false variable test #9
S03-metaops/reduce.rakudo.moar 180 - |Any| reduce [^^] false variable test #8
S03-metaops/reduce.rakudo.moar 181 - |Any| reduce [^^] false variable test #9
S03-metaops/reduce.rakudo.moar 183 - |Any| infix ^^ false variable test #1
S03-metaops/reduce.rakudo.moar 187 - |Any| infix ^^ false variable test #5
S03-metaops/reduce.rakudo.moar 190 - |Any| infix ^^ false variable test #8
S03-metaops/reduce.rakudo.moar 191 - |Any| infix ^^ false variable test #9
S03-metaops/reduce.rakudo.moar 199 - |Mu| reduce [^^] false variable test #8
S03-metaops/reduce.rakudo.moar 200 - |Mu| reduce [^^] false variable test #9
S03-metaops/reduce.rakudo.moar 202 - |Mu| infix ^^ false variable test #1
S03-metaops/reduce.rakudo.moar 206 - |Mu| infix ^^ false variable test #5
S03-metaops/reduce.rakudo.moar 209 - |Mu| infix ^^ false variable test #8
S03-metaops/reduce.rakudo.moar 210 - |Mu| infix ^^ false variable test #9
S03-metaops/reduce.rakudo.moar 217 - |1| reduce [^^] true numbery variable test #7
S03-metaops/reduce.rakudo.moar 218 - |1| reduce [^^] true numbery variable test #8
S03-metaops/reduce.rakudo.moar 234 - |-147| reduce [^^] true numbery variable test #7
S03-metaops/reduce.rakudo.moar 235 - |-147| reduce [^^] true numbery variable test #8
S03-metaops/reduce.rakudo.moar 251 - |3.141593e0| reduce [^^] true numbery variable test #7
S03-metaops/reduce.rakudo.moar 252 - |3.141593e0| reduce [^^] true numbery variable test #8
S03-metaops/reduce.rakudo.moar 268 - |Bool::True| reduce [^^] true numbery variable test #7
S03-metaops/reduce.rakudo.moar 269 - |Bool::True| reduce [^^] true numbery variable test #8
S03-metaops/reduce.rakudo.moar 286 - |"no"| reduce [^^] true string variable test #8
S03-metaops/reduce.rakudo.moar 287 - |"no"| reduce [^^] true string variable test #9
S03-metaops/reduce.rakudo.moar 305 - |"Bob"| reduce [^^] true string variable test #8
S03-metaops/reduce.rakudo.moar 306 - |"Bob"| reduce [^^] true string variable test #9
S03-metaops/reduce.rakudo.moar 324 - |"10"| reduce [^^] true string variable test #8
S03-metaops/reduce.rakudo.moar 325 - |"10"| reduce [^^] true string variable test #9
S03-metaops/reduce.rakudo.moar 343 - |"False"| reduce [^^] true string variable test #8
S03-metaops/reduce.rakudo.moar 344 - |"False"| reduce [^^] true string variable test #9
S03-operators/adverbial-modifiers.rakudo.moar 13 - :foo{ dostuff() }
S03-operators/arith.t 6 - -1 == 3
S03-operators/arith.t 7 - 1 == -3
S03-operators/arith.t 14 - 
S03-operators/arith.t 15 - 
S03-operators/arith.t 66 - -9 div 4 == -3
S03-operators/arith.t 67 - 9 div -4 == -3
S03-operators/arith.t 70 - -13 mod 4
S03-operators/arith.t 71 - 13 mod -4
S03-operators/assign.rakudo.moar 7 - assignment as function with types (2)
S03-operators/assign.rakudo.moar 164 - ^^= operator
S03-operators/assign.rakudo.moar 165 - ^^= operator parses as item assignment 1
S03-operators/assign.rakudo.moar 168 - ^^= doesn't permanently falsify scalars
S03-operators/assign.rakudo.moar 169 - xor= operator
S03-operators/assign.rakudo.moar 170 - xor= operator parses as item assignment 1
S03-operators/assign.rakudo.moar 173 - xor= doesn't permanently falsify scalars
S03-operators/bit.t 17 - long string bitwise ~^, no truncation
S03-operators/buf.t 29 - throw on negative range
S03-operators/buf.t 30 - throw on out of range (positive)
S03-operators/buf.t 33 - throw on out of bounds, counted from the end
S03-operators/buf.t 34 - throw on negative len
S03-operators/is-divisible-by.rakudo.moar 14 - cannot divide by zero using infix:<%%>
S03-operators/overflow.t 46 - 7**(-1) works
S03-operators/range-basic.t 78 - not 0 ~~ 1..5
S03-operators/range-basic.t 79 - not 0.999 ~~ 1..5
S03-operators/range-basic.t 80 - not 0.999e0 ~~ 1..5
S03-operators/range-basic.t 81 - not 6 ~~ 1..5
S03-operators/range-basic.t 82 - not 5.001 ~~ 1..5
S03-operators/range-basic.t 83 - not 5.001e0 ~~ 1..5
S03-operators/range-basic.t 87 - not 1 ~~ 1^..5
S03-operators/range-basic.t 88 - not 1.0 ~~ 1^..5
S03-operators/range-basic.t 89 - not 1.0e0 ~~ 1^..5
S03-operators/range-basic.t 93 - not 0 ~~ 1^..5
S03-operators/range-basic.t 94 - not 0.999 ~~ 1^..5
S03-operators/range-basic.t 95 - not 0.999e0 ~~ 1^..5
S03-operators/range-basic.t 96 - not 6 ~~ 1^..5
S03-operators/range-basic.t 97 - not 5.001 ~~ 1^..5
S03-operators/range-basic.t 98 - not 5.001e0 ~~ 1^..5
S03-operators/range-basic.t 105 - not 5 ~~ 1..^5
S03-operators/range-basic.t 106 - not 5.0 ~~ 1..^5
S03-operators/range-basic.t 107 - not 5.0e0 ~~ 1..^5
S03-operators/range-basic.t 108 - not 0 ~~ 1..^5
S03-operators/range-basic.t 109 - not 0.999 ~~ 1..^5
S03-operators/range-basic.t 110 - not 0.999e0 ~~ 1..^5
S03-operators/range-basic.t 111 - not 6 ~~ 1..^5
S03-operators/range-basic.t 112 - not 5.001 ~~ 1..^5
S03-operators/range-basic.t 113 - not 5.001e0 ~~ 1..^5
S03-operators/range-basic.t 117 - not 1 ~~ 1^..^5
S03-operators/range-basic.t 118 - not 1.0 ~~ 1^..^5
S03-operators/range-basic.t 119 - not 1.0e0 ~~ 1^..^5
S03-operators/range-basic.t 120 - not 5 ~~ 1^..^5
S03-operators/range-basic.t 121 - not 5.0 ~~ 1^..^5
S03-operators/range-basic.t 122 - not 5.0e0 ~~ 1^..^5
S03-operators/range-basic.t 123 - not 0 ~~ 1^..^5
S03-operators/range-basic.t 124 - not 0.999 ~~ 1^..^5
S03-operators/range-basic.t 125 - not 0.999e0 ~~ 1^..^5
S03-operators/range-basic.t 126 - not 6 ~~ 1^..^5
S03-operators/range-basic.t 127 - not 5.001 ~~ 1^..^5
S03-operators/range-basic.t 128 - not 5.001e0 ~~ 1^..^5
S03-operators/range-basic.t 131 - not 3 ~~ 11..50
S03-operators/range-basic.t 132 - not 21 ~~ 1..5
S03-operators/range-basic.t 136 - not 'a' ~~ 'b'..'g'
S03-operators/range-basic.t 137 - not 'h' ~~ 'b'..'g'
S03-operators/range-basic.t 138 - not 0 ~~ 'a'..'g'
S03-operators/range-basic.t 140 - not 'b' ~~ 'c'..*
S03-operators/range-basic.t 142 - not 'd' ~~ *..'c'
S03-operators/set.rakudo.moar aborted 70 test(s)
S03-smartmatch/any-bool.t 3 - ~~ non-syntactic True
S03-smartmatch/any-bool.t 4 - ~~ non-syntactic True
S03-smartmatch/any-bool.t 5 - boolean truth
S03-smartmatch/any-bool.t 8 - boolean truth
S03-smartmatch/any-method.t 1 - smart-match happens after method calls on $_ 1
S03-smartmatch/any-method.t 3 - method call with args 1
S03-smartmatch/any-num.rakudo.moar 2 - Int ~~ Int works
S03-smartmatch/any-num.rakudo.moar 11 - Complex ~~ Int (-)
S03-smartmatch/any-num.rakudo.moar 12 - Complex ~~ Int (-)
S03-smartmatch/any-num.rakudo.moar 14 - Complex ~~ Rat (-)
S03-smartmatch/any-num.rakudo.moar 15 - Complex ~~ Rat (-)
S03-smartmatch/any-num.rakudo.moar 17 - Complex ~~ Num (-)
S03-smartmatch/any-num.rakudo.moar 18 - Complex ~~ Num (-)
S03-smartmatch/disorganized.t 2 - not foo !~~ .defined
S03-smartmatch/disorganized.t 3 - Mu is not .defined
S03-smartmatch/disorganized.t 15 - ~~ Callable (false)
S03-smartmatch/disorganized.t 17 - !~~ Callable (false)
S03-smartmatch/disorganized.t 19 - ~~ Routine (false)
S03-smartmatch/disorganized.t 21 - !~~ Routine (false)
S03-smartmatch/disorganized.t 23 - ~~ Sub (false)
S03-smartmatch/disorganized.t 25 - !~~ Sub (false)
S03-smartmatch/disorganized.t 27 - ~~ Block (false)
S03-smartmatch/disorganized.t 29 - !~~ Block (false)
S03-smartmatch/disorganized.t 31 - ~~ Code (false)
S03-smartmatch/disorganized.t 33 - !~~ Code (false)
S03-smartmatch/disorganized.t 35 - ~~ Method (false)
S03-smartmatch/disorganized.t 37 - !~~ Method (false)
S03-smartmatch/disorganized.t 39 - class instance !!matches role
S03-smartmatch/signature-signature.t 2 - signature :(Str) is not the same as :(Int)
S03-smartmatch/signature-signature.t 4 - signature :(Str, Int) is not the same as :(Int, Str)
S03-smartmatch/signature-signature.t 5 - signature :(Str, Int) is not the same as :(Str, Int, Str)
S04-declarations/constant.rakudo.moar 10 - constant used as a type constraint enforces
S04-declarations/constant.rakudo.moar 11 - constant used as a type constraint enforces
S04-declarations/my.rakudo.moar 58 - type error
S04-declarations/my.rakudo.moar 59 - also a type error
S04-declarations/will.rakudo.moar aborted 17 test(s)
S04-phasers/enter-leave.rakudo.moar 19 - die doesn't abort LEAVE queue
S04-phasers/first.t aborted 4 test(s)
S04-phasers/pre-post.rakudo.moar aborted 22 test(s)
S04-phasers/rvalue.t aborted 16 test(s)
S04-statements/repeat.t aborted 1 test(s)
S04-statements/try.rakudo.moar aborted 7 test(s)
S05-capture/caps.rakudo.moar aborted 15 test(s)
S05-capture/match-object.rakudo.moar 16 - no match
S05-capture/subrule.t 32 - unsuccessful non-match
S05-grammar/action-stubs.t 19 - $/ availiable
S05-grammar/action-stubs.t 20 - token name
S05-grammar/action-stubs.t 21 - token name (assertion)
S05-grammar/action-stubs.t 22 - $0 availiable
S05-interpolation/regex-in-variable.rakudo.moar 19 - Simple array match (!)
S05-interpolation/regex-in-variable.rakudo.moar aborted 10 test(s)
S05-mass/charsets.rakudo.moar 7 - cntrl chars
S05-mass/charsets.rakudo.moar 8 - lower chars
S05-mass/charsets.rakudo.moar 13 - unicode Letter chars
S05-mass/charsets.rakudo.moar 15 - combined unicode classes
S05-mass/charsets.rakudo.moar 16 - combined unicode and builtins
S05-mass/named-chars.rakudo.moar 201 - Negative charclass ARABIC SHADDA MEDIAL FORM,LOWER HALF INVERSE WHITE CIRCLE
S05-mass/named-chars.rakudo.moar 216 - Negative charclass YI SYLLABLE NDO, ARABIC SHADDA MEDIAL FORM
S05-mass/named-chars.rakudo.moar 246 - Negative charclass HALFWIDTH KATAKANA LETTER SMALL YU, RIGHTWARDS HARPOON WITH BARB UP ABOVE RIGHTWARDS HARPOON WITH BARB DOWN
S05-mass/named-chars.rakudo.moar 306 - Negative charclass ARABIC LETTER YEH WITH HAMZA ABOVE INITIAL FORM,OGHAM LETTER UILLEANN
S05-mass/named-chars.rakudo.moar 396 - Negative charclass YI SYLLABLE JJYT,LAO LETTER THO TAM
S05-mass/named-chars.rakudo.moar 411 - Negative charclass HALFWIDTH KATAKANA LETTER SMALL YO,YI SYLLABLE JJYT
S05-mass/properties-block.t 1 - Don't match unrelated <InAlphabeticPresentationForms>
S05-mass/properties-block.t 7 - Don't match unrelated <InArabic>
S05-mass/properties-block.t 11 - Don't match unrelated <InArabicPresentationFormsA>
S05-mass/properties-block.t 14 - Don't match unrelated <InArabicPresentationFormsB>
S05-mass/properties-block.t 20 - Don't match unrelated <InArmenian>
S05-mass/properties-block.t 27 - Don't match unrelated <InArrows>
S05-mass/properties-block.t 34 - Don't match unrelated <InBasicLatin>
S05-mass/properties-block.t 41 - Don't match unrelated <InBengali>
S05-mass/properties-block.t 48 - Don't match unrelated <InBlockElements>
S05-mass/properties-block.t 55 - Don't match unrelated <InBopomofo>
S05-mass/properties-block.t 62 - Don't match unrelated <InBopomofoExtended>
S05-mass/properties-block.t 69 - Don't match unrelated <InBoxDrawing>
S05-mass/properties-block.t 76 - Don't match unrelated <InBraillePatterns>
S05-mass/properties-block.t 83 - Don't match unrelated <InBuhid>
S05-mass/properties-block.t 87 - Don't match unrelated <InByzantineMusicalSymbols>
S05-mass/properties-block.t 93 - Don't match unrelated <InCJKCompatibility>
S05-mass/properties-block.t 97 - Don't match unrelated <InCJKCompatibilityForms>
S05-mass/properties-block.t 100 - Don't match unrelated <InCJKCompatibilityIdeographs>
S05-mass/properties-block.t 103 - Don't match unrelated <InCJKCompatibilityIdeographsSupplement>
S05-mass/properties-block.t 109 - Don't match unrelated <InCJKRadicalsSupplement>
S05-mass/properties-block.t 116 - Don't match unrelated <InCJKSymbolsAndPunctuation>
S05-mass/properties-block.t 123 - Don't match unrelated <InCJKUnifiedIdeographs>
S05-mass/properties-block.t 130 - Don't match unrelated <InCJKUnifiedIdeographsExtensionA>
S05-mass/properties-block.t 134 - Don't match unrelated <InCJKUnifiedIdeographsExtensionB>
S05-mass/properties-block.t 140 - Don't match unrelated <InCherokee>
S05-mass/properties-block.t 147 - Don't match unrelated <InCombiningDiacriticalMarks>
S05-mass/properties-block.t 154 - Don't match unrelated <InCombiningDiacriticalMarksforSymbols>
S05-mass/properties-block.t 158 - Don't match unrelated <InCombiningHalfMarks>
S05-mass/properties-block.t 164 - Don't match unrelated <InControlPictures>
S05-mass/properties-block.t 171 - Don't match unrelated <InCurrencySymbols>
S05-mass/properties-block.t 178 - Don't match unrelated <InCyrillic>
S05-mass/properties-block.t 185 - Don't match unrelated <InCyrillicSupplementary>
S05-mass/properties-block.t 189 - Don't match unrelated <InDeseret>
S05-mass/properties-block.t 195 - Don't match unrelated <InDevanagari>
S05-mass/properties-block.t 202 - Don't match unrelated <InDingbats>
S05-mass/properties-block.t 209 - Don't match unrelated <InEnclosedAlphanumerics>
S05-mass/properties-block.t 216 - Don't match unrelated <InEnclosedCJKLettersAndMonths>
S05-mass/properties-block.t 223 - Don't match unrelated <InEthiopic>
S05-mass/properties-block.t 230 - Don't match unrelated <InGeneralPunctuation>
S05-mass/properties-block.t 237 - Don't match unrelated <InGeometricShapes>
S05-mass/properties-block.t 244 - Don't match unrelated <InGeorgian>
S05-mass/properties-block.t 248 - Don't match unrelated <InGothic>
S05-mass/properties-block.t 254 - Don't match unrelated <InGreekExtended>
S05-mass/properties-block.t 261 - Don't match unrelated <InGreekAndCoptic>
S05-mass/properties-block.t 268 - Don't match unrelated <InGujarati>
S05-mass/properties-block.t 275 - Don't match unrelated <InGurmukhi>
S05-mass/properties-block.t 279 - Don't match unrelated <InHalfwidthAndFullwidthForms>
S05-mass/properties-block.t 285 - Don't match unrelated <InHangulCompatibilityJamo>
S05-mass/properties-block.t 292 - Don't match unrelated <InHangulJamo>
S05-mass/properties-block.t 299 - Don't match unrelated <InHangulSyllables>
S05-mass/properties-block.t 306 - Don't match unrelated <InHanunoo>
S05-mass/properties-block.t 313 - Don't match unrelated <InHebrew>
S05-mass/properties-block.t 317 - Don't match unrelated <InHighPrivateUseSurrogates>
S05-mass/properties-block.t 320 - Don't match unrelated <InHighSurrogates>
S05-mass/properties-block.t 326 - Don't match unrelated <InHiragana>
S05-mass/properties-block.t 333 - Don't match unrelated <InIPAExtensions>
S05-mass/properties-block.t 340 - Don't match unrelated <InIdeographicDescriptionCharacters>
S05-mass/properties-block.t 347 - Don't match unrelated <InKanbun>
S05-mass/properties-block.t 354 - Don't match unrelated <InKangxiRadicals>
S05-mass/properties-block.t 361 - Don't match unrelated <InKannada>
S05-mass/properties-block.t 368 - Don't match unrelated <InKatakana>
S05-mass/properties-block.t 375 - Don't match unrelated <InKatakanaPhoneticExtensions>
S05-mass/properties-block.t 382 - Don't match unrelated <InKhmer>
S05-mass/properties-block.t 389 - Don't match unrelated <InLao>
S05-mass/properties-block.t 396 - Don't match unrelated <InLatin1Supplement>
S05-mass/properties-block.t 403 - Don't match unrelated <InLatinExtendedA>
S05-mass/properties-block.t 410 - Don't match unrelated <InLatinExtendedAdditional>
S05-mass/properties-block.t 417 - Don't match unrelated <InLatinExtendedB>
S05-mass/properties-block.t 424 - Don't match unrelated <InLetterlikeSymbols>
S05-mass/properties-block.t 428 - Don't match unrelated <InLowSurrogates>
S05-mass/properties-block.t 434 - Don't match unrelated <InMalayalam>
S05-mass/properties-block.t 438 - Don't match unrelated <InMathematicalAlphanumericSymbols>
S05-mass/properties-block.t 444 - Don't match unrelated <InMathematicalOperators>
S05-mass/properties-block.t 451 - Don't match unrelated <InMiscellaneousMathematicalSymbolsA>
S05-mass/properties-block.t 458 - Don't match unrelated <InMiscellaneousMathematicalSymbolsB>
S05-mass/properties-block.t 465 - Don't match unrelated <InMiscellaneousSymbols>
S05-mass/properties-block.t 472 - Don't match unrelated <InMiscellaneousTechnical>
S05-mass/properties-block.t 479 - Don't match unrelated <InMongolian>
S05-mass/properties-block.t 483 - Don't match unrelated <InMusicalSymbols>
S05-mass/properties-block.t 489 - Don't match unrelated <InMyanmar>
S05-mass/properties-block.t 496 - Don't match unrelated <InNumberForms>
S05-mass/properties-block.t 503 - Don't match unrelated <InOgham>
S05-mass/properties-block.t 507 - Don't match unrelated <InOldItalic>
S05-mass/properties-block.t 513 - Don't match unrelated <InOpticalCharacterRecognition>
S05-mass/properties-block.t 520 - Don't match unrelated <InOriya>
S05-mass/properties-block.t 524 - Don't match unrelated <InPrivateUseArea>
S05-mass/properties-block.t 530 - Don't match unrelated <InRunic>
S05-mass/properties-block.t 537 - Don't match unrelated <InSinhala>
S05-mass/properties-block.t 541 - Don't match unrelated <InSmallFormVariants>
S05-mass/properties-block.t 547 - Don't match unrelated <InSpacingModifierLetters>
S05-mass/properties-block.t 551 - Don't match unrelated <InSpecials>
S05-mass/properties-block.t 557 - Don't match unrelated <InSuperscriptsAndSubscripts>
S05-mass/properties-block.t 564 - Don't match unrelated <InSupplementalArrowsA>
S05-mass/properties-block.t 571 - Don't match unrelated <InSupplementalArrowsB>
S05-mass/properties-block.t 578 - Don't match unrelated <InSupplementalMathematicalOperators>
S05-mass/properties-block.t 582 - Don't match unrelated <InSupplementaryPrivateUseAreaA>
S05-mass/properties-block.t 585 - Don't match unrelated <InSupplementaryPrivateUseAreaB>
S05-mass/properties-block.t 591 - Don't match unrelated <InSyriac>
S05-mass/properties-block.t 598 - Don't match unrelated <InTagalog>
S05-mass/properties-block.t 605 - Don't match unrelated <InTagbanwa>
S05-mass/properties-block.t 609 - Don't match unrelated <InTags>
S05-mass/properties-block.t 615 - Don't match unrelated <InTamil>
S05-mass/properties-block.t 622 - Don't match unrelated <InTelugu>
S05-mass/properties-block.t 629 - Don't match unrelated <InThaana>
S05-mass/properties-block.t 636 - Don't match unrelated <InThai>
S05-mass/properties-block.t 643 - Don't match unrelated <InTibetan>
S05-mass/properties-block.t 650 - Don't match unrelated <InUnifiedCanadianAboriginalSyllabics>
S05-mass/properties-block.t 654 - Don't match unrelated <InVariationSelectors>
S05-mass/properties-block.t 660 - Don't match unrelated <InYiRadicals>
S05-mass/properties-block.t 667 - Don't match unrelated <InYiSyllables>
S05-mass/properties-derived.rakudo.moar 4 - Don't match unrelated <ASCIIHexDigit>
S05-mass/properties-derived.rakudo.moar 9 - Don't match negated <Dash>
S05-mass/properties-derived.rakudo.moar 10 - Don't match inverted <Dash>
S05-mass/properties-derived.rakudo.moar 11 - Don't match unrelated <Dash>
S05-mass/properties-derived.rakudo.moar 16 - Don't match negated <Diacritic>
S05-mass/properties-derived.rakudo.moar 17 - Don't match inverted <Diacritic>
S05-mass/properties-derived.rakudo.moar 18 - Don't match unrelated <Diacritic>
S05-mass/properties-derived.rakudo.moar 23 - Don't match negated <Extender>
S05-mass/properties-derived.rakudo.moar 24 - Don't match inverted <Extender>
S05-mass/properties-derived.rakudo.moar 25 - Don't match unrelated <Extender>
S05-mass/properties-derived.rakudo.moar 32 - Don't match unrelated <GraphemeLink>
S05-mass/properties-derived.rakudo.moar 39 - Don't match unrelated <HexDigit>
S05-mass/properties-derived.rakudo.moar 44 - Don't match negated <Hyphen>
S05-mass/properties-derived.rakudo.moar 45 - Don't match inverted <Hyphen>
S05-mass/properties-derived.rakudo.moar 46 - Don't match unrelated <Hyphen>
S05-mass/properties-derived.rakudo.moar 60 - Don't match unrelated <IDSBinaryOperator>
S05-mass/properties-derived.rakudo.moar 67 - Don't match unrelated <IDSTrinaryOperator>
S05-mass/properties-derived.rakudo.moar 74 - Don't match unrelated <JoinControl>
S05-mass/properties-derived.rakudo.moar 81 - Don't match unrelated <LogicalOrderException>
S05-mass/properties-derived.rakudo.moar 84 - Don't match related <LogicalOrderException>
S05-mass/properties-derived.rakudo.moar 88 - Don't match unrelated <NoncharacterCodePoint>
S05-mass/properties-derived.rakudo.moar 91 - Don't match related <NoncharacterCodePoint>
S05-mass/properties-derived.rakudo.moar 139 - Don't match unrelated <QuotationMark>
S05-mass/properties-derived.rakudo.moar 144 - Don't match negated <Radical>
S05-mass/properties-derived.rakudo.moar 145 - Don't match inverted <Radical>
S05-mass/properties-derived.rakudo.moar 146 - Don't match unrelated <Radical>
S05-mass/properties-derived.rakudo.moar 153 - Don't match unrelated <SoftDotted>
S05-mass/properties-derived.rakudo.moar 156 - Don't match related <SoftDotted>
S05-mass/properties-derived.rakudo.moar 163 - Don't match unrelated <TerminalPunctuation>
S05-mass/properties-derived.rakudo.moar 177 - Don't match unrelated <WhiteSpace>
S05-mass/properties-derived.rakudo.moar 182 - Don't match negated (Lu + Ll + Lt + Lm + Lo + OtherAlphabetic)
S05-mass/properties-derived.rakudo.moar 183 - Don't match inverted (Lu + Ll + Lt + Lm + Lo + OtherAlphabetic)
S05-mass/properties-derived.rakudo.moar 184 - Don't match unrelated (Lu + Ll + Lt + Lm + Lo + OtherAlphabetic)
S05-mass/properties-derived.rakudo.moar 189 - Don't match negated (Ll + OtherLowercase)
S05-mass/properties-derived.rakudo.moar 190 - Don't match inverted (Ll + OtherLowercase)
S05-mass/properties-derived.rakudo.moar 191 - Don't match unrelated (Ll + OtherLowercase)
S05-mass/properties-derived.rakudo.moar 194 - Don't match related (Ll + OtherLowercase)
S05-mass/properties-derived.rakudo.moar 199 - Don't match negated (Lu + OtherUppercase)
S05-mass/properties-derived.rakudo.moar 200 - Don't match inverted (Lu + OtherUppercase)
S05-mass/properties-derived.rakudo.moar 201 - Don't match unrelated (Lu + OtherUppercase)
S05-mass/properties-derived.rakudo.moar 206 - Don't match negated (Sm + OtherMath)
S05-mass/properties-derived.rakudo.moar 207 - Don't match inverted (Sm + OtherMath)
S05-mass/properties-derived.rakudo.moar 208 - Don't match unrelated (Sm + OtherMath)
S05-mass/properties-derived.rakudo.moar 211 - Don't match related (Sm + OtherMath)
S05-mass/properties-derived.rakudo.moar 216 - Don't match negated (Lu + Ll + Lt + Lm + Lo + Nl)
S05-mass/properties-derived.rakudo.moar 217 - Don't match inverted (Lu + Ll + Lt + Lm + Lo + Nl)
S05-mass/properties-derived.rakudo.moar 218 - Don't match unrelated (Lu + Ll + Lt + Lm + Lo + Nl)
S05-mass/properties-derived.rakudo.moar 223 - Don't match negated (ID_Start + Mn + Mc + Nd + Pc)
S05-mass/properties-derived.rakudo.moar 224 - Don't match inverted (ID_Start + Mn + Mc + Nd + Pc)
S05-mass/properties-general.rakudo.moar 2 - empty string has no letter
S05-mass/properties-general.rakudo.moar 20 - Don't match unrelated <Lu> (UppercaseLetter)
S05-mass/properties-general.rakudo.moar 23 - Don't match related <Lu> (UppercaseLetter)
S05-mass/properties-general.rakudo.moar 30 - Don't match unrelated <UppercaseLetter>
S05-mass/properties-general.rakudo.moar 37 - Don't match unrelated <Ll> (LowercaseLetter)
S05-mass/properties-general.rakudo.moar 40 - Don't match related <Ll> (LowercaseLetter)
S05-mass/properties-general.rakudo.moar 47 - Don't match unrelated <LowercaseLetter>
S05-mass/properties-general.rakudo.moar 50 - Don't match related <LowercaseLetter>
S05-mass/properties-general.rakudo.moar 57 - Don't match unrelated <Lt> (TitlecaseLetter)
S05-mass/properties-general.rakudo.moar 60 - Don't match related <Lt> (TitlecaseLetter)
S05-mass/properties-general.rakudo.moar 67 - Don't match unrelated <TitlecaseLetter>
S05-mass/properties-general.rakudo.moar 74 - Don't match unrelated <Lm> (ModifierLetter)
S05-mass/properties-general.rakudo.moar 77 - Don't match related <Lm> (ModifierLetter)
S05-mass/properties-general.rakudo.moar 84 - Don't match unrelated <ModifierLetter>
S05-mass/properties-general.rakudo.moar 91 - Don't match unrelated <Lo> (OtherLetter)
S05-mass/properties-general.rakudo.moar 94 - Don't match related <Lo> (OtherLetter)
S05-mass/properties-general.rakudo.moar 118 - Don't match unrelated <M> (Mark)
S05-mass/properties-general.rakudo.moar 125 - Don't match unrelated <Mark>
S05-mass/properties-general.rakudo.moar 132 - Don't match unrelated <Mn> (NonspacingMark)
S05-mass/properties-general.rakudo.moar 135 - Don't match related <Mn> (NonspacingMark)
S05-mass/properties-general.rakudo.moar 142 - Don't match unrelated <NonspacingMark>
S05-mass/properties-general.rakudo.moar 149 - Don't match unrelated <Mc> (SpacingMark)
S05-mass/properties-general.rakudo.moar 152 - Don't match related <Mc> (SpacingMark)
S05-mass/properties-general.rakudo.moar 159 - Don't match unrelated <SpacingMark>
S05-mass/properties-general.rakudo.moar 166 - Don't match unrelated <Me> (EnclosingMark)
S05-mass/properties-general.rakudo.moar 169 - Don't match related <Me> (EnclosingMark)
S05-mass/properties-general.rakudo.moar 176 - Don't match unrelated <EnclosingMark>
S05-mass/properties-general.rakudo.moar 183 - Don't match unrelated <N> (Number)
S05-mass/properties-general.rakudo.moar 190 - Don't match unrelated <Number>
S05-mass/properties-general.rakudo.moar 197 - Don't match unrelated <Nd> (DecimalNumber)
S05-mass/properties-general.rakudo.moar 200 - Don't match related <Nd> (DecimalNumber)
S05-mass/properties-general.rakudo.moar 207 - Don't match unrelated <DecimalNumber>
S05-mass/properties-general.rakudo.moar 214 - Don't match unrelated <Nl> (LetterNumber)
S05-mass/properties-general.rakudo.moar 217 - Don't match related <Nl> (LetterNumber)
S05-mass/properties-general.rakudo.moar 224 - Don't match unrelated <LetterNumber>
S05-mass/properties-general.rakudo.moar 227 - Don't match related <LetterNumber>
S05-mass/properties-general.rakudo.moar 234 - Don't match unrelated <No> (OtherNumber)
S05-mass/properties-general.rakudo.moar 237 - Don't match related <No> (OtherNumber)
S05-mass/properties-general.rakudo.moar 244 - Don't match unrelated <OtherNumber>
S05-mass/properties-general.rakudo.moar 251 - Don't match unrelated <P> (Punctuation)
S05-mass/properties-general.rakudo.moar 258 - Don't match unrelated <Punctuation>
S05-mass/properties-general.rakudo.moar 265 - Don't match unrelated <Pc> (ConnectorPunctuation)
S05-mass/properties-general.rakudo.moar 268 - Don't match related <Pc> (ConnectorPunctuation)
S05-mass/properties-general.rakudo.moar 275 - Don't match unrelated <ConnectorPunctuation>
S05-mass/properties-general.rakudo.moar 282 - Don't match unrelated <Pd> (DashPunctuation)
S05-mass/properties-general.rakudo.moar 285 - Don't match related <Pd> (DashPunctuation)
S05-mass/properties-general.rakudo.moar 292 - Don't match unrelated <DashPunctuation>
S05-mass/properties-general.rakudo.moar 299 - Don't match unrelated <Ps> (OpenPunctuation)
S05-mass/properties-general.rakudo.moar 302 - Don't match related <Ps> (OpenPunctuation)
S05-mass/properties-general.rakudo.moar 309 - Don't match unrelated <OpenPunctuation>
S05-mass/properties-general.rakudo.moar 316 - Don't match unrelated <Pe> (ClosePunctuation)
S05-mass/properties-general.rakudo.moar 319 - Don't match related <Pe> (ClosePunctuation)
S05-mass/properties-general.rakudo.moar 326 - Don't match unrelated <ClosePunctuation>
S05-mass/properties-general.rakudo.moar 333 - Don't match unrelated <Pi> (InitialPunctuation)
S05-mass/properties-general.rakudo.moar 336 - Don't match related <Pi> (InitialPunctuation)
S05-mass/properties-general.rakudo.moar 343 - Don't match unrelated <InitialPunctuation>
S05-mass/properties-general.rakudo.moar 350 - Don't match unrelated <Pf> (FinalPunctuation)
S05-mass/properties-general.rakudo.moar 353 - Don't match related <Pf> (FinalPunctuation)
S05-mass/properties-general.rakudo.moar 360 - Don't match unrelated <FinalPunctuation>
S05-mass/properties-general.rakudo.moar 367 - Don't match unrelated <Po> (OtherPunctuation)
S05-mass/properties-general.rakudo.moar 370 - Don't match related <Po> (OtherPunctuation)
S05-mass/properties-general.rakudo.moar 377 - Don't match unrelated <OtherPunctuation>
S05-mass/properties-general.rakudo.moar 384 - Don't match unrelated <S> (Symbol)
S05-mass/properties-general.rakudo.moar 391 - Don't match unrelated <Symbol>
S05-mass/properties-general.rakudo.moar 398 - Don't match unrelated <Sm> (MathSymbol)
S05-mass/properties-general.rakudo.moar 401 - Don't match related <Sm> (MathSymbol)
S05-mass/properties-general.rakudo.moar 408 - Don't match unrelated <MathSymbol>
S05-mass/properties-general.rakudo.moar 411 - Don't match related <MathSymbol>
S05-mass/properties-general.rakudo.moar 418 - Don't match unrelated <Sc> (CurrencySymbol)
S05-mass/properties-general.rakudo.moar 421 - Don't match related <Sc> (CurrencySymbol)
S05-mass/properties-general.rakudo.moar 428 - Don't match unrelated <CurrencySymbol>
S05-mass/properties-general.rakudo.moar 435 - Don't match unrelated <Sk> (ModifierSymbol)
S05-mass/properties-general.rakudo.moar 438 - Don't match related <Sk> (ModifierSymbol)
S05-mass/properties-general.rakudo.moar 445 - Don't match unrelated <ModifierSymbol>
S05-mass/properties-general.rakudo.moar 448 - Don't match related <ModifierSymbol>
S05-mass/properties-general.rakudo.moar 455 - Don't match unrelated <So> (OtherSymbol)
S05-mass/properties-general.rakudo.moar 458 - Don't match related <So> (OtherSymbol)
S05-mass/properties-general.rakudo.moar 465 - Don't match unrelated <OtherSymbol>
S05-mass/properties-general.rakudo.moar 472 - Don't match unrelated <Z> (Separator)
S05-mass/properties-general.rakudo.moar 479 - Don't match unrelated <Separator>
S05-mass/properties-general.rakudo.moar 482 - Don't match related <Separator>
S05-mass/properties-general.rakudo.moar 489 - Don't match unrelated <Zs> (SpaceSeparator)
S05-mass/properties-general.rakudo.moar 492 - Don't match related <Zs> (SpaceSeparator)
S05-mass/properties-general.rakudo.moar 499 - Don't match unrelated <SpaceSeparator>
S05-mass/properties-general.rakudo.moar 502 - Don't match related <SpaceSeparator>
S05-mass/properties-general.rakudo.moar 509 - Don't match unrelated <Zl> (LineSeparator)
S05-mass/properties-general.rakudo.moar 512 - Don't match related <Zl> (LineSeparator)
S05-mass/properties-general.rakudo.moar 519 - Don't match unrelated <LineSeparator>
S05-mass/properties-general.rakudo.moar 522 - Don't match related <LineSeparator>
S05-mass/properties-general.rakudo.moar 529 - Don't match unrelated <Zp> (ParagraphSeparator)
S05-mass/properties-general.rakudo.moar 532 - Don't match related <Zp> (ParagraphSeparator)
S05-mass/properties-general.rakudo.moar 539 - Don't match unrelated <ParagraphSeparator>
S05-mass/properties-general.rakudo.moar 542 - Don't match related <ParagraphSeparator>
S05-mass/properties-general.rakudo.moar 549 - Don't match unrelated <C> (Other)
S05-mass/properties-general.rakudo.moar 556 - Don't match unrelated <Other>
S05-mass/properties-general.rakudo.moar 563 - Don't match unrelated <Cc> (Control)
S05-mass/properties-general.rakudo.moar 566 - Don't match related <Cc> (Control)
S05-mass/properties-general.rakudo.moar 573 - Don't match unrelated <Control>
S05-mass/properties-general.rakudo.moar 576 - Don't match related <Control>
S05-mass/properties-general.rakudo.moar 583 - Don't match unrelated <Cf> (Format)
S05-mass/properties-general.rakudo.moar 593 - Don't match unrelated <Format>
S05-mass/properties-script.rakudo.moar 39 - Don't match unrelated <Arabic>
S05-mass/properties-script.rakudo.moar 46 - Don't match unrelated <Armenian>
S05-mass/properties-script.rakudo.moar 53 - Don't match unrelated <Bengali>
S05-mass/properties-script.rakudo.moar 60 - Don't match unrelated <Bopomofo>
S05-mass/properties-script.rakudo.moar 67 - Don't match unrelated <Buhid>
S05-mass/properties-script.rakudo.moar 74 - Don't match unrelated <Canadian_Aboriginal>
S05-mass/properties-script.rakudo.moar 77 - Don't match related <Canadian_Aboriginal>
S05-mass/properties-script.rakudo.moar 84 - Don't match unrelated <Cherokee>
S05-mass/properties-script.rakudo.moar 87 - Don't match related <Cherokee>
S05-mass/properties-script.rakudo.moar 94 - Don't match unrelated <Cyrillic>
S05-mass/properties-script.rakudo.moar 97 - Don't match related <Cyrillic>
S05-mass/properties-script.rakudo.moar 101 - Don't match unrelated <Deseret>
S05-mass/properties-script.rakudo.moar 107 - Don't match unrelated <Devanagari>
S05-mass/properties-script.rakudo.moar 114 - Don't match unrelated <Ethiopic>
S05-mass/properties-script.rakudo.moar 121 - Don't match unrelated <Georgian>
S05-mass/properties-script.rakudo.moar 125 - Don't match unrelated <Gothic>
S05-mass/properties-script.rakudo.moar 131 - Don't match unrelated <Greek>
S05-mass/properties-script.rakudo.moar 138 - Don't match unrelated <Gujarati>
S05-mass/properties-script.rakudo.moar 145 - Don't match unrelated <Gurmukhi>
S05-mass/properties-script.rakudo.moar 152 - Don't match unrelated <Han>
S05-mass/properties-script.rakudo.moar 159 - Don't match unrelated <Hangul>
S05-mass/properties-script.rakudo.moar 166 - Don't match unrelated <Hanunoo>
S05-mass/properties-script.rakudo.moar 173 - Don't match unrelated <Hebrew>
S05-mass/properties-script.rakudo.moar 180 - Don't match unrelated <Hiragana>
S05-mass/properties-script.rakudo.moar 187 - Don't match unrelated <Inherited>
S05-mass/properties-script.rakudo.moar 194 - Don't match unrelated <Kannada>
S05-mass/properties-script.rakudo.moar 201 - Don't match unrelated <Katakana>
S05-mass/properties-script.rakudo.moar 208 - Don't match unrelated <Khmer>
S05-mass/properties-script.rakudo.moar 215 - Don't match unrelated <Lao>
S05-mass/properties-script.rakudo.moar 218 - Don't match related <Lao>
S05-mass/properties-script.rakudo.moar 225 - Don't match unrelated <Latin>
S05-mass/properties-script.rakudo.moar 228 - Don't match related <Latin>
S05-mass/properties-script.rakudo.moar 235 - Don't match unrelated <Malayalam>
S05-mass/properties-script.rakudo.moar 238 - Don't match related <Malayalam>
S05-mass/properties-script.rakudo.moar 245 - Don't match unrelated <Mongolian>
S05-mass/properties-script.rakudo.moar 248 - Don't match related <Mongolian>
S05-mass/properties-script.rakudo.moar 255 - Don't match unrelated <Myanmar>
S05-mass/properties-script.rakudo.moar 258 - Don't match related <Myanmar>
S05-mass/properties-script.rakudo.moar 265 - Don't match unrelated <Ogham>
S05-mass/properties-script.rakudo.moar 269 - Don't match unrelated <Old_Italic>
S05-mass/properties-script.rakudo.moar 275 - Don't match unrelated <Oriya>
S05-mass/properties-script.rakudo.moar 282 - Don't match unrelated <Runic>
S05-mass/properties-script.rakudo.moar 289 - Don't match unrelated <Sinhala>
S05-mass/properties-script.rakudo.moar 292 - Don't match related <Sinhala>
S05-mass/properties-script.rakudo.moar 299 - Don't match unrelated <Syriac>
S05-mass/properties-script.rakudo.moar 302 - Don't match related <Syriac>
S05-mass/properties-script.rakudo.moar 309 - Don't match unrelated <Tagalog>
S05-mass/properties-script.rakudo.moar 316 - Don't match unrelated <Tagbanwa>
S05-mass/properties-script.rakudo.moar 323 - Don't match unrelated <Tamil>
S05-mass/properties-script.rakudo.moar 330 - Don't match unrelated <Telugu>
S05-mass/properties-script.rakudo.moar 337 - Don't match unrelated <Thaana>
S05-mass/properties-script.rakudo.moar 344 - Don't match unrelated <Thai>
S05-mass/properties-script.rakudo.moar 351 - Don't match unrelated <Tibetan>
S05-mass/properties-script.rakudo.moar 358 - Don't match unrelated <Yi>
S05-mass/rx.rakudo.moar 738 - undefined captures do not match
S05-mass/stdrules.rakudo.moar 185 - ^<at(1) fails
S05-match/capturing-contexts.rakudo.moar aborted 24 test(s)
S05-metachars/newline.t 13 - not NEL
S05-metasyntax/charset.rakudo.moar 38 - ... does not match outside its range
S05-metasyntax/charset.rakudo.moar 39 - Can match empty string against char class
S05-metasyntax/charset.rakudo.moar 40 - char excluded from class
S05-metasyntax/interpolating-closure.rakudo.moar 6 - ... gives the right match
S05-metasyntax/litvar.t 12 - Simple array interpolation (d)
S05-metasyntax/litvar.t aborted 1 test(s)
S05-metasyntax/longest-alternative.rakudo.moar 16 - Longest alternative wins 1
S05-metasyntax/longest-alternative.rakudo.moar 18 - Longest alternative wins 2
S05-modifier/counted.rakudo.moar 117 - substitute 7x
S05-modifier/ignorecase.rakudo.moar 15 - interpolation: no match without :i
S05-modifier/ignorecase.rakudo.moar 23 - ignore case of character classes
S05-modifier/ignorecase.rakudo.moar 24 - ignore case of character classes
S05-modifier/perl5_5.rakudo.moar 3 - re_tests 613/1 (797)
S05-modifier/perl5_5.rakudo.moar 5 - re_tests 617/1 (801)
S05-modifier/perl5_5.rakudo.moar 7 - re_tests 621/1 (805)
S05-modifier/perl5_5.rakudo.moar 9 - re_tests 625/1 (809)
S05-modifier/repetition.rakudo.moar 2 - :2x (repetition) modifier (-)
S05-modifier/repetition.rakudo.moar 4 - :2x (repetition) modifier (-)
S05-substitution/match.t 4 - .. works as ~~ matching 'hello' with /a/
S05-substitution/match.t 5 - .. works as ~~ matching 'hello' with /b/
S05-substitution/match.t 6 - .. works as ~~ matching 'hello' with /c/
S05-substitution/match.t 7 - .. works as ~~ matching 'hello' with /d/
S05-substitution/match.t 8 - .. works as ~~ matching 'hello' with /e/
S05-substitution/match.t 9 - .. works as ~~ matching 'hello' with /f/
S05-substitution/subst.rakudo.moar 10 - .. and do nifty things in closures
S05-substitution/subst.rakudo.moar 87 - s[...] = ... returns false on failure
S05-substitution/subst.rakudo.moar 110 - s:nth(6) return value
S06-advanced/callframe.rakudo.moar 2 - callframe().line
S06-macros/opaque-ast.rakudo.moar aborted 7 test(s)
S06-macros/quasi-blocks.t aborted 12 test(s)
S06-macros/unquoting.t aborted 10 test(s)
S06-multi/redispatch.t 10 - nextsame in main block dies due to lack of dispatcher
S06-multi/type-based.rakudo.moar aborted 53 test(s)
S06-operator-overloading/sub.rakudo.moar 45 - 
S06-operator-overloading/sub.rakudo.moar 46 - 
S06-operator-overloading/sub.rakudo.moar 47 - 
S06-operator-overloading/sub.rakudo.moar 48 - 
S06-operator-overloading/workout.t passed 1 unplanned test(s)
S06-other/introspection.t 7 - you can invoke through introspection
S06-other/main-usage.rakudo.moar 5 - --help option sends auto-generated USAGE message to $*OUT
S06-other/main-usage.rakudo.moar 6 - boolean option +
S06-other/main-usage.rakudo.moar 8 - option with value
S06-other/main-usage.rakudo.moar 9 - named alias (inner name)
S06-other/main-usage.rakudo.moar 10 - named alias (outer name)
S06-other/main-usage.rakudo.moar 12 - Bool option followed by positional value
S06-other/main-usage.rakudo.moar 20 - superfluous options trigger usage message
S06-signature/errors.t 10 - 
S06-signature/types.t 4 - type check forbids bad return
S06-signature/types.t 6 - type check forbids bad  implicitreturn
S09-hashes/objecthash.rakudo.moar 8 - value type mismatch
S09-hashes/objecthash.rakudo.moar 11 - .values
S09-hashes/objecthash.rakudo.moar 13 - .kv types (2)
S09-hashes/objecthash.rakudo.moar 15 - .pairs.value type
S09-hashes/objecthash.rakudo.moar 21 - Hash.push fails when the resulting array conflicts with the type check
S09-hashes/objecthash.rakudo.moar 24 - Hash.push value type check failure
S09-typed-arrays/arrays.rakudo.moar 29 - can not assign values of the wrong type
S09-typed-arrays/arrays.rakudo.moar 30 - can not assign range of the wrong type
S09-typed-arrays/arrays.rakudo.moar 33 - can not assign values of wrong type to a slice
S09-typed-arrays/arrays.rakudo.moar 36 - can not assign values of the wrong type
S09-typed-arrays/arrays.rakudo.moar 37 - can not assign range of the wrong type
S09-typed-arrays/arrays.rakudo.moar 40 - can not assign values of wrong type to a slice
S09-typed-arrays/arrays.rakudo.moar 47 - inner array enforces the type constraint
S09-typed-arrays/arrays.rakudo.moar 54 - type check Positional of Int prevents untyped array to be returned explicitly
S09-typed-arrays/arrays.rakudo.moar 55 - type check Positional of Int prevents untyped array to be returned implicitly
S09-typed-arrays/arrays.rakudo.moar 56 - type check Positional of Int prevents incorrectly typed array to be returned explicitly
S09-typed-arrays/arrays.rakudo.moar 57 - type check Positional of Int prevents incorrectly typed array to be returned implicitly
S09-typed-arrays/hashes.t 13 - Can't assign to hash item
S09-typed-arrays/hashes.t 14 - prevent mismatched hash slice
S09-typed-arrays/hashes.t 15 - Type constraint prevents autovivification
S09-typed-arrays/hashes.t 16 - Make sure autovivication did not happen
S09-typed-arrays/hashes.t 18 - initialization of typed hash type checked (of Int)
S09-typed-arrays/hashes.t 20 - Can't assign wrongly typed value to typed hash element (of Int)
S12-attributes/instance.rakudo.moar 103 - type enforced on array attrib (assignment)
S12-attributes/instance.rakudo.moar 104 - type enforced on array attrib (item assignment)
S12-attributes/instance.rakudo.moar 106 - no autovivification (typed array)
S12-attributes/instance.rakudo.moar 114 - Type enforced (hash, insertion)
S12-attributes/instance.rakudo.moar 115 - Type enforced (hash, push)
S12-attributes/instance.rakudo.moar 116 - No autovivification (typed hash)
S12-enums/basic.rakudo.moar 25 - enum as a type enforces checks
S12-enums/pseudo-functional.t 11 - 8 does not match day
S12-subset/subtypes.rakudo.moar 9 - objects of Int::Odd don't get even
S12-subset/subtypes.rakudo.moar 16 - setting a Int::Even to an odd value dies
S12-subset/subtypes.rakudo.moar 22 - negative test also works
S12-subset/subtypes.rakudo.moar 23 - variable kept previous value
S12-subset/subtypes.rakudo.moar 24 - changed subtype definition worked
S12-subset/subtypes.rakudo.moar 26 - where /regex/ works (negative)
S12-subset/subtypes.rakudo.moar 32 - parameter in subtype is read-only...
S12-subset/subtypes.rakudo.moar 34 - Even $x can not be ++ed
S12-subset/subtypes.rakudo.moar 35 - ..and the value was preserved
S12-subset/subtypes.rakudo.moar 36 - Even $x can not be --ed
S12-subset/subtypes.rakudo.moar 39 - violating first condition barfs
S12-subset/subtypes.rakudo.moar 40 - violating second condition barfs
S12-subset/subtypes.rakudo.moar 50 - subset type is enforced as attribute in new() (1)
S12-subset/subtypes.rakudo.moar 52 - my subset type is enforced as attribute in new() (1)
S12-subset/subtypes.rakudo.moar 55 - level one subset check is false
S12-subset/subtypes.rakudo.moar 58 - overall subset check is false
S12-subset/subtypes.rakudo.moar 67 - subsets of roles (1)
S14-roles/anonymous.rakudo.moar 7 - anonymous role variable mixin
S14-roles/anonymous.rakudo.moar 9 - anonymous role variable gave us an attribute
S14-roles/basic.rakudo.moar 23 - type-check enforced
S14-roles/basic.rakudo.moar 24 - type-check enforced in future assignments too
S14-roles/basic.rakudo.moar 29 - typed attribute rejects things it should
S14-roles/basic.rakudo.moar 30 - typed attribute rejects things it should
S14-roles/parameter-subtyping.t 20 - type constraints enforced properly
S14-roles/parameterized-basic.t aborted 32 test(s)
S14-roles/parameterized-type.rakudo.moar 2 - using of as type constraint on variable works (class does role)
S14-roles/parameterized-type.rakudo.moar 4 - using of as type constraint on variable works (role instantiation)
S14-roles/parameterized-type.rakudo.moar 10 - roles parameterized with themselves as type constraints
S14-roles/parameterized-type.rakudo.moar 12 - roles parameterized with themselves as type constraints
S14-roles/parameterized-type.rakudo.moar aborted 17 test(s)
S14-traits/routines.rakudo.moar aborted 5 test(s)
S16-filehandles/filetest.rakudo.moar 12 - ~~:f returns false on directories
S16-filehandles/filetest.rakudo.moar 25 - ~~:s returns false on non-existent files
S16-filehandles/filetest.rakudo.moar 26 - ~~:z returns false on existent files
S16-filehandles/filetest.rakudo.moar 27 - ~~:z returns false on non-existent files
S16-filehandles/filetest.rakudo.moar 28 - ~~:z returns false on directories
S16-filehandles/io.rakudo.moar 76 - ... and the tempfile is gone, really
S16-filehandles/mkdir_rmdir.rakudo.moar 1 - mkdir-t-testfile-0 does not currently exist
S16-filehandles/mkdir_rmdir.rakudo.moar 11 - mkdir-t-testfile-0/green no longer exists
S16-filehandles/mkdir_rmdir.rakudo.moar 14 - mkdir-t-testfile-0 no longer exists
S16-io/getc.t aborted 1 test(s)
S16-io/tmpdir.t 1 - The object is-a 'IO::Path'
S16-io/tmpdir.t 3 - $*TMPDIR.gist works
S26-documentation/06-lists.t 11 - 
S29-context/die.rakudo.moar 14 - die with no output
S29-context/die.rakudo.moar 15 - say something and die
S29-context/exit.t 2 - exit 5; works
S29-context/exit.t 3 - try-block does not catch exit exceptions
S29-conversions/ord_and_chr.rakudo.moar 248 - chr of surrogate
S29-conversions/ord_and_chr.rakudo.moar 249 - chr of noncharacter
S29-conversions/ord_and_chr.rakudo.moar 250 - chr of noncharacter
S29-conversions/ord_and_chr.rakudo.moar 251 - chr out of range
S29-conversions/ord_and_chr.rakudo.moar 253 - ord of named high character
S29-os/system.rakudo.moar aborted 5 test(s)
S32-array/exists-adverb.t 44 - Test exists:k,   invalid combo
S32-array/exists-adverb.t 45 - Test exists:!k,  invalid combo
S32-array/exists-adverb.t 46 - Test !exists:k,  invalid combo
S32-array/exists-adverb.t 47 - Test !exists:!k, invalid combo
S32-array/exists-adverb.t 48 - Test exists:v,   invalid combo
S32-array/exists-adverb.t 49 - Test exists:!v,  invalid combo
S32-array/exists-adverb.t 50 - Test !exists:v,  invalid combo
S32-array/exists-adverb.t 51 - Test !exists:!v, invalid combo
S32-array/splice.rakudo.moar 36 - negative offset dies
S32-array/splice.rakudo.moar 37 - negative size dies
S32-exceptions/misc.rakudo.moar 466 - right exception type (X::Phaser::PrePost)
S32-exceptions/misc.rakudo.moar passed 468 unplanned test(s)
S32-hash/exists-adverb.t 38 - Test exists:k,   invalid combo
S32-hash/exists-adverb.t 39 - Test exists:!k,  invalid combo
S32-hash/exists-adverb.t 40 - Test !exists:k,  invalid combo
S32-hash/exists-adverb.t 41 - Test !exists:!k, invalid combo
S32-hash/exists-adverb.t 42 - Test exists:v,   invalid combo
S32-hash/exists-adverb.t 43 - Test exists:!v,  invalid combo
S32-hash/exists-adverb.t 44 - Test !exists:v,  invalid combo
S32-hash/exists-adverb.t 45 - Test !exists:!v, invalid combo
S32-io/copy.t 8 - .IO.copy missing file
S32-io/copy.t 9 - It doesn't
S32-io/copy.t 21 - It doesn't
S32-io/dir.t aborted 12 test(s)
S32-io/file-tests.t 7 - It doesn't
S32-io/io-spec-win.t aborted 20 test(s)
S32-io/slurp.t 15 - iso-8859-1 makes mojibake correctly
S32-io/spurt.t 8 - createonly with Buf fails if file exists
S32-io/spurt.t 11 - createonly with text fails if file exists
S32-io/spurt.t 19 - createonly with Buf fails if file exists
S32-io/spurt.t 22 - createonly with text fails if file exists
S32-io/spurt.t 28 - IO::Handle :createonly dies
S32-list/roll.t aborted 1 test(s)
S32-num/exp.t 26 - 1/2 is correct
S32-num/int.rakudo.moar 14 - (-3.14159265).Int is -3
S32-num/int.rakudo.moar 21 - (-0.999).Int is 0
S32-num/int.rakudo.moar 22 - (-0.51).Int is 0
S32-num/int.rakudo.moar 23 - (-0.5).Int is 0
S32-num/int.rakudo.moar 24 - (-0.49).Int is 0
S32-num/int.rakudo.moar 25 - (-0.1).Int is 0
S32-num/int.rakudo.moar 32 - int(-1.999) is -1
S32-num/int.rakudo.moar 33 - int(-1.51) is -1
S32-num/int.rakudo.moar 34 - int(-1.5) is -1
S32-num/int.rakudo.moar 35 - int(-1.49) is -1
S32-num/int.rakudo.moar 36 - int(-1.1) is -1
S32-num/int.rakudo.moar 53 - int('-1.999') is -1
S32-num/int.rakudo.moar 80 - integral value for -99.99 is -99
S32-num/power.rakudo.moar 11 - -1 ** 4553535345364535345634543534 == 1
S32-num/power.rakudo.moar 12 - -1 ** 4553535345364535345634543534 == -1
S32-num/power.rakudo.moar 13 - 2 ** 4553535345364535345634543534 == Inf
S32-num/power.rakudo.moar 14 - -2 ** 4553535345364535345634543534 == Inf
S32-num/power.rakudo.moar 15 - -2 ** 4553535345364535345634543534 == -Inf
S32-num/rat.rakudo.moar 823 - Rat.Rat yields correct Rat
S32-num/rounders.t 28 - ceiling(-0.1) == 0
S32-num/rounders.t 30 - ceiling(-5.9) == -5
S32-num/rounders.t 31 - ceiling(-0.5) == 0
S32-num/rounders.t 38 - floor(-0.1) == -1
S32-num/rounders.t 40 - floor(-5.9) == -6
S32-num/rounders.t 41 - floor(-0.5) == -1
S32-num/rounders.t 50 - round(-5.9) == -6
S32-num/rounders.t 58 - truncate(-0.1) == 0
S32-num/rounders.t 60 - truncate(-5.9) == -5
S32-num/rounders.t 61 - truncate(-0.5) == 0
S32-num/rounders.t 68 - (-0.1).ceiling == 0
S32-num/rounders.t 70 - (-5.9).ceiling == -5
S32-num/rounders.t 71 - (-0.5).ceiling == 0
S32-num/rounders.t 78 - (-0.1).floor == -1
S32-num/rounders.t 80 - (-5.9).floor == -6
S32-num/rounders.t 81 - (-0.5).floor == -1
S32-num/rounders.t 90 - (-5.9).round == -6
S32-num/rounders.t 98 - (-0.1).truncate == 0
S32-num/rounders.t 100 - (-5.9).truncate == -5
S32-num/rounders.t 101 - (-0.5).truncate == 0
S32-str/capitalize.rakudo.moar 2 - wordcase('...') works
S32-str/capitalize.rakudo.moar 3 - '...'.wordcase works
S32-str/capitalize.rakudo.moar 4 - wordcase works properly with apostrophes
S32-str/capitalize.rakudo.moar 5 - wordcase works properly with apostrophes and dashes
S32-str/capitalize.rakudo.moar 7 - wordcase string works
S32-str/capitalize.rakudo.moar 9 - wordcase string works
S32-str/capitalize.rakudo.moar 11 - works on ordinary string
S32-str/capitalize.rakudo.moar 12 - wordcase() uses \$_ as default
S32-str/capitalize.rakudo.moar 13 - wordcase() works on non-ASCII chars
S32-str/encode.rakudo.moar 6 - indexing a utf8 gives correct value (1)
S32-str/encode.rakudo.moar 7 - indexing a utf8 gives correct value (1)
S32-str/encode.rakudo.moar 20 - indexing a utf16 gives correct value
S32-str/encode.rakudo.moar 21 - indexing a utf16 gives correct value
S32-str/encode.rakudo.moar 22 - decoding utf16 Buf to original value
S32-str/indent.rakudo.moar aborted 21 test(s)
S32-str/lc.t 13 - lower-casing of greek Sigma respects word-final special case
S32-str/sprintf.rakudo.moar 54 - %d works for negative big Rats
S32-str/sprintf.rakudo.moar 56 - %d works for negative big FatRats
S32-str/sprintf.rakudo.moar 58 - %b works for negative big Rats
S32-str/sprintf.rakudo.moar 60 - %o works for negative big Rats
S32-str/sprintf.rakudo.moar 62 - %x works for negative big Rats
S32-str/sprintf.rakudo.moar 64 - %X works for negative big Rats
S32-str/sprintf.rakudo.moar 138 - RT #118601
S32-str/sprintf.rakudo.moar 142 - RT 116280
S32-str/sprintf.rakudo.moar 143 - RT 116280
S32-str/sprintf.rakudo.moar 144 - RT 116280
S32-str/substr.rakudo.moar 25 - .substr.wordcase on literal string
S32-str/substr.rakudo.moar 49 - .substr.wordcase on literal string (substr(Int, StrLen)).
S32-str/substr.rakudo.moar 86 - .substr.wordcase on literal string (substr(Int, StrPos)).
S32-str/tclc.t 3 - tclc and German sharp s
S32-str/uc.rakudo.moar 10 - uc() of non-ascii chars may result in two chars
S32-temporal/DateTime-Instant-Duration.rakudo.moa 17 - Instant subtraction (time zones)
S32-temporal/DateTime-Instant-Duration.rakudo.moa 19 - Instant subtraction (leap second and time zones)
S32-temporal/DateTime-Instant-Duration.rakudo.moa 20 - Instant subtraction (thirty-year span)
S32-temporal/DateTime-Instant-Duration.rakudo.moa 32 - DateTime.new(Instant) with time zone and formatter
S32-temporal/DateTime.rakudo.moar 6 - Must provide arguments to DateTime
S32-temporal/DateTime.rakudo.moar 63 - Leap-second validation: Okay because of TZ; January 1
S32-temporal/DateTime.rakudo.moar 67 - Leap-second validation: Okay because of TZ; January 1 (second 60.9)
S32-temporal/DateTime.rakudo.moar 83 - DateTime.new(Int) with time zone and formatter
S32-temporal/DateTime.rakudo.moar 125 - DateTime.in-timezone (subtracting hours)
S32-temporal/DateTime.rakudo.moar 128 - DateTime.in-timezone (+ hours to - hours)
S32-temporal/DateTime.rakudo.moar 129 - DateTime.in-timezone (decreasing negative hours)
S32-temporal/DateTime.rakudo.moar 131 - DateTime.in-timezone (negative seconds)
S32-temporal/DateTime.rakudo.moar 132 - DateTime.in-timezone (hour rollover 1)
S32-temporal/DateTime.rakudo.moar 134 - DateTime.in-timezone (hours and minutes)
S32-temporal/DateTime.rakudo.moar 135 - DateTime.in-timezone (hours, minutes, and seconds)
S32-temporal/DateTime.rakudo.moar 136 - DateTime.in-timezone (one-day rollover)
S32-temporal/DateTime.rakudo.moar 138 - DateTime.in-timezone (year rollover)
S32-temporal/DateTime.rakudo.moar 140 - DateTime.in-timezone (big rollover)
S32-temporal/DateTime.rakudo.moar 191 - subtracting 14 minutes, overflowing to hours
S32-temporal/DateTime.rakudo.moar 194 - subtracting 14 horus, overflowing to days
integration/99problems-21-to-30.rakudo.moar 15 - ..or according to frequency of length of sublists
integration/advent2009-day08.t aborted 8 test(s)
integration/advent2009-day13.t 9 - 'testing' ~~ /x/ & /s/ & /g/
integration/advent2009-day13.t 12 - 'testing' ~~ /x/ | /y/ | /z/
integration/advent2009-day14.t 13 - 
integration/advent2009-day14.t 18 - 
integration/error-reporting.t 1 - Parse error contains line number
integration/error-reporting.t 2 - Runtime error contains line number
integration/error-reporting.t 3 - Method not found error mentions method name and line number
integration/error-reporting.t 4 - got the right line number for nonexisting sub inside another sub
integration/error-reporting.t 5 - non-existing subroutine is caught before run time
integration/error-reporting.t 8 - got the right line number for accessors
integration/error-reporting.t 11 - warning reports correct line number and subroutine
integration/error-reporting.t 12 - END phasers are run after die()
integration/error-reporting.t 13 - correct line number reported for assignment to non-variable
integration/role-composition-vs-attribute.rakudo. aborted 10 test(s)
integration/weird-errors.t 7 - Typed, non-internal exception
note: test_summary.pl @syn does not have ros
