/usr/bin/perl t/spec/fudgeall rakudo.parrot t/spec/S01-perl-5-integration/basic.t t/spec/S02-lexical-conventions/begin_end_pod.t t/spec/S02-lexical-conventions/bom.t t/spec/S02-lexical-conventions/comments.t t/spec/S02-lexical-conventions/end-pod.t t/spec/S02-lexical-conventions/minimal-whitespace.t t/spec/S02-lexical-conventions/one-pass-parsing.t t/spec/S02-lexical-conventions/pod-in-multi-line-exprs.t t/spec/S02-lexical-conventions/sub-block-parsing.t t/spec/S02-lexical-conventions/unicode.t t/spec/S02-lexical-conventions/unicode-whitespace.t t/spec/S02-lexical-conventions/unspace.t t/spec/S02-lists/tree.t t/spec/S02-literals/array-interpolation.t t/spec/S02-literals/autoref.t t/spec/S02-literals/char-by-name.t t/spec/S02-literals/char-by-number.t t/spec/S02-literals/fmt-interpolation.t t/spec/S02-literals/hash-interpolation.t t/spec/S02-literals/heredocs.t t/spec/S02-literals/hex_chars.t t/spec/S02-literals/listquote.t t/spec/S02-literals/listquote-whitespace.t t/spec/S02-literals/misc-interpolation.t t/spec/S02-literals/numeric.t t/spec/S02-literals/pair-boolean.t t/spec/S02-literals/pairs.t t/spec/S02-literals/quoting.t t/spec/S02-literals/quoting-unicode.t t/spec/S02-literals/radix.t t/spec/S02-literals/string-interpolation.t t/spec/S02-literals/sub-calls.t t/spec/S02-literals/subscript.t t/spec/S02-literals/types.t t/spec/S02-literals/underscores.t t/spec/S02-literals/version.t t/spec/S02-magicals/78258.t t/spec/S02-magicals/args.t t/spec/S02-magicals/config.t t/spec/S02-magicals/dollar_bang.t t/spec/S02-magicals/dollar-underscore.t t/spec/S02-magicals/env.t t/spec/S02-magicals/file_line.t t/spec/S02-magicals/pid.t t/spec/S02-magicals/progname.t t/spec/S02-magicals/sub.t t/spec/S02-magicals/vm.t t/spec/S02-names/bare-sigil.t t/spec/S02-names/caller.t t/spec/S02-names/identifier.t t/spec/S02-names/indirect.t t/spec/S02-names/is_default.t t/spec/S02-names/is_dynamic.t t/spec/S02-names/name.t t/spec/S02-names/our.t t/spec/S02-names/pseudo.t t/spec/S02-names/symbolic-deref.t t/spec/S02-names-vars/contextual.t t/spec/S02-names-vars/fmt.t t/spec/S02-names-vars/list_array_perl.t t/spec/S02-names-vars/names.t t/spec/S02-names-vars/perl.t t/spec/S02-names-vars/signature.t t/spec/S02-names-vars/variables-and-packages.t t/spec/S02-names-vars/varnames.t t/spec/S02-one-pass-parsing/less-than.t t/spec/S02-packages/package-lookup.t t/spec/S02-types/anon_block.t t/spec/S02-types/array_extending.t t/spec/S02-types/array_ref.t t/spec/S02-types/array.t t/spec/S02-types/assigning-refs.t t/spec/S02-types/autovivification.t t/spec/S02-types/bag.t t/spec/S02-types/baghash.t t/spec/S02-types/bool.t t/spec/S02-types/capture.t t/spec/S02-types/catch_type_cast_mismatch.t t/spec/S02-types/declare.t t/spec/S02-types/deprecations.t t/spec/S02-types/fatrat.t t/spec/S02-types/flattening.t t/spec/S02-types/hash_ref.t t/spec/S02-types/hash.t t/spec/S02-types/infinity.t t/spec/S02-types/instants-and-durations.t t/spec/S02-types/isDEPRECATED.t t/spec/S02-types/lazy-lists.t t/spec/S02-types/lists.t t/spec/S02-types/mix.t t/spec/S02-types/mixhash.t t/spec/S02-types/mixed_multi_dimensional.t t/spec/S02-types/multi_dimensional_array.t t/spec/S02-types/nan.t t/spec/S02-types/native.t t/spec/S02-types/nested_arrays.t t/spec/S02-types/nested_pairs.t t/spec/S02-types/nil.t t/spec/S02-types/num.t t/spec/S02-types/pair.t t/spec/S02-types/parcel.t t/spec/S02-types/parsing-bool.t t/spec/S02-types/range.t t/spec/S02-types/set.t t/spec/S02-types/sethash.t t/spec/S02-types/sigils-and-types.t t/spec/S02-types/subscripts_and_context.t t/spec/S02-types/subset.t t/spec/S02-types/type.t t/spec/S02-types/undefined-types.t t/spec/S02-types/version.t t/spec/S02-types/whatever.t t/spec/S03-binding/arrays.t t/spec/S03-binding/attributes.t t/spec/S03-binding/closure.t t/spec/S03-binding/hashes.t t/spec/S03-binding/nested.t t/spec/S03-binding/ro.t t/spec/S03-binding/scalars.t t/spec/S03-feeds/basic.t t/spec/S03-junctions/associative.t t/spec/S03-junctions/autothreading.t t/spec/S03-junctions/boolean-context.t t/spec/S03-junctions/misc.t t/spec/S03-metaops/cross.t t/spec/S03-metaops/eager-hyper.t t/spec/S03-metaops/hyper.t t/spec/S03-metaops/not.t t/spec/S03-metaops/reduce.t t/spec/S03-metaops/reverse.t t/spec/S03-metaops/zip.t t/spec/S03-operators/adverbial-modifiers.t t/spec/S03-operators/also.t t/spec/S03-operators/andthen.t t/spec/S03-operators/arith.t t/spec/S03-operators/assign-is-not-binding.t t/spec/S03-operators/assign.t t/spec/S03-operators/autoincrement-range.t t/spec/S03-operators/autoincrement.t t/spec/S03-operators/autovivification.t t/spec/S03-operators/bag.t t/spec/S03-operators/basic-types.t t/spec/S03-operators/bit.t t/spec/S03-operators/boolean-bitwise.t t/spec/S03-operators/brainos.t t/spec/S03-operators/custom.t t/spec/S03-operators/buf.t t/spec/S03-operators/chained-declarators.t t/spec/S03-operators/cmp.t t/spec/S03-operators/comparison-simple.t t/spec/S03-operators/comparison.t t/spec/S03-operators/context-forcers.t t/spec/S03-operators/context.t t/spec/S03-operators/equality.t t/spec/S03-operators/eqv.t t/spec/S03-operators/fiddly.t t/spec/S03-operators/flip-flop.t t/spec/S03-operators/gcd.t t/spec/S03-operators/div.t t/spec/S03-operators/identity.t t/spec/S03-operators/increment.t t/spec/S03-operators/inplace.t t/spec/S03-operators/is-divisible-by.t t/spec/S03-operators/lcm.t t/spec/S03-operators/list-quote-junction.t t/spec/S03-operators/minmax.t t/spec/S03-operators/misc.t t/spec/S03-operators/names.t t/spec/S03-operators/nesting.t t/spec/S03-operators/not.t t/spec/S03-operators/numeric-shift.t t/spec/S03-operators/overflow.t t/spec/S03-operators/precedence.t t/spec/S03-operators/range-basic.t t/spec/S03-operators/range-int.t t/spec/S03-operators/range.t t/spec/S03-operators/reduce-le1arg.t t/spec/S03-operators/relational.t t/spec/S03-operators/repeat.t t/spec/S03-operators/scalar-assign.t t/spec/S03-operators/set.t t/spec/S03-operators/short-circuit.t t/spec/S03-operators/so.t t/spec/S03-operators/spaceship-and-containers.t t/spec/S03-operators/spaceship.t t/spec/S03-operators/subscript-adverbs.t t/spec/S03-operators/subscript-vs-lt.t t/spec/S03-operators/ternary.t t/spec/S03-operators/value_equivalence.t t/spec/S03-sequence/arity0.t t/spec/S03-sequence/arity-2-or-more.t t/spec/S03-sequence/basic.t t/spec/S03-sequence/limit-arity-2-or-more.t t/spec/S03-sequence/misc.t t/spec/S03-sequence/nonnumeric.t t/spec/S03-smartmatch/any-any.t t/spec/S03-smartmatch/any-array.t t/spec/S03-smartmatch/any-bool.t t/spec/S03-smartmatch/any-callable.t t/spec/S03-smartmatch/any-complex.t t/spec/S03-smartmatch/any-hash-pair.t t/spec/S03-smartmatch/any-method.t t/spec/S03-smartmatch/any-num.t t/spec/S03-smartmatch/any-pair.t t/spec/S03-smartmatch/any-str.t t/spec/S03-smartmatch/any-sub.t t/spec/S03-smartmatch/any-type.t t/spec/S03-smartmatch/array-array.t t/spec/S03-smartmatch/array-hash.t t/spec/S03-smartmatch/capture-signature.t t/spec/S03-smartmatch/disorganized.t t/spec/S03-smartmatch/hash-hash.t t/spec/S03-smartmatch/range-range.t t/spec/S03-smartmatch/regex-hash.t t/spec/S03-smartmatch/scalar-hash.t t/spec/S03-smartmatch/signature-signature.t t/spec/S04-blocks-and-statements/let.t t/spec/S04-blocks-and-statements/pointy-rw.t t/spec/S04-blocks-and-statements/pointy.t t/spec/S04-blocks-and-statements/temp.t t/spec/S04-declarations/constant.t t/spec/S04-declarations/implicit-parameter.t t/spec/S04-declarations/multiple.t t/spec/S04-declarations/my.t t/spec/S04-declarations/our.t t/spec/S04-declarations/state.t t/spec/S04-declarations/will.t t/spec/S04-exception-handlers/catch.t t/spec/S04-exceptions/fail.t t/spec/S04-exceptions/pending.t t/spec/S04-phasers/ascending-order.t t/spec/S04-phasers/begin.t t/spec/S04-phasers/check.t t/spec/S04-phasers/descending-order.t t/spec/S04-phasers/end.t t/spec/S04-phasers/enter-leave.t t/spec/S04-phasers/eval-in-begin.t t/spec/S04-phasers/first.t t/spec/S04-phasers/in-eval.t t/spec/S04-phasers/keep-undo.t t/spec/S04-phasers/multiple.t t/spec/S04-phasers/next.t t/spec/S04-phasers/pre-post.t t/spec/S04-phasers/rvalue.t t/spec/S04-statement-modifiers/for.t t/spec/S04-statement-modifiers/given.t t/spec/S04-statement-modifiers/if.t t/spec/S04-statement-modifiers/unless.t t/spec/S04-statement-modifiers/until.t t/spec/S04-statement-modifiers/values_in_bool_context.t t/spec/S04-statement-modifiers/while.t t/spec/S04-statement-parsing/hash.t t/spec/S04-statements/do.t t/spec/S04-statements/for-scope.t t/spec/S04-statements/for.t t/spec/S04-statements/for_with_only_one_item.t t/spec/S04-statements/gather.t t/spec/S04-statements/given.t t/spec/S04-statements/if.t t/spec/S04-statements/last.t t/spec/S04-statements/loop.t t/spec/S04-statements/map-and-sort-in-for.t t/spec/S04-statements/next.t t/spec/S04-statements/no-implicit-block.t t/spec/S04-statements/once.t t/spec/S04-statements/redo.t t/spec/S04-statements/repeat.t t/spec/S04-statements/return.t t/spec/S04-statements/sink.t t/spec/S04-statements/terminator.t t/spec/S04-statements/try.t t/spec/S04-statements/unless.t t/spec/S04-statements/until.t t/spec/S04-statements/while.t t/spec/S05-capture/caps.t t/spec/S05-capture/dot.t t/spec/S05-capture/match-object.t t/spec/S05-capture/named.t t/spec/S05-capture/subrule.t t/spec/S05-grammar/action-stubs.t t/spec/S05-grammar/inheritance.t t/spec/S05-grammar/methods.t t/spec/S05-grammar/namespace.t t/spec/S05-grammar/parse_and_parsefile.t t/spec/S05-grammar/polymorphism.t t/spec/S05-grammar/protoregex.t t/spec/S05-grammar/protos.t t/spec/S05-grammar/signatures.t t/spec/S05-grammar/ws.t t/spec/S05-interpolation/lexicals.t t/spec/S05-interpolation/regex-in-variable.t t/spec/S05-mass/charsets.t t/spec/S05-mass/named-chars.t t/spec/S05-mass/properties-block.t t/spec/S05-mass/properties-derived.t t/spec/S05-mass/properties-general.t t/spec/S05-mass/properties-script.t t/spec/S05-mass/recursive.t t/spec/S05-mass/rx.t t/spec/S05-mass/stdrules.t t/spec/S05-match/arrayhash.t t/spec/S05-match/blocks.t t/spec/S05-match/capturing-contexts.t t/spec/S05-match/make.t t/spec/S05-match/non-capturing.t t/spec/S05-match/positions.t t/spec/S05-metachars/closure.t t/spec/S05-metachars/line-anchors.t t/spec/S05-metachars/newline.t t/spec/S05-metachars/tilde.t t/spec/S05-metasyntax/angle-brackets.t t/spec/S05-metasyntax/assertions.t t/spec/S05-metasyntax/changed.t t/spec/S05-metasyntax/charset.t t/spec/S05-metasyntax/delimiters.t t/spec/S05-metasyntax/interpolating-closure.t t/spec/S05-metasyntax/litvar.t t/spec/S05-metasyntax/longest-alternative.t t/spec/S05-metasyntax/lookaround.t t/spec/S05-metasyntax/null.t t/spec/S05-metasyntax/proto-token-ltm.t t/spec/S05-metasyntax/regex.t t/spec/S05-metasyntax/repeat.t t/spec/S05-metasyntax/sequential-alternation.t t/spec/S05-metasyntax/single-quotes.t t/spec/S05-metasyntax/unknown.t t/spec/S05-modifier/continue.t t/spec/S05-modifier/counted-match.t t/spec/S05-modifier/counted.t t/spec/S05-modifier/global.t t/spec/S05-modifier/ignorecase.t t/spec/S05-modifier/ii.t t/spec/S05-modifier/overlapping.t t/spec/S05-modifier/perl5_0.t t/spec/S05-modifier/perl5_1.t t/spec/S05-modifier/perl5_2.t t/spec/S05-modifier/perl5_3.t t/spec/S05-modifier/perl5_4.t t/spec/S05-modifier/perl5_5.t t/spec/S05-modifier/perl5_7.t t/spec/S05-modifier/perl5_8.t t/spec/S05-modifier/pos.t t/spec/S05-modifier/repetition.t t/spec/S05-modifier/sigspace.t t/spec/S05-substitution/match.t t/spec/S05-substitution/subst.t t/spec/S05-transliteration/79778.t t/spec/S05-transliteration/trans.t t/spec/S05-transliteration/with-closure.t t/spec/S06-advanced/callframe.t t/spec/S06-advanced/callsame.t t/spec/S06-advanced/lexical-subs.t t/spec/S06-advanced/recurse.t t/spec/S06-advanced/return.t t/spec/S06-advanced/wrap.t t/spec/S06-currying/assuming-and-mmd.t t/spec/S06-currying/named.t t/spec/S06-macros/errors.t t/spec/S06-macros/quasi-blocks.t t/spec/S06-macros/unquoting.t t/spec/S06-macros/opaque-ast.t t/spec/S06-multi/lexical-multis.t t/spec/S06-multi/positional-vs-named.t t/spec/S06-multi/proto.t t/spec/S06-multi/redispatch.t t/spec/S06-multi/syntax.t t/spec/S06-multi/type-based.t t/spec/S06-multi/unpackability.t t/spec/S06-multi/value-based.t t/spec/S06-operator-overloading/imported-subs.t t/spec/S06-operator-overloading/methods.t t/spec/S06-operator-overloading/semicolon.t t/spec/S06-operator-overloading/sub.t t/spec/S06-operator-overloading/workout.t t/spec/S06-other/anon-hashes-vs-blocks.t t/spec/S06-other/introspection.t t/spec/S06-other/main-eval.t t/spec/S06-other/main.t t/spec/S06-other/main-usage.t t/spec/S06-other/misc.t t/spec/S06-routine-modifiers/lvalue-subroutines.t t/spec/S06-routine-modifiers/proxy.t t/spec/S06-routine-modifiers/scoped-named-subs.t t/spec/S06-signature/arity.t t/spec/S06-signature/closure-over-parameters.t t/spec/S06-signature/closure-parameters.t t/spec/S06-signature/code.t t/spec/S06-signature/defaults.t t/spec/S06-signature/errors.t t/spec/S06-signature/introspection.t t/spec/S06-signature/mixed-placeholders.t t/spec/S06-signature/multidimensional.t t/spec/S06-signature/named-parameters.t t/spec/S06-signature/named-placeholders.t t/spec/S06-signature/named-renaming.t t/spec/S06-signature/optional.t t/spec/S06-signature/outside-subroutine.t t/spec/S06-signature/passing-arrays.t t/spec/S06-signature/passing-hashes.t t/spec/S06-signature/positional-placeholders.t t/spec/S06-signature/positional.t t/spec/S06-signature/scalar-type.t t/spec/S06-signature/sigilless.t t/spec/S06-signature/slurpy-and-interpolation.t t/spec/S06-signature/slurpy-params.t t/spec/S06-signature/slurpy-placeholders.t t/spec/S06-signature/sub-ref.t t/spec/S06-signature/tree-node-parameters.t t/spec/S06-signature/type-capture.t t/spec/S06-signature/types.t t/spec/S06-signature/unpack-array.t t/spec/S06-signature/unpack-object.t t/spec/S06-signature/unspecified.t t/spec/S06-traits/is-assoc.t t/spec/S06-traits/is-copy.t t/spec/S06-traits/is-readonly.t t/spec/S06-traits/is-rw.t t/spec/S06-traits/misc.t t/spec/S06-traits/precedence.t t/spec/S06-traits/slurpy-is-rw.t t/spec/S09-autovivification/autoincrement.t t/spec/S09-autovivification/autovivification.t t/spec/S09-hashes/objecthash.t t/spec/S09-subscript/slice.t t/spec/S09-typed-arrays/arrays.t t/spec/S09-typed-arrays/hashes.t t/spec/S10-packages/basic.t t/spec/S10-packages/joined-namespaces.t t/spec/S10-packages/use-with-class.t t/spec/S11-modules/importing.t t/spec/S11-modules/import-multi.t t/spec/S11-modules/import-tag.t t/spec/S11-modules/import.t t/spec/S11-modules/lexical.t t/spec/S11-modules/need.t t/spec/S11-modules/nested.t t/spec/S11-modules/require.t t/spec/S12-attributes/class.t t/spec/S12-attributes/clone.t t/spec/S12-attributes/defaults.t t/spec/S12-attributes/delegation.t t/spec/S12-attributes/inheritance.t t/spec/S12-attributes/instance.t t/spec/S12-attributes/mutators.t t/spec/S12-attributes/recursive.t t/spec/S12-attributes/undeclared.t t/spec/S12-class/anonymous.t t/spec/S12-class/attributes.t t/spec/S12-class/augment-supersede.t t/spec/S12-class/basic.t t/spec/S12-class/declaration-order.t t/spec/S12-class/extending-arrays.t t/spec/S12-class/inheritance-class-methods.t t/spec/S12-class/inheritance.t t/spec/S12-class/instantiate.t t/spec/S12-class/interface-consistency.t t/spec/S12-class/lexical.t t/spec/S12-class/literal.t t/spec/S12-class/magical-vars.t t/spec/S12-class/mro.t t/spec/S12-class/namespaced.t t/spec/S12-class/open.t t/spec/S12-class/rw.t t/spec/S12-class/self-inheritance.t t/spec/S12-class/stubs.t t/spec/S12-class/type-object.t t/spec/S12-construction/autopairs.t t/spec/S12-construction/BUILD.t t/spec/S12-construction/construction.t t/spec/S12-construction/named-params-in-BUILD.t t/spec/S12-construction/new.t t/spec/S12-enums/anonymous.t t/spec/S12-enums/as-role.t t/spec/S12-enums/basic.t t/spec/S12-enums/misc.t t/spec/S12-enums/non-int.t t/spec/S12-enums/pseudo-functional.t t/spec/S12-enums/thorough.t t/spec/S12-introspection/attributes.t t/spec/S12-introspection/can.t t/spec/S12-introspection/definite.t t/spec/S12-introspection/meta-class.t t/spec/S12-introspection/methods.t t/spec/S12-introspection/parents.t t/spec/S12-introspection/roles.t t/spec/S12-introspection/walk.t t/spec/S12-introspection/WHAT.t t/spec/S12-methods/accessors.t t/spec/S12-methods/attribute-params.t t/spec/S12-methods/calling_sets.t t/spec/S12-methods/calling_syntax.t t/spec/S12-methods/chaining.t t/spec/S12-methods/class-and-instance.t t/spec/S12-methods/delegation.t t/spec/S12-methods/default-trait.t t/spec/S12-methods/defer-call.t t/spec/S12-methods/defer-next.t t/spec/S12-methods/how.t t/spec/S12-methods/indirect_notation.t t/spec/S12-methods/instance.t t/spec/S12-methods/lastcall.t t/spec/S12-methods/lvalue.t t/spec/S12-methods/method-vs-sub.t t/spec/S12-methods/multi.t t/spec/S12-methods/parallel-dispatch.t t/spec/S12-methods/private.t t/spec/S12-methods/qualified.t t/spec/S12-methods/submethods.t t/spec/S12-methods/syntax.t t/spec/S12-methods/topic.t t/spec/S12-methods/trusts.t t/spec/S12-methods/typed-attributes.t t/spec/S12-methods/what.t t/spec/S12-subset/multi-dispatch.t t/spec/S12-subset/subtypes.t t/spec/S13-overloading/metaoperators.t t/spec/S13-overloading/operators.t t/spec/S13-overloading/typecasting-long.t t/spec/S13-overloading/typecasting-mixed.t t/spec/S13-overloading/typecasting-short.t t/spec/S13-type-casting/methods.t t/spec/S14-roles/anonymous.t t/spec/S14-roles/attributes.t t/spec/S14-roles/basic.t t/spec/S14-roles/bool.t t/spec/S14-roles/composition.t t/spec/S14-roles/conflicts.t t/spec/S14-roles/crony.t t/spec/S14-roles/instantiation.t t/spec/S14-roles/lexical.t t/spec/S14-roles/mixin.t t/spec/S14-roles/namespaced.t t/spec/S14-roles/parameterized-basic.t t/spec/S14-roles/parameterized-mixin.t t/spec/S14-roles/parameterized-type.t t/spec/S14-roles/parameter-subtyping.t t/spec/S14-roles/stubs.t t/spec/S14-roles/submethods.t t/spec/S14-traits/attributes.t t/spec/S14-traits/routines.t t/spec/S16-filehandles/chmod.t t/spec/S16-filehandles/filestat.t t/spec/S16-filehandles/filetest.t t/spec/S16-filehandles/io_in_for_loops.t t/spec/S16-filehandles/io_in_while_loops.t t/spec/S16-filehandles/io.t t/spec/S16-filehandles/mkdir_rmdir.t t/spec/S16-filehandles/open.t t/spec/S16-filehandles/unlink.t t/spec/S16-io/bare-say.t t/spec/S16-io/basic-open.t t/spec/S16-io/cwd.t t/spec/S16-io/getc.t t/spec/S16-io/say-and-ref.t t/spec/S16-io/say.t t/spec/S16-io/tmpdir.t t/spec/S16-unfiled/rebindstdhandles.t t/spec/S19-command-line/dash-e.t t/spec/S19-command-line/help.t t/spec/S24-testing/0-compile.t t/spec/S26-documentation/01-delimited.t t/spec/S26-documentation/02-paragraph.t t/spec/S26-documentation/03-abbreviated.t t/spec/S26-documentation/04-code.t t/spec/S26-documentation/05-comment.t t/spec/S26-documentation/06-lists.t t/spec/S26-documentation/07-tables.t t/spec/S26-documentation/08-formattingcodes.t t/spec/S26-documentation/09-configuration.t t/spec/S26-documentation/10-doc-cli.t t/spec/S26-documentation/why.t t/spec/S28-named-variables/cwd.t t/spec/S28-named-variables/inc.t t/spec/S29-any/cmp.t t/spec/S29-any/isa.t t/spec/S29-context/die.t t/spec/S29-context/eval.t t/spec/S29-context/exit-in-if.t t/spec/S29-context/exit.t t/spec/S29-context/sleep.t t/spec/S29-conversions/hash.t t/spec/S29-conversions/ord_and_chr.t t/spec/S29-os/system.t t/spec/S32-array/bool.t t/spec/S32-array/create.t t/spec/S32-array/delete.t t/spec/S32-array/delete-adverb.t t/spec/S32-array/delete-adverb-native.t t/spec/S32-array/elems.t t/spec/S32-array/end.t t/spec/S32-array/exists-adverb.t t/spec/S32-array/keys_values.t t/spec/S32-array/kv.t t/spec/S32-array/pairs.t t/spec/S32-array/perl.t t/spec/S32-array/pop.t t/spec/S32-array/push.t t/spec/S32-array/rotate.t t/spec/S32-array/shift.t t/spec/S32-array/splice.t t/spec/S32-array/unshift.t t/spec/S32-basics/warn.t t/spec/S32-container/roundrobin.t t/spec/S32-container/stringify.t t/spec/S32-container/zip.t t/spec/S32-exceptions/misc.t t/spec/S32-hash/delete.t t/spec/S32-hash/delete-adverb.t t/spec/S32-hash/exists.t t/spec/S32-hash/exists-adverb.t t/spec/S32-hash/invert.t t/spec/S32-hash/keys_values.t t/spec/S32-hash/kv.t t/spec/S32-hash/pairs.t t/spec/S32-hash/perl.t t/spec/S32-hash/push.t t/spec/S32-hash/slice.t t/spec/S32-io/chdir.t t/spec/S32-io/copy.t t/spec/S32-io/dir.t t/spec/S32-io/file-tests.t t/spec/S32-io/io-spec-unix.t t/spec/S32-io/io-spec-win.t t/spec/S32-io/io-spec-cygwin.t t/spec/S32-io/io-path-unix.t t/spec/S32-io/io-path-win.t t/spec/S32-io/io-path-cygwin.t t/spec/S32-io/io-path.t t/spec/S32-io/note.t t/spec/S32-io/other.t t/spec/S32-io/slurp.t t/spec/S32-io/spurt.t t/spec/S32-list/categorize.t t/spec/S32-list/classify.t t/spec/S32-list/create.t t/spec/S32-list/combinations.t t/spec/S32-list/end.t t/spec/S32-list/first.t t/spec/S32-list/grep.t t/spec/S32-list/join.t t/spec/S32-list/map_function_return_values.t t/spec/S32-list/map.t t/spec/S32-list/minmax.t t/spec/S32-list/pick.t t/spec/S32-list/reduce.t t/spec/S32-list/reverse.t t/spec/S32-list/roll.t t/spec/S32-list/sort.t t/spec/S32-list/uniq.t t/spec/S32-list/squish.t t/spec/S32-num/abs.t t/spec/S32-num/base.t t/spec/S32-num/complex.t t/spec/S32-num/cool-num.t t/spec/S32-num/exp.t t/spec/S32-num/expmod.t t/spec/S32-num/fatrat.t t/spec/S32-num/int.t t/spec/S32-num/is-prime.t t/spec/S32-num/log.t t/spec/S32-num/narrow.t t/spec/S32-num/pi.t t/spec/S32-num/polar.t t/spec/S32-num/power.t t/spec/S32-num/rand.t t/spec/S32-num/rat.t t/spec/S32-num/real-bridge.t t/spec/S32-num/roots.t t/spec/S32-num/rounders.t t/spec/S32-num/rshift_pos_amount.t t/spec/S32-num/sign.t t/spec/S32-num/sqrt.t t/spec/S32-num/stringify.t t/spec/S32-num/unpolar.t t/spec/S32-scalar/defined.t t/spec/S32-scalar/perl.t t/spec/S32-scalar/undef.t t/spec/S32-str/append.t t/spec/S32-str/bool.t t/spec/S32-str/capitalize.t t/spec/S32-str/chomp.t t/spec/S32-str/chop.t t/spec/S32-str/comb.t t/spec/S32-str/encode.t t/spec/S32-str/flip.t t/spec/S32-str/indent.t t/spec/S32-str/index.t t/spec/S32-str/lc.t t/spec/S32-str/lines.t t/spec/S32-str/numeric.t t/spec/S32-str/ords.t t/spec/S32-str/pack.t t/spec/S32-str/pos.t t/spec/S32-str/rindex.t t/spec/S32-str/samecase.t t/spec/S32-str/split-simple.t t/spec/S32-str/split.t t/spec/S32-str/sprintf.t t/spec/S32-str/substr.t t/spec/S32-str/substr-rw.t t/spec/S32-str/tc.t t/spec/S32-str/tclc.t t/spec/S32-str/trim.t t/spec/S32-str/uc.t t/spec/S32-str/unpack.t t/spec/S32-str/words.t t/spec/S32-temporal/calendar.t t/spec/S32-temporal/Date.t t/spec/S32-temporal/DateTime-Instant-Duration.t t/spec/S32-temporal/DateTime.t t/spec/S32-temporal/local.t t/spec/S32-trig/atan2.t t/spec/S32-trig/cosech.t t/spec/S32-trig/cosec.t t/spec/S32-trig/cosh.t t/spec/S32-trig/cos.t t/spec/S32-trig/cotanh.t t/spec/S32-trig/cotan.t t/spec/S32-trig/e.t t/spec/S32-trig/pi.t t/spec/S32-trig/sech.t t/spec/S32-trig/sec.t t/spec/S32-trig/simple.t t/spec/S32-trig/sinh.t t/spec/S32-trig/sin.t t/spec/S32-trig/tanh.t t/spec/S32-trig/tan.t t/spec/integration/99problems-01-to-10.t t/spec/integration/99problems-11-to-20.t t/spec/integration/99problems-21-to-30.t t/spec/integration/99problems-31-to-40.t t/spec/integration/99problems-41-to-50.t t/spec/integration/99problems-51-to-60.t t/spec/integration/99problems-61-to-70.t t/spec/integration/advent2009-day01.t t/spec/integration/advent2009-day02.t t/spec/integration/advent2009-day03.t t/spec/integration/advent2009-day04.t t/spec/integration/advent2009-day05.t t/spec/integration/advent2009-day06.t t/spec/integration/advent2009-day07.t t/spec/integration/advent2009-day08.t t/spec/integration/advent2009-day09.t t/spec/integration/advent2009-day10.t t/spec/integration/advent2009-day11.t t/spec/integration/advent2009-day12.t t/spec/integration/advent2009-day13.t t/spec/integration/advent2009-day14.t t/spec/integration/advent2009-day15.t t/spec/integration/advent2009-day16.t t/spec/integration/advent2009-day17.t t/spec/integration/advent2009-day18.t t/spec/integration/advent2009-day19.t t/spec/integration/advent2009-day20.t t/spec/integration/advent2009-day22.t t/spec/integration/advent2009-day23.t t/spec/integration/advent2010-day04.t t/spec/integration/advent2013-day02.t t/spec/integration/advent2013-day04.t t/spec/integration/advent2013-day06.t t/spec/integration/code-blocks-as-sub-args.t t/spec/integration/error-reporting.t t/spec/integration/lazy-bentley-generator.t t/spec/integration/lexical-array-in-inner-block.t t/spec/integration/lexicals-and-attributes.t t/spec/integration/man-or-boy.t t/spec/integration/method-calls-and-instantiation.t t/spec/integration/no-indirect-new.t t/spec/integration/packages.t t/spec/integration/pair-in-array.t t/spec/integration/passing-pair-class-to-sub.t t/spec/integration/real-strings.t t/spec/integration/role-composition-vs-attribute.t t/spec/integration/rule-in-class-Str.t t/spec/integration/say-crash.t t/spec/integration/substr-after-match-in-gather-in-for.t t/spec/integration/topic_in_double_loop.t t/spec/integration/variables-in-do.t t/spec/integration/weird-errors.t t/spec/rosettacode/greatest_element_of_a_list.t t/spec/rosettacode/sierpinski_triangle.t t/spec/S32-io/IO-Socket-INET.t
                                                   pass fail todo skip plan
S01-perl-5-integration/basic.rakudo.parrot.........   0    0    0   20   20
    20 skipped: <unknown>
                                                   pass fail todo skip plan
S02-lexical-conventions/begin_end_pod.t............   1    0    0    0    1
S02-lexical-conventions/bom.t......................   1    0    0    0    1
S02-lexical-conventions/comments.rakudo.parrot.....  49    0    2    0   51
     1 todo   : NYI
     1 todo PASSED: nom regression
S02-lexical-conventions/end-pod.t..................   1    0    0    0    1
S02-lexical-conventions/minimal-whitespace.t.......   9    0    0    0    9
S02-lexical-conventions/one-pass-parsing.t.........   1    0    0    0    1
S02-lexical-conventions/pod-in-multi-line-exprs.t..   3    0    0    0    3
S02-lexical-conventions/sub-block-parsing.t........   9    0    0    0    9
S02-lexical-conventions/unicode-whitespace.t.......  52    0    0    0   52
S02-lexical-conventions/unicode.rakudo.parrot......  35    0    1    2   38
     2 skipped: VOWEL SIGNs in identifiers
     1 todo   : PS does not work to separate lines
S02-lexical-conventions/unspace.rakudo.parrot......  75    0    0   11   86
     3 skipped: indirect method calls
     1 skipped: .++ does not work
     4 skipped: =for pod not implemented (in STD.pm)
     3 skipped: pod and unspace
S02-lists/tree.rakudo.parrot.......................   8    0    0    1    9
     1 skipped: Any.tree(*@list) NYI
S02-literals/array-interpolation.t.................  12    0    0    0   12
S02-literals/autoref.t.............................use of uninitialized value of type Any in string context  in block  at t/spec/S02-literals/autoref.t:69

use of uninitialized value of type Any in string context  in block  at t/spec/S02-literals/autoref.t:81

  57    0    0    0   57
S02-literals/char-by-name.rakudo.parrot............   8    0    0    2   10
     1 skipped: \c[LF] not valid
     1 skipped: \c[LINE FEED] not valid
S02-literals/char-by-number.rakudo.parrot..........  38    0    4    0   42
     4 todo   : Detecting malformed escape sequences NYI
S02-literals/fmt-interpolation.t...................  11    0    0    0   11
S02-literals/hash-interpolation.t..................  10    0    0    0   10
S02-literals/heredocs.t............................  16    0    0    0   16
S02-literals/hex_chars.t...........................   4    0    0    0    4
S02-literals/listquote-whitespace.rakudo.parrot....  11    0    1    0   12
     1 todo   : \xa0 should not be a separator for list quotes
S02-literals/listquote.rakudo.parrot...............  18    0    4    1   23
     1 skipped: meta operators
     3 todo   : magic type of <...> contents
     1 todo   : unknown errors
S02-literals/misc-interpolation.t..................  46    0    0    0   46
S02-literals/numeric.t.............................  22    0    0    0   22
S02-literals/pair-boolean.t........................   6    0    0    0    6
S02-literals/pairs.rakudo.parrot...................use of uninitialized value of type Bool in string context  in block  at t/spec/S02-literals/pairs.rakudo.parrot:70

  75    0    2    2   79
     1 skipped: reduce meta op
     1 skipped: prefix:<|>
     1 todo   : reduce meta op
     1 todo   : prefix:<|>
S02-literals/quoting-unicode.rakudo.parrot.........  72    0    0    1   73
     1 skipped: Parse failure
S02-literals/quoting.rakudo.parrot................. 145    0    8    3  156
     3 skipped: \c@ etc
     1 todo   : retriage
     1 todo   : ¬´...¬ª
     2 todo   : q:x assigned to array
     4 todo   : quoting adverbs
S02-literals/radix.rakudo.parrot................... 129    0    5    0  134
     4 todo   : Some question of what this form should actually do
     1 todo   : Really?!
S02-literals/string-interpolation.t................Potential difficulties:
    Leading 0 does not indicate octal in Perl 6; please use 0o1 if you mean that
    at t/spec/S02-literals/string-interpolation.t:10
    ------> [32m    is "{\01[33m‚èè[31m;42}", "42", '{\\01 parses correctly (1)[0m
    Leading 0 does not indicate octal in Perl 6; please use 0o1 if you mean that
    at t/spec/S02-literals/string-interpolation.t:10
    ------> [32m    is "{\01[33m‚èè[31m;42}", "42", '{\\01 parses correctly (1)[0m
    Leading 0 does not indicate octal in Perl 6; please use 0o1 if you mean that
    at t/spec/S02-literals/string-interpolation.t:11
    ------> [32m    is "{;\01[33m‚èè[31m;42}", "42", '{\\01 parses correctly (2)[0m
    Leading 0 does not indicate octal in Perl 6; please use 0o1 if you mean that
    at t/spec/S02-literals/string-interpolation.t:11
    ------> [32m    is "{;\01[33m‚èè[31m;42}", "42", '{\\01 parses correctly (2)[0m
    Leading 0 does not indicate octal in Perl 6; please use 0o1 if you mean that
    at t/spec/S02-literals/string-interpolation.t:12
    ------> [32m    is "{;;;;;;\01[33m‚èè[31m;42}", "42", '{\\01 parses correctly (3)[0m
    Leading 0 does not indicate octal in Perl 6; please use 0o1 if you mean that
    at t/spec/S02-literals/string-interpolation.t:12
    ------> [32m    is "{;;;;;;\01[33m‚èè[31m;42}", "42", '{\\01 parses correctly (3)[0m
  15    0    0    0   15
S02-literals/sub-calls.t...........................  20    0    0    0   20
S02-literals/subscript.t...........................   2    0    0    0    2
S02-literals/types.t...............................   7    0    0    0    7
S02-literals/underscores.t.........................  19    0    0    0   19
S02-literals/version.rakudo.parrot.................  25    0    3    0   28
     3 todo   : trailing zeroes fail
S02-magicals/78258.t...............................   1    0    0    0    1
S02-magicals/args.t................................   6    0    0    0    6
S02-magicals/config.rakudo.parrot..................   3    0    0    2    5
     2 skipped: unimpl $?OS
S02-magicals/dollar-underscore.rakudo.parrot.......   8    0    0    1    9
     1 skipped: for() with nullary block
S02-magicals/dollar_bang.rakudo.parrot.............  15    0    1    0   16
     1 todo   : stringification of $!
S02-magicals/env.rakudo.parrot.....................  16    0    0    1   17
     1 skipped: import keyword
S02-magicals/file_line.t...........................   2    0    0    0    2
S02-magicals/pid.t.................................   1    0    0    0    1
S02-magicals/progname.t............................   4    0    0    0    4
S02-magicals/sub.t.................................   6    0    0    0    6
S02-magicals/vm.t..................................   3    0    0    0    3
S02-names-vars/contextual.t........................  23    0    0    0   23
S02-names-vars/fmt.t...............................  21    0    0    0   21
S02-names-vars/list_array_perl.rakudo.parrot.......  18    0    1    2   21
     2 skipped: recursive data structure
     1 todo   : List.perl bug
S02-names-vars/names.rakudo.parrot................. 127    0    2   13  142
     4 skipped: ::{ } package lookup NYI
     2 skipped: this kind of lookup NYI
     7 skipped: package variable autovivification
     1 todo   : nom regression
     1 todo   : dubious test - otherwise why is ::<$foo> allowed?
S02-names-vars/perl.rakudo.parrot..................useless use of 'is rw' on $!priv  in any  at src/Perl6/World.nqp:1661

use of uninitialized value of type Mu in string context  in block  at t/spec/S02-names-vars/perl.rakudo.parrot:58

use of uninitialized value of type Mu in string context  in block  at t/spec/S02-names-vars/perl.rakudo.parrot:59

use of uninitialized value of type Mu in string context  in block  at t/spec/S02-names-vars/perl.rakudo.parrot:59

  98    0    0    6  104
     2 skipped: {...}.perl does not work
     2 skipped: recursive data structure
     2 skipped: RT 67790
S02-names-vars/signature.rakudo.parrot.............  11    0    2    0   13
     2 todo   : eqv on signatures
S02-names-vars/variables-and-packages.rakudo.parr..  32    0    3    3   38
     3 skipped: nom regression
     3 todo   : nom regression
S02-names-vars/varnames.rakudo.parrot..............  18    0    0    2   20
     2 skipped: cannot easily override [] at the moment
S02-names/bare-sigil.t.............................  10    0    0    0   10
S02-names/caller.t.................................  15    0    0    0   15
S02-names/identifier.t.............................  22    0    0    0   22
S02-names/indirect.t...............................   6    0    0    0    6
S02-names/is_default.t............................. 114    0    0    0  114
S02-names/is_dynamic.t.............................  22    0    0    0   22
S02-names/name.t...................................  15    0    0    0   15
S02-names/our.rakudo.parrot........................   8    0    0    2   10
     1 skipped: Null PMC access in invoke()
     1 skipped: OUR::subname() does not work
S02-names/pseudo.rakudo.parrot.....................use of uninitialized value of type Any in string context  in sub is at lib/Test.pm:81

use of uninitialized value of type Any in string context  in sub is at lib/Test.pm:84

use of uninitialized value of type Any in string context  in sub is at lib/Test.pm:81

use of uninitialized value of type Any in string context  in sub is at lib/Test.pm:84

use of uninitialized value of type Any in string context  in sub is at lib/Test.pm:81

use of uninitialized value of type Any in string context  in sub is at lib/Test.pm:84

use of uninitialized value of type Any in string context  in sub is at lib/Test.pm:81

use of uninitialized value of type Any in string context  in sub is at lib/Test.pm:84

  46    0    8   88  142
    19 skipped: CORE NYI
     6 skipped: SETTING NYI
    36 skipped: various issues, skipping all for now
     4 skipped: the binding in here is NYI
    23 skipped: various issues to resolve
     1 todo   : GLOBAL and interpolation
     2 todo   : binding and interpolation together NYI
     1 todo   : interpolation and auto-viv NYI
     2 todo   : these tests disagree with STD
     2 todo   : not entirely sure these make sense...
S02-names/symbolic-deref.rakudo.parrot.............  30    0    2    3   35
     2 skipped: NYI
     1 skipped: no such symbol
     1 todo   : NYI
     1 todo   : no such symbol
S02-one-pass-parsing/less-than.t...................   9    0    0    0    9
S02-packages/package-lookup.t......................   7    0    0    0    7
S02-types/anon_block.rakudo.parrot.................WARNINGS:
Useless use of "," in expression "{$foo4 = \"blah\"}," in sink context (line 86)
  39    0    1    2   42
     2 skipped: tests don't work if previous test fails
     1 todo   : Parrot support for zero-arg subs?
S02-types/array.rakudo.parrot......................  97    0    0    2   99
     2 skipped: multi-dim arrays
S02-types/array_extending.t........................use of uninitialized value of type Any in string context  in block  at t/spec/S02-types/array_extending.t:104

use of uninitialized value of type Any in string context  in block  at t/spec/S02-types/array_extending.t:104

use of uninitialized value of type Any in string context  in block  at t/spec/S02-types/array_extending.t:106

use of uninitialized value of type Any in string context  in block  at t/spec/S02-types/array_extending.t:106

  21    0    0    0   21
S02-types/array_ref.t..............................  45    0    0    0   45
S02-types/assigning-refs.rakudo.parrot.............  15    0    3    0   18
     3 todo   : non-flattening hash refs
S02-types/autovivification.t.......................  25    0    0    0   25
S02-types/bag.rakudo.parrot........................ 166    0    2    5  173
     3 skipped: No longer Iterable
     2 skipped: Odd number of elements
     2 todo   : Not properly interpolating
S02-types/baghash.rakudo.parrot.................... 196    0    4   26  226
    21 skipped: 'is ObjectType' NYI
     3 skipped: No longer Iterable
     2 skipped: Odd number of elements
     2 todo   : Needs to catch up with spec
     2 todo   : in flux
S02-types/bool.t...................................  51    0    0    0   51
S02-types/capture.rakudo.parrot....................  18    0    2    1   21
     1 skipped: nom regression
     2 todo   : nom regression
S02-types/catch_type_cast_mismatch.rakudo.parrot...   9    0    1    0   10
     1 todo   : die or fail?
S02-types/declare.rakudo.parrot....................  52    0    2   24   78
     1 skipped: Comparator not implemented
     1 skipped: Integral not implemented
     1 skipped: Ordering not implemented
     1 skipped: OrderingPair not implemented
     1 skipped: Bit not implemented
     1 skipped: buf not implemented
     1 skipped: Complex not type converted properly during assignment from Num
     1 skipped: StrPos not implemented
     1 skipped: KeyExtractor not implemented
     1 skipped: No Module type yet
     1 skipped: rat not implemented
     1 skipped: bit not implemented
     1 skipped: Matcher isa not implemented
     1 skipped: complex not implemented
     1 skipped: num16  not implemented
     1 skipped: Codepoint not implemented
     1 skipped: StrLen not implemented
     1 skipped: Char not implemented
     1 skipped: Byte not implemented
     1 skipped: junction not implemented
     1 skipped: HyperWhatever not implemented
     1 skipped: AnyChar not implemented
     1 skipped: Grapheme not implemented
     1 skipped: CharLingua not implemented
     1 todo   : int not implemented
     1 todo   : num not implemented
S02-types/deprecations.rakudo.parrot...............  27    0    0    2   29
     1 skipped: Could not create deprecated Order::Decrease
     1 skipped: Could not create deprecated Order::Increase
S02-types/fatrat.t.................................   1    0    0    0    1
S02-types/flattening.t.............................  37    0    0    0   37
S02-types/hash.rakudo.parrot.......................use of uninitialized value of type Failure in string context  in sub is at lib/Test.pm:81

  87    0    1    0   88
     1 todo   : auto-vivified binding does not work yet
S02-types/hash_ref.t...............................  31    0    0    0   31
S02-types/infinity.rakudo.parrot...................   6    0    3    4   13
     4 skipped: integer Inf
     3 todo   : Int conversion of NaN and Inf
S02-types/instants-and-durations.t.................  12    0    0    0   12
S02-types/isDEPRECATED.rakudo.parrot...............  12    0    8    0   20
     8 todo   : NYI
S02-types/lazy-lists.t.............................  19    0    0    0   19
S02-types/lists.rakudo.parrot......................use of uninitialized value of type Parcel in string context  in sub is at lib/Test.pm:81

use of uninitialized value of type Parcel in string context  in sub is at lib/Test.pm:81

  25    0    0    3   28
     3 skipped: list binding
S02-types/mix.rakudo.parrot........................ 146    0    2    5  153
     3 skipped: No longer Iterable
     2 skipped: Odd number of elements
     2 todo   : Not properly interpolating
S02-types/mixed_multi_dimensional.rakudo.parrot....use of uninitialized value of type Any in string context  in sub is at lib/Test.pm:81

use of uninitialized value of type Any in string context  in sub is at lib/Test.pm:84

  77    0    3    0   80
     2 todo   : unknown
     1 todo   : isa hash
S02-types/mixhash.rakudo.parrot.................... 161    0    4   26  191
    21 skipped: 'is ObjectType' NYI
     3 skipped: No longer Iterable
     2 skipped: Odd number of elements
     2 todo   : Needs to catch up with spec
     2 todo   : in flux
S02-types/multi_dimensional_array.rakudo.parrot....WARNINGS:
Useless use of constant integer 1 in sink context (line 1)
WARNINGS:
Useless use of constant integer 1 in sink context (line 1)
WARNINGS:
Useless use of constant integer 1 in sink context (line 1)
WARNINGS:
Useless use of constant integer 0 in sink context (line 1)
WARNINGS:
Useless use of constant integer 0 in sink context (line 1)
WARNINGS:
Useless use of constant integer 0 in sink context (line 1)
use of uninitialized value of type Any in string context  in sub is at lib/Test.pm:81

use of uninitialized value of type Any in string context  in sub is at lib/Test.pm:84

WARNINGS:
Useless use of constant integer 1 in sink context (line 1)
WARNINGS:
Useless use of constant integer 1 in sink context (line 1)
WARNINGS:
Useless use of constant integer 1 in sink context (line 1)
use of uninitialized value of type Any in string context  in sub is at lib/Test.pm:81

use of uninitialized value of type Any in string context  in sub is at lib/Test.pm:84

  21    0   10   10   41
    10 skipped: Parse Error: Statement not terminated properly
     1 todo   : nom regression
     9 todo   : Null PMC access in find_method()
S02-types/nan.rakudo.parrot........................  18    0    1    2   21
     1 skipped: unspecced and inconsistent
     1 skipped: RT 83446
     1 todo   : RT 83622
S02-types/native.rakudo.parrot.....................  25    0    0    2   27
     2 skipped: RT 102416
S02-types/nested_arrays.t..........................   8    0    0    0    8
S02-types/nested_pairs.t...........................  14    0    0    0   14
S02-types/nil.rakudo.parrot........................use of uninitialized value of type Any in string context  in sub is at lib/Test.pm:81

use of uninitialized value of type Any in string context  in sub is at lib/Test.pm:84

  41    0    6    1   48
     1 skipped: triage
     6 todo   : triage
S02-types/num.t....................................  65    0    0    0   65
S02-types/pair.rakudo.parrot.......................  94    0    1    2   97
     2 skipped: method($invocant:) syntax missing
     1 todo   : should it really have \n on the end?
S02-types/parcel.t.................................  44    0    0    0   44
S02-types/parsing-bool.t...........................   4    0    0    0    4
S02-types/range.t..................................use of uninitialized value of type Range in numeric context  in block  at t/spec/S02-types/range.t:104

 129    0    0    0  129
S02-types/set.rakudo.parrot........................ 135    0   12    4  151
     1 skipped: Set is no longer Iterable
     3 skipped: Odd number of elements
     2 todo   : Not properly interpolating
    10 todo   : Hypers not yet Set compatible
S02-types/sethash.rakudo.parrot.................... 170    0    2   11  183
    10 skipped: 'is ObjectType' NYI
     1 skipped: no longer Iterable
     2 todo   : Not up to current spec
S02-types/sigils-and-types.rakudo.parrot...........  26    0    2    0   28
     1 todo   : Capture does Associative
     1 todo   : Capture does Positional
S02-types/subscripts_and_context.t.................   8    0    0    0    8
S02-types/subset.rakudo.parrot.....................  42    0    0    1   43
     1 skipped: (noauto) succeeds for the wrong reason (need to test the error)
S02-types/type.t...................................  50    0    0    0   50
S02-types/undefined-types.rakudo.parrot............use of uninitialized value of type Int in string context  in sub is at lib/Test.pm:81

use of uninitialized value of type Int in string context  in sub is at lib/Test.pm:81

use of uninitialized value of type Int in string context  in sub is at lib/Test.pm:84

use of uninitialized value of type Int in string context  in sub is at lib/Test.pm:81

use of uninitialized value of type Int in string context  in sub is at lib/Test.pm:84

use of uninitialized value of type Int in string context  in sub is at lib/Test.pm:81

use of uninitialized value of type Int in string context  in sub is at lib/Test.pm:84

use of uninitialized value of type Int in string context  in sub is at lib/Test.pm:81

use of uninitialized value of type Int in string context  in sub is at lib/Test.pm:81

use of uninitialized value of type Int in string context  in sub is at lib/Test.pm:84

use of uninitialized value of type Any in string context  in block  at t/spec/S02-types/undefined-types.rakudo.parrot:86

use of uninitialized value of type Int in string context  in block  at t/spec/S02-types/undefined-types.rakudo.parrot:90

use of uninitialized value of type Any in string context  in block  at t/spec/S02-types/undefined-types.rakudo.parrot:91

use of uninitialized value of type Int in string context  in block  at t/spec/S02-types/undefined-types.rakudo.parrot:92

use of uninitialized value of type Any in string context  in block  at t/spec/S02-types/undefined-types.rakudo.parrot:94

use of uninitialized value of type Int in string context  in block  at t/spec/S02-types/undefined-types.rakudo.parrot:95

use of uninitialized value of type Any in string context  in block  at t/spec/S02-types/undefined-types.rakudo.parrot:97

use of uninitialized value of type Int in string context  in block  at t/spec/S02-types/undefined-types.rakudo.parrot:98

use of uninitialized value of type Any in string context  in block  at t/spec/S02-types/undefined-types.rakudo.parrot:103

use of uninitialized value of type Int in string context  in block  at t/spec/S02-types/undefined-types.rakudo.parrot:104

  45    0    4    0   49
     4 todo   : .clone doesn't copy typedness
S02-types/version.t................................  35    0    0    0   35
S02-types/whatever.rakudo.parrot...................  77    0    1    5   83
     5 skipped: currying plus meta ops
     1 todo   : * as dummy
                                                   pass fail todo skip plan
S03-binding/arrays.t...............................use of uninitialized value of type Any in string context  in block  at t/spec/S03-binding/arrays.t:45

  47    0    0    0   47
S03-binding/attributes.rakudo.parrot...............   9    0    0    3   12
     3 skipped: class attributes
S03-binding/closure.t..............................   8    0    0    0    8
S03-binding/hashes.rakudo.parrot...................  38    0    0    1   39
     1 skipped: without fudging 1 rakudo test, the whole file fails?
S03-binding/nested.t...............................  43    0    0    0   43
S03-binding/ro.rakudo.parrot.......................   3    0    6    0    9
     4 todo   : ::= on arrays
     2 todo   : nom regression
S03-binding/scalars.rakudo.parrot..................  22    0    2    9   33
     2 skipped: List binding
     7 skipped: list binding
     2 todo   : nom regression
S03-feeds/basic.rakudo.parrot......................  10    0    7    8   25
     4 skipped: double-ended feeds
     4 skipped: * feeds
     1 todo   : isn't lazy
     2 todo   : feeds + signatures
     1 todo   : * feeds
     3 todo   : feeds + eager
S03-junctions/associative.t........................  10    0    0    0   10
S03-junctions/autothreading.t......................  89    0    0    0   89
S03-junctions/boolean-context.rakudo.parrot........  76    0    1    0   77
     1 todo   : named unary as function call
S03-junctions/misc.rakudo.parrot...................  97    0    4    4  105
     4 skipped: lower case junction
     2 todo   : lower case junction type
     2 todo   : nom regression
S03-metaops/cross.rakudo.parrot....................  24    0    3    1   28
     1 skipped: .slice for iterators NYI
     1 todo   : RT 74072
     2 todo   : huh?
S03-metaops/eager-hyper.rakudo.parrot..............   5    0    1    2    8
     2 skipped: hyper prefix NYI
     1 todo   : Array assignment is not lazy -- is this test wrong?
S03-metaops/hyper.rakudo.parrot....................use of uninitialized value of type Any in numeric context  in block  at t/spec/S03-metaops/hyper.rakudo.parrot:416

use of uninitialized value of type Any in numeric context  in block  at t/spec/S03-metaops/hyper.rakudo.parrot:422

use of uninitialized value of type Any in numeric context  in block  at t/spec/S03-metaops/hyper.rakudo.parrot:444

use of uninitialized value of type Any in numeric context  in block  at t/spec/S03-metaops/hyper.rakudo.parrot:455

 269    0    6    6  281
     1 skipped: EVAL(Buf)
     3 skipped: huh?
     2 skipped: nom regression: possible spec change/improvement
     6 todo   : nom regression - whatever extension
S03-metaops/not.t..................................  33    0    0    0   33
S03-metaops/reduce.rakudo.parrot...................use of uninitialized value of type Int in string context  in block  at t/spec/S03-metaops/reduce.rakudo.parrot:334

use of uninitialized value of type Int in string context  in block  at t/spec/S03-metaops/reduce.rakudo.parrot:334

use of uninitialized value of type Int in string context  in block  at t/spec/S03-metaops/reduce.rakudo.parrot:334

use of uninitialized value of type Int in string context  in block  at t/spec/S03-metaops/reduce.rakudo.parrot:334

use of uninitialized value of type Int in string context  in block  at t/spec/S03-metaops/reduce.rakudo.parrot:334

use of uninitialized value of type Int in string context  in block  at t/spec/S03-metaops/reduce.rakudo.parrot:334

use of uninitialized value of type Int in string context  in block  at t/spec/S03-metaops/reduce.rakudo.parrot:334

use of uninitialized value of type Any in string context  in block  at t/spec/S03-metaops/reduce.rakudo.parrot:344

use of uninitialized value of type Any in string context  in block  at t/spec/S03-metaops/reduce.rakudo.parrot:347

 354    0    8    4  366
     2 skipped: huh?
     2 skipped: [!===]
     1 todo   : item context
     2 todo   : triangle [\^^] and [\xor]
     2 todo   : huh?
     2 todo   : orelse
     1 todo   : reduced hyper op
S03-metaops/reverse.t..............................  34    0    0    0   34
S03-metaops/zip.rakudo.parrot......................  18    0    4    2   24
     2 skipped: nom regression
     4 todo   : nom regression
S03-operators/adverbial-modifiers.rakudo.parrot....use of uninitialized value of type Any in string context  in sub f1 at t/spec/S03-operators/adverbial-modifiers.rakudo.parrot:177

  41    0    1    0   42
     1 todo   : Multi colonpair syntax not yet understood
S03-operators/also.rakudo.parrot...................   4    0    4    0    8
     4 todo   : nom regression
S03-operators/andthen.t............................   8    0    0    0    8
S03-operators/arith.t.............................. 145    0    0    0  145
S03-operators/assign-is-not-binding.t..............   8    0    0    0    8
S03-operators/assign.rakudo.parrot.................Potential difficulties:
    Redeclaration of symbol $a
    at t/spec/S03-operators/assign.rakudo.parrot:981
    ------> [32m    is (foo (my $a [33m‚èè[31m= 1,2,3)), (1,2,3), "Routine call taking[0m
use of uninitialized value of type Any in string context  in sub is at lib/Test.pm:81

use of uninitialized value of type Any in string context  in sub is at lib/Test.pm:81

use of uninitialized value of type Any in string context  in sub is at lib/Test.pm:81

use of uninitialized value of type Any in string context  in sub is at lib/Test.pm:84

use of uninitialized value of type Any in string context  in sub is at lib/Test.pm:81

use of uninitialized value of type Any in string context  in sub is at lib/Test.pm:84

use of uninitialized value of type Any in string context  in sub is at lib/Test.pm:81

use of uninitialized value of type Any in string context  in sub is at lib/Test.pm:84

 256    0   22   12  290
     3 skipped: expects a term, found infix >= instead
     3 skipped: Two terms in a row
     3 skipped: cannot modifiy an immutable value
     1 skipped: Odd number of elements found where hash expected
     2 skipped: RT #76734
     1 todo   : RT 80614
     5 todo   : list assignment
     5 todo   : list assignment to scalar
     3 todo   : list assignment, autovivification (?)
     3 todo   : item assignment
     1 todo   : list assignment with ($var, *)
     2 todo   : unknown
     1 todo   : huh?
     1 todo   : item/list assignment
S03-operators/autoincrement-range.t................  96    0    0    0   96
S03-operators/autoincrement.t......................  78    0    0    0   78
S03-operators/autovivification.t...................use of uninitialized value of type Any in numeric context  in block  at t/spec/S03-operators/autovivification.t:88

use of uninitialized value of type Any in numeric context  in block  at t/spec/S03-operators/autovivification.t:100

use of uninitialized value of type Any in string context  in any  at gen/parrot/BOOTSTRAP.nqp:103

  23    0    0    0   23
S03-operators/bag.rakudo.parrot....................  92    0    0   16  108
    16 skipped: Reduction and bag operators
S03-operators/basic-types.t........................  19    0    0    0   19
S03-operators/bit.t................................  33    0    0    0   33
S03-operators/boolean-bitwise.t....................  45    0    0    0   45
S03-operators/brainos.t............................   9    0    0    0    9
S03-operators/buf.t................................  34    0    0    0   34
S03-operators/chained-declarators.t................   5    0    0    0    5
S03-operators/cmp.t................................  22    0    0    0   22
S03-operators/comparison-simple.t..................  24    0    0    0   24
S03-operators/comparison.rakudo.parrot.............  37    0    4    0   41
     4 todo   : nom regression
S03-operators/context-forcers.rakudo.parrot........  95    0    0    2   97
     2 skipped: failure modes of Str.Numeric
S03-operators/context.t............................  32    0    0    0   32
S03-operators/custom.t.............................   1    0    0    0    1
S03-operators/div.t................................   6    0    0    0    6
S03-operators/equality.t...........................use of uninitialized value of type Any in string context  in block  at t/spec/S03-operators/equality.t:28

use of uninitialized value of type Any in string context  in block  at t/spec/S03-operators/equality.t:30

use of uninitialized value of type Any in string context  in block  at t/spec/S03-operators/equality.t:32

use of uninitialized value of type Any in string context  in block  at t/spec/S03-operators/equality.t:34

use of uninitialized value of type Any in string context  in block  at t/spec/S03-operators/equality.t:58

use of uninitialized value of type Any in string context  in block  at t/spec/S03-operators/equality.t:60

use of uninitialized value of type Any in string context  in block  at t/spec/S03-operators/equality.t:61

use of uninitialized value of type Any in string context  in block  at t/spec/S03-operators/equality.t:61

use of uninitialized value of type Any in numeric context  in block  at t/spec/S03-operators/equality.t:66

use of uninitialized value of type Any in numeric context  in block  at t/spec/S03-operators/equality.t:67

  32    0    0    0   32
S03-operators/eqv.rakudo.parrot....................  50    0    3    1   54
     1 skipped: huh?
     3 todo   : huh?
S03-operators/fiddly.t.............................   1    0    0    0    1
S03-operators/flip-flop.rakudo.parrot..............use of uninitialized value of type Any in string context  in sub test_ff_cnt at t/spec/S03-operators/flip-flop.rakudo.parrot:59

use of uninitialized value of type Any in string context  in sub test_ff_cnt at t/spec/S03-operators/flip-flop.rakudo.parrot:59

use of uninitialized value of type Any in string context  in sub test_ff_cnt at t/spec/S03-operators/flip-flop.rakudo.parrot:59

use of uninitialized value of type Any in string context  in sub test_ff_cnt at t/spec/S03-operators/flip-flop.rakudo.parrot:59

use of uninitialized value of type Any in string context  in sub test_ff_cnt at t/spec/S03-operators/flip-flop.rakudo.parrot:59

use of uninitialized value of type Any in string context  in sub test_ff_cnt at t/spec/S03-operators/flip-flop.rakudo.parrot:59

use of uninitialized value of type Any in string context  in sub test_ff_cnt at t/spec/S03-operators/flip-flop.rakudo.parrot:59

use of uninitialized value of type Any in string context  in sub test_ff_cnt at t/spec/S03-operators/flip-flop.rakudo.parrot:59

use of uninitialized value of type Any in string context  in sub test_ff_cnt at t/spec/S03-operators/flip-flop.rakudo.parrot:59

use of uninitialized value of type Any in string context  in sub test_ff_cnt at t/spec/S03-operators/flip-flop.rakudo.parrot:59

use of uninitialized value of type Any in string context  in sub test_ff_cnt at t/spec/S03-operators/flip-flop.rakudo.parrot:59

use of uninitialized value of type Any in string context  in sub test_ff_cnt at t/spec/S03-operators/flip-flop.rakudo.parrot:59

use of uninitialized value of type Any in string context  in sub test_ff_cnt at t/spec/S03-operators/flip-flop.rakudo.parrot:59

use of uninitialized value of type Any in string context  in sub test_ff_cnt at t/spec/S03-operators/flip-flop.rakudo.parrot:59

use of uninitialized value of type Any in string context  in sub test_ff_cnt at t/spec/S03-operators/flip-flop.rakudo.parrot:59

use of uninitialized value of type Any in string context  in sub test_ff_cnt at t/spec/S03-operators/flip-flop.rakudo.parrot:59

use of uninitialized value of type Any in string context  in sub test_ff_cnt at t/spec/S03-operators/flip-flop.rakudo.parrot:59

use of uninitialized value of type Any in string context  in sub test_ff_cnt at t/spec/S03-operators/flip-flop.rakudo.parrot:59

use of uninitialized value of type Any in string context  in sub test_ff_cnt at t/spec/S03-operators/flip-flop.rakudo.parrot:59

use of uninitialized value of type Any in string context  in sub test_ff_cnt at t/spec/S03-operators/flip-flop.rakudo.parrot:59

use of uninitialized value of type Any in string context  in sub test_ff_cnt at t/spec/S03-operators/flip-flop.rakudo.parrot:59

use of uninitialized value of type Any in string context  in sub test_ff_cnt at t/spec/S03-operators/flip-flop.rakudo.parrot:59

use of uninitialized value of type Any in string context  in sub test_ff_cnt at t/spec/S03-operators/flip-flop.rakudo.parrot:59

use of uninitialized value of type Any in string context  in sub test_ff_cnt at t/spec/S03-operators/flip-flop.rakudo.parrot:59

use of uninitialized value of type Any in string context  in sub test_ff_cnt at t/spec/S03-operators/flip-flop.rakudo.parrot:59

use of uninitialized value of type Any in string context  in sub test_ff_cnt at t/spec/S03-operators/flip-flop.rakudo.parrot:59

use of uninitialized value of type Any in string context  in sub test_ff_cnt at t/spec/S03-operators/flip-flop.rakudo.parrot:59

use of uninitialized value of type Any in string context  in sub test_ff_cnt at t/spec/S03-operators/flip-flop.rakudo.parrot:59

use of uninitialized value of type Any in string context  in sub test_ff_cnt at t/spec/S03-operators/flip-flop.rakudo.parrot:59

use of uninitialized value of type Any in string context  in sub test_ff_cnt at t/spec/S03-operators/flip-flop.rakudo.parrot:59

use of uninitialized value of type Any in string context  in sub test_ff_cnt at t/spec/S03-operators/flip-flop.rakudo.parrot:59

use of uninitialized value of type Any in string context  in sub test_ff_cnt at t/spec/S03-operators/flip-flop.rakudo.parrot:59

use of uninitialized value of type Any in string context  in sub test_ff_cnt at t/spec/S03-operators/flip-flop.rakudo.parrot:59

use of uninitialized value of type Any in string context  in sub test_ff_cnt at t/spec/S03-operators/flip-flop.rakudo.parrot:59

use of uninitialized value of type Any in string context  in sub test_ff_cnt at t/spec/S03-operators/flip-flop.rakudo.parrot:59

use of uninitialized value of type Any in string context  in sub test_ff_cnt at t/spec/S03-operators/flip-flop.rakudo.parrot:59

use of uninitialized value of type Any in string context  in sub test_ff_cnt at t/spec/S03-operators/flip-flop.rakudo.parrot:59

use of uninitialized value of type Any in string context  in sub test_ff_cnt at t/spec/S03-operators/flip-flop.rakudo.parrot:59

use of uninitialized value of type Any in string context  in sub test_ff_cnt at t/spec/S03-operators/flip-flop.rakudo.parrot:59

use of uninitialized value of type Any in string context  in sub test_ff_cnt at t/spec/S03-operators/flip-flop.rakudo.parrot:59

use of uninitialized value of type Any in string context  in sub test_ff_cnt at t/spec/S03-operators/flip-flop.rakudo.parrot:59

use of uninitialized value of type Any in string context  in sub test_ff_cnt at t/spec/S03-operators/flip-flop.rakudo.parrot:59

use of uninitialized value of type Any in string context  in sub test_ff_cnt at t/spec/S03-operators/flip-flop.rakudo.parrot:59

use of uninitialized value of type Any in string context  in sub test_ff_cnt at t/spec/S03-operators/flip-flop.rakudo.parrot:59

use of uninitialized value of type Any in string context  in sub test_ff_cnt at t/spec/S03-operators/flip-flop.rakudo.parrot:59

use of uninitialized value of type Any in string context  in sub test_ff_cnt at t/spec/S03-operators/flip-flop.rakudo.parrot:59

use of uninitialized value of type Any in string context  in sub test_ff_cnt at t/spec/S03-operators/flip-flop.rakudo.parrot:59

use of uninitialized value of type Any in string context  in sub test_ff_cnt at t/spec/S03-operators/flip-flop.rakudo.parrot:59

use of uninitialized value of type Any in string context  in sub test_ff_cnt at t/spec/S03-operators/flip-flop.rakudo.parrot:59

use of uninitialized value of type Any in string context  in sub test_ff_cnt at t/spec/S03-operators/flip-flop.rakudo.parrot:59

use of uninitialized value of type Any in string context  in sub test_ff_cnt at t/spec/S03-operators/flip-flop.rakudo.parrot:59

use of uninitialized value of type Any in string context  in sub test_ff_cnt at t/spec/S03-operators/flip-flop.rakudo.parrot:59

use of uninitialized value of type Any in string context  in sub test_ff_cnt at t/spec/S03-operators/flip-flop.rakudo.parrot:59

use of uninitialized value of type Any in string context  in sub test_ff_cnt at t/spec/S03-operators/flip-flop.rakudo.parrot:59

  37    0    0    2   39
     2 skipped: dubious scoping?
S03-operators/gcd.t................................  16    0    0    0   16
S03-operators/identity.rakudo.parrot...............  37    0    8    0   45
     4 todo   : unspecced
     4 todo   : misuse of =:=
S03-operators/increment.rakudo.parrot..............  30    0    1    0   31
     1 todo   : nom regression
S03-operators/inplace.rakudo.parrot................  23    0    0    4   27
     4 skipped: Method '' not found for invocant of class 'Str'
S03-operators/is-divisible-by.rakudo.parrot........  14    0    1    0   15
     1 todo   : not sure why this doesn't fire
S03-operators/lcm.t................................  15    0    0    0   15
S03-operators/list-quote-junction.t................  16    0    0    0   16
S03-operators/minmax.rakudo.parrot.................  21    0    4    0   25
     2 todo   : Annoying test that we haven't done the obvious yet unspecced, fails because we have indeed done the obvious
     2 todo   : max/min non-associative NYI
S03-operators/misc.rakudo.parrot...................  32    0    1    0   33
     1 todo   : nom regression
S03-operators/names.t..............................   7    0    0    0    7
S03-operators/nesting.t............................  26    0    0    0   26
S03-operators/not.rakudo.parrot....................  21    0    1    0   22
     1 todo   : RT 65556
S03-operators/numeric-shift.t......................  36    0    0    0   36
S03-operators/overflow.t...........................  98    0    0    0   98
S03-operators/precedence.rakudo.parrot.............  48    0    4    2   54
     2 skipped: nom regression
     1 todo   : list associativity bug
     1 todo   : RT #77848
     2 todo   : non-associativeness of infix:<^> and |
S03-operators/range-basic.t........................ 144    0    0    0  144
S03-operators/range-int.t.......................... 480    0    0    0  480
S03-operators/range.rakudo.parrot..................use of uninitialized value of type Any in numeric context  in block  at t/spec/S03-operators/range.rakudo.parrot:250

use of uninitialized value of type Any in numeric context  in block  at t/spec/S03-operators/range.rakudo.parrot:251

 122    0    2    0  124
     2 todo   : huh?
S03-operators/reduce-le1arg.rakudo.parrot..........use of uninitialized value of type Any in string context  in sub is at lib/Test.pm:81

use of uninitialized value of type Any in string context  in sub is at lib/Test.pm:81

  50    0    0    4   54
     1 skipped: [Z] hangs
     1 skipped: ~> NYI
     1 skipped: expected Any but got Mu instead
     1 skipped: ~< NYI
S03-operators/relational.t......................... 118    0    0    0  118
S03-operators/repeat.t.............................  32    0    0    0   32
S03-operators/scalar-assign.t......................   4    0    0    0    4
S03-operators/set.rakudo.parrot.................... 276    0    2   18  296
     2 skipped: ‚àÖ NYI
    16 skipped: Reduction and set operators
     2 todo   : huh?
S03-operators/short-circuit.rakudo.parrot..........use of uninitialized value of type Nil in numeric context  in block  at t/spec/S03-operators/short-circuit.rakudo.parrot:217

  77    0    6    0   83
     6 todo   : wrong return type
S03-operators/so.rakudo.parrot.....................  14    0    1    0   15
     1 todo   : check test and rakudo
S03-operators/spaceship-and-containers.t...........   6    0    0    0    6
S03-operators/spaceship.t..........................   5    0    0    0    5
S03-operators/subscript-adverbs.t.................. 108    0    0    0  108
S03-operators/subscript-vs-lt.t....................   4    0    0    0    4
S03-operators/ternary.t............................  17    0    0    0   17
S03-operators/value_equivalence.rakudo.parrot......  71    0    4    0   75
     1 todo   : .WHICH based on type names
     1 todo   : === fail
     2 todo   : === doesn't work on array references yet
S03-sequence/arity-2-or-more.t.....................  19    0    0    0   19
S03-sequence/arity0.t..............................  13    0    0    0   13
S03-sequence/basic.rakudo.parrot................... 127    0    2    0  129
     1 todo   : sequence + last
     1 todo   : mysterious
S03-sequence/limit-arity-2-or-more.t...............   8    0    0    0    8
S03-sequence/misc.rakudo.parrot....................use of uninitialized value of type Nil in numeric context  in block  at t/spec/S03-sequence/misc.rakudo.parrot:79

use of uninitialized value of type Nil in numeric context  in block  at t/spec/S03-sequence/misc.rakudo.parrot:79

  12    0    5    2   19
     1 skipped: Slicel lists are NYI
     1 skipped: Not enough positional parameters passed; got 0 but expected 1
     1 todo   : gives True instead
     2 todo   : NYI
     1 todo   : bogus test?
     1 todo   : RT 80574
S03-sequence/nonnumeric.rakudo.parrot..............  18    0    0   19   37
     6 skipped: lifting comparison ops
    11 skipped: hangs
     2 skipped: Decrement out of range
S03-smartmatch/any-any.t...........................   8    0    0    0    8
S03-smartmatch/any-array.rakudo.parrot.............   4    0    2    0    6
     2 todo   : nom regression
S03-smartmatch/any-bool.t..........................   8    0    0    0    8
S03-smartmatch/any-callable.t......................   6    0    0    0    6
S03-smartmatch/any-complex.t.......................  12    0    0    0   12
S03-smartmatch/any-hash-pair.t.....................   7    0    0    0    7
S03-smartmatch/any-method.t........................   4    0    0    0    4
S03-smartmatch/any-num.rakudo.parrot...............  16    0    0    2   18
     2 skipped: Mu ~~ Num doesn't work yet
S03-smartmatch/any-pair.t..........................  10    0    0    0   10
S03-smartmatch/any-str.rakudo.parrot...............   4    0    0    1    5
     1 skipped: smartmatching Mu against Str
S03-smartmatch/any-sub.t...........................   8    0    0    0    8
S03-smartmatch/any-type.t..........................  15    0    0    0   15
S03-smartmatch/array-array.t.......................  36    0    0    0   36
S03-smartmatch/array-hash.t........................   6    0    0    0    6
S03-smartmatch/capture-signature.t.................   5    0    0    0    5
S03-smartmatch/disorganized.t......................  41    0    0    0   41
S03-smartmatch/hash-hash.rakudo.parrot.............   2    0    2    0    4
     2 todo   : nom regression
S03-smartmatch/range-range.t.......................  14    0    0    0   14
S03-smartmatch/regex-hash.t........................   4    0    0    0    4
S03-smartmatch/scalar-hash.t.......................   3    0    0    0    3
S03-smartmatch/signature-signature.rakudo.parrot...  18    0    0    2   20
     1 skipped: Parametric types
     1 skipped: Code params with signatures
                                                   pass fail todo skip plan
S04-blocks-and-statements/let.t....................  12    0    0    0   12
S04-blocks-and-statements/pointy-rw.t..............  10    0    0    0   10
S04-blocks-and-statements/pointy.rakudo.parrot.....  15    0    2    0   17
     1 todo   : pointy blocks and last/redo
     1 todo   : &?ROUTINE
S04-blocks-and-statements/temp.rakudo.parrot.......  28    0    8    0   36
     6 todo   : TEMP phasers NYI
     1 todo   : temp + recursion
     1 todo   : temp and recursion
S04-declarations/constant.rakudo.parrot............use of uninitialized value of type Any in numeric context  in block  at t/spec/S04-declarations/constant.rakudo.parrot:94

use of uninitialized value of type Any in numeric context  in block  at t/spec/S04-declarations/constant.rakudo.parrot:116

use of uninitialized value of type Any in numeric context  in block  at t/spec/S04-declarations/constant.rakudo.parrot:138

  41    0    4    3   48
     2 skipped: binding
     1 skipped: unicode constant name
     1 todo   : constants as type constraints
     3 todo   : COMPILING
S04-declarations/implicit-parameter.rakudo.parrot..  16    0    2    0   18
     2 todo   : pointy blocks and $_
S04-declarations/multiple.rakudo.parrot............Potential difficulties:
    Redeclaration of symbol $x
    at t/spec/S04-declarations/multiple.rakudo.parrot:17
    ------> [32m    my $x [33m‚èè[31m= 3;[0m
Potential difficulties:
    Redeclaration of symbol $x
    at eval_0:1
    ------> [32mmy $x; my $x[33m‚èè[31m<EOL>[0m
Potential difficulties:
    Redeclaration of symbol $x
    at eval_1:1
    ------> [32mstate $x; state $x[33m‚èè[31m<EOL>[0m
   5    0    1    0    6
     1 todo   : nom regression
S04-declarations/my.rakudo.parrot..................Potential difficulties:
    Redeclaration of symbol %p
    at t/spec/S04-declarations/my.rakudo.parrot:56
    ------> [32m        my %p[33m‚èè[31m; #OK[0m
    Redeclaration of symbol $f
    at t/spec/S04-declarations/my.rakudo.parrot:160
    ------> [32m    my $f[33m‚èè[31m; #OK[0m
use of uninitialized value of type Any in string context  in block  at t/spec/S04-declarations/my.rakudo.parrot:23

use of uninitialized value of type Any in string context  in block  at t/spec/S04-declarations/my.rakudo.parrot:23

WARNINGS:
Useless use of "," in expression "my $x = 1, my $y = 2" in sink context (line 1)
WARNINGS:
Useless use of "," in expression "my $x = 1, my $y = 2" in sink context (line 1)
WARNINGS:
Useless use of "," in expression "my $x = 1, my $y = 2" in sink context (line 1)
WARNINGS:
Useless use of "," in expression "my $x = 1, my $y = 2" in sink context (line 1)
WARNINGS:
Useless use of "," in expression "my $x = 1, my $y = 2" in sink context (line 1)
WARNINGS:
Useless use of constant integer 1 in sink context (line 1)
  71    0    2    2   75
     2 skipped: nom regression, OUR::
     1 todo   : previous test skipped
     1 todo   : fails
S04-declarations/our.rakudo.parrot.................use of uninitialized value of type Any in string context  in sub is at lib/Test.pm:81

use of uninitialized value of type Any in string context  in sub is at lib/Test.pm:84

  32    0    1    0   33
     1 todo   : our-scoped var in role
S04-declarations/state.rakudo.parrot...............use of uninitialized value of type Any in string context  in sub is at lib/Test.pm:81

use of uninitialized value of type Any in string context  in sub is at lib/Test.pm:84

  33    0    2    5   40
     5 skipped: parse error
     1 todo   : embedded closures in regexen
     1 todo   : initialization happens only on first call(?)
S04-declarations/will.rakudo.parrot................use of uninitialized value of type Any in string context  in sub is at lib/Test.pm:81

use of uninitialized value of type Any in string context  in sub is at lib/Test.pm:84

use of uninitialized value of type Any in string context  in sub is at lib/Test.pm:81

use of uninitialized value of type Any in string context  in sub is at lib/Test.pm:84

  10    0    4    3   17
     2 skipped: declared variable not visible in block yet
     1 skipped: declared variable not visible in block yet# TODO will init NYI
     1 todo   : will init NYI
     1 todo   : will post NYI
     2 todo   : declared variable not visible in block yet
S04-exception-handlers/catch.t.....................[31m===[0mSORRY![31m===[0m Error while compiling t/spec/S04-exception-handlers/catch.t
Unexpected block in infix position (two terms in a row, or previous statement missing semicolon?)
at t/spec/S04-exception-handlers/catch.t:238
------> [32m<BOL>[33m‚èè[31m{[0m
    expecting any of:
        postfix
        infix stopper
        infix or meta-infix
   0   28    0    0   28
    28 tests aborted (missing ok/not ok)
S04-exceptions/fail.rakudo.parrot..................  11    0    0    2   13
     2 skipped: RT 64990
S04-exceptions/pending.rakudo.parrot...............   4    0    1   16   21
    13 skipped: $!.pending
     3 skipped: $object.handled
     1 todo   : not full of fail?
S04-phasers/ascending-order.t......................   7    0    0    0    7
S04-phasers/begin.t................................   9    0    0    0    9
S04-phasers/check.t................................   5    0    0    0    5
S04-phasers/descending-order.t.....................   7    0    0    0    7
S04-phasers/end.rakudo.parrot......................   3    0    2    0    5
     2 todo   : lexicals and EVAL()
S04-phasers/enter-leave.rakudo.parrot..............  19    0    1    1   21
     1 skipped: leave NYI
     1 todo   : is this spec? why would LEAVE not see outer $!? fossil?
S04-phasers/eval-in-begin.t........................   3    0    0    0    3
S04-phasers/first.t................................   4    0    0    0    4
S04-phasers/in-eval.rakudo.parrot..................  34    0    1    0   35
     1 todo   : not sure
S04-phasers/keep-undo.t............................  12    0    0    0   12
S04-phasers/multiple.t.............................   2    0    0    0    2
S04-phasers/next.rakudo.parrot.....................  10    0    2    1   13
     1 skipped: leave NYI
     2 todo   : NEXT/LEAVE ordering
S04-phasers/pre-post.rakudo.parrot.................  20    0    2    0   22
     2 todo   : POST and exceptions
S04-phasers/rvalue.t...............................  16    0    0    0   16
S04-statement-modifiers/for.t......................  21    0    0    0   21
S04-statement-modifiers/given.t....................   6    0    0    0    6
S04-statement-modifiers/if.t.......................  11    0    0    0   11
S04-statement-modifiers/unless.t...................   6    0    0    0    6
S04-statement-modifiers/until.t....................   4    0    0    0    4
S04-statement-modifiers/values_in_bool_context.t...  24    0    0    0   24
S04-statement-modifiers/while.t....................use of uninitialized value of type Any in numeric context  in block  at t/spec/S04-statement-modifiers/while.t:18

   5    0    0    0    5
S04-statement-parsing/hash.t.......................   8    0    0    0    8
S04-statements/do.rakudo.parrot....................  21    0    0    6   27
     1 skipped: last without loop construct
     1 skipped: redo without loop construct
     3 skipped: Undeclared name A
     1 skipped: next without loop construct
S04-statements/for-scope.t.........................  16    0    0    0   16
S04-statements/for.rakudo.parrot...................  74    0    2    2   78
     1 skipped: optional variable in for loop (RT #63994)
     1 skipped: maybe bogus, for loops are not supposed to be lazy?
     2 todo   : RT 113026 array iterator does not track a growing array
S04-statements/for_with_only_one_item.t............   9    0    0    0    9
S04-statements/gather.rakudo.parrot................  27    0    0    1   28
     1 skipped: RT #117635 (infinite loop)
S04-statements/given.t.............................  51    0    0    0   51
S04-statements/if.t................................  29    0    0    0   29
S04-statements/last.rakudo.parrot..................   6    0    0    2    8
     2 skipped: last LABEL
S04-statements/loop.t..............................  15    0    0    0   15
S04-statements/map-and-sort-in-for.t...............   4    0    0    0    4
S04-statements/next.rakudo.parrot..................  10    0    0    2   12
     1 skipped: next BLOCK
     1 skipped: next LOOP
S04-statements/no-implicit-block.t.................  12    0    0    0   12
S04-statements/once.t..............................  21    0    0    0   21
S04-statements/redo.t..............................  11    0    0    0   11
S04-statements/repeat.t............................  21    0    0    0   21
S04-statements/return.t............................  17    0    0    0   17
S04-statements/sink.rakudo.parrot..................   1    0    1    0    2
     1 todo   : RT #117235
S04-statements/terminator.t........................  15    0    0    0   15
S04-statements/try.rakudo.parrot...................use of uninitialized value of type Any in string context  in sub is at lib/Test.pm:81

use of uninitialized value of type Any in string context  in sub is at lib/Test.pm:84

  25    0    1    0   26
     1 todo   : RT 111704
S04-statements/unless.t............................  10    0    0    0   10
S04-statements/until.t.............................   4    0    0    0    4
S04-statements/while.t.............................   9    0    0    0    9
                                                   pass fail todo skip plan
S05-capture/caps.rakudo.parrot.....................  40    0    2    0   42
     1 todo   : return type of .chunks
     1 todo   : RT117995 - quantified conjunctive capture
S05-capture/dot.rakudo.parrot......................use of uninitialized value of type Any in string context  in block  at t/spec/S05-capture/dot.rakudo.parrot:100

use of uninitialized value of type Any in string context  in block  at t/spec/S05-capture/dot.rakudo.parrot:105

use of uninitialized value of type Any in string context  in block  at t/spec/S05-capture/dot.rakudo.parrot:110

  51    0   10    0   61
     1 todo   : really? :-)
     6 todo   : dubious test
     3 todo   : needs review
S05-capture/match-object.rakudo.parrot.............  18    0    1    2   21
     1 skipped: No such method pos for invocant of type Any
     1 skipped: Unsupported use of $¬¢ variable
     1 todo   : Unsupported use of $¬¢ variable
S05-capture/named.rakudo.parrot....................   9    0    0    2   11
     2 skipped: assigning to match object
S05-capture/subrule.t..............................use of uninitialized value of type Any in string context  in block  at t/spec/S05-capture/subrule.t:81

  46    0    0    0   46
S05-grammar/action-stubs.t.........................  22    0    0    0   22
S05-grammar/inheritance.rakudo.parrot..............  30    0    1    0   31
     1 todo   : automatic Grammar superclass
S05-grammar/methods.t..............................   6    0    0    0    6
S05-grammar/namespace.t............................   5    0    0    0    5
S05-grammar/parse_and_parsefile.t..................  12    0    0    0   12
S05-grammar/polymorphism.t.........................use of uninitialized value of type Any in string context  in block  at t/spec/S05-grammar/polymorphism.t:55

  28    0    0    0   28
S05-grammar/protoregex.rakudo.parrot...............  29    0    1    0   30
     1 todo   : RT120146
S05-grammar/protos.t...............................   4    0    0    0    4
S05-grammar/signatures.t...........................   2    0    0    0    2
S05-grammar/ws.rakudo.parrot.......................  10    0    0    2   12
     2 skipped: infinite loop: RT #64094 (noauto)
S05-interpolation/lexicals.t.......................  10    0    0    0   10
S05-interpolation/regex-in-variable.rakudo.parrot..  30    0    1    3   34
     3 skipped: instance member interpolation
     1 todo   : warn on undef
S05-mass/charsets.rakudo.parrot....................  12    0    4    0   16
     1 todo   : unicode 6.0 punct characters
     1 todo   : blank characters
     1 todo   : lower characters
     1 todo   : punct characters
S05-mass/named-chars.rakudo.parrot................. 337    0    0   94  431
     2 skipped: CR as char name
    62 skipped: negative char class in enumerated list
     2 skipped: NEL as char name
     2 skipped: FF as char name
     4 skipped: \c[LF] not valid charname
     4 skipped: \c[CR] not valid charname
     5 skipped: escapes in char classes
     7 skipped: \c[NEL] not valid charname
     4 skipped: \c[FF] not valid charname
     2 skipped: LF as char name
S05-mass/properties-block.t........................ 670    0    0    0  670
S05-mass/properties-derived.rakudo.parrot.......... 190    0    0   66  256
     3 skipped: icu
    10 skipped: isCommon not implemented
     7 skipped: isAssigned not implemented
     4 skipped: isAny not implemented
    42 skipped: isOther* not implemented
S05-mass/properties-general.rakudo.parrot.......... 566    0    6   30  602
    10 skipped: No [Lr] property defined
    16 skipped: Invalid codepoint \x[FFFE]
     4 skipped: Invalid codepoint \x[FFFF]
     6 todo   : Unicode spec change in v6.1
S05-mass/properties-script.rakudo.parrot........... 326    0    0   35  361
    35 skipped: Unicode properties with arguments
S05-mass/recursive.t...............................  20    0    0    0   20
S05-mass/rx.rakudo.parrot..........................use of uninitialized value of type Any in string context  in regex  at t/spec/S05-mass/rx.rakudo.parrot:540

 690    0    5   45  740
     1 skipped: <commit> not implemented
    21 skipped: **{}
     1 skipped: :s()
     1 skipped: closure repetition
     2 skipped: RT 116415
     2 skipped: RT 112454
     2 skipped: ::: NYI
     1 skipped: nom regression
     2 skipped: regex <name>
     2 skipped: RT 112450
     1 skipped: parse error
     9 skipped: :: NYI
     3 todo   : <cntrl>
     1 todo   : nom regression
     1 todo   : anchors and after
S05-mass/stdrules.rakudo.parrot.................... 158    0    0   28  186
    14 skipped: <.print>
    14 skipped: <.graph>
S05-match/arrayhash.t..............................   8    0    0    0    8
S05-match/blocks.rakudo.parrot.....................  17    0    5    0   22
     4 todo   : nom regression
     1 todo   : Assignment to matched string affects earlier match objects
S05-match/capturing-contexts.rakudo.parrot.........use of uninitialized value of type Any in string context  in sub is at lib/Test.pm:81

use of uninitialized value of type Any in string context  in sub is at lib/Test.pm:84

use of uninitialized value of type Any in string context  in sub is at lib/Test.pm:81

use of uninitialized value of type Any in string context  in sub is at lib/Test.pm:84

  33    0    5    5   43
     5 skipped: binding to $/
     1 todo   : RT 70007
     4 todo   : nom regression
S05-match/make.t...................................   3    0    0    0    3
S05-match/non-capturing.t..........................   9    0    0    0    9
S05-match/positions.t..............................  10    0    0    0   10
S05-metachars/closure.rakudo.parrot................   4    0    0    8   12
     3 skipped: make() inside closure
     5 skipped: assignment to match variables (dubious)
S05-metachars/line-anchors.t.......................  19    0    0    0   19
S05-metachars/newline.rakudo.parrot................  13    0    2    0   15
     2 todo   : Unicode
S05-metachars/tilde.rakudo.parrot..................  14    0    0   12   26
     2 skipped: backtracking to find ~ goal
     3 skipped: exceptions from regexes
     2 skipped: backtracking into ~
     5 skipped: should not throw exceptions
S05-metasyntax/angle-brackets.rakudo.parrot........  66    0    3   21   90
     1 skipped: indirect subrule call not implemented
     1 skipped: <~~ ... >
     2 skipped: <test()> not implemented
     2 skipped: <$subrule> not implemented
     1 skipped: colon arguments not implemented
    11 skipped: <*literal>
     1 skipped: <&foo()> not implemented
     2 skipped: angle quotes in regexes
     2 todo   : <%hash> not implemented
     1 todo   : !!! in regexes
S05-metasyntax/assertions.t........................   4    0    0    0    4
S05-metasyntax/changed.t...........................  12    0    0    0   12
S05-metasyntax/charset.rakudo.parrot...............  40    0    0    1   41
     1 skipped: large \x char spec in regex (RT #67122) (noauto)
S05-metasyntax/delimiters.t........................  21    0    0    0   21
S05-metasyntax/interpolating-closure.rakudo.parro..   5    0    1    0    6
     1 todo   : dunno
S05-metasyntax/litvar.t............................Potential difficulties:
    Apparent subscript will be treated as regex
    at t/spec/S05-metasyntax/litvar.t:33
    ------> [32mok(!('a0' ~~ m/$aref[33m‚èè[31m[0]/), 'Array ref stringifies before mat[0m
    Apparent subscript will be treated as regex
    at t/spec/S05-metasyntax/litvar.t:35
    ------> [32mok('a b ab c0' ~~ m/$aref[33m‚èè[31m[0]/, 'Array ref stringifies before matc[0m
    Apparent subscript will be treated as regex
    at t/spec/S05-metasyntax/litvar.t:36
    ------> [32mok('a0' ~~ m/@$aref[33m‚èè[31m[0]/, 'Array deref ignores 0');         [0m
    Apparent subscript will be treated as regex
    at t/spec/S05-metasyntax/litvar.t:37
    ------> [32mok('bx0' ~~ m/@$aref[33m‚èè[31m.[0]/, 'Array deref ignores dot 0');    [0m
    Apparent subscript will be treated as regex
    at t/spec/S05-metasyntax/litvar.t:38
    ------> [32mok('c0' ~~ m/@var[33m‚èè[31m[0]/, 'Array ignores 0');               [0m
  22    0    0    0   22
S05-metasyntax/longest-alternative.rakudo.parrot...  26    0    4    1   31
     1 skipped: :::
     2 todo   : LTM - literals in tokens
     1 todo   : LTM - longer quantified atom wins against shorter literal (subrules)
     1 todo   : implicit <.ws> stops LTM
S05-metasyntax/lookaround.t........................  10    0    0    0   10
S05-metasyntax/null.t..............................   4    0    0    0    4
S05-metasyntax/proto-token-ltm.t...................  10    0    0    0   10
S05-metasyntax/regex.t.............................Useless declaration of a has-scoped method in mainline (did you mean 'my token foo'?)
Useless declaration of a has-scoped method in mainline (did you mean 'my regex baz'?)
use of uninitialized value of type Any in string context  in any  at gen/parrot/BOOTSTRAP.nqp:103

  26    0    0    0   26
S05-metasyntax/repeat.rakudo.parrot................  18    0    0    6   24
     6 skipped: closure repetition
S05-metasyntax/sequential-alternation.t............  10    0    0    0   10
S05-metasyntax/single-quotes.t.....................   5    0    0    0    5
S05-metasyntax/unknown.rakudo.parrot...............  12    0    1    0   13
     1 todo   : RT 74832
S05-modifier/continue.t............................  13    0    0    0   13
S05-modifier/counted-match.rakudo.parrot...........  16    0    0    6   22
     6 skipped: hangs
S05-modifier/counted.rakudo.parrot................. 116    0    2    0  118
     2 todo   : unknown
S05-modifier/global.t..............................   8    0    0    0    8
S05-modifier/ignorecase.rakudo.parrot..............  22    0    2    0   24
     2 todo   : ignorecase and SS/&szlig;
S05-modifier/ii.rakudo.parrot......................  12    0    6    0   18
     6 todo   : NYI
S05-modifier/overlapping.rakudo.parrot.............  11    0    6    5   22
     5 skipped: m:overlap// NYI
     6 todo   : m:overlap NYI
S05-modifier/perl5_0.rakudo.parrot.................use of uninitialized value of type Any in string context  in sub is at lib/Test.pm:81

use of uninitialized value of type Any in string context  in sub is at lib/Test.pm:84

  17    0    7    0   24
     7 todo   : NYI
S05-modifier/perl5_1.t............................. 100    0    0    0  100
S05-modifier/perl5_2.t.............................use of uninitialized value of type Any in string context  in sub is at lib/Test.pm:81

use of uninitialized value of type Any in string context  in sub is at lib/Test.pm:81

 100    0    0    0  100
S05-modifier/perl5_3.t.............................use of uninitialized value of type Any in string context  in sub is at lib/Test.pm:81

use of uninitialized value of type Any in string context  in sub is at lib/Test.pm:81

use of uninitialized value of type Any in string context  in sub is at lib/Test.pm:81

 100    0    0    0  100
S05-modifier/perl5_4.t.............................use of uninitialized value of type Any in string context  in block  at t/spec/S05-modifier/perl5_4.t:42

use of uninitialized value of type Any in string context  in block  at t/spec/S05-modifier/perl5_4.t:82

use of uninitialized value of type Any in string context  in block  at t/spec/S05-modifier/perl5_4.t:85

use of uninitialized value of type Any in string context  in block  at t/spec/S05-modifier/perl5_4.t:93

 100    0    0    0  100
S05-modifier/perl5_5.rakudo.parrot.................  97    0    4    1  102
     1 skipped: hangs
     2 todo   : unknown issue
     2 todo   : (?i) and backreferences
S05-modifier/perl5_7.t............................. 100    0    0    0  100
S05-modifier/perl5_8.rakudo.parrot.................  77    0    1   25  103
     1 skipped: \G
     6 skipped: character classes in enumerated range
    18 skipped: expensive quantifier
     1 todo   : (?>...) not implemented
S05-modifier/pos.rakudo.parrot.....................  37    0    3    0   40
     1 todo   : m:g
     1 todo   : s:pos/// NYI
     1 todo   : m:p:i:g// NYI
S05-modifier/repetition.rakudo.parrot..............  10    0    2    0   12
     1 todo   : :2x
     1 todo   : :x(2)
S05-modifier/sigspace.t............................  12    0    0    0   12
S05-substitution/match.t...........................  13    0    0    0   13
S05-substitution/subst.rakudo.parrot...............use of uninitialized value of type Any in string context  in block  at t/spec/S05-substitution/subst.rakudo.parrot:24

use of uninitialized value of type Any in string context  in block  at t/spec/S05-substitution/subst.rakudo.parrot:24

 134    0    2    5  141
     2 skipped: s:g[...] =
     3 skipped: s[...] op= RHS
     1 todo   : RT #120526
     1 todo   : be smarter about constant detection
S05-transliteration/79778.t........................   1    0    0    0    1
S05-transliteration/trans.rakudo.parrot............  42    0   11    7   60
     2 skipped: closures and regexes
     5 skipped: tr///, feed operator not implemented
    10 todo   : flags
     1 todo   : disambiguate ranges
S05-transliteration/with-closure.rakudo.parrot.....  10    0    5    1   16
     1 skipped: Unable to resolve method ord in class Any
     5 todo   : nom regression
                                                   pass fail todo skip plan
S06-advanced/callframe.rakudo.parrot...............   8    0    0    1    9
     1 skipped: Unable to resolve method inline in type CallFrame
S06-advanced/callsame.t............................   3    0    0    0    3
S06-advanced/lexical-subs.rakudo.parrot............   9    0    0    2   11
     2 skipped: cannot parse operator names yet
S06-advanced/recurse.t.............................  13    0    0    0   13
S06-advanced/return.rakudo.parrot..................  75    0    1    3   79
     3 skipped: RT 75118
     1 todo   : RT 61732
S06-advanced/wrap.rakudo.parrot....................  64    0    5    0   69
     1 todo   : RT 70267: call to nextsame with nowhere to go
     1 todo   : RT 77472
     1 todo   : callwith
     2 todo   : temp and wrap
S06-currying/assuming-and-mmd.t....................   6    0    0    0    6
S06-currying/named.t...............................   3    0    0    0    3
S06-macros/errors.t................................   2    0    0    0    2
S06-macros/opaque-ast.rakudo.parrot................   3    0    0    4    7
     3 skipped: :COMPILING flag
     1 skipped: return from macro
S06-macros/quasi-blocks.t..........................  12    0    0    0   12
S06-macros/unquoting.t.............................  10    0    0    0   10
S06-multi/lexical-multis.rakudo.parrot.............  14    0    1    0   15
     1 todo   : lexical scope as tie breaker
S06-multi/positional-vs-named.rakudo.parrot........  25    0    0    2   27
     2 skipped: slurpy and named interaction
S06-multi/proto.rakudo.parrot......................  22    0    1    5   28
     5 skipped: redeclaration of routine 'bar'
     1 todo   : operator protos
S06-multi/redispatch.t.............................  10    0    0    0   10
S06-multi/syntax.t.................................  41    0    0    0   41
S06-multi/type-based.rakudo.parrot.................  50    0    0    3   53
     3 skipped: our sub in class
S06-multi/unpackability.t..........................  10    0    0    0   10
S06-multi/value-based.t............................  12    0    0    0   12
S06-operator-overloading/imported-subs.t...........  19    0    0    0   19
S06-operator-overloading/methods.rakudo.parrot.....   2    0    1    0    3
     1 todo   : nom regression
S06-operator-overloading/semicolon.t...............WARNINGS:
Useless use of constant integer 2 in sink context (line 15)
Useless use of constant integer 3 in sink context (line 15)
   3    0    0    0    3
S06-operator-overloading/sub.rakudo.parrot.........  43    0    7   20   70
     1 skipped: missing block, apparently "if" not an op
     2 skipped: not yet implemented
     1 skipped: infix Z will never work; no lexical Z
     1 skipped: &::
     4 skipped: missing block, no lexical Z
     3 skipped: assoc("non")
     2 skipped: macros
     4 skipped: prefix:[] form not implemented
     1 skipped: undeclared name
     1 skipped: cannot bind with this LHS
     1 todo   : infix:<;>
     5 todo   : huh?
     1 todo   : RT 65638
S06-operator-overloading/workout.t.................  84    0    0    0   84
S06-other/anon-hashes-vs-blocks.t..................  22    0    0    0   22
S06-other/introspection.t..........................  12    0    0    0   12
S06-other/main-eval.rakudo.parrot..................   2    0    1    0    3
     1 todo   : MAIN in EVAL
S06-other/main-usage.rakudo.parrot.................   0   22    0    0   22
    22 tests aborted (missing ok/not ok)
S06-other/main.t...................................   6    0    0    0    6
S06-other/misc.t...................................   3    0    0    0    3
S06-routine-modifiers/lvalue-subroutines.rakudo.p..  11    0    0    3   14
     2 skipped: maximum recursion depth exceeded
     1 skipped: hangs, probably due to [RT #114134]
S06-routine-modifiers/proxy.t......................  18    0    0    0   18
S06-routine-modifiers/scoped-named-subs.t..........  12    0    0    0   12
S06-signature/arity.t..............................  52    0    0    0   52
S06-signature/closure-over-parameters.t............   4    0    0    0    4
S06-signature/closure-parameters.rakudo.parrot.....   4    0    0   11   15
    11 skipped: type syntax parse failure
S06-signature/code.rakudo.parrot...................   7    0    1    0    8
     1 todo   : RT 67932
S06-signature/defaults.t...........................   5    0    0    0    5
S06-signature/errors.t.............................  11    0    0    0   11
S06-signature/introspection.rakudo.parrot..........  51    0    0    1   52
     1 skipped: expected Any but got Mu instead
S06-signature/mixed-placeholders.t.................  12    0    0    0   12
S06-signature/multidimensional.t...................  10    0    0    0   10
S06-signature/named-parameters.rakudo.parrot.......  72    0    0   21   93
     4 skipped: where constraints
     1 skipped: Not enough positional parameters passed; got 0 but expected 1
    16 skipped: multiple same-named arguments NYI
S06-signature/named-placeholders.t.................   3    0    0    0    3
S06-signature/named-renaming.t.....................  10    0    0    0   10
S06-signature/optional.t...........................  25    0    0    0   25
S06-signature/outside-subroutine.t.................   2    0    0    0    2
S06-signature/passing-arrays.t.....................  11    0    0    0   11
S06-signature/passing-hashes.t.....................   3    0    0    0    3
S06-signature/positional-placeholders.t............  10    0    0    0   10
S06-signature/positional.t.........................   7    0    0    0    7
S06-signature/scalar-type.t........................use of uninitialized value of type Array in string context  in sub is at lib/Test.pm:81

use of uninitialized value of type Array in string context  in sub is at lib/Test.pm:81

use of uninitialized value of type Array in string context  in sub is at lib/Test.pm:81

use of uninitialized value of type Array in string context  in sub is at lib/Test.pm:81

use of uninitialized value of type Array in string context  in sub is at lib/Test.pm:81

use of uninitialized value of type Array in string context  in sub is at lib/Test.pm:81

use of uninitialized value of type Array in string context  in sub is at lib/Test.pm:81

use of uninitialized value of type Array in string context  in sub is at lib/Test.pm:81

use of uninitialized value of type Hash in string context  in sub is at lib/Test.pm:81

use of uninitialized value of type Hash in string context  in sub is at lib/Test.pm:81

use of uninitialized value of type Hash in string context  in sub is at lib/Test.pm:81

use of uninitialized value of type Hash in string context  in sub is at lib/Test.pm:81

use of uninitialized value of type Hash in string context  in sub is at lib/Test.pm:81

use of uninitialized value of type Hash in string context  in sub is at lib/Test.pm:81

use of uninitialized value of type Hash in string context  in sub is at lib/Test.pm:81

use of uninitialized value of type Hash in string context  in sub is at lib/Test.pm:81

   8    0    0    0    8
S06-signature/sigilless.t..........................  10    0    0    0   10
S06-signature/slurpy-and-interpolation.t...........   7    0    0    0    7
S06-signature/slurpy-params.rakudo.parrot..........use of uninitialized value of type Any in numeric context  in sub foo2 at t/spec/S06-signature/slurpy-params.rakudo.parrot:98

use of uninitialized value of type Any in numeric context  in sub foo2 at t/spec/S06-signature/slurpy-params.rakudo.parrot:98

use of uninitialized value of type Any in numeric context  in sub foo2 at t/spec/S06-signature/slurpy-params.rakudo.parrot:98

  40    0    0   17   57
    17 skipped: types on slurpy params
S06-signature/slurpy-placeholders.t................   8    0    0    0    8
S06-signature/sub-ref.rakudo.parrot................use of uninitialized value of type Any in string context  in sub is at lib/Test.pm:81

use of uninitialized value of type Any in string context  in sub is at lib/Test.pm:84

  28    0    2    4   34
     4 skipped: macros, compile time binding
     2 todo   : RT 63974
S06-signature/tree-node-parameters.rakudo.parrot...  16    0    0    4   20
     4 skipped: signature binding of return values NYI
S06-signature/type-capture.rakudo.parrot...........   7    0    0    1    8
     1 skipped: nom regression
S06-signature/types.t..............................   6    0    0    0    6
S06-signature/unpack-array.t.......................  13    0    0    0   13
S06-signature/unpack-object.t......................   4    0    0    0    4
S06-signature/unspecified.rakudo.parrot............use of uninitialized value of type Any in string context  in sub both at t/spec/S06-signature/unspecified.rakudo.parrot:38

use of uninitialized value of type Any in string context  in sub both at t/spec/S06-signature/unspecified.rakudo.parrot:38

  12    0    5    0   17
     1 todo   : RT 71112: Cannot assign to readonly variable.
     4 todo   : siglist
S06-traits/is-assoc.rakudo.parrot..................   4    0    0    2    6
     2 skipped: RT 116244
S06-traits/is-copy.t...............................Potential difficulties:
    Redeclaration of symbol $x
    at eval_0:1
    ------> [32msub f ($x is copy) { my $x [33m‚èè[31m}[0m
  24    0    0    0   24
S06-traits/is-readonly.rakudo.parrot...............useless use of 'is readonly' on $!attr  in any  at src/Perl6/World.nqp:1661

   2    0    1    0    3
     1 todo   : readonly attributes
S06-traits/is-rw.rakudo.parrot.....................   5    0    2    0    7
     1 todo   : Depends on preceding test working
     1 todo   : 
S06-traits/misc.rakudo.parrot......................  17    0    2    0   19
     2 todo   : is readonly does not override
S06-traits/precedence.rakudo.parrot................   9    0    1    0   10
     1 todo   : changing precedence of already declared op
S06-traits/slurpy-is-rw.t..........................   3    0    0    0    3
                                                   pass fail todo skip plan
S09-autovivification/autoincrement.t...............   7    0    0    0    7
S09-autovivification/autovivification.rakudo.parr..use of uninitialized value of type Any in string context  in block  at t/spec/S09-autovivification/autovivification.rakudo.parrot:60

use of uninitialized value of type Any in string context  in block  at t/spec/S09-autovivification/autovivification.rakudo.parrot:60

  37    0    4    1   42
     1 skipped: isa multi variant
     2 todo   : autoviv, binding
     2 todo   : unknown
S09-hashes/objecthash.rakudo.parrot................  25    0    0    6   31
     6 skipped: oh noes, it dies
S09-subscript/slice.rakudo.parrot..................  22    0    0    4   26
     2 skipped: #120383
     2 skipped: RT 61844
S09-typed-arrays/arrays.rakudo.parrot..............  53    0    5    3   61
     1 skipped: nested typechecks are borked
     1 skipped: type on our-variables
     1 skipped: initialization
     1 todo   : need parameterized Lists
     2 todo   : nested typechecks are borked
     2 todo   : no parametrization
S09-typed-arrays/hashes.t..........................use of uninitialized value of type Int in string context  in sub is at lib/Test.pm:81

use of uninitialized value of type Int in string context  in sub is at lib/Test.pm:81

use of uninitialized value of type Any in string context  in sub is at lib/Test.pm:81

use of uninitialized value of type Any in string context  in sub is at lib/Test.pm:81

use of uninitialized value of type Any in string context  in sub is at lib/Test.pm:81

use of uninitialized value of type Any in string context  in sub is at lib/Test.pm:81

use of uninitialized value of type Int in string context  in sub is at lib/Test.pm:81

use of uninitialized value of type Int in string context  in sub is at lib/Test.pm:81

  33    0    0    0   33
                                                   pass fail todo skip plan
S10-packages/basic.rakudo.parrot...................  56    0    1    2   59
     1 skipped: ticket based only on class... RT #60446
     1 skipped: RT #59484
     1 todo   : RT #64606
S10-packages/joined-namespaces.t...................   3    0    0    0    3
S10-packages/use-with-class.t......................   9    0    0    0    9
                                                   pass fail todo skip plan
S11-modules/import-multi.rakudo.parrot.............  14    0    1    4   19
     2 skipped: Code did not die, can not check exception
     1 skipped: A symbol "&Gfoo" has already been exported
     1 skipped: it just dies, can't check using throws_like
     1 todo   : huh?
S11-modules/import-tag.t...........................  12    0    0    0   12
S11-modules/import.rakudo.parrot...................  10    0    0    4   14
     4 skipped: import plus inline module
S11-modules/importing.t............................  16    0    0    0   16
S11-modules/lexical.t..............................   2    0    0    0    2
S11-modules/need.t.................................   2    0    0    0    2
S11-modules/nested.t...............................   6    0    0    0    6
S11-modules/require.rakudo.parrot..................  11    0    1    1   13
     1 skipped: Trying to import from 'InnerModule', but the following symbols are missing: quux
     1 todo   : variable form plus imports NYI
                                                   pass fail todo skip plan
S12-attributes/class.rakudo.parrot.................  19    0    0    6   25
     6 skipped: nom regression - method ^foo
S12-attributes/clone.rakudo.parrot.................  32    0    2    0   34
     2 todo   : clone currently messes up original
S12-attributes/defaults.t..........................  34    0    0    0   34
S12-attributes/delegation.t........................  65    0    0    0   65
S12-attributes/inheritance.t.......................   7    0    0    0    7
S12-attributes/instance.rakudo.parrot..............use of uninitialized value of type Int in string context  in sub is at lib/Test.pm:81

use of uninitialized value of type Int in string context  in sub is at lib/Test.pm:81

use of uninitialized value of type Int in string context  in sub is at lib/Test.pm:81

use of uninitialized value of type Int in string context  in sub is at lib/Test.pm:81

use of uninitialized value of type Int in string context  in sub is at lib/Test.pm:84

use of uninitialized value of type Int in string context  in sub is at lib/Test.pm:84

use of uninitialized value of type Int in string context  in sub is at lib/Test.pm:84

use of uninitialized value of type Int in string context  in sub is at lib/Test.pm:84

 133    0    6    1  140
     1 skipped: dubious test - the initializer becomes a submethod here, implying a scope
     2 todo   : ro array/hash with accessor
     1 todo   : over-eager auto-vivification bugs
     1 todo   : huh?
     2 todo   : ro on list attributes
S12-attributes/mutators.rakudo.parrot..............   5    0    0    7   12
     7 skipped: Can not get attribute $!varies declared in class MagicVal with this object
S12-attributes/recursive.t.........................  23    0    0    0   23
S12-attributes/undeclared.t........................  10    0    0    0   10
S12-class/anonymous.rakudo.parrot..................  16    0    1    0   17
     1 todo   : Anonymous class stringification (?)
S12-class/attributes.rakudo.parrot.................  30    0    0    1   31
     1 skipped: Cannot use .= to initialize an attribute
S12-class/augment-supersede.rakudo.parrot..........  10    0    0    2   12
     2 skipped: redeclaration of symbol Bar
S12-class/basic.rakudo.parrot......................  33    0    0    4   37
     3 skipped: Calling is will never work with argument types (Foo)
     1 skipped: RT #67784
S12-class/declaration-order.t......................   2    0    0    0    2
S12-class/extending-arrays.t.......................  11    0    0    0   11
S12-class/inheritance-class-methods.t..............   5    0    0    0    5
S12-class/inheritance.t............................  39    0    0    0   39
S12-class/instantiate.rakudo.parrot................   6    0    1    0    7
     1 todo   : error reporting
S12-class/interface-consistency.t..................   8    0    0    0    8
S12-class/lexical.t................................  14    0    0    0   14
S12-class/literal.t................................   2    0    0    0    2
S12-class/magical-vars.t...........................  17    0    0    0   17
S12-class/mro.t....................................   4    0    0    0    4
S12-class/namespaced.t.............................  13    0    0    0   13
S12-class/open.t...................................   8    0    0    0    8
S12-class/rw.t.....................................   5    0    0    0    5
S12-class/self-inheritance.t.......................   2    0    0    0    2
S12-class/stubs.rakudo.parrot......................   7    0    1    0    8
     1 todo   : nom regression
S12-class/type-object.t............................use of uninitialized value of type Any in string context  in block  at t/spec/S12-class/type-object.t:6

use of uninitialized value of type Any in string context  in block  at t/spec/S12-class/type-object.t:7

   6    0    0    0    6
S12-construction/BUILD.rakudo.parrot...............   8    0    1    0    9
     1 todo   : method BUILD should warn
S12-construction/autopairs.rakudo.parrot...........   2    0    2    0    4
     2 todo   : nom regression
S12-construction/construction.t....................  18    0    0    0   18
S12-construction/named-params-in-BUILD.t...........   3    0    0    0    3
S12-construction/new.rakudo.parrot.................  15    0   10    0   25
     9 todo   : parent attributes in initialization
     1 todo   : nested package handling does't quite get this one right
S12-enums/anonymous.t..............................   7    0    0    0    7
S12-enums/as-role.t................................   9    0    0    0    9
S12-enums/basic.rakudo.parrot......................  29    0    0    5   34
     5 skipped: Cannot convert string to number
S12-enums/misc.rakudo.parrot.......................  12    0    0    1   13
     1 skipped: RT 63826
S12-enums/non-int.rakudo.parrot....................   5    0    1    0    6
     1 todo   : NYI
S12-enums/pseudo-functional.t......................  11    0    0    0   11
S12-enums/thorough.rakudo.parrot...................  14    0    0   20   34
     2 skipped: NYI
    16 skipped: does &day::("Tue")
     2 skipped: does day::Tue
S12-introspection/WHAT.rakudo.parrot...............  25    0   12    0   37
     3 todo   : of Type on scalars fails
     4 todo   : Foo[Int].new on scalars fails
     1 todo   : Foo[Int,Str].new on scalars fails
     2 todo   : looks like a type object, but is not
     2 todo   : %h{Str} of Int fails
S12-introspection/attributes.rakudo.parrot.........  25    0    0    5   30
     5 skipped: :tree not implemented for .^attributes
S12-introspection/can.t............................  25    0    0    0   25
S12-introspection/definite.t.......................   6    0    0    0    6
S12-introspection/meta-class.rakudo.parrot.........   9    0    0    4   13
     1 skipped: .layout
     1 skipped: .version, version number parsing
     1 skipped: precedence of prefix:<^>
     1 skipped: precedence of HOW
S12-introspection/methods.rakudo.parrot............  45    0    2   11   58
    11 skipped: nom regression
     2 todo   : nom regression
S12-introspection/parents.t........................  59    0    0    0   59
S12-introspection/roles.rakudo.parrot..............use of uninitialized value of type R3 in string context  in any  at gen/parrot/Metamodel.nqp:1481

use of uninitialized value of type R3 in string context  in any  at gen/parrot/Metamodel.nqp:1481

use of uninitialized value of type R3 in string context  in any  at gen/parrot/Metamodel.nqp:1481

use of uninitialized value of type R3 in string context  in any  at gen/parrot/Metamodel.nqp:1481

   8    0    0    4   12
     4 skipped: .^roles(:tree)
S12-introspection/walk.t...........................  11    0    0    0   11
S12-methods/accessors.t............................   8    0    0    0    8
S12-methods/attribute-params.t.....................  13    0    0    0   13
S12-methods/calling_sets.rakudo.parrot.............  21    0    0   11   32
    11 skipped: ambiguous dispatch
S12-methods/calling_syntax.t.......................  11    0    0    0   11
S12-methods/chaining.t.............................  17    0    0    0   17
S12-methods/class-and-instance.t...................   8    0    0    0    8
S12-methods/default-trait.t........................   6    0    0    0    6
S12-methods/defer-call.t...........................  14    0    0    0   14
S12-methods/defer-next.rakudo.parrot...............  20    0    1    0   21
     1 todo   : variant of RT 69608
S12-methods/delegation.t...........................   7    0    0    0    7
S12-methods/how.t..................................   2    0    0    0    2
S12-methods/indirect_notation.rakudo.parrot........  10    0    0   23   33
     6 skipped: .@foo not yet working
    15 skipped: .*, .+ and .? with @foo
     2 skipped: TTIAR near $o:
S12-methods/instance.rakudo.parrot.................useless use of 'is rw' on @!something  in any  at src/Perl6/World.nqp:1661

use of uninitialized value of type AnonInvocant in string context  in sub is at lib/Test.pm:81

use of uninitialized value of type AnonInvocant in string context  in sub is at lib/Test.pm:81

  36    0    0    2   38
     2 skipped: indirect object notation
S12-methods/lastcall.t.............................   6    0    0    0    6
S12-methods/lvalue.t...............................  16    0    0    0   16
S12-methods/method-vs-sub.rakudo.parrot............   4    0    0    1    5
     1 skipped: confused near "($obj:),  "
S12-methods/multi.rakudo.parrot....................  26    0    1    5   32
     2 skipped: proto does not promote to multi
     3 skipped: unknown bug
     1 todo   : RT 66006
S12-methods/parallel-dispatch.rakudo.parrot........  31    0    5    1   37
     1 skipped: No such method postcircumfix:<( )> for invocant of type Pair
     5 todo   : is_deeply does not think map results are the same as list on LHS
S12-methods/private.t..............................  16    0    0    0   16
S12-methods/qualified.t............................   2    0    0    0    2
S12-methods/submethods.rakudo.parrot...............  21    0    0    6   27
     2 skipped: outer lexicals in roles
     4 skipped: roles and submethods
S12-methods/syntax.rakudo.parrot...................   8    0    0    4   12
     3 skipped: switch-from-paren-to-listop form
     1 skipped: adverbial closures
S12-methods/topic.t................................   2    0    0    0    2
S12-methods/trusts.t...............................   4    0    0    0    4
S12-methods/typed-attributes.t.....................   7    0    0    0    7
S12-methods/what.t.................................use of uninitialized value of type Match in numeric context  in block  at t/spec/S12-methods/what.t:55

use of uninitialized value of type Match in numeric context  in block  at t/spec/S12-methods/what.t:57

  33    0    0    0   33
S12-subset/multi-dispatch.t........................   6    0    0    0    6
S12-subset/subtypes.rakudo.parrot..................  75    0    2    0   77
     2 todo   : RT 79160
                                                   pass fail todo skip plan
S13-overloading/metaoperators.t....................   9    0    0    0    9
S13-overloading/operators.rakudo.parrot............   3    0    0    1    4
     1 skipped: cannot easily override {} at the moment
S13-overloading/typecasting-long.rakudo.parrot.....   4    0    0   12   16
     8 skipped: cannot easily override {} at the moment
     4 skipped: cannot easily override [] at the moment
S13-overloading/typecasting-mixed.rakudo.parrot....   2    0    5    7   14
     4 skipped: cannot easily override {} at the moment
     3 skipped: cannot easily override [] at the moment
     4 todo   : cannot easily override {} at the moment
     1 todo   : cannot easily override [] at the moment
S13-overloading/typecasting-short.rakudo.parrot....   2    0    5    7   14
     4 skipped: cannot easily override {} at the moment
     3 skipped: cannot easily override [] at the moment
     4 todo   : cannot easily override {} at the moment
     1 todo   : cannot easily override [] at the moment
S13-type-casting/methods.t.........................  13    0    0    0   13
                                                   pass fail todo skip plan
S14-roles/anonymous.rakudo.parrot..................  12    0    0    1   13
     1 skipped: anonymous roles only created once
S14-roles/attributes.rakudo.parrot.................   5    0    0    2    7
     2 skipped: review test and rakudo
S14-roles/basic.rakudo.parrot......................  38    0    2    3   43
     3 skipped: RT 67768
     1 todo   : nom regression
     1 todo   : can see it in the position, but even STD message doesn't include it
S14-roles/bool.t...................................   3    0    0    0    3
S14-roles/composition.rakudo.parrot................  24    0    0    2   26
     2 skipped: diamond composition
S14-roles/conflicts.t..............................  11    0    0    0   11
S14-roles/crony.t..................................   4    0    0    0    4
S14-roles/instantiation.t..........................  19    0    0    0   19
S14-roles/lexical.t................................   9    0    0    0    9
S14-roles/mixin.rakudo.parrot......................  29    0    0    3   32
     2 skipped: mixin at the point of declaration is compile time
     1 skipped: Twigil ! is only valid on attribute definitions
S14-roles/namespaced.rakudo.parrot.................   2    0    1    0    3
     1 todo   : nom regression
S14-roles/parameter-subtyping.t....................  22    0    0    0   22
S14-roles/parameterized-basic.t....................  32    0    0    0   32
S14-roles/parameterized-mixin.rakudo.parrot........  24    0    4    0   28
     4 todo   : .does with parametric roles
S14-roles/parameterized-type.rakudo.parrot.........  29    0    0    1   30
     1 skipped: cannot easily override [] at the moment
S14-roles/stubs.t..................................   9    0    0    0    9
S14-roles/submethods.t.............................   4    0    0    0    4
S14-traits/attributes.t............................   8    0    0    0    8
S14-traits/routines.rakudo.parrot..................  12    0    1    0   13
     1 todo   : trait mod / .wrap interaction
                                                   pass fail todo skip plan
S16-filehandles/chmod.t............................  16    0    0    3   19
     3 skipped: :r :w :x can accidentally work with root permission
S16-filehandles/filestat.t.........................  12    0    0    0   12
S16-filehandles/filetest.rakudo.parrot.............  32    0    0    9   41
     9 skipped: :M, :C, :A
S16-filehandles/io.rakudo.parrot...................  83    0    0    1   84
     1 skipped: :rw on open() unimplemented
S16-filehandles/io_in_for_loops.t..................  29    0    0    0   29
S16-filehandles/io_in_while_loops.t................  13    0    0    0   13
S16-filehandles/mkdir_rmdir.rakudo.parrot..........  13    0    0    1   14
     1 skipped: deviation from spec because we do not have sink yet
S16-filehandles/open.t.............................   2    0    0    1    3
     1 skipped: open('nonexisting') => undefined is waiting on 'use fatal'
S16-filehandles/unlink.rakudo.parrot...............   5    0    0    1    6
     1 skipped: implicit closure of file handle at scope exit not implemented (FAILS ON WINDOWS) (noauto)
S16-io/bare-say.rakudo.parrot......................   3    0    5    0    8
     3 todo   : nom regression
     2 todo   : bare say
S16-io/basic-open.t................................   9    0    0    0    9
S16-io/cwd.t.......................................   3    0    0    0    3
S16-io/getc.t......................................   1    0    0    0    1
S16-io/say-and-ref.t...............................   3    0    0    0    3
S16-io/say.t.......................................   8    0    0    0    8
S16-io/tmpdir.t....................................   3    0    0    0    3
S16-unfiled/rebindstdhandles.rakudo.parrot.........   0    0    0    2    2
     2 skipped: contextual rebinding regression
                                                   pass fail todo skip plan
S19-command-line/dash-e.t..........................   3    0    0    0    3
S19-command-line/help.t............................   1    0    0    0    1
                                                   pass fail todo skip plan
S24-testing/0-compile.t............................   1    0    0    0    1
                                                   pass fail todo skip plan
S26-documentation/01-delimited.t...................  39    0    0    0   39
S26-documentation/02-paragraph.t...................  27    0    0    0   27
S26-documentation/03-abbreviated.t.................  30    0    0    0   30
S26-documentation/04-code.t........................  50    0    0    0   50
S26-documentation/05-comment.t.....................   9    0    0    0    9
S26-documentation/06-lists.t.......................  39    0    0    0   39
S26-documentation/07-tables.t......................  38    0    0    0   38
S26-documentation/08-formattingcodes.t.............  43    0    0    0   43
S26-documentation/09-configuration.t...............  14    0    0    0   14
S26-documentation/10-doc-cli.t.....................   1    0    0    0    1
S26-documentation/why.t............................  18    0    0    1   19
     1 skipped: segfault
                                                   pass fail todo skip plan
S28-named-variables/cwd.t..........................   2    0    0    0    2
S28-named-variables/inc.t..........................   5    0    0    0    5
                                                   pass fail todo skip plan
S29-any/cmp.t......................................   6    0    0    0    6
S29-any/isa.t......................................  10    0    0    0   10
S29-context/die.rakudo.parrot......................WARNINGS:
Useless use of variable $foo in sink context (line 23)
  15    0    1    0   16
     1 todo   : RT #67374
S29-context/eval.rakudo.parrot.....................  15    0    0    3   18
     1 skipped: EVAL(Buf)
     2 skipped: EVAL coerce to string
S29-context/exit-in-if.t...........................   1    0    0    0    1
S29-context/exit.t.................................   3    0    0    0    3
S29-context/sleep.t................................  17    0    0    0   17
S29-conversions/hash.t.............................   8    0    0    0    8
S29-conversions/ord_and_chr.rakudo.parrot.......... 255    0    1    0  256
     1 todo   : RT #65172 - combining graphemes
S29-os/system.rakudo.parrot........................   4    0    0    1    5
     1 skipped: run() broken (and test questionable
                                                   pass fail todo skip plan
S32-array/bool.t...................................  15    0    0    0   15
S32-array/create.t.................................   8    0    0    0    8
S32-array/delete-adverb-native.t...................use of uninitialized value of type Int in string context  in sub is at lib/Test.pm:81

use of uninitialized value of type Any in string context  in sub is at lib/Test.pm:81

use of uninitialized value of type Int in string context  in sub is at lib/Test.pm:81

use of uninitialized value of type Any in string context  in sub is at lib/Test.pm:81

use of uninitialized value of type Int in string context  in sub is at lib/Test.pm:81

use of uninitialized value of type Int in string context  in sub is at lib/Test.pm:81

 138    0    0    0  138
S32-array/delete-adverb.t..........................use of uninitialized value of type Int in string context  in sub is at lib/Test.pm:81

use of uninitialized value of type Any in string context  in sub is at lib/Test.pm:81

use of uninitialized value of type Int in string context  in sub is at lib/Test.pm:81

use of uninitialized value of type Any in string context  in sub is at lib/Test.pm:81

use of uninitialized value of type Int in string context  in sub is at lib/Test.pm:81

use of uninitialized value of type Int in string context  in sub is at lib/Test.pm:81

 216    0    0    0  216
S32-array/delete.t.................................use of uninitialized value of type Any in string context  in block  at t/spec/S32-array/delete.t:73

  29    0    0    0   29
S32-array/elems.t..................................  11    0    0    0   11
S32-array/end.t....................................  12    0    0    0   12
S32-array/exists-adverb.t..........................  52    0    0    0   52
S32-array/keys_values.t............................   8    0    0    0    8
S32-array/kv.t.....................................  18    0    0    0   18
S32-array/pairs.rakudo.parrot......................  13    0    1    0   14
     1 todo   : Apparently not rw yet?
S32-array/perl.t...................................   6    0    0    0    6
S32-array/pop.t....................................  36    0    0    0   36
S32-array/push.t...................................  51    0    0    0   51
S32-array/rotate.t.................................  27    0    0    0   27
S32-array/shift.t..................................  31    0    0    0   31
S32-array/splice.rakudo.parrot.....................  37    0    1    0   38
     1 todo   : slice bug
S32-array/unshift.t................................  57    0    0    0   57
S32-basics/warn.rakudo.parrot......................# It's OK to see this warning during a test run  in block  at t/spec/S32-basics/warn.rakudo.parrot:14

   5    0    2    0    7
     1 todo   : nom regression
     1 todo   : quietly
S32-container/roundrobin.rakudo.parrot.............   4    0    1    0    5
     1 todo   : over-flattening
S32-container/stringify.t..........................use of uninitialized value of type Set in string context  in block  at t/spec/S32-container/stringify.t:14

use of uninitialized value of type Set in string context  in block  at t/spec/S32-container/stringify.t:15

use of uninitialized value of type SetHash in string context  in block  at t/spec/S32-container/stringify.t:20

use of uninitialized value of type SetHash in string context  in block  at t/spec/S32-container/stringify.t:21

use of uninitialized value of type Bag in string context  in block  at t/spec/S32-container/stringify.t:25

use of uninitialized value of type Bag in string context  in block  at t/spec/S32-container/stringify.t:26

use of uninitialized value of type BagHash in string context  in block  at t/spec/S32-container/stringify.t:31

use of uninitialized value of type BagHash in string context  in block  at t/spec/S32-container/stringify.t:32

  16    0    0    0   16
S32-container/zip.rakudo.parrot....................   8    0    0    2   10
     2 skipped: lvalue zip
S32-exceptions/misc.rakudo.parrot.................. 697    1    0    5  703
     1 skipped: RT 114134
     3 skipped: still handled by <special_var>
     1 skipped: parsing regression
S32-hash/delete-adverb.t...........................use of uninitialized value of type Int in string context  in sub is at lib/Test.pm:81

use of uninitialized value of type Int in string context  in sub is at lib/Test.pm:81

 130    0    0    0  130
S32-hash/delete.t..................................   8    0    0    0    8
S32-hash/exists-adverb.t...........................  46    0    0    0   46
S32-hash/exists.rakudo.parrot......................  20    0    0    1   21
     1 skipped: unspecced
S32-hash/invert.rakudo.parrot......................   4    0    1    0    5
     1 todo   : nom regression
S32-hash/keys_values.t.............................  14    0    0    0   14
S32-hash/kv.t......................................  27    0    0    0   27
S32-hash/pairs.rakudo.parrot.......................  20    0    1    0   21
     1 todo   : Rakudo seems to make a copy rather than a reference
S32-hash/perl.t....................................  12    0    0    0   12
S32-hash/push.t....................................   7    0    0    0    7
S32-hash/slice.rakudo.parrot.......................  18    0   11    0   29
    11 todo   : binding on hash elements unimplemented
S32-io/IO-Socket-INET.t............................  41    0    0    0   41
S32-io/chdir.rakudo.parrot.........................   8    0    0    2   10
     2 skipped: spec non-conformance due to missing sink context
S32-io/copy.t......................................  29    0    0    0   29
S32-io/dir.t.......................................  12    0    0    0   12
S32-io/file-tests.t................................  30    0    0    0   30
S32-io/io-path-cygwin.rakudo.parrot................  49    0    1    2   52
     2 skipped: On-system tests for filetest inheritance
     1 todo   : resolve NYI, needs nqp::readlink
S32-io/io-path-unix.rakudo.parrot..................  36    0    1    0   37
     1 todo   : resolve NYI, needs nqp::readlink
S32-io/io-path-win.rakudo.parrot...................  48    0    1    2   51
     2 skipped: On-system tests for filetest inheritance
     1 todo   : resolve NYI, needs nqp::readlink
S32-io/io-path.t...................................  13    0    0    0   13
S32-io/io-spec-cygwin.t............................ 100    0    0    2  102
     2 skipped: cygwin on-platform tests
S32-io/io-spec-unix.t..............................use of uninitialized value of type Any in string context  in block  at t/spec/S32-io/io-spec-unix.t:48

 129    0    0    0  129
S32-io/io-spec-win.t...............................use of uninitialized value of type Any in string context  in block  at t/spec/S32-io/io-spec-win.t:52

 206    0    0    3  209
     3 skipped: Win32ish on-platform tests
S32-io/note.rakudo.parrot..........................   5    0    1    0    6
     1 todo   : nom regression
S32-io/other.t.....................................  60    0    0    0   60
S32-io/slurp.t.....................................  16    0    0    0   16
S32-io/spurt.t.....................................  33    0    0    0   33
S32-list/categorize.t..............................  12    0    0    0   12
S32-list/classify.rakudo.parrot....................  12    0    0    3   15
     3 skipped: Cannot use bind operator with this LHS
S32-list/combinations.t............................   6    0    0    0    6
S32-list/create.t..................................   6    0    0    0    6
S32-list/end.t.....................................  14    0    0    0   14
S32-list/first.rakudo.parrot.......................  21    0    0    2   23
     2 skipped: adverbial block
S32-list/grep.rakudo.parrot........................  17    0    0   21   38
     6 skipped: closure as non-final argument
     1 skipped: RT 71544: grep arity sensitivity different from map
     2 skipped: test error -- is $_ rw here?
    12 skipped: adverbial block
S32-list/join.t....................................use of uninitialized value of type Any in string context  in block  at t/spec/S32-list/join.t:105

use of uninitialized value of type Any in string context  in block  at t/spec/S32-list/join.t:105

use of uninitialized value of type Mu in string context  in block  at t/spec/S32-list/join.t:111

use of uninitialized value of type Mu in string context  in block  at t/spec/S32-list/join.t:111

  34    0    0    0   34
S32-list/map.rakudo.parrot.........................  45    0    0    8   53
     4 skipped: adverbial block; RT #53804
     2 skipped: closure as non-final argument
     2 skipped: adverbial block
S32-list/map_function_return_values.t..............   2    0    0    0    2
S32-list/minmax.t..................................  55    0    0    0   55
S32-list/pick.rakudo.parrot........................  46    0    1    0   47
     1 todo   : error on pick :replace
S32-list/reduce.rakudo.parrot......................use of uninitialized value of type Any in numeric context  in block  at t/spec/S32-list/reduce.rakudo.parrot:29

  13    0    1    0   14
     1 todo   : n-ary reduce
S32-list/reverse.rakudo.parrot.....................  20    0    1    0   21
     1 todo   : RT 77914
S32-list/roll.t....................................  40    0    0    0   40
S32-list/sort.rakudo.parrot........................use of uninitialized value of type Code in string context  in block  at t/spec/S32-list/sort.rakudo.parrot:224

use of uninitialized value of type Code in string context  in block  at t/spec/S32-list/sort.rakudo.parrot:224

  28    0    1    3   32
     1 skipped: closure as non-final argument
     2 skipped: determine behavior of 0-arity methods passed to sort
     1 todo   : method fallback to sub unimpl
S32-list/squish.t..................................  26    0    0    0   26
S32-list/uniq.t....................................  30    0    0    0   30
S32-num/abs.t......................................  49    0    0    0   49
S32-num/base.t.....................................  12    0    0    0   12
S32-num/complex.t.................................. 488    0    0    0  488
S32-num/cool-num.rakudo.parrot.....................  39    0    0    4   43
     4 skipped: angle conversion
S32-num/exp.t......................................  72    0    0    0   72
S32-num/expmod.t................................... 117    0    0    0  117
S32-num/fatrat.rakudo.parrot....................... 271    0    1    2  274
     2 skipped: FatRat arith + type objects
     1 todo   : unknown
S32-num/int.rakudo.parrot.......................... 102    0    3    2  107
     2 skipped: trailing characters produce failures
     3 todo   : Inf and NaN NYI for Int
S32-num/is-prime.t.................................  35    0    0    0   35
S32-num/log.rakudo.parrot..........................  28    0    1    0   29
     1 todo   : HugeInt.log
S32-num/narrow.t...................................   9    0    0    0    9
S32-num/pi.t.......................................   4    0    0    0    4
S32-num/polar.t....................................  48    0    0    0   48
S32-num/power.rakudo.parrot........................  45    0    3    4   52
     1 skipped: NaN**1i should be NaN
     1 skipped: i
     1 skipped: NaN**0 should be NaN
     1 skipped: 1i**NaN should be NaN
     3 todo   : Simple bigint optimizations NYI
S32-num/rand.rakudo.parrot......................... 114    0    0    1  115
     1 skipped: Test is too slow
S32-num/rat.rakudo.parrot.......................... 819    0    4    1  824
     1 skipped: RT 74648
     4 todo   : <1/3> literal should be Rat
S32-num/real-bridge.t.............................. 200    0    0    0  200
S32-num/roots.t....................................  55    0    0    0   55
S32-num/rounders.t................................. 128    0    0    0  128
S32-num/rshift_pos_amount.t........................ 189    0    0    0  189
S32-num/sign.rakudo.parrot.........................  33    0    1    1   35
     1 skipped: Test is kind of doubtful IMO -- colomon
     1 todo   : Nom does not yet have a NaN framework in place
S32-num/sqrt.t.....................................  18    0    0    0   18
S32-num/stringify.rakudo.parrot....................use of uninitialized value of type Complex in string context  in block  at t/spec/S32-num/stringify.rakudo.parrot:46

use of uninitialized value of type Complex in string context  in block  at t/spec/S32-num/stringify.rakudo.parrot:48

use of uninitialized value of type Rat in string context  in block  at t/spec/S32-num/stringify.rakudo.parrot:92

use of uninitialized value of type Rat in string context  in block  at t/spec/S32-num/stringify.rakudo.parrot:93

  97    0   11    4  112
     4 skipped: big stuff
    11 todo   : Complex.perl
S32-num/unpolar.t.................................. 199    0    0    0  199
S32-scalar/defined.t...............................  56    0    0    0   56
S32-scalar/perl.rakudo.parrot......................   4    0    2    0    6
     2 todo   : cannot roundtrip constrained scalars yet
S32-scalar/undef.rakudo.parrot.....................use of uninitialized value of type Any in string context  in block  at t/spec/S32-scalar/undef.rakudo.parrot:48

use of uninitialized value of type Any in numeric context  in block  at t/spec/S32-scalar/undef.rakudo.parrot:317

use of uninitialized value of type Any in numeric context  in block  at t/spec/S32-scalar/undef.rakudo.parrot:318

use of uninitialized value of type Any in numeric context  in block  at t/spec/S32-scalar/undef.rakudo.parrot:319

use of uninitialized value of type Any in numeric context  in block  at t/spec/S32-scalar/undef.rakudo.parrot:320

use of uninitialized value of type Any in string context  in sub is at lib/Test.pm:81

use of uninitialized value of type Any in string context  in sub is at lib/Test.pm:81

use of uninitialized value of type Any in string context  in sub is at lib/Test.pm:81

use of uninitialized value of type Any in string context  in sub is at lib/Test.pm:81

use of uninitialized value of type Any in numeric context  in block  at t/spec/S32-scalar/undef.rakudo.parrot:322

use of uninitialized value of type Any in numeric context  in block  at t/spec/S32-scalar/undef.rakudo.parrot:322

  66    0    4   16   86
    10 skipped: Cannot use bind operator with this left-hand side
     6 skipped: access to &your_sub
     1 todo   : definedness of hash
     2 todo   : todo: lists, defined, truthness
     1 todo   : definedness of array
S32-str/append.t...................................   7    0    0    0    7
S32-str/bool.t.....................................  12    0    0    0   12
S32-str/capitalize.rakudo.parrot...................  13    0    2    2   17
     2 skipped: related to RT #117889
     2 todo   : graphemes results wrong
S32-str/chomp.t....................................  39    0    0    0   39
S32-str/chop.t.....................................   6    0    0    0    6
S32-str/comb.rakudo.parrot.........................  38    0    2    1   41
     1 skipped: cannot call match, no signature matches
     2 todo   : graphemes not implemented
S32-str/encode.rakudo.parrot.......................  21    0    0    1   22
     1 skipped: We do not handle NDF yet
S32-str/flip.rakudo.parrot.........................  11    0    2    0   13
     2 todo   : graphemes not implemented
S32-str/indent.rakudo.parrot.......................Asked to remove 4 spaces, but the shortest indent is 3 spaces  in block  at t/spec/S32-str/indent.rakudo.parrot:61

  61    0    0    1   62
     1 skipped: coercion to Int
S32-str/index.rakudo.parrot........................  36    0    0    2   38
     2 skipped: StrPos not implemented
S32-str/lc.t.......................................  13    0    0    0   13
S32-str/lines.t....................................   4    0    0    0    4
S32-str/numeric.rakudo.parrot...................... 161    0    6    1  168
     1 skipped: NYI
     5 todo   : Failure
     1 todo   : complex Str.Numeric
S32-str/ords.t.....................................   6    0    0    0    6
S32-str/pack.t.....................................   6    0    0    0    6
S32-str/pos.t......................................   2    0    0    0    2
S32-str/rindex.t...................................  33    0    0    0   33
S32-str/samecase.t.................................   8    0    0    0    8
S32-str/split-simple.rakudo.parrot.................  48    0    1    0   49
     1 todo   : RT 112868
S32-str/split.rakudo.parrot........................  52    0    0    1   53
     1 skipped: No such method null for invocant of type Cursor
S32-str/sprintf.rakudo.parrot...................... 133    0    3   13  149
    10 skipped: Issues with Inf
     1 skipped: %p doesn't yet throw exception - but should it, or just Failure?
     2 skipped: sprintf hangs when printing Inf/-Inf
     1 todo   : sprintf prints numbers before NaN
     2 todo   : buggy
S32-str/substr-rw.rakudo.parrot....................  19    0   12    0   31
    12 todo   : NYI
S32-str/substr.rakudo.parrot.......................use of uninitialized value of type Failure in string context  in sub is at lib/Test.pm:81

  56    0    0   36   92
    28 skipped: No support for StrPos
     1 skipped: lvalue substr
     7 skipped: too many args
S32-str/tc.rakudo.parrot...........................   7    0    2    0    9
     2 todo   : NYI
S32-str/tclc.rakudo.parrot.........................   5    0    1    0    6
     1 todo   : unknown tclc problem
S32-str/trim.t.....................................  36    0    0    0   36
S32-str/uc.rakudo.parrot...........................  14    0    0    4   18
     4 skipped: but RoleName
S32-str/unpack.t...................................  12    0    0    0   12
S32-str/words.rakudo.parrot........................  11    0    0    2   13
     2 skipped: graphemes not implemented
S32-temporal/Date.t................................Potential difficulties:
    Leading 0 does not indicate octal in Perl 6; please use 0o6 if you mean that
    at t/spec/S32-temporal/Date.t:15
    ------> [32m$dt = DateTime.new(:year(2010),:month(06[33m‚èè[31m), :day(04));   #OK octal[0m
    Leading 0 does not indicate octal in Perl 6; please use 0o6 if you mean that
    at t/spec/S32-temporal/Date.t:15
    ------> [32m$dt = DateTime.new(:year(2010),:month(06[33m‚èè[31m), :day(04));   #OK octal[0m
    Leading 0 does not indicate octal in Perl 6; please use 0o4 if you mean that
    at t/spec/S32-temporal/Date.t:15
    ------> [32mTime.new(:year(2010),:month(06), :day(04[33m‚èè[31m));   #OK octal[0m
    Leading 0 does not indicate octal in Perl 6; please use 0o4 if you mean that
    at t/spec/S32-temporal/Date.t:15
    ------> [32mTime.new(:year(2010),:month(06), :day(04[33m‚èè[31m));   #OK octal[0m
    Leading 0 does not indicate octal in Perl 6; please use 0o1 if you mean that
    at t/spec/S32-temporal/Date.t:28
    ------> [32m    isa_ok Date.new(2010, 01[33m‚èè[31m, 01), Date, 'Date.new() returns a Date'[0m
    Leading 0 does not indicate octal in Perl 6; please use 0o1 if you mean that
    at t/spec/S32-temporal/Date.t:28
    ------> [32m    isa_ok Date.new(2010, 01[33m‚èè[31m, 01), Date, 'Date.new() returns a Date'[0m
    Leading 0 does not indicate octal in Perl 6; please use 0o1 if you mean that
    at t/spec/S32-temporal/Date.t:28
    ------> [32m    isa_ok Date.new(2010, 01, 01[33m‚èè[31m), Date, 'Date.new() returns a Date';  #[0m
    Leading 0 does not indicate octal in Perl 6; please use 0o1 if you mean that
    at t/spec/S32-temporal/Date.t:28
    ------> [32m    isa_ok Date.new(2010, 01, 01[33m‚èè[31m), Date, 'Date.new() returns a Date';  #[0m
  72    0    0    0   72
S32-temporal/DateTime-Instant-Duration.rakudo.par..  28    0    4    1   33
     1 skipped: nom regression
     4 todo   : high-precision Instants NYI (need FatRats)
S32-temporal/DateTime.rakudo.parrot................ 200    0    1    0  201
     1 todo   : nom regression
S32-temporal/calendar.t............................Potential difficulties:
    Leading 0 does not indicate octal in Perl 6; please use 0o1 if you mean that
    at t/spec/S32-temporal/calendar.t:119
    ------> [32mis date(2005, 01[33m‚èè[31m, 01).week.join(' '), '2004 53', 'Date.w[0m
    Leading 0 does not indicate octal in Perl 6; please use 0o1 if you mean that
    at t/spec/S32-temporal/calendar.t:119
    ------> [32mis date(2005, 01[33m‚èè[31m, 01).week.join(' '), '2004 53', 'Date.w[0m
    Leading 0 does not indicate octal in Perl 6; please use 0o1 if you mean that
    at t/spec/S32-temporal/calendar.t:119
    ------> [32mis date(2005, 01, 01[33m‚èè[31m).week.join(' '), '2004 53', 'Date.week [0m
    Leading 0 does not indicate octal in Perl 6; please use 0o1 if you mean that
    at t/spec/S32-temporal/calendar.t:119
    ------> [32mis date(2005, 01, 01[33m‚èè[31m).week.join(' '), '2004 53', 'Date.week [0m
    Leading 0 does not indicate octal in Perl 6; please use 0o1 if you mean that
    at t/spec/S32-temporal/calendar.t:120
    ------> [32mis date(2005, 01[33m‚èè[31m, 02).week.join(' '), '2004 53', 'Date.w[0m
    Leading 0 does not indicate octal in Perl 6; please use 0o1 if you mean that
    at t/spec/S32-temporal/calendar.t:120
    ------> [32mis date(2005, 01[33m‚èè[31m, 02).week.join(' '), '2004 53', 'Date.w[0m
    Leading 0 does not indicate octal in Perl 6; please use 0o2 if you mean that
    at t/spec/S32-temporal/calendar.t:120
    ------> [32mis date(2005, 01, 02[33m‚èè[31m).week.join(' '), '2004 53', 'Date.week [0m
    Leading 0 does not indicate octal in Perl 6; please use 0o2 if you mean that
    at t/spec/S32-temporal/calendar.t:120
    ------> [32mis date(2005, 01, 02[33m‚èè[31m).week.join(' '), '2004 53', 'Date.week [0m
    Leading 0 does not indicate octal in Perl 6; please use 0o1 if you mean that
    at t/spec/S32-temporal/calendar.t:122
    ------> [32mis date(2007, 01[33m‚èè[31m, 01).week.join(' '), '2007 1',  'Date.w[0m
    Leading 0 does not indicate octal in Perl 6; please use 0o1 if you mean that
    at t/spec/S32-temporal/calendar.t:122
    ------> [32mis date(2007, 01[33m‚èè[31m, 01).week.join(' '), '2007 1',  'Date.w[0m
    Leading 0 does not indicate octal in Perl 6; please use 0o1 if you mean that
    at t/spec/S32-temporal/calendar.t:122
    ------> [32mis date(2007, 01, 01[33m‚èè[31m).week.join(' '), '2007 1',  'Date.week [0m
    Leading 0 does not indicate octal in Perl 6; please use 0o1 if you mean that
    at t/spec/S32-temporal/calendar.t:122
    ------> [32mis date(2007, 01, 01[33m‚èè[31m).week.join(' '), '2007 1',  'Date.week [0m
    Leading 0 does not indicate octal in Perl 6; please use 0o1 if you mean that
    at t/spec/S32-temporal/calendar.t:130
    ------> [32mis date(2008, 01[33m‚èè[31m, 01).week.join(' '), '2008 1',  'Date.w[0m
    Leading 0 does not indicate octal in Perl 6; please use 0o1 if you mean that
    at t/spec/S32-temporal/calendar.t:130
    ------> [32mis date(2008, 01[33m‚èè[31m, 01).week.join(' '), '2008 1',  'Date.w[0m
    Leading 0 does not indicate octal in Perl 6; please use 0o1 if you mean that
    at t/spec/S32-temporal/calendar.t:130
    ------> [32mis date(2008, 01, 01[33m‚èè[31m).week.join(' '), '2008 1',  'Date.week [0m
    Leading 0 does not indicate octal in Perl 6; please use 0o1 if you mean that
    at t/spec/S32-temporal/calendar.t:130
    ------> [32mis date(2008, 01, 01[33m‚èè[31m).week.join(' '), '2008 1',  'Date.week [0m
    Leading 0 does not indicate octal in Perl 6; please use 0o1 if you mean that
    at t/spec/S32-temporal/calendar.t:133
    ------> [32mis date(2009, 01[33m‚èè[31m, 01).week.join(' '), '2009 1',  'Date.w[0m
    Leading 0 does not indicate octal in Perl 6; please use 0o1 if you mean that
    at t/spec/S32-temporal/calendar.t:133
    ------> [32mis date(2009, 01[33m‚èè[31m, 01).week.join(' '), '2009 1',  'Date.w[0m
    Leading 0 does not indicate octal in Perl 6; please use 0o1 if you mean that
    at t/spec/S32-temporal/calendar.t:133
    ------> [32mis date(2009, 01, 01[33m‚èè[31m).week.join(' '), '2009 1',  'Date.week [0m
    Leading 0 does not indicate octal in Perl 6; please use 0o1 if you mean that
    at t/spec/S32-temporal/calendar.t:133
    ------> [32mis date(2009, 01, 01[33m‚èè[31m).week.join(' '), '2009 1',  'Date.week [0m
    Leading 0 does not indicate octal in Perl 6; please use 0o1 if you mean that
    at t/spec/S32-temporal/calendar.t:135
    ------> [32mis date(2010, 01[33m‚èè[31m, 03).week.join(' '), '2009 53', 'Date.w[0m
    Leading 0 does not indicate octal in Perl 6; please use 0o1 if you mean that
    at t/spec/S32-temporal/calendar.t:135
    ------> [32mis date(2010, 01[33m‚èè[31m, 03).week.join(' '), '2009 53', 'Date.w[0m
    Leading 0 does not indicate octal in Perl 6; please use 0o3 if you mean that
    at t/spec/S32-temporal/calendar.t:135
    ------> [32mis date(2010, 01, 03[33m‚èè[31m).week.join(' '), '2009 53', 'Date.week [0m
    Leading 0 does not indicate octal in Perl 6; please use 0o3 if you mean that
    at t/spec/S32-temporal/calendar.t:135
    ------> [32mis date(2010, 01, 03[33m‚èè[31m).week.join(' '), '2009 53', 'Date.week [0m
    Leading 0 does not indicate octal in Perl 6; please use 0o1 if you mean that
    at t/spec/S32-temporal/calendar.t:136
    ------> [32mis dtim(2010, 01[33m‚èè[31m, 03).week.join(' '), '2009 53', 'DateTi[0m
    Leading 0 does not indicate octal in Perl 6; please use 0o1 if you mean that
    at t/spec/S32-temporal/calendar.t:136
    ------> [32mis dtim(2010, 01[33m‚èè[31m, 03).week.join(' '), '2009 53', 'DateTi[0m
    Leading 0 does not indicate octal in Perl 6; please use 0o3 if you mean that
    at t/spec/S32-temporal/calendar.t:136
    ------> [32mis dtim(2010, 01, 03[33m‚èè[31m).week.join(' '), '2009 53', 'DateTime.w[0m
    Leading 0 does not indicate octal in Perl 6; please use 0o3 if you mean that
    at t/spec/S32-temporal/calendar.t:136
    ------> [32mis dtim(2010, 01, 03[33m‚èè[31m).week.join(' '), '2009 53', 'DateTime.w[0m
    Leading 0 does not indicate octal in Perl 6; please use 0o1 if you mean that
    at t/spec/S32-temporal/calendar.t:137
    ------> [32mis date(2010, 01[33m‚èè[31m, 03).week-year, 2009, 'Date.week-year ([0m
    Leading 0 does not indicate octal in Perl 6; please use 0o1 if you mean that
    at t/spec/S32-temporal/calendar.t:137
    ------> [32mis date(2010, 01[33m‚èè[31m, 03).week-year, 2009, 'Date.week-year ([0m
    Leading 0 does not indicate octal in Perl 6; please use 0o3 if you mean that
    at t/spec/S32-temporal/calendar.t:137
    ------> [32mis date(2010, 01, 03[33m‚èè[31m).week-year, 2009, 'Date.week-year (2010[0m
    Leading 0 does not indicate octal in Perl 6; please use 0o3 if you mean that
    at t/spec/S32-temporal/calendar.t:137
    ------> [32mis date(2010, 01, 03[33m‚èè[31m).week-year, 2009, 'Date.week-year (2010[0m
    Leading 0 does not indicate octal in Perl 6; please use 0o1 if you mean that
    at t/spec/S32-temporal/calendar.t:138
    ------> [32mis dtim(2010, 01[33m‚èè[31m, 03).week-year, 2009, 'DateTime.week-ye[0m
    Leading 0 does not indicate octal in Perl 6; please use 0o1 if you mean that
    at t/spec/S32-temporal/calendar.t:138
    ------> [32mis dtim(2010, 01[33m‚èè[31m, 03).week-year, 2009, 'DateTime.week-ye[0m
    Leading 0 does not indicate octal in Perl 6; please use 0o3 if you mean that
    at t/spec/S32-temporal/calendar.t:138
    ------> [32mis dtim(2010, 01, 03[33m‚èè[31m).week-year, 2009, 'DateTime.week-year ([0m
    Leading 0 does not indicate octal in Perl 6; please use 0o3 if you mean that
    at t/spec/S32-temporal/calendar.t:138
    ------> [32mis dtim(2010, 01, 03[33m‚èè[31m).week-year, 2009, 'DateTime.week-year ([0m
    Leading 0 does not indicate octal in Perl 6; please use 0o1 if you mean that
    at t/spec/S32-temporal/calendar.t:139
    ------> [32mis date(2010, 01[33m‚èè[31m, 03).week-number, 53, 'Date.week-number[0m
    Leading 0 does not indicate octal in Perl 6; please use 0o1 if you mean that
    at t/spec/S32-temporal/calendar.t:139
    ------> [32mis date(2010, 01[33m‚èè[31m, 03).week-number, 53, 'Date.week-number[0m
    Leading 0 does not indicate octal in Perl 6; please use 0o3 if you mean that
    at t/spec/S32-temporal/calendar.t:139
    ------> [32mis date(2010, 01, 03[33m‚èè[31m).week-number, 53, 'Date.week-number (20[0m
    Leading 0 does not indicate octal in Perl 6; please use 0o3 if you mean that
    at t/spec/S32-temporal/calendar.t:139
    ------> [32mis date(2010, 01, 03[33m‚èè[31m).week-number, 53, 'Date.week-number (20[0m
    Leading 0 does not indicate octal in Perl 6; please use 0o1 if you mean that
    at t/spec/S32-temporal/calendar.t:140
    ------> [32mis dtim(2010, 01[33m‚èè[31m, 03).week-number, 53, 'DateTime.week-nu[0m
    Leading 0 does not indicate octal in Perl 6; please use 0o1 if you mean that
    at t/spec/S32-temporal/calendar.t:140
    ------> [32mis dtim(2010, 01[33m‚èè[31m, 03).week-number, 53, 'DateTime.week-nu[0m
    Leading 0 does not indicate octal in Perl 6; please use 0o3 if you mean that
    at t/spec/S32-temporal/calendar.t:140
    ------> [32mis dtim(2010, 01, 03[33m‚èè[31m).week-number, 53, 'DateTime.week-number[0m
    Leading 0 does not indicate octal in Perl 6; please use 0o3 if you mean that
    at t/spec/S32-temporal/calendar.t:140
    ------> [32mis dtim(2010, 01, 03[33m‚èè[31m).week-number, 53, 'DateTime.week-number[0m
 130    0    0    0  130
S32-temporal/local.t...............................   6    0    0   19   25
    19 skipped: The local time zone may not be America/New_York.
S32-trig/atan2.t................................... 115    0    0    0  115
S32-trig/cos.t..................................... 154    0    0    0  154
S32-trig/cosec.t................................... 114    0    0    0  114
S32-trig/cosech.t.................................. 146    0    0    0  146
S32-trig/cosh.t.................................... 138    0    0    0  138
S32-trig/cotan.t................................... 114    0    0    0  114
S32-trig/cotanh.t.................................. 146    0    0    0  146
S32-trig/e.t.......................................   5    0    0    0    5
S32-trig/pi.t......................................   3    0    0    0    3
S32-trig/sec.t..................................... 114    0    0    0  114
S32-trig/sech.t.................................... 154    0    0    0  154
S32-trig/simple.t..................................  12    0    0    0   12
S32-trig/sin.t..................................... 154    0    0    0  154
S32-trig/sinh.t.................................... 138    0    0    0  138
S32-trig/tan.t..................................... 138    0    0    0  138
S32-trig/tanh.t.................................... 154    0    0    0  154
                                                   pass fail todo skip plan
integration/99problems-01-to-10.rakudo.parrot......use of uninitialized value of type Any in string context  in sub  at t/spec/integration/99problems-01-to-10.rakudo.parrot:134

use of uninitialized value of type Any in string context  in sub pack at t/spec/integration/99problems-01-to-10.rakudo.parrot:165

use of uninitialized value of type Any in string context  in sub encode at t/spec/integration/99problems-01-to-10.rakudo.parrot:234

  21    0    0    1   22
     1 skipped: groupless gather/take
integration/99problems-11-to-20.rakudo.parrot......use of uninitialized value of type Any in string context  in sub encode at t/spec/integration/99problems-11-to-20.rakudo.parrot:22

use of uninitialized value of type Any in string context  in sub is at lib/Test.pm:81

use of uninitialized value of type Any in string context  in sub is at lib/Test.pm:81

use of uninitialized value of type Any in string context  in sub is at lib/Test.pm:84

use of uninitialized value of type Any in string context  in sub encode_direct2 at t/spec/integration/99problems-11-to-20.rakudo.parrot:118

use of uninitialized value of type Any in string context  in sub encode_direct2 at t/spec/integration/99problems-11-to-20.rakudo.parrot:118

use of uninitialized value of type Any in string context  in sub encode_direct2 at t/spec/integration/99problems-11-to-20.rakudo.parrot:118

  23    0    2    0   25
     2 todo   : unknown
integration/99problems-21-to-30.rakudo.parrot......use of uninitialized value of type Any in string context  in sub  at t/spec/integration/99problems-21-to-30.rakudo.parrot:57

  11    0    4    0   15
     3 todo   : unknown
     1 todo   : autovivification
integration/99problems-31-to-40.t..................  66    0    0    1   67
     1 skipped: No Benchmark module yet
integration/99problems-41-to-50.rakudo.parrot......   5    0    1    7   13
     1 skipped: Test(s) not yet written: (*) Truth tables for logical expressions (2).
     1 skipped: s:P5///
     4 skipped: Shaped variable declarations
     1 skipped: Test(s) not yet written: (**) Truth tables for logical expressions (3).
     1 todo   : making Parcel.reverse return a Parcel seems to break this
integration/99problems-51-to-60.t..................use of uninitialized value of type Any in string context  in sub is at lib/Test.pm:81

use of uninitialized value of type Any in string context  in sub is at lib/Test.pm:81

use of uninitialized value of type Any in string context  in sub is at lib/Test.pm:81

use of uninitialized value of type Any in string context  in sub is at lib/Test.pm:81

use of uninitialized value of type Any in string context  in sub is at lib/Test.pm:81

use of uninitialized value of type Any in string context  in sub is at lib/Test.pm:81

use of uninitialized value of type Any in string context  in sub is at lib/Test.pm:81

use of uninitialized value of type Any in string context  in sub is at lib/Test.pm:81

use of uninitialized value of type Any in string context  in sub is at lib/Test.pm:81

use of uninitialized value of type Any in string context  in sub is at lib/Test.pm:81

use of uninitialized value of type Any in string context  in sub is at lib/Test.pm:81

use of uninitialized value of type Any in string context  in sub is at lib/Test.pm:81

use of uninitialized value of type Any in string context  in sub is at lib/Test.pm:81

use of uninitialized value of type Any in string context  in sub is at lib/Test.pm:81

use of uninitialized value of type Any in string context  in sub is at lib/Test.pm:81

use of uninitialized value of type Any in string context  in sub is at lib/Test.pm:81

use of uninitialized value of type Any in string context  in sub is at lib/Test.pm:81

use of uninitialized value of type Any in string context  in sub is at lib/Test.pm:81

use of uninitialized value of type Any in string context  in sub is at lib/Test.pm:81

use of uninitialized value of type Any in string context  in sub is at lib/Test.pm:81

use of uninitialized value of type Any in string context  in sub is at lib/Test.pm:81

use of uninitialized value of type Any in string context  in sub is at lib/Test.pm:81

use of uninitialized value of type Any in string context  in sub is at lib/Test.pm:81

use of uninitialized value of type Any in string context  in sub is at lib/Test.pm:81

use of uninitialized value of type Any in string context  in sub is at lib/Test.pm:81

use of uninitialized value of type Any in string context  in sub is at lib/Test.pm:81

use of uninitialized value of type Any in string context  in sub is at lib/Test.pm:81

use of uninitialized value of type Any in string context  in sub is at lib/Test.pm:81

use of uninitialized value of type Any in string context  in sub is at lib/Test.pm:81

use of uninitialized value of type Any in string context  in sub is at lib/Test.pm:81

use of uninitialized value of type Any in string context  in sub is at lib/Test.pm:81

use of uninitialized value of type Any in string context  in sub is at lib/Test.pm:81

use of uninitialized value of type Any in string context  in sub is at lib/Test.pm:81

use of uninitialized value of type Any in string context  in sub is at lib/Test.pm:81

use of uninitialized value of type Any in string context  in sub is at lib/Test.pm:81

use of uninitialized value of type Any in string context  in sub is at lib/Test.pm:81

  35    0    0    2   37
     1 skipped: Test(s) not yet written: (**) Generate-and-test paradigm
     1 skipped: Test(s) not yet written: (**) Construct height-balanced binary trees with a given number of nodes
integration/99problems-61-to-70.t..................use of uninitialized value of type Any in string context  in sub is at lib/Test.pm:81

use of uninitialized value of type Any in string context  in sub is at lib/Test.pm:81

use of uninitialized value of type Any in string context  in sub is at lib/Test.pm:81

use of uninitialized value of type Any in string context  in sub is at lib/Test.pm:81

use of uninitialized value of type Any in string context  in sub is at lib/Test.pm:81

use of uninitialized value of type Any in string context  in sub is at lib/Test.pm:81

use of uninitialized value of type Any in string context  in sub is at lib/Test.pm:81

use of uninitialized value of type Any in string context  in sub is at lib/Test.pm:81

use of uninitialized value of type Any in string context  in sub is at lib/Test.pm:81

use of uninitialized value of type Any in string context  in sub is at lib/Test.pm:81

use of uninitialized value of type Any in string context  in sub is at lib/Test.pm:81

use of uninitialized value of type Any in string context  in sub is at lib/Test.pm:81

use of uninitialized value of type Any in string context  in sub is at lib/Test.pm:81

use of uninitialized value of type Any in string context  in sub is at lib/Test.pm:81

use of uninitialized value of type Any in string context  in sub is at lib/Test.pm:81

use of uninitialized value of type Any in string context  in sub is at lib/Test.pm:81

use of uninitialized value of type Any in string context  in sub is at lib/Test.pm:81

use of uninitialized value of type Any in string context  in sub is at lib/Test.pm:81

use of uninitialized value of type Any in string context  in sub is at lib/Test.pm:81

use of uninitialized value of type Any in string context  in sub is at lib/Test.pm:81

use of uninitialized value of type Any in string context  in sub is at lib/Test.pm:81

use of uninitialized value of type Any in string context  in sub is at lib/Test.pm:81

use of uninitialized value of type Any in string context  in sub is at lib/Test.pm:81

use of uninitialized value of type Any in string context  in sub is at lib/Test.pm:81

use of uninitialized value of type Any in string context  in sub is at lib/Test.pm:81

use of uninitialized value of type Any in string context  in sub is at lib/Test.pm:81

use of uninitialized value of type Any in string context  in sub is at lib/Test.pm:81

use of uninitialized value of type Any in string context  in sub is at lib/Test.pm:81

use of uninitialized value of type Any in string context  in sub is at lib/Test.pm:81

use of uninitialized value of type Any in string context  in sub is at lib/Test.pm:81

use of uninitialized value of type Any in string context  in sub is at lib/Test.pm:81

use of uninitialized value of type Any in string context  in sub is at lib/Test.pm:81

use of uninitialized value of type Any in string context  in sub is at lib/Test.pm:81

use of uninitialized value of type Any in string context  in sub is at lib/Test.pm:81

use of uninitialized value of type Any in string context  in sub is at lib/Test.pm:81

use of uninitialized value of type Any in string context  in sub is at lib/Test.pm:81

use of uninitialized value of type Any in string context  in sub is at lib/Test.pm:81

use of uninitialized value of type Any in string context  in sub is at lib/Test.pm:81

use of uninitialized value of type Any in string context  in sub is at lib/Test.pm:81

use of uninitialized value of type Any in string context  in sub is at lib/Test.pm:81

use of uninitialized value of type Any in string context  in sub is at lib/Test.pm:81

use of uninitialized value of type Any in string context  in sub is at lib/Test.pm:81

use of uninitialized value of type Any in string context  in sub is at lib/Test.pm:81

use of uninitialized value of type Any in string context  in sub is at lib/Test.pm:81

use of uninitialized value of type Any in string context  in sub is at lib/Test.pm:81

use of uninitialized value of type Any in string context  in sub is at lib/Test.pm:81

use of uninitialized value of type Any in string context  in sub is at lib/Test.pm:81

use of uninitialized value of type Any in string context  in sub is at lib/Test.pm:81

use of uninitialized value of type Any in string context  in sub is at lib/Test.pm:81

use of uninitialized value of type Any in string context  in sub is at lib/Test.pm:81

use of uninitialized value of type Any in string context  in sub is at lib/Test.pm:81

use of uninitialized value of type Any in string context  in sub is at lib/Test.pm:81

   9    0    0    6   15
     1 skipped: Test(s) not yet written: (**) Tree construction from a node string
     1 skipped: Test(s) not yet written: (**) Dotstring representation of binary trees
     1 skipped: Test(s) not yet written: (***) Layout a binary tree (3)
     1 skipped: Test(s) not yet written: (**) A string representation of binary trees
     1 skipped: Test(s) not yet written: (**) Preorder and inorder sequences of binary trees
     1 skipped: Test(s) not yet written: (**) Construct a complete binary tree
integration/advent2009-day01.t.....................   2    0    0    0    2
integration/advent2009-day02.t.....................  10    0    0    0   10
integration/advent2009-day03.t.....................   6    0    0    0    6
integration/advent2009-day04.t.....................   6    0    0    0    6
integration/advent2009-day05.t.....................  17    0    0    0   17
integration/advent2009-day06.rakudo.parrot.........  14    0    1    0   15
     1 todo   : Cannot assign to readonly value
integration/advent2009-day07.rakudo.parrot.........  12    0    0    1   13
     1 skipped: No candidates found to invoke
integration/advent2009-day08.t.....................   8    0    0    0    8
integration/advent2009-day09.t.....................  17    0    0    0   17
integration/advent2009-day10.t.....................   5    0    0    0    5
integration/advent2009-day11.t.....................   6    0    0    0    6
integration/advent2009-day12.rakudo.parrot.........   5    0    0    4    9
     3 skipped: Importing symbols by name doesn't work in current Rakudo
     1 skipped: Multi subs aren't imported by default in current Rakudo - is this to spec?
integration/advent2009-day13.t.....................  16    0    0    0   16
integration/advent2009-day14.t.....................use of uninitialized value of type Rat in string context  in sub is at lib/Test.pm:81

use of uninitialized value of type Rat in string context  in sub is at lib/Test.pm:81

use of uninitialized value of type Rat in string context  in sub is at lib/Test.pm:81

use of uninitialized value of type Rat in string context  in sub is at lib/Test.pm:81

use of uninitialized value of type Rat in string context  in sub is at lib/Test.pm:81

use of uninitialized value of type Rat in string context  in sub is at lib/Test.pm:81

  21    0    0    0   21
integration/advent2009-day15.t.....................   4    0    0    0    4
integration/advent2009-day16.t.....................use of uninitialized value of type Any in string context  in sub weather at t/spec/integration/advent2009-day16.t:9

use of uninitialized value of type Any in string context  in sub weather at t/spec/integration/advent2009-day16.t:10

use of uninitialized value of type Any in string context  in sub weather at t/spec/integration/advent2009-day16.t:11

use of uninitialized value of type Any in string context  in sub weather at t/spec/integration/advent2009-day16.t:12

  11    0    0    0   11
integration/advent2009-day17.t.....................  62    0    0    0   62
integration/advent2009-day18.rakudo.parrot.........   5    0    0    1    6
     1 skipped: parse error
integration/advent2009-day19.t.....................   6    0    0    0    6
integration/advent2009-day20.t.....................  21    0    0    0   21
integration/advent2009-day22.t.....................   4    0    0    0    4
integration/advent2009-day23.rakudo.parrot.........   3    0    0    1    4
     1 skipped: lists aren't properly lazy in Rakudo yet
integration/advent2010-day04.t.....................  11    0    0    0   11
integration/advent2013-day02.t.....................  12    0    0    0   12
integration/advent2013-day04.rakudo.parrot.........   6    0    1    0    7
     1 todo   : :c in heredocs
integration/advent2013-day06.t.....................   1    0    0    0    1
integration/code-blocks-as-sub-args.t..............   4    0    0    0    4
integration/error-reporting.t......................  16    0    0    0   16
integration/lazy-bentley-generator.t...............   1    0    0    0    1
integration/lexical-array-in-inner-block.t.........   2    0    0    0    2
integration/lexicals-and-attributes.t..............   8    0    0    0    8
integration/man-or-boy.t...........................  10    0    0    0   10
integration/method-calls-and-instantiation.t.......   2    0    0    0    2
integration/no-indirect-new.t......................   2    0    0    0    2
integration/packages.t.............................   3    0    0    0    3
integration/pair-in-array.t........................   3    0    0    0    3
integration/passing-pair-class-to-sub.t............   2    0    0    0    2
integration/real-strings.t.........................  21    0    0    0   21
integration/role-composition-vs-attribute.rakudo...   6    0    0    4   10
     2 skipped: alas, no visibility of native private attributes yet
     2 skipped: alas, no visibility of private attributes in other role
integration/rule-in-class-Str.t....................   3    0    0    0    3
integration/say-crash.t............................   4    0    0    0    4
integration/substr-after-match-in-gather-in-for.t..   1    0    0    0    1
integration/topic_in_double_loop.t.................   5    0    0    0    5
integration/variables-in-do.t......................   3    0    0    0    3
integration/weird-errors.t.........................  12    0    0    0   12
                                                   pass fail todo skip plan
rosettacode/greatest_element_of_a_list.t...........   1    0    0    0    1
rosettacode/sierpinski_triangle.t..................   1    0    0    0    1
----------------
    'plan *;' could become 'plan 20;' in S03-smartmatch/signature-signature.rakudo.parrot
----------------
"Synopsis", "pass","fail","todo","skip","plan","spec"
"S01",           0,     0,     0,    20,    20,    61
"S02",        4155,     0,   124,   284,  4563,  4488
"S03",        4818,     0,   122,   127,  5067,  4689
"S04",         932,    28,    39,    46,  1045,  1042
"S05",        4890,     0,   103,   411,  5404,  5847
"S06",        1151,    22,    31,   104,  1308,  1292
"S07",           0,     0,     0,     0,     0,     0
"S09",         177,     0,     9,    14,   200,   200
"S10",          68,     0,     1,     2,    71,   128
"S11",          73,     0,     2,     9,    84,   139
"S12",        1342,     0,    48,   124,  1514,  1414
"S13",          33,     0,    10,    27,    70,    80
"S14",         296,     0,     8,    12,   316,   329
"S16",         235,     0,     5,    18,   258,   302
"S17",           0,     0,     0,     0,     0,   210
"S19",           4,     0,     0,     0,     4,     4
"S24",           1,     0,     0,     0,     1,    88
"S26",         308,     0,     0,     1,   309,   266
"S28",           7,     0,     0,     0,     7,    13
"S29",         334,     0,     2,     4,   340,   350
"S32",        9445,     1,    92,   175,  9713,  7051
"int",         569,     0,     9,    28,   606,   595
"ros",           2,     0,     0,     0,     2,     2
"total",     28840,    51,   605,  1406, 30902, 28590
----------------
Failure summary:
S04-exception-handlers/catch.t aborted 28 test(s)
S06-other/main-usage.rakudo.parrot aborted 22 test(s)
S32-exceptions/misc.rakudo.parrot 507 - .method matches !foo
note: test_summary.pl @syn does not have ros
